This file contains any messages produced by compilers while
running configure, to aid debugging if configure makes a mistake.

It was created by ntp configure 4.2.2p2, which was
generated by GNU Autoconf 2.59.  Invocation command line was

  $ ../configure --host=arm-hisiv400-linux

## --------- ##
## Platform. ##
## --------- ##

hostname = ubuntu-32
uname -m = i686
uname -r = 3.16.0-45-generic
uname -s = Linux
uname -v = #60~14.04.1-Ubuntu SMP Fri Jul 24 21:17:05 UTC 2015

/usr/bin/uname -p = unknown
/bin/uname -X     = unknown

/bin/arch              = unknown
/usr/bin/arch -k       = unknown
/usr/convex/getsysinfo = unknown
hostinfo               = unknown
/bin/machine           = unknown
/usr/bin/oslevel       = unknown
/bin/universe          = unknown

PATH: /opt/hisi-linux/x86-arm/arm-hisiv400-linux/target/bin
PATH: /usr/local/sbin
PATH: /usr/local/bin
PATH: /usr/sbin
PATH: /usr/bin
PATH: /sbin
PATH: /bin
PATH: /usr/games
PATH: /usr/local/games
PATH: /home/gjyang/working/Hi3516A/01.software/Hi3516A_SDK_V1.0.2.0/osdrv/pub/bin/pc
PATH: /opt/arm-none-linux-gnueabi-4.4.0_linux-3.3/bin
PATH: /opt/meld-3.12.3/bin
PATH: /home/gjyang/working/autoftp/bin
PATH: /home/gjyang/working/dash/depot_tools/depot_tools
PATH: /opt/hisi-linux/x86-arm/arm-hisiv400-linux/target/bin
PATH: /home/gjyang/working/Hi3516A/01.software/Hi3516A_SDK_V1.0.2.0/osdrv/pub/bin/pc


## ----------- ##
## Core tests. ##
## ----------- ##

configure:1442: checking for a BSD-compatible install
configure:1497: result: /usr/bin/install -c
configure:1508: checking whether build environment is sane
configure:1551: result: yes
configure:1616: checking for gawk
configure:1645: result: no
configure:1616: checking for mawk
configure:1632: found /usr/bin/mawk
configure:1642: result: mawk
configure:1652: checking whether make sets $(MAKE)
configure:1672: result: yes
configure:1693: error: source directory already configured; run "make distclean" there first

## ---------------- ##
## Cache variables. ##
## ---------------- ##

ac_cv_env_CC_set=
ac_cv_env_CC_value=
ac_cv_env_CFLAGS_set=
ac_cv_env_CFLAGS_value=
ac_cv_env_CPPFLAGS_set=
ac_cv_env_CPPFLAGS_value=
ac_cv_env_CPP_set=
ac_cv_env_CPP_value=
ac_cv_env_LDFLAGS_set=
ac_cv_env_LDFLAGS_value=
ac_cv_env_build_alias_set=
ac_cv_env_build_alias_value=
ac_cv_env_host_alias_set=set
ac_cv_env_host_alias_value=arm-hisiv400-linux
ac_cv_env_target_alias_set=
ac_cv_env_target_alias_value=
ac_cv_path_install='/usr/bin/install -c'
ac_cv_prog_AWK=mawk
ac_cv_prog_make_make_set=yes

## ----------------- ##
## Output variables. ##
## ----------------- ##

ACLOCAL=''
AMDEPBACKSLASH=''
AMDEP_FALSE=''
AMDEP_TRUE=''
AMTAR=''
ANSI2KNR=''
ARLIB_DIR=''
AUTOCONF=''
AUTOHEADER=''
AUTOMAKE=''
AWK='mawk'
BINSUBDIR=''
CC=''
CCDEPMODE=''
CFLAGS=''
CHUTEST=''
CLKTEST=''
CPP=''
CPPFLAGS=''
CYGPATH_W=''
DCFD=''
DEFS=''
DEPDIR=''
ECHO_C=''
ECHO_N='-n'
ECHO_T=''
EF_LIBS=''
EF_PROGS=''
EGREP=''
EXEEXT=''
INSTALL_DATA='${INSTALL} -m 644'
INSTALL_PROGRAM='${INSTALL}'
INSTALL_SCRIPT='${INSTALL}'
INSTALL_STRIP_PROGRAM=''
LCRYPTO=''
LDFLAGS=''
LIBOBJS=''
LIBPARSE=''
LIBS=''
LN_S=''
LTLIBOBJS=''
MAKEINFO=''
MAKE_ADJTIMED=''
MAKE_CHECK_LAYOUT=''
MAKE_CHECK_Y2K=''
MAKE_LIBNTPSIM=''
MAKE_LIBPARSE=''
MAKE_LIBPARSE_KERNEL=''
MAKE_NTPDSIM=''
MAKE_NTPTIME=''
MAKE_PARSEKMODULE=''
MAKE_SNTP=''
MAKE_TICKADJ=''
MAKE_TIMETRIM=''
OBJEXT=''
OPENSSL=''
OPENSSL_INC=''
OPENSSL_LIB=''
PACKAGE=''
PACKAGE_BUGREPORT=''
PACKAGE_NAME='ntp'
PACKAGE_STRING='ntp 4.2.2p2'
PACKAGE_TARNAME='ntp'
PACKAGE_VERSION='4.2.2p2'
PATH_PERL=''
PATH_SEPARATOR=':'
PATH_SH=''
PROPDELAY=''
RANLIB=''
READLINE_LIBS=''
SET_MAKE=''
SHELL='/bin/sh'
STRIP=''
TESTDCF=''
U=''
VERSION=''
ac_ct_CC=''
ac_ct_RANLIB=''
ac_ct_STRIP=''
am__fastdepCC_FALSE=''
am__fastdepCC_TRUE=''
am__include=''
am__leading_dot='.'
am__quote=''
am__tar=''
am__untar=''
bindir='${exec_prefix}/bin'
build=''
build_alias=''
build_cpu=''
build_os=''
build_vendor=''
datadir='${prefix}/share'
exec_prefix='NONE'
host='arm-hisiv400-linux'
host_alias='arm-hisiv400-linux'
host_cpu=''
host_os=''
host_vendor=''
includedir='${prefix}/include'
infodir='${prefix}/info'
install_sh=''
libdir='${exec_prefix}/lib'
libexecdir='${exec_prefix}/libexec'
localstatedir='${prefix}/var'
mandir='${prefix}/man'
mkdir_p='mkdir -p --'
oldincludedir='/usr/include'
prefix='NONE'
program_transform_name='s,x,x,'
sbindir='${exec_prefix}/sbin'
sharedstatedir='${prefix}/com'
subdirs=''
sysconfdir='${prefix}/etc'
target_alias=''

## ----------- ##
## confdefs.h. ##
## ----------- ##

#define PACKAGE_BUGREPORT ""
#define PACKAGE_NAME "ntp"
#define PACKAGE_STRING "ntp 4.2.2p2"
#define PACKAGE_TARNAME "ntp"
#define PACKAGE_VERSION "4.2.2p2"

configure: exit 1
