This file contains any messages produced by compilers while
running configure, to aid debugging if configure makes a mistake.

It was created by kexec-tools configure 2.0.9, which was
generated by GNU Autoconf 2.69.  Invocation command line was

  $ ./configure --host=arm-hisiv400-linux

## --------- ##
## Platform. ##
## --------- ##

hostname = ubuntu-32
uname -m = i686
uname -r = 3.16.0-45-generic
uname -s = Linux
uname -v = #60~14.04.1-Ubuntu SMP Fri Jul 24 21:17:05 UTC 2015

/usr/bin/uname -p = unknown
/bin/uname -X     = unknown

/bin/arch              = unknown
/usr/bin/arch -k       = unknown
/usr/convex/getsysinfo = unknown
/usr/bin/hostinfo      = unknown
/bin/machine           = unknown
/usr/bin/oslevel       = unknown
/bin/universe          = unknown

PATH: /opt/hisi-linux/x86-arm/arm-hisiv400-linux/target/bin
PATH: /usr/local/sbin
PATH: /usr/local/bin
PATH: /usr/sbin
PATH: /usr/bin
PATH: /sbin
PATH: /bin
PATH: /usr/games
PATH: /usr/local/games
PATH: /home/gjyang/working/Hi3516A/01.software/Hi3516A_SDK_V1.0.2.0/osdrv/pub/bin/pc
PATH: /opt/arm-none-linux-gnueabi-4.4.0_linux-3.3/bin
PATH: /opt/meld-3.12.3/bin
PATH: /home/gjyang/working/autoftp/bin
PATH: /home/gjyang/working/dash/depot_tools/depot_tools
PATH: /opt/hisi-linux/x86-arm/arm-hisiv400-linux/target/bin
PATH: /home/gjyang/working/Hi3516A/01.software/Hi3516A_SDK_V1.0.2.0/osdrv/pub/bin/pc


## ----------- ##
## Core tests. ##
## ----------- ##

configure:2076: checking build system type
configure:2090: result: i686-pc-linux-gnu
configure:2110: checking host system type
configure:2123: result: arm-hisiv400-linux-gnu
configure:2143: checking target system type
configure:2156: result: arm-hisiv400-linux-gnu
configure:2298: checking for arm-hisiv400-linux-gcc
configure:2314: found /opt/hisi-linux/x86-arm/arm-hisiv400-linux/target/bin/arm-hisiv400-linux-gcc
configure:2325: result: arm-hisiv400-linux-gcc
configure:2594: checking for C compiler version
configure:2603: arm-hisiv400-linux-gcc --version >&5
arm-hisiv400-linux-gcc (Hisilicon_v400) 4.8.3 20131202 (prerelease)
Copyright (C) 2013 Free Software Foundation, Inc.
This is free software; see the source for copying conditions.  There is NO
warranty; not even for MERCHANTABILITY or FITNESS FOR A PARTICULAR PURPOSE.

configure:2614: $? = 0
configure:2603: arm-hisiv400-linux-gcc -v >&5
Using built-in specs.
COLLECT_GCC=arm-hisiv400-linux-gcc
COLLECT_LTO_WRAPPER=/opt/hisi-linux/x86-arm/arm-hisiv400-linux/bin/../libexec/gcc/arm-hisiv400-linux-gnueabi/4.8.3/lto-wrapper
Target: arm-hisiv400-linux-gnueabi
Configured with: '../gcc~linaro-4.8-2013.12/configure' --host=i386-redhat-linux --build=i386-redhat-linux --target=arm-hisiv400-linux-gnueabi --prefix=/home/sying/wucaiyuan_toolchain/v400/glibc_gcc4.8_linaro_toolchain/install/arm-hisiv400-linux --enable-threads --disable-libmudflap --disable-libssp --disable-libstdcxx-pch --with-arch=armv5te --with-gnu-as --with-gnu-ld --enable-languages=c,c++ --enable-shared --enable-lto --enable-symvers=gnu --enable-__cxa_atexit --enable-nls --enable-clocale=gnu --enable-extra-hisi-multilibs --with-sysroot=/home/sying/wucaiyuan_toolchain/v400/glibc_gcc4.8_linaro_toolchain/install/arm-hisiv400-linux/target --with-build-sysroot=/home/sying/wucaiyuan_toolchain/v400/glibc_gcc4.8_linaro_toolchain/install/arm-hisiv400-linux/target --with-gmp=/home/sying/wucaiyuan_toolchain/v400/glibc_gcc4.8_linaro_toolchain/install/host_lib --with-mpfr=/home/sying/wucaiyuan_toolchain/v400/glibc_gcc4.8_linaro_toolchain/install/host_lib --with-mpc=/home/sying/wucaiyuan_toolchain/v400/glibc_gcc4.8_linaro_toolchain/install/host_lib --with-ppl=/home/sying/wucaiyuan_toolchain/v400/glibc_gcc4.8_linaro_toolchain/install/host_lib --with-cloog=/home/sying/wucaiyuan_toolchain/v400/glibc_gcc4.8_linaro_toolchain/install/host_lib --with-libelf=/home/sying/wucaiyuan_toolchain/v400/glibc_gcc4.8_linaro_toolchain/install/host_lib --enable-libgomp --disable-libitm --enable-poison-system-directories --with-libelf=/home/sying/wucaiyuan_toolchain/v400/glibc_gcc4.8_linaro_toolchain/install/host_lib --with-pkgversion=Hisilicon_v400 --with-bugurl=http://www.hisilicon.com/cn/service/claim.html
Thread model: posix
gcc version 4.8.3 20131202 (prerelease) (Hisilicon_v400) 
configure:2614: $? = 0
configure:2603: arm-hisiv400-linux-gcc -V >&5
arm-hisiv400-linux-gcc: error: unrecognized command line option '-V'
arm-hisiv400-linux-gcc: fatal error: no input files
compilation terminated.
configure:2614: $? = 1
configure:2603: arm-hisiv400-linux-gcc -qversion >&5
arm-hisiv400-linux-gcc: error: unrecognized command line option '-qversion'
arm-hisiv400-linux-gcc: fatal error: no input files
compilation terminated.
configure:2614: $? = 1
configure:2634: checking whether the C compiler works
configure:2656: arm-hisiv400-linux-gcc    conftest.c  >&5
configure:2660: $? = 0
configure:2708: result: yes
configure:2711: checking for C compiler default output file name
configure:2713: result: a.out
configure:2719: checking for suffix of executables
configure:2726: arm-hisiv400-linux-gcc -o conftest    conftest.c  >&5
configure:2730: $? = 0
configure:2752: result: 
configure:2774: checking whether we are cross compiling
configure:2782: arm-hisiv400-linux-gcc -o conftest    conftest.c  >&5
configure:2786: $? = 0
configure:2793: ./conftest
./configure: line 2795: ./conftest: cannot execute binary file: Exec format error
configure:2797: $? = 126
configure:2812: result: yes
configure:2817: checking for suffix of object files
configure:2839: arm-hisiv400-linux-gcc -c   conftest.c >&5
configure:2843: $? = 0
configure:2864: result: o
configure:2868: checking whether we are using the GNU C compiler
configure:2887: arm-hisiv400-linux-gcc -c   conftest.c >&5
configure:2887: $? = 0
configure:2896: result: yes
configure:2905: checking whether arm-hisiv400-linux-gcc accepts -g
configure:2925: arm-hisiv400-linux-gcc -c -g  conftest.c >&5
configure:2925: $? = 0
configure:2966: result: yes
configure:2983: checking for arm-hisiv400-linux-gcc option to accept ISO C89
configure:3046: arm-hisiv400-linux-gcc  -c -g -O2  conftest.c >&5
configure:3046: $? = 0
configure:3059: result: none needed
configure:3085: checking for -gcc
configure:3115: result: no
configure:3085: checking for i686-pc-linux-gnu-gcc
configure:3115: result: no
configure:3085: checking for gcc
configure:3101: found /usr/bin/gcc
configure:3112: result: gcc
configure:3132: checking how to run the C preprocessor
configure:3163: arm-hisiv400-linux-gcc -E  conftest.c
configure:3163: $? = 0
configure:3177: arm-hisiv400-linux-gcc -E  conftest.c
conftest.c:10:28: fatal error: ac_nonexistent.h: No such file or directory
 #include <ac_nonexistent.h>
                            ^
compilation terminated.
configure:3177: $? = 1
configure: failed program was:
| /* confdefs.h */
| #define PACKAGE_NAME "kexec-tools"
| #define PACKAGE_TARNAME "kexec-tools"
| #define PACKAGE_VERSION "2.0.9"
| #define PACKAGE_STRING "kexec-tools 2.0.9"
| #define PACKAGE_BUGREPORT ""
| #define PACKAGE_URL ""
| #define PACKAGE_DATE "20 August 2015"
| /* end confdefs.h.  */
| #include <ac_nonexistent.h>
configure:3202: result: arm-hisiv400-linux-gcc -E
configure:3222: arm-hisiv400-linux-gcc -E  conftest.c
configure:3222: $? = 0
configure:3236: arm-hisiv400-linux-gcc -E  conftest.c
conftest.c:10:28: fatal error: ac_nonexistent.h: No such file or directory
 #include <ac_nonexistent.h>
                            ^
compilation terminated.
configure:3236: $? = 1
configure: failed program was:
| /* confdefs.h */
| #define PACKAGE_NAME "kexec-tools"
| #define PACKAGE_TARNAME "kexec-tools"
| #define PACKAGE_VERSION "2.0.9"
| #define PACKAGE_STRING "kexec-tools 2.0.9"
| #define PACKAGE_BUGREPORT ""
| #define PACKAGE_URL ""
| #define PACKAGE_DATE "20 August 2015"
| /* end confdefs.h.  */
| #include <ac_nonexistent.h>
configure:3267: checking for arm-hisiv400-linux-ld
configure:3283: found /opt/hisi-linux/x86-arm/arm-hisiv400-linux/target/bin/arm-hisiv400-linux-ld
configure:3294: result: arm-hisiv400-linux-ld
configure:3359: checking for arm-hisiv400-linux-as
configure:3375: found /opt/hisi-linux/x86-arm/arm-hisiv400-linux/target/bin/arm-hisiv400-linux-as
configure:3386: result: arm-hisiv400-linux-as
configure:3451: checking for arm-hisiv400-linux-objcopy
configure:3467: found /opt/hisi-linux/x86-arm/arm-hisiv400-linux/target/bin/arm-hisiv400-linux-objcopy
configure:3478: result: arm-hisiv400-linux-objcopy
configure:3543: checking for arm-hisiv400-linux-ar
configure:3559: found /opt/hisi-linux/x86-arm/arm-hisiv400-linux/target/bin/arm-hisiv400-linux-ar
configure:3570: result: arm-hisiv400-linux-ar
configure:3635: checking for arm-hisiv400-linux-strip
configure:3651: found /opt/hisi-linux/x86-arm/arm-hisiv400-linux/target/bin/arm-hisiv400-linux-strip
configure:3662: result: arm-hisiv400-linux-strip
configure:3815: checking whether arm-hisiv400-linux-gcc accepts -fno-zero-initialized-in-bss
configure:3833: arm-hisiv400-linux-gcc -c -g -O2 -fno-zero-initialized-in-bss  conftest.c >&5
configure:3833: $? = 0
configure:3835: result: Yes
configure:3862: checking for a BSD-compatible install
configure:3930: result: /usr/bin/install -c
configure:3943: checking for mkdir
configure:3959: found /bin/mkdir
configure:3971: result: mkdir
configure:3981: checking for rm
configure:3997: found /bin/rm
configure:4009: result: rm
configure:4019: checking for cp
configure:4035: found /bin/cp
configure:4047: result: cp
configure:4057: checking for ln
configure:4073: found /bin/ln
configure:4085: result: ln
configure:4095: checking for tar
configure:4111: found /bin/tar
configure:4123: result: tar
configure:4133: checking for rpmbuild
configure:4161: result: no
configure:4171: checking for sed
configure:4187: found /bin/sed
configure:4199: result: sed
configure:4209: checking for find
configure:4225: found /usr/bin/find
configure:4237: result: find
configure:4247: checking for xargs
configure:4263: found /usr/bin/xargs
configure:4275: result: xargs
configure:4285: checking for dirname
configure:4301: found /usr/bin/dirname
configure:4313: result: dirname
configure:4324: checking for grep that handles long lines and -e
configure:4382: result: /bin/grep
configure:4387: checking for egrep
configure:4449: result: /bin/grep -E
configure:4454: checking for ANSI C header files
configure:4474: arm-hisiv400-linux-gcc -c -g -O2  conftest.c >&5
configure:4474: $? = 0
configure:4558: result: yes
configure:4571: checking for sys/types.h
configure:4571: arm-hisiv400-linux-gcc -c -g -O2  conftest.c >&5
configure:4571: $? = 0
configure:4571: result: yes
configure:4571: checking for sys/stat.h
configure:4571: arm-hisiv400-linux-gcc -c -g -O2  conftest.c >&5
configure:4571: $? = 0
configure:4571: result: yes
configure:4571: checking for stdlib.h
configure:4571: arm-hisiv400-linux-gcc -c -g -O2  conftest.c >&5
configure:4571: $? = 0
configure:4571: result: yes
configure:4571: checking for string.h
configure:4571: arm-hisiv400-linux-gcc -c -g -O2  conftest.c >&5
configure:4571: $? = 0
configure:4571: result: yes
configure:4571: checking for memory.h
configure:4571: arm-hisiv400-linux-gcc -c -g -O2  conftest.c >&5
configure:4571: $? = 0
configure:4571: result: yes
configure:4571: checking for strings.h
configure:4571: arm-hisiv400-linux-gcc -c -g -O2  conftest.c >&5
configure:4571: $? = 0
configure:4571: result: yes
configure:4571: checking for inttypes.h
configure:4571: arm-hisiv400-linux-gcc -c -g -O2  conftest.c >&5
configure:4571: $? = 0
configure:4571: result: yes
configure:4571: checking for stdint.h
configure:4571: arm-hisiv400-linux-gcc -c -g -O2  conftest.c >&5
configure:4571: $? = 0
configure:4571: result: yes
configure:4571: checking for unistd.h
configure:4571: arm-hisiv400-linux-gcc -c -g -O2  conftest.c >&5
configure:4571: $? = 0
configure:4571: result: yes
configure:4583: checking zlib.h usability
configure:4583: arm-hisiv400-linux-gcc -c -g -O2  conftest.c >&5
conftest.c:53:18: fatal error: zlib.h: No such file or directory
 #include <zlib.h>
                  ^
compilation terminated.
configure:4583: $? = 1
configure: failed program was:
| /* confdefs.h */
| #define PACKAGE_NAME "kexec-tools"
| #define PACKAGE_TARNAME "kexec-tools"
| #define PACKAGE_VERSION "2.0.9"
| #define PACKAGE_STRING "kexec-tools 2.0.9"
| #define PACKAGE_BUGREPORT ""
| #define PACKAGE_URL ""
| #define PACKAGE_DATE "20 August 2015"
| #define STDC_HEADERS 1
| #define HAVE_SYS_TYPES_H 1
| #define HAVE_SYS_STAT_H 1
| #define HAVE_STDLIB_H 1
| #define HAVE_STRING_H 1
| #define HAVE_MEMORY_H 1
| #define HAVE_STRINGS_H 1
| #define HAVE_INTTYPES_H 1
| #define HAVE_STDINT_H 1
| #define HAVE_UNISTD_H 1
| /* end confdefs.h.  */
| #include <stdio.h>
| #ifdef HAVE_SYS_TYPES_H
| # include <sys/types.h>
| #endif
| #ifdef HAVE_SYS_STAT_H
| # include <sys/stat.h>
| #endif
| #ifdef STDC_HEADERS
| # include <stdlib.h>
| # include <stddef.h>
| #else
| # ifdef HAVE_STDLIB_H
| #  include <stdlib.h>
| # endif
| #endif
| #ifdef HAVE_STRING_H
| # if !defined STDC_HEADERS && defined HAVE_MEMORY_H
| #  include <memory.h>
| # endif
| # include <string.h>
| #endif
| #ifdef HAVE_STRINGS_H
| # include <strings.h>
| #endif
| #ifdef HAVE_INTTYPES_H
| # include <inttypes.h>
| #endif
| #ifdef HAVE_STDINT_H
| # include <stdint.h>
| #endif
| #ifdef HAVE_UNISTD_H
| # include <unistd.h>
| #endif
| #include <zlib.h>
configure:4583: result: no
configure:4583: checking zlib.h presence
configure:4583: arm-hisiv400-linux-gcc -E  conftest.c
conftest.c:20:18: fatal error: zlib.h: No such file or directory
 #include <zlib.h>
                  ^
compilation terminated.
configure:4583: $? = 1
configure: failed program was:
| /* confdefs.h */
| #define PACKAGE_NAME "kexec-tools"
| #define PACKAGE_TARNAME "kexec-tools"
| #define PACKAGE_VERSION "2.0.9"
| #define PACKAGE_STRING "kexec-tools 2.0.9"
| #define PACKAGE_BUGREPORT ""
| #define PACKAGE_URL ""
| #define PACKAGE_DATE "20 August 2015"
| #define STDC_HEADERS 1
| #define HAVE_SYS_TYPES_H 1
| #define HAVE_SYS_STAT_H 1
| #define HAVE_STDLIB_H 1
| #define HAVE_STRING_H 1
| #define HAVE_MEMORY_H 1
| #define HAVE_STRINGS_H 1
| #define HAVE_INTTYPES_H 1
| #define HAVE_STDINT_H 1
| #define HAVE_UNISTD_H 1
| /* end confdefs.h.  */
| #include <zlib.h>
configure:4583: result: no
configure:4583: checking for zlib.h
configure:4583: result: no
configure:4685: checking lzma.h usability
configure:4685: arm-hisiv400-linux-gcc -c -g -O2  conftest.c >&5
conftest.c:53:18: fatal error: lzma.h: No such file or directory
 #include <lzma.h>
                  ^
compilation terminated.
configure:4685: $? = 1
configure: failed program was:
| /* confdefs.h */
| #define PACKAGE_NAME "kexec-tools"
| #define PACKAGE_TARNAME "kexec-tools"
| #define PACKAGE_VERSION "2.0.9"
| #define PACKAGE_STRING "kexec-tools 2.0.9"
| #define PACKAGE_BUGREPORT ""
| #define PACKAGE_URL ""
| #define PACKAGE_DATE "20 August 2015"
| #define STDC_HEADERS 1
| #define HAVE_SYS_TYPES_H 1
| #define HAVE_SYS_STAT_H 1
| #define HAVE_STDLIB_H 1
| #define HAVE_STRING_H 1
| #define HAVE_MEMORY_H 1
| #define HAVE_STRINGS_H 1
| #define HAVE_INTTYPES_H 1
| #define HAVE_STDINT_H 1
| #define HAVE_UNISTD_H 1
| /* end confdefs.h.  */
| #include <stdio.h>
| #ifdef HAVE_SYS_TYPES_H
| # include <sys/types.h>
| #endif
| #ifdef HAVE_SYS_STAT_H
| # include <sys/stat.h>
| #endif
| #ifdef STDC_HEADERS
| # include <stdlib.h>
| # include <stddef.h>
| #else
| # ifdef HAVE_STDLIB_H
| #  include <stdlib.h>
| # endif
| #endif
| #ifdef HAVE_STRING_H
| # if !defined STDC_HEADERS && defined HAVE_MEMORY_H
| #  include <memory.h>
| # endif
| # include <string.h>
| #endif
| #ifdef HAVE_STRINGS_H
| # include <strings.h>
| #endif
| #ifdef HAVE_INTTYPES_H
| # include <inttypes.h>
| #endif
| #ifdef HAVE_STDINT_H
| # include <stdint.h>
| #endif
| #ifdef HAVE_UNISTD_H
| # include <unistd.h>
| #endif
| #include <lzma.h>
configure:4685: result: no
configure:4685: checking lzma.h presence
configure:4685: arm-hisiv400-linux-gcc -E  conftest.c
conftest.c:20:18: fatal error: lzma.h: No such file or directory
 #include <lzma.h>
                  ^
compilation terminated.
configure:4685: $? = 1
configure: failed program was:
| /* confdefs.h */
| #define PACKAGE_NAME "kexec-tools"
| #define PACKAGE_TARNAME "kexec-tools"
| #define PACKAGE_VERSION "2.0.9"
| #define PACKAGE_STRING "kexec-tools 2.0.9"
| #define PACKAGE_BUGREPORT ""
| #define PACKAGE_URL ""
| #define PACKAGE_DATE "20 August 2015"
| #define STDC_HEADERS 1
| #define HAVE_SYS_TYPES_H 1
| #define HAVE_SYS_STAT_H 1
| #define HAVE_STDLIB_H 1
| #define HAVE_STRING_H 1
| #define HAVE_MEMORY_H 1
| #define HAVE_STRINGS_H 1
| #define HAVE_INTTYPES_H 1
| #define HAVE_STDINT_H 1
| #define HAVE_UNISTD_H 1
| /* end confdefs.h.  */
| #include <lzma.h>
configure:4685: result: no
configure:4685: checking for lzma.h
configure:4685: result: no
configure:4741: checking xenctrl.h usability
configure:4741: arm-hisiv400-linux-gcc -c -g -O2  conftest.c >&5
conftest.c:53:21: fatal error: xenctrl.h: No such file or directory
 #include <xenctrl.h>
                     ^
compilation terminated.
configure:4741: $? = 1
configure: failed program was:
| /* confdefs.h */
| #define PACKAGE_NAME "kexec-tools"
| #define PACKAGE_TARNAME "kexec-tools"
| #define PACKAGE_VERSION "2.0.9"
| #define PACKAGE_STRING "kexec-tools 2.0.9"
| #define PACKAGE_BUGREPORT ""
| #define PACKAGE_URL ""
| #define PACKAGE_DATE "20 August 2015"
| #define STDC_HEADERS 1
| #define HAVE_SYS_TYPES_H 1
| #define HAVE_SYS_STAT_H 1
| #define HAVE_STDLIB_H 1
| #define HAVE_STRING_H 1
| #define HAVE_MEMORY_H 1
| #define HAVE_STRINGS_H 1
| #define HAVE_INTTYPES_H 1
| #define HAVE_STDINT_H 1
| #define HAVE_UNISTD_H 1
| /* end confdefs.h.  */
| #include <stdio.h>
| #ifdef HAVE_SYS_TYPES_H
| # include <sys/types.h>
| #endif
| #ifdef HAVE_SYS_STAT_H
| # include <sys/stat.h>
| #endif
| #ifdef STDC_HEADERS
| # include <stdlib.h>
| # include <stddef.h>
| #else
| # ifdef HAVE_STDLIB_H
| #  include <stdlib.h>
| # endif
| #endif
| #ifdef HAVE_STRING_H
| # if !defined STDC_HEADERS && defined HAVE_MEMORY_H
| #  include <memory.h>
| # endif
| # include <string.h>
| #endif
| #ifdef HAVE_STRINGS_H
| # include <strings.h>
| #endif
| #ifdef HAVE_INTTYPES_H
| # include <inttypes.h>
| #endif
| #ifdef HAVE_STDINT_H
| # include <stdint.h>
| #endif
| #ifdef HAVE_UNISTD_H
| # include <unistd.h>
| #endif
| #include <xenctrl.h>
configure:4741: result: no
configure:4741: checking xenctrl.h presence
configure:4741: arm-hisiv400-linux-gcc -E  conftest.c
conftest.c:20:21: fatal error: xenctrl.h: No such file or directory
 #include <xenctrl.h>
                     ^
compilation terminated.
configure:4741: $? = 1
configure: failed program was:
| /* confdefs.h */
| #define PACKAGE_NAME "kexec-tools"
| #define PACKAGE_TARNAME "kexec-tools"
| #define PACKAGE_VERSION "2.0.9"
| #define PACKAGE_STRING "kexec-tools 2.0.9"
| #define PACKAGE_BUGREPORT ""
| #define PACKAGE_URL ""
| #define PACKAGE_DATE "20 August 2015"
| #define STDC_HEADERS 1
| #define HAVE_SYS_TYPES_H 1
| #define HAVE_SYS_STAT_H 1
| #define HAVE_STDLIB_H 1
| #define HAVE_STRING_H 1
| #define HAVE_MEMORY_H 1
| #define HAVE_STRINGS_H 1
| #define HAVE_INTTYPES_H 1
| #define HAVE_STDINT_H 1
| #define HAVE_UNISTD_H 1
| /* end confdefs.h.  */
| #include <xenctrl.h>
configure:4741: result: no
configure:4741: checking for xenctrl.h
configure:4741: result: no
configure:4943: creating ./config.status

## ---------------------- ##
## Running config.status. ##
## ---------------------- ##

This file was extended by kexec-tools config.status 2.0.9, which was
generated by GNU Autoconf 2.69.  Invocation command line was

  CONFIG_FILES    = 
  CONFIG_HEADERS  = 
  CONFIG_LINKS    = 
  CONFIG_COMMANDS = 
  $ ./config.status 

on ubuntu-32

config.status:840: creating Makefile
config.status:840: creating include/config.h

## ---------------- ##
## Cache variables. ##
## ---------------- ##

ac_cv_build=i686-pc-linux-gnu
ac_cv_c_compiler_gnu=yes
ac_cv_env_CC_set=
ac_cv_env_CC_value=
ac_cv_env_CFLAGS_set=
ac_cv_env_CFLAGS_value=
ac_cv_env_CPPFLAGS_set=
ac_cv_env_CPPFLAGS_value=
ac_cv_env_CPP_set=
ac_cv_env_CPP_value=
ac_cv_env_LDFLAGS_set=
ac_cv_env_LDFLAGS_value=
ac_cv_env_LIBS_set=
ac_cv_env_LIBS_value=
ac_cv_env_build_alias_set=
ac_cv_env_build_alias_value=
ac_cv_env_host_alias_set=set
ac_cv_env_host_alias_value=arm-hisiv400-linux
ac_cv_env_target_alias_set=
ac_cv_env_target_alias_value=
ac_cv_header_inttypes_h=yes
ac_cv_header_lzma_h=no
ac_cv_header_memory_h=yes
ac_cv_header_stdc=yes
ac_cv_header_stdint_h=yes
ac_cv_header_stdlib_h=yes
ac_cv_header_string_h=yes
ac_cv_header_strings_h=yes
ac_cv_header_sys_stat_h=yes
ac_cv_header_sys_types_h=yes
ac_cv_header_unistd_h=yes
ac_cv_header_xenctrl_h=no
ac_cv_header_zlib_h=no
ac_cv_host=arm-hisiv400-linux-gnu
ac_cv_objext=o
ac_cv_path_EGREP='/bin/grep -E'
ac_cv_path_GREP=/bin/grep
ac_cv_path_install='/usr/bin/install -c'
ac_cv_prog_AR=arm-hisiv400-linux-ar
ac_cv_prog_AS=arm-hisiv400-linux-as
ac_cv_prog_BUILD_CC=gcc
ac_cv_prog_CC=arm-hisiv400-linux-gcc
ac_cv_prog_CP=cp
ac_cv_prog_CPP='arm-hisiv400-linux-gcc -E'
ac_cv_prog_DIRNAME=dirname
ac_cv_prog_FIND=find
ac_cv_prog_LD=arm-hisiv400-linux-ld
ac_cv_prog_LN=ln
ac_cv_prog_MKDIR=mkdir
ac_cv_prog_OBJCOPY=arm-hisiv400-linux-objcopy
ac_cv_prog_RM=rm
ac_cv_prog_RPMBUILD=no
ac_cv_prog_SED=sed
ac_cv_prog_STRIP=arm-hisiv400-linux-strip
ac_cv_prog_TAR=tar
ac_cv_prog_XARGS=xargs
ac_cv_prog_cc_c89=
ac_cv_prog_cc_g=yes
ac_cv_target=arm-hisiv400-linux-gnu

## ----------------- ##
## Output variables. ##
## ----------------- ##

AR='arm-hisiv400-linux-ar'
ARCH='arm'
AS='arm-hisiv400-linux-as'
ASFLAGS=''
BUILD_CC='gcc'
BUILD_CFLAGS='-O2 -Wall'
CC='arm-hisiv400-linux-gcc'
CFLAGS='-g -O2'
CP='cp'
CPP='arm-hisiv400-linux-gcc -E'
CPPFLAGS=''
DEFS='-DHAVE_CONFIG_H'
DIRNAME='dirname'
ECHO_C=''
ECHO_N='-n'
ECHO_T=''
EGREP='/bin/grep -E'
EXEEXT=''
FIND='find'
GREP='/bin/grep'
INSTALL='/usr/bin/install -c'
INSTALL_DATA='${INSTALL} -m 644'
INSTALL_PROGRAM='${INSTALL}'
INSTALL_SCRIPT='${INSTALL}'
LD='arm-hisiv400-linux-ld'
LDFLAGS=''
LIBOBJS=''
LIBS=''
LN='ln'
LTLIBOBJS=''
MKDIR='mkdir'
OBJCOPY='arm-hisiv400-linux-objcopy'
OBJDIR='/home/gjyang/working/SDK_and_RDK/src/sys-bin/kexec-tools-2.0.9/objdir-arm-hisiv400-linux'
OBJEXT='o'
PACKAGE_BUGREPORT=''
PACKAGE_NAME='kexec-tools'
PACKAGE_STRING='kexec-tools 2.0.9'
PACKAGE_TARNAME='kexec-tools'
PACKAGE_URL=''
PACKAGE_VERSION='2.0.9'
PATH_SEPARATOR=':'
PURGATORY_EXTRA_CFLAGS='-fno-zero-initialized-in-bss'
RM='rm'
RPMBUILD='no'
SED='sed'
SHELL='/bin/sh'
STRIP='arm-hisiv400-linux-strip'
SUBARCH=''
TAR='tar'
TARGET_CC='arm-hisiv400-linux-gcc'
TARGET_CFLAGS='-O2 -Wall'
TARGET_LD='arm-hisiv400-linux-ld'
XARGS='xargs'
ac_ct_CC=''
bindir='${exec_prefix}/bin'
build='i686-pc-linux-gnu'
build_alias=''
build_cpu='i686'
build_os='linux-gnu'
build_vendor='pc'
datadir='${datarootdir}'
datarootdir='${prefix}/share'
docdir='${datarootdir}/doc/${PACKAGE_TARNAME}'
dvidir='${docdir}'
exec_prefix='${prefix}'
host='arm-hisiv400-linux-gnu'
host_alias='arm-hisiv400-linux'
host_cpu='arm'
host_os='linux-gnu'
host_vendor='hisiv400'
htmldir='${docdir}'
includedir='${prefix}/include'
infodir='${datarootdir}/info'
libdir='${exec_prefix}/lib'
libexecdir='${exec_prefix}/libexec'
localedir='${datarootdir}/locale'
localstatedir='${prefix}/var'
mandir='${datarootdir}/man'
oldincludedir='/usr/include'
pdfdir='${docdir}'
prefix='/usr/local'
program_transform_name='s,x,x,'
psdir='${docdir}'
sbindir='${exec_prefix}/sbin'
sharedstatedir='${prefix}/com'
sysconfdir='${prefix}/etc'
target='arm-hisiv400-linux-gnu'
target_alias=''
target_cpu='arm'
target_os='linux-gnu'
target_vendor='hisiv400'

## ----------- ##
## confdefs.h. ##
## ----------- ##

/* confdefs.h */
#define PACKAGE_NAME "kexec-tools"
#define PACKAGE_TARNAME "kexec-tools"
#define PACKAGE_VERSION "2.0.9"
#define PACKAGE_STRING "kexec-tools 2.0.9"
#define PACKAGE_BUGREPORT ""
#define PACKAGE_URL ""
#define PACKAGE_DATE "20 August 2015"
#define STDC_HEADERS 1
#define HAVE_SYS_TYPES_H 1
#define HAVE_SYS_STAT_H 1
#define HAVE_STDLIB_H 1
#define HAVE_STRING_H 1
#define HAVE_MEMORY_H 1
#define HAVE_STRINGS_H 1
#define HAVE_INTTYPES_H 1
#define HAVE_STDINT_H 1
#define HAVE_UNISTD_H 1

configure: exit 0
