This file contains any messages produced by compilers while
running configure, to aid debugging if configure makes a mistake.

It was created by configure, which was
generated by GNU Autoconf 2.54.  Invocation command line was

  $ ./configure --host=arm-hisiv400-linux --with-libpcap=/home/gjyang/sys-bin/out/HI3536/sys-bin/libpcap/usr/local LDFLAGS=-L/home/gjyang/sys-bin/out/HI3536/sys-bin/ncurses/usr/lib CFLAGS=-I/home/gjyang/sys-bin/out/HI3536/sys-bin/ncurses/usr/include

## --------- ##
## Platform. ##
## --------- ##

hostname = wolf
uname -m = i686
uname -r = 2.6.32-504.el6.i686
uname -s = Linux
uname -v = #1 SMP Wed Oct 15 03:02:07 UTC 2014

/usr/bin/uname -p = unknown
/bin/uname -X     = unknown

/bin/arch              = i686
/usr/bin/arch -k       = unknown
/usr/convex/getsysinfo = unknown
hostinfo               = unknown
/bin/machine           = unknown
/usr/bin/oslevel       = unknown
/bin/universe          = unknown

PATH: /opt/hisi-linux-nptl/arm-hisiv100-linux/target/bin
PATH: /opt/mips-2014.05/bin
PATH: /opt/linaro-multilib-2014.06-gcc4.9/bin
PATH: /opt/stbgcc-4.8-1.0/bin
PATH: /opt/hisi-linux/x86-arm/arm-hisiv400-linux/target/bin
PATH: /opt/hisi-linux/x86-arm/arm-hisiv200-linux/target/bin
PATH: /usr/lib/qt-3.3/bin
PATH: /usr/local/bin
PATH: /bin
PATH: /usr/bin
PATH: /usr/local/sbin
PATH: /usr/sbin
PATH: /sbin
PATH: /home/gjyang/gj-utils/autoftp/bin
PATH: /home/gjyang/bin


## ----------- ##
## Core tests. ##
## ----------- ##

configure:1296: checking build system type
configure:1314: result: i686-pc-linux-gnu
configure:1322: checking host system type
configure:1336: result: arm-hisiv400-linux-gnu
configure:1344: checking target system type
configure:1358: result: arm-hisiv400-linux-gnu
configure:1392: checking for a BSD-compatible install
configure:1446: result: /usr/bin/install -c
configure:1457: checking whether build environment is sane
configure:1500: result: yes
configure:1533: checking for gawk
configure:1549: found /bin/gawk
configure:1559: result: gawk
configure:1569: checking whether make sets ${MAKE}
configure:1589: result: yes
configure:1649: checking for arm-hisiv400-linux-strip
configure:1665: found /opt/hisi-linux/x86-arm/arm-hisiv400-linux/target/bin/arm-hisiv400-linux-strip
configure:1675: result: arm-hisiv400-linux-strip
configure:1749: checking for arm-hisiv400-linux-gcc
configure:1765: found /opt/hisi-linux/x86-arm/arm-hisiv400-linux/target/bin/arm-hisiv400-linux-gcc
configure:1775: result: arm-hisiv400-linux-gcc
configure:2055: checking for C compiler version
configure:2058: arm-hisiv400-linux-gcc --version </dev/null >&5
arm-hisiv400-linux-gcc (Hisilicon_v400) 4.8.3 20131202 (prerelease)
Copyright (C) 2013 Free Software Foundation, Inc.
This is free software; see the source for copying conditions.  There is NO
warranty; not even for MERCHANTABILITY or FITNESS FOR A PARTICULAR PURPOSE.

configure:2061: $? = 0
configure:2063: arm-hisiv400-linux-gcc -v </dev/null >&5
Using built-in specs.
COLLECT_GCC=arm-hisiv400-linux-gcc
COLLECT_LTO_WRAPPER=/opt/hisi-linux/x86-arm/arm-hisiv400-linux/bin/../libexec/gcc/arm-hisiv400-linux-gnueabi/4.8.3/lto-wrapper
Target: arm-hisiv400-linux-gnueabi
Configured with: '../gcc~linaro-4.8-2013.12/configure' --host=i386-redhat-linux --build=i386-redhat-linux --target=arm-hisiv400-linux-gnueabi --prefix=/home/sying/wucaiyuan_toolchain/v400/glibc_gcc4.8_linaro_toolchain/install/arm-hisiv400-linux --enable-threads --disable-libmudflap --disable-libssp --disable-libstdcxx-pch --with-arch=armv5te --with-gnu-as --with-gnu-ld --enable-languages=c,c++ --enable-shared --enable-lto --enable-symvers=gnu --enable-__cxa_atexit --enable-nls --enable-clocale=gnu --enable-extra-hisi-multilibs --with-sysroot=/home/sying/wucaiyuan_toolchain/v400/glibc_gcc4.8_linaro_toolchain/install/arm-hisiv400-linux/target --with-build-sysroot=/home/sying/wucaiyuan_toolchain/v400/glibc_gcc4.8_linaro_toolchain/install/arm-hisiv400-linux/target --with-gmp=/home/sying/wucaiyuan_toolchain/v400/glibc_gcc4.8_linaro_toolchain/install/host_lib --with-mpfr=/home/sying/wucaiyuan_toolchain/v400/glibc_gcc4.8_linaro_toolchain/install/host_lib --with-mpc=/home/sying/wucaiyuan_toolchain/v400/glibc_gcc4.8_linaro_toolchain/install/host_lib --with-ppl=/home/sying/wucaiyuan_toolchain/v400/glibc_gcc4.8_linaro_toolchain/install/host_lib --with-cloog=/home/sying/wucaiyuan_toolchain/v400/glibc_gcc4.8_linaro_toolchain/install/host_lib --with-libelf=/home/sying/wucaiyuan_toolchain/v400/glibc_gcc4.8_linaro_toolchain/install/host_lib --enable-libgomp --disable-libitm --enable-poison-system-directories --with-libelf=/home/sying/wucaiyuan_toolchain/v400/glibc_gcc4.8_linaro_toolchain/install/host_lib --with-pkgversion=Hisilicon_v400 --with-bugurl=http://www.hisilicon.com/cn/service/claim.html
Thread model: posix
gcc version 4.8.3 20131202 (prerelease) (Hisilicon_v400) 
configure:2066: $? = 0
configure:2068: arm-hisiv400-linux-gcc -V </dev/null >&5
arm-hisiv400-linux-gcc: error: unrecognized command line option '-V'
arm-hisiv400-linux-gcc: fatal error: no input files
compilation terminated.
configure:2071: $? = 1
configure:2091: checking for C compiler default output
configure:2094: arm-hisiv400-linux-gcc -I/home/gjyang/sys-bin/out/HI3536/sys-bin/ncurses/usr/include  -L/home/gjyang/sys-bin/out/HI3536/sys-bin/ncurses/usr/lib conftest.c  >&5
configure:2097: $? = 0
configure:2131: result: a.out
configure:2136: checking whether the C compiler works
configure:2142: ./a.out
./configure: line 2143: ./a.out: cannot execute binary file
configure:2145: $? = 126
configure:2160: result: yes
configure:2167: checking whether we are cross compiling
configure:2169: result: yes
configure:2172: checking for suffix of executables
configure:2174: arm-hisiv400-linux-gcc -o conftest -I/home/gjyang/sys-bin/out/HI3536/sys-bin/ncurses/usr/include  -L/home/gjyang/sys-bin/out/HI3536/sys-bin/ncurses/usr/lib conftest.c  >&5
configure:2177: $? = 0
configure:2200: result: 
configure:2206: checking for suffix of object files
configure:2224: arm-hisiv400-linux-gcc -c -I/home/gjyang/sys-bin/out/HI3536/sys-bin/ncurses/usr/include  conftest.c >&5
configure:2227: $? = 0
configure:2246: result: o
configure:2250: checking whether we are using the GNU C compiler
configure:2271: arm-hisiv400-linux-gcc -c -I/home/gjyang/sys-bin/out/HI3536/sys-bin/ncurses/usr/include  conftest.c >&5
configure:2274: $? = 0
configure:2277: test -s conftest.o
configure:2280: $? = 0
configure:2292: result: yes
configure:2298: checking whether arm-hisiv400-linux-gcc accepts -g
configure:2316: arm-hisiv400-linux-gcc -c -g  conftest.c >&5
configure:2319: $? = 0
configure:2322: test -s conftest.o
configure:2325: $? = 0
configure:2335: result: yes
configure:2352: checking for arm-hisiv400-linux-gcc option to accept ANSI C
configure:2409: arm-hisiv400-linux-gcc  -c -I/home/gjyang/sys-bin/out/HI3536/sys-bin/ncurses/usr/include  conftest.c >&5
configure:2412: $? = 0
configure:2415: test -s conftest.o
configure:2418: $? = 0
configure:2435: result: none needed
configure:2453: arm-hisiv400-linux-gcc -c -I/home/gjyang/sys-bin/out/HI3536/sys-bin/ncurses/usr/include  conftest.c >&5
conftest.c:2:3: error: unknown type name 'choke'
   choke me
   ^
conftest.c:2:3: error: expected '=', ',', ';', 'asm' or '__attribute__' at end of input
configure:2456: $? = 1
configure: failed program was:
#ifndef __cplusplus
  choke me
#endif
configure:2573: checking for style of include used by make
configure:2601: result: GNU
configure:2629: checking dependency style of arm-hisiv400-linux-gcc
configure:2691: result: gcc3
configure:2702: checking how to run the C preprocessor
configure:2728: arm-hisiv400-linux-gcc -E  conftest.c
configure:2734: $? = 0
configure:2761: arm-hisiv400-linux-gcc -E  conftest.c
configure:2757:28: fatal error: ac_nonexistent.h: No such file or directory
 #line $LINENO "configure"
                            ^
compilation terminated.
configure:2767: $? = 1
configure: failed program was:
#line 2756 "configure"
#include "confdefs.h"
#include <ac_nonexistent.h>
configure:2804: result: arm-hisiv400-linux-gcc -E
configure:2819: arm-hisiv400-linux-gcc -E  conftest.c
configure:2825: $? = 0
configure:2852: arm-hisiv400-linux-gcc -E  conftest.c
configure:2848:28: fatal error: ac_nonexistent.h: No such file or directory
 #line $LINENO "configure"
                            ^
compilation terminated.
configure:2858: $? = 1
configure: failed program was:
#line 2847 "configure"
#include "confdefs.h"
#include <ac_nonexistent.h>
configure:2898: checking for egrep
configure:2908: result: grep -E
configure:2913: checking for ANSI C header files
configure:2927: arm-hisiv400-linux-gcc -E  conftest.c
configure:2933: $? = 0
configure:3042: result: yes
configure:3087: checking for sys/types.h
configure:3100: arm-hisiv400-linux-gcc -c -I/home/gjyang/sys-bin/out/HI3536/sys-bin/ncurses/usr/include  conftest.c >&5
configure:3103: $? = 0
configure:3106: test -s conftest.o
configure:3109: $? = 0
configure:3119: result: yes
configure:3087: checking for sys/stat.h
configure:3100: arm-hisiv400-linux-gcc -c -I/home/gjyang/sys-bin/out/HI3536/sys-bin/ncurses/usr/include  conftest.c >&5
configure:3103: $? = 0
configure:3106: test -s conftest.o
configure:3109: $? = 0
configure:3119: result: yes
configure:3087: checking for stdlib.h
configure:3100: arm-hisiv400-linux-gcc -c -I/home/gjyang/sys-bin/out/HI3536/sys-bin/ncurses/usr/include  conftest.c >&5
configure:3103: $? = 0
configure:3106: test -s conftest.o
configure:3109: $? = 0
configure:3119: result: yes
configure:3087: checking for string.h
configure:3100: arm-hisiv400-linux-gcc -c -I/home/gjyang/sys-bin/out/HI3536/sys-bin/ncurses/usr/include  conftest.c >&5
configure:3103: $? = 0
configure:3106: test -s conftest.o
configure:3109: $? = 0
configure:3119: result: yes
configure:3087: checking for memory.h
configure:3100: arm-hisiv400-linux-gcc -c -I/home/gjyang/sys-bin/out/HI3536/sys-bin/ncurses/usr/include  conftest.c >&5
configure:3103: $? = 0
configure:3106: test -s conftest.o
configure:3109: $? = 0
configure:3119: result: yes
configure:3087: checking for strings.h
configure:3100: arm-hisiv400-linux-gcc -c -I/home/gjyang/sys-bin/out/HI3536/sys-bin/ncurses/usr/include  conftest.c >&5
configure:3103: $? = 0
configure:3106: test -s conftest.o
configure:3109: $? = 0
configure:3119: result: yes
configure:3087: checking for inttypes.h
configure:3100: arm-hisiv400-linux-gcc -c -I/home/gjyang/sys-bin/out/HI3536/sys-bin/ncurses/usr/include  conftest.c >&5
configure:3103: $? = 0
configure:3106: test -s conftest.o
configure:3109: $? = 0
configure:3119: result: yes
configure:3087: checking for stdint.h
configure:3100: arm-hisiv400-linux-gcc -c -I/home/gjyang/sys-bin/out/HI3536/sys-bin/ncurses/usr/include  conftest.c >&5
configure:3103: $? = 0
configure:3106: test -s conftest.o
configure:3109: $? = 0
configure:3119: result: yes
configure:3087: checking for unistd.h
configure:3100: arm-hisiv400-linux-gcc -c -I/home/gjyang/sys-bin/out/HI3536/sys-bin/ncurses/usr/include  conftest.c >&5
configure:3103: $? = 0
configure:3106: test -s conftest.o
configure:3109: $? = 0
configure:3119: result: yes
configure:3148: checking sys/ioctl.h usability
configure:3157: arm-hisiv400-linux-gcc -c -I/home/gjyang/sys-bin/out/HI3536/sys-bin/ncurses/usr/include  conftest.c >&5
configure:3160: $? = 0
configure:3163: test -s conftest.o
configure:3166: $? = 0
configure:3175: result: yes
configure:3179: checking sys/ioctl.h presence
configure:3186: arm-hisiv400-linux-gcc -E  conftest.c
configure:3192: $? = 0
configure:3210: result: yes
configure:3228: checking for sys/ioctl.h
configure:3235: result: yes
configure:3148: checking sys/time.h usability
configure:3157: arm-hisiv400-linux-gcc -c -I/home/gjyang/sys-bin/out/HI3536/sys-bin/ncurses/usr/include  conftest.c >&5
configure:3160: $? = 0
configure:3163: test -s conftest.o
configure:3166: $? = 0
configure:3175: result: yes
configure:3179: checking sys/time.h presence
configure:3186: arm-hisiv400-linux-gcc -E  conftest.c
configure:3192: $? = 0
configure:3210: result: yes
configure:3228: checking for sys/time.h
configure:3235: result: yes
configure:3148: checking sys/sockio.h usability
configure:3157: arm-hisiv400-linux-gcc -c -I/home/gjyang/sys-bin/out/HI3536/sys-bin/ncurses/usr/include  conftest.c >&5
configure:3185:24: fatal error: sys/sockio.h: No such file or directory
 _ACEOF
                        ^
compilation terminated.
configure:3160: $? = 1
configure: failed program was:
#line 3150 "configure"
#include "confdefs.h"
#include <stdio.h>
#if HAVE_SYS_TYPES_H
# include <sys/types.h>
#endif
#if HAVE_SYS_STAT_H
# include <sys/stat.h>
#endif
#if STDC_HEADERS
# include <stdlib.h>
# include <stddef.h>
#else
# if HAVE_STDLIB_H
#  include <stdlib.h>
# endif
#endif
#if HAVE_STRING_H
# if !STDC_HEADERS && HAVE_MEMORY_H
#  include <memory.h>
# endif
# include <string.h>
#endif
#if HAVE_STRINGS_H
# include <strings.h>
#endif
#if HAVE_INTTYPES_H
# include <inttypes.h>
#else
# if HAVE_STDINT_H
#  include <stdint.h>
# endif
#endif
#if HAVE_UNISTD_H
# include <unistd.h>
#endif
#include <sys/sockio.h>
configure:3175: result: no
configure:3179: checking sys/sockio.h presence
configure:3186: arm-hisiv400-linux-gcc -E  conftest.c
configure:3182:24: fatal error: sys/sockio.h: No such file or directory
 #line $LINENO "configure"
                        ^
compilation terminated.
configure:3192: $? = 1
configure: failed program was:
#line 3181 "configure"
#include "confdefs.h"
#include <sys/sockio.h>
configure:3210: result: no
configure:3228: checking for sys/sockio.h
configure:3235: result: no
configure:3139: checking for unistd.h
configure:3144: result: yes
configure:3249: checking for an ANSI C-conforming const
configure:3313: arm-hisiv400-linux-gcc -c -I/home/gjyang/sys-bin/out/HI3536/sys-bin/ncurses/usr/include  conftest.c >&5
configure:3316: $? = 0
configure:3319: test -s conftest.o
configure:3322: $? = 0
configure:3332: result: yes
configure:3342: checking for size_t
configure:3363: arm-hisiv400-linux-gcc -c -I/home/gjyang/sys-bin/out/HI3536/sys-bin/ncurses/usr/include  conftest.c >&5
configure:3366: $? = 0
configure:3369: test -s conftest.o
configure:3372: $? = 0
configure:3382: result: yes
configure:3394: checking whether time.h and sys/time.h may both be included
configure:3416: arm-hisiv400-linux-gcc -c -I/home/gjyang/sys-bin/out/HI3536/sys-bin/ncurses/usr/include  conftest.c >&5
configure:3419: $? = 0
configure:3422: test -s conftest.o
configure:3425: $? = 0
configure:3435: result: yes
configure:3457: checking sys/dlpi.h usability
configure:3466: arm-hisiv400-linux-gcc -c -I/home/gjyang/sys-bin/out/HI3536/sys-bin/ncurses/usr/include  conftest.c >&5
configure:3494:22: fatal error: sys/dlpi.h: No such file or directory
 _ACEOF
                      ^
compilation terminated.
configure:3469: $? = 1
configure: failed program was:
#line 3459 "configure"
#include "confdefs.h"
#include <stdio.h>
#if HAVE_SYS_TYPES_H
# include <sys/types.h>
#endif
#if HAVE_SYS_STAT_H
# include <sys/stat.h>
#endif
#if STDC_HEADERS
# include <stdlib.h>
# include <stddef.h>
#else
# if HAVE_STDLIB_H
#  include <stdlib.h>
# endif
#endif
#if HAVE_STRING_H
# if !STDC_HEADERS && HAVE_MEMORY_H
#  include <memory.h>
# endif
# include <string.h>
#endif
#if HAVE_STRINGS_H
# include <strings.h>
#endif
#if HAVE_INTTYPES_H
# include <inttypes.h>
#else
# if HAVE_STDINT_H
#  include <stdint.h>
# endif
#endif
#if HAVE_UNISTD_H
# include <unistd.h>
#endif
#include <sys/dlpi.h>
configure:3484: result: no
configure:3488: checking sys/dlpi.h presence
configure:3495: arm-hisiv400-linux-gcc -E  conftest.c
configure:3491:22: fatal error: sys/dlpi.h: No such file or directory
 #line $LINENO "configure"
                      ^
compilation terminated.
configure:3501: $? = 1
configure: failed program was:
#line 3490 "configure"
#include "confdefs.h"
#include <sys/dlpi.h>
configure:3519: result: no
configure:3537: checking for sys/dlpi.h
configure:3544: result: no
configure:3566: checking for regcomp
configure:3603: arm-hisiv400-linux-gcc -o conftest -I/home/gjyang/sys-bin/out/HI3536/sys-bin/ncurses/usr/include  -L/home/gjyang/sys-bin/out/HI3536/sys-bin/ncurses/usr/lib conftest.c  >&5
configure:3606: $? = 0
configure:3609: test -s conftest
configure:3612: $? = 0
configure:3622: result: yes
configure:3566: checking for select
configure:3603: arm-hisiv400-linux-gcc -o conftest -I/home/gjyang/sys-bin/out/HI3536/sys-bin/ncurses/usr/include  -L/home/gjyang/sys-bin/out/HI3536/sys-bin/ncurses/usr/lib conftest.c  >&5
configure:3606: $? = 0
configure:3609: test -s conftest
configure:3612: $? = 0
configure:3622: result: yes
configure:3566: checking for strdup
configure:3603: arm-hisiv400-linux-gcc -o conftest -I/home/gjyang/sys-bin/out/HI3536/sys-bin/ncurses/usr/include  -L/home/gjyang/sys-bin/out/HI3536/sys-bin/ncurses/usr/lib conftest.c  >&5
configure:3581:6: warning: conflicting types for built-in function 'strdup' [enabled by default]
 /* We use char because int might match the return type of a gcc2
      ^
configure:3606: $? = 0
configure:3609: test -s conftest
configure:3612: $? = 0
configure:3622: result: yes
configure:3566: checking for strerror
configure:3603: arm-hisiv400-linux-gcc -o conftest -I/home/gjyang/sys-bin/out/HI3536/sys-bin/ncurses/usr/include  -L/home/gjyang/sys-bin/out/HI3536/sys-bin/ncurses/usr/lib conftest.c  >&5
configure:3606: $? = 0
configure:3609: test -s conftest
configure:3612: $? = 0
configure:3622: result: yes
configure:3566: checking for strspn
configure:3603: arm-hisiv400-linux-gcc -o conftest -I/home/gjyang/sys-bin/out/HI3536/sys-bin/ncurses/usr/include  -L/home/gjyang/sys-bin/out/HI3536/sys-bin/ncurses/usr/lib conftest.c  >&5
configure:3581:6: warning: conflicting types for built-in function 'strspn' [enabled by default]
 /* We use char because int might match the return type of a gcc2
      ^
configure:3606: $? = 0
configure:3609: test -s conftest
configure:3612: $? = 0
configure:3622: result: yes
configure:3633: checking for library containing socket
configure:3660: arm-hisiv400-linux-gcc -o conftest -I/home/gjyang/sys-bin/out/HI3536/sys-bin/ncurses/usr/include  -L/home/gjyang/sys-bin/out/HI3536/sys-bin/ncurses/usr/lib conftest.c  >&5
configure:3663: $? = 0
configure:3666: test -s conftest
configure:3669: $? = 0
configure:3722: result: none required
configure:3729: checking for library containing log
configure:3756: arm-hisiv400-linux-gcc -o conftest -I/home/gjyang/sys-bin/out/HI3536/sys-bin/ncurses/usr/include  -L/home/gjyang/sys-bin/out/HI3536/sys-bin/ncurses/usr/lib conftest.c  >&5
configure:3744:6: warning: conflicting types for built-in function 'log' [enabled by default]
 /* We use char because int might match the return type of a gcc2
      ^
/tmp/ccqIyOEl.o: In function `main':
conftest.c:(.text+0x8): undefined reference to `log'
collect2: error: ld returned 1 exit status
configure:3759: $? = 1
configure: failed program was:
#line 3736 "configure"
#include "confdefs.h"

/* Override any gcc2 internal prototype to avoid an error.  */
#ifdef __cplusplus
extern "C"
#endif
/* We use char because int might match the return type of a gcc2
   builtin and then its argument prototype would still apply.  */
char log ();
int
main ()
{
log ();
  ;
  return 0;
}
configure:3796: arm-hisiv400-linux-gcc -o conftest -I/home/gjyang/sys-bin/out/HI3536/sys-bin/ncurses/usr/include  -L/home/gjyang/sys-bin/out/HI3536/sys-bin/ncurses/usr/lib conftest.c -lm   >&5
configure:3784:6: warning: conflicting types for built-in function 'log' [enabled by default]
 /* We use char because int might match the return type of a gcc2
      ^
configure:3799: $? = 0
configure:3802: test -s conftest
configure:3805: $? = 0
configure:3818: result: -lm
configure:3825: checking for gethostbyname
configure:3862: arm-hisiv400-linux-gcc -o conftest -I/home/gjyang/sys-bin/out/HI3536/sys-bin/ncurses/usr/include  -L/home/gjyang/sys-bin/out/HI3536/sys-bin/ncurses/usr/lib conftest.c -lm  >&5
configure:3865: $? = 0
configure:3868: test -s conftest
configure:3871: $? = 0
configure:3881: result: yes
configure:3948: checking for library containing inet_aton
configure:3975: arm-hisiv400-linux-gcc -o conftest -I/home/gjyang/sys-bin/out/HI3536/sys-bin/ncurses/usr/include  -L/home/gjyang/sys-bin/out/HI3536/sys-bin/ncurses/usr/lib conftest.c -lm  >&5
configure:3978: $? = 0
configure:3981: test -s conftest
configure:3984: $? = 0
configure:4037: result: none required
configure:4044: checking for library containing inet_pton
configure:4071: arm-hisiv400-linux-gcc -o conftest -I/home/gjyang/sys-bin/out/HI3536/sys-bin/ncurses/usr/include  -L/home/gjyang/sys-bin/out/HI3536/sys-bin/ncurses/usr/lib conftest.c -lm  >&5
configure:4074: $? = 0
configure:4077: test -s conftest
configure:4080: $? = 0
configure:4133: result: none required
configure:4145: checking for inet_aton
configure:4182: arm-hisiv400-linux-gcc -o conftest -I/home/gjyang/sys-bin/out/HI3536/sys-bin/ncurses/usr/include  -L/home/gjyang/sys-bin/out/HI3536/sys-bin/ncurses/usr/lib conftest.c -lm  >&5
configure:4185: $? = 0
configure:4188: test -s conftest
configure:4191: $? = 0
configure:4201: result: yes
configure:4145: checking for inet_pton
configure:4182: arm-hisiv400-linux-gcc -o conftest -I/home/gjyang/sys-bin/out/HI3536/sys-bin/ncurses/usr/include  -L/home/gjyang/sys-bin/out/HI3536/sys-bin/ncurses/usr/lib conftest.c -lm  >&5
configure:4185: $? = 0
configure:4188: test -s conftest
configure:4191: $? = 0
configure:4201: result: yes
configure:4214: checking size of u_int8_t
configure:4219: result: can't determine when cross-compiling
configure:4214: checking size of u_int16_t
configure:4219: result: can't determine when cross-compiling
configure:4214: checking size of u_int32_t
configure:4219: result: can't determine when cross-compiling
configure:4293: checking for stdint.h
configure:4298: result: yes
configure:5378: checking for library containing getnameinfo
configure:5405: arm-hisiv400-linux-gcc -o conftest -I/home/gjyang/sys-bin/out/HI3536/sys-bin/ncurses/usr/include  -L/home/gjyang/sys-bin/out/HI3536/sys-bin/ncurses/usr/lib conftest.c -lm  >&5
configure:5408: $? = 0
configure:5411: test -s conftest
configure:5414: $? = 0
configure:5467: result: none required
configure:5489: checking for library containing gethostbyaddr_r
configure:5516: arm-hisiv400-linux-gcc -o conftest -I/home/gjyang/sys-bin/out/HI3536/sys-bin/ncurses/usr/include  -L/home/gjyang/sys-bin/out/HI3536/sys-bin/ncurses/usr/lib conftest.c -lm  >&5
configure:5519: $? = 0
configure:5522: test -s conftest
configure:5525: $? = 0
configure:5578: result: none required
configure:5595: checking how to call gethostbyaddr_r
configure:5603: arm-hisiv400-linux-gcc -o conftest -I/home/gjyang/sys-bin/out/HI3536/sys-bin/ncurses/usr/include  -L/home/gjyang/sys-bin/out/HI3536/sys-bin/ncurses/usr/lib conftest.c -lm  >&5
configure: In function 'main':
configure:5624:34: warning: passing argument 7 of 'gethostbyaddr_r' from incompatible pointer type [enabled by default]
 cat conftest.$ac_ext >&5
                                  ^
In file included from configure:5609:0:
/opt/hisi-linux/x86-arm/arm-hisiv400-linux/target/usr/include/netdb.h:172:12: note: expected 'struct hostent ** __restrict__' but argument is of type 'int *'
 extern int gethostbyaddr_r (const void *__restrict __addr, __socklen_t __len,
            ^
configure:5624:34: error: too few arguments to function 'gethostbyaddr_r'
 cat conftest.$ac_ext >&5
                                  ^
In file included from configure:5609:0:
/opt/hisi-linux/x86-arm/arm-hisiv400-linux/target/usr/include/netdb.h:172:12: note: declared here
 extern int gethostbyaddr_r (const void *__restrict __addr, __socklen_t __len,
            ^
configure:5606: $? = 1
configure: failed program was:
#line 5597 "configure"
#include "confdefs.h"
/*
 * hostentp_ghba_r.c:
 * Test program to see whether gethostbyaddr_r takes 7 arguments and returns
 * struct hostent*. 
 */

static const char rcsid[] = "$Id: hostentp_ghba_r.c,v 1.1 2002/11/04 12:27:35 chris Exp $";

#include <sys/types.h>

#include <errno.h>
#include <netdb.h>
#include <stdio.h>
#include <stdlib.h>
#include <netinet/in.h>

int main(void) {
    struct in_addr localhost;
    struct hostent hostbuf, *hp;
    char *buf;
    int herr;
    size_t buflen = 1024;
    
    localhost.s_addr = htonl(INADDR_LOOPBACK);
    buf = malloc(buflen);
    while ((hp = gethostbyaddr_r((char*)&localhost, sizeof(struct in_addr),
                                 AF_INET, &hostbuf, buf, buflen, &herr))
                    == NULL
           && errno == ERANGE)
        buf = (char*)realloc(buf, buflen *= 2);
        
    /* We assume that the loopback address can always be resolved if
     * gethostbyaddr_r is actually working. */
    if (hp == NULL) {
        fprintf(stderr, "errno = %d, herr = %d\n", errno, herr);
        return -1;
    } else
        return 0;
}
configure:5632: arm-hisiv400-linux-gcc -o conftest -I/home/gjyang/sys-bin/out/HI3536/sys-bin/ncurses/usr/include  -L/home/gjyang/sys-bin/out/HI3536/sys-bin/ncurses/usr/lib conftest.c -lm  >&5
configure:5635: $? = 0
configure:5638: test -s conftest
configure:5641: $? = 0
configure:5643: result: 8 args, int return
configure:5675: checking gethostbyaddr_r usability
configure:5678: result: can't test because we are cross-compiling
configure:5972: checking where to find pcap.h
configure:5988: arm-hisiv400-linux-gcc -E  conftest.c
configure:5983:18: fatal error: pcap.h: No such file or directory
 #include "confdefs.h"
                  ^
compilation terminated.
configure:5994: $? = 1
configure: failed program was:
#line 5981 "configure"
#include "confdefs.h"

#include <pcap.h>

configure:5988: arm-hisiv400-linux-gcc -E  conftest.c
configure:5983:18: fatal error: pcap.h: No such file or directory
 #include "confdefs.h"
                  ^
compilation terminated.
configure:5994: $? = 1
configure: failed program was:
#line 5981 "configure"
#include "confdefs.h"

#include <pcap.h>

configure:5988: arm-hisiv400-linux-gcc -E  -I/home/gjyang/sys-bin/out/HI3536/sys-bin/libpcap/usr/local/include conftest.c
configure:5994: $? = 0
configure:6006: result: /home/gjyang/sys-bin/out/HI3536/sys-bin/libpcap/usr/local/include
configure:6036: checking for pcap_open_live in -lpcap
configure:6063: arm-hisiv400-linux-gcc -o conftest -I/home/gjyang/sys-bin/out/HI3536/sys-bin/ncurses/usr/include  -I/home/gjyang/sys-bin/out/HI3536/sys-bin/libpcap/usr/local/include -L/home/gjyang/sys-bin/out/HI3536/sys-bin/ncurses/usr/lib -L/home/gjyang/sys-bin/out/HI3536/sys-bin/libpcap/usr/local/lib conftest.c -lpcap  -lm  >&5
configure:6066: $? = 0
configure:6069: test -s conftest
configure:6072: $? = 0
configure:6083: result: yes
configure:6120: checking pcap.h usability
configure:6129: arm-hisiv400-linux-gcc -c -I/home/gjyang/sys-bin/out/HI3536/sys-bin/ncurses/usr/include  -I/home/gjyang/sys-bin/out/HI3536/sys-bin/libpcap/usr/local/include conftest.c >&5
configure:6132: $? = 0
configure:6135: test -s conftest.o
configure:6138: $? = 0
configure:6147: result: yes
configure:6151: checking pcap.h presence
configure:6158: arm-hisiv400-linux-gcc -E  -I/home/gjyang/sys-bin/out/HI3536/sys-bin/libpcap/usr/local/include conftest.c
configure:6164: $? = 0
configure:6182: result: yes
configure:6200: checking for pcap.h
configure:6207: result: yes
configure:6233: checking for a curses library containing mvchgat
configure:6255: arm-hisiv400-linux-gcc -o conftest -I/home/gjyang/sys-bin/out/HI3536/sys-bin/ncurses/usr/include  -I/home/gjyang/sys-bin/out/HI3536/sys-bin/libpcap/usr/local/include -L/home/gjyang/sys-bin/out/HI3536/sys-bin/ncurses/usr/lib -L/home/gjyang/sys-bin/out/HI3536/sys-bin/libpcap/usr/local/lib conftest.c -lpcap -lm  -lcurses >&5
configure:6258: $? = 0
configure:6261: test -s conftest
configure:6264: $? = 0
configure:6288: result: -lcurses
configure:6294: checking POSIX threads compilation
configure:6309: arm-hisiv400-linux-gcc -o conftest -I/home/gjyang/sys-bin/out/HI3536/sys-bin/ncurses/usr/include   -I/home/gjyang/sys-bin/out/HI3536/sys-bin/libpcap/usr/local/include -L/home/gjyang/sys-bin/out/HI3536/sys-bin/ncurses/usr/lib -L/home/gjyang/sys-bin/out/HI3536/sys-bin/libpcap/usr/local/lib conftest.c -lpcap -lm  -lcurses  >&5
/tmp/ccmcfTOr.o: In function `worker_thread':
conftest.c:(.text+0x3c): undefined reference to `pthread_testcancel'
/tmp/ccmcfTOr.o: In function `main':
conftest.c:(.text+0x98): undefined reference to `pthread_create'
conftest.c:(.text+0x150): undefined reference to `pthread_cancel'
conftest.c:(.text+0x170): undefined reference to `pthread_join'
collect2: error: ld returned 1 exit status
configure:6312: $? = 1
configure: failed program was:
#line 6303 "configure"
#include "confdefs.h"
/*
 * pthread.c:
 * Tiny test program to see whether POSIX threads work.
 */

static const char rcsid[] = "$Id: pthread.c,v 1.4 2005/10/26 22:56:05 chris Exp $";

#include <sys/types.h>

#include <errno.h>
#include <pthread.h>
#include <stdio.h>
#include <string.h>
#include <time.h>
#include <unistd.h>

static pthread_mutex_t mtx = PTHREAD_MUTEX_INITIALIZER;
static pthread_cond_t cond = PTHREAD_COND_INITIALIZER;
static int return_value = -1;

void *worker_thread(void *v) {
    /* Record successful return and signal parent to wake up. */
    return_value = 0;
    pthread_mutex_lock(&mtx);
    pthread_cond_signal(&cond);
    pthread_mutex_unlock(&mtx);
    while (1) {
        sleep(1);
        pthread_testcancel();
    }
}

/* Start a thread, and have it set a variable to some other value, then signal
 * a condition variable. If this doesn't happen within some set time, we assume
 * that something's gone badly wrong and abort (for instance, the thread never
 * got started). */
int main(void) {
    pthread_t thr;
    int res;
    struct timespec deadline = {0};
    if ((res = pthread_mutex_lock(&mtx)) != 0
        || (res = pthread_create(&thr, NULL, worker_thread, NULL)) != 0) {
        fprintf(stderr, "%s\n", strerror(res));
        return -1;
    }

    /* Thread should now be running; we should wait on the condition
     * variable. */
    do
        deadline.tv_sec = 2 + time(NULL);
    while ((res = pthread_cond_timedwait(&cond, &mtx, &deadline)) == EINTR);
    
    if (res != 0) {
        fprintf(stderr, "%s\n", strerror(res));
        return -1;
    }

    if ((res = pthread_cancel(thr)) != 0
        || (res = pthread_join(thr, NULL)) != 0) {
        fprintf(stderr, "%s\n", strerror(res));
        return -1;
    }
    
    return return_value;
}
configure:6309: arm-hisiv400-linux-gcc -o conftest -I/home/gjyang/sys-bin/out/HI3536/sys-bin/ncurses/usr/include   -I/home/gjyang/sys-bin/out/HI3536/sys-bin/libpcap/usr/local/include -L/home/gjyang/sys-bin/out/HI3536/sys-bin/ncurses/usr/lib -L/home/gjyang/sys-bin/out/HI3536/sys-bin/libpcap/usr/local/lib conftest.c -lpcap -lm  -lcurses -lpthread >&5
configure:6312: $? = 0
configure:6315: test -s conftest
configure:6318: $? = 0
configure:6347: result: CFLAGS= and LIBS=-lpthread
configure:6349: checking POSIX threads usability
configure:6352: result: can't test because we are cross-compiling
configure:6384: checking if we need to enable promiscuous mode by default
configure:6399: result: no
configure:6516: creating ./config.status

## ---------------------- ##
## Running config.status. ##
## ---------------------- ##

This file was extended by config.status, which was
generated by GNU Autoconf 2.54.  Invocation command line was

  CONFIG_FILES    = 
  CONFIG_HEADERS  = 
  CONFIG_LINKS    = 
  CONFIG_COMMANDS = 
  $ ./config.status 

on wolf

config.status:639: creating Makefile
config.status:639: creating config/Makefile
config.status:743: creating config.h
config.status:899: config.h is unchanged
config.status:1005: executing depfiles commands

## ---------------- ##
## Cache variables. ##
## ---------------- ##

ac_cv_build=i686-pc-linux-gnu
ac_cv_build_alias=i686-pc-linux-gnu
ac_cv_c_compiler_gnu=yes
ac_cv_c_const=yes
ac_cv_env_CC_set=
ac_cv_env_CC_value=
ac_cv_env_CFLAGS_set=set
ac_cv_env_CFLAGS_value=-I/home/gjyang/sys-bin/out/HI3536/sys-bin/ncurses/usr/include
ac_cv_env_CPPFLAGS_set=
ac_cv_env_CPPFLAGS_value=
ac_cv_env_CPP_set=
ac_cv_env_CPP_value=
ac_cv_env_LDFLAGS_set=set
ac_cv_env_LDFLAGS_value=-L/home/gjyang/sys-bin/out/HI3536/sys-bin/ncurses/usr/lib
ac_cv_env_build_alias_set=
ac_cv_env_build_alias_value=
ac_cv_env_host_alias_set=set
ac_cv_env_host_alias_value=arm-hisiv400-linux
ac_cv_env_target_alias_set=
ac_cv_env_target_alias_value=
ac_cv_exeext=
ac_cv_func_gethostbyname=yes
ac_cv_func_inet_aton=yes
ac_cv_func_inet_pton=yes
ac_cv_func_regcomp=yes
ac_cv_func_select=yes
ac_cv_func_strdup=yes
ac_cv_func_strerror=yes
ac_cv_func_strspn=yes
ac_cv_header_inttypes_h=yes
ac_cv_header_memory_h=yes
ac_cv_header_pcap_h=yes
ac_cv_header_stdc=yes
ac_cv_header_stdint_h=yes
ac_cv_header_stdlib_h=yes
ac_cv_header_string_h=yes
ac_cv_header_strings_h=yes
ac_cv_header_sys_dlpi_h=no
ac_cv_header_sys_ioctl_h=yes
ac_cv_header_sys_sockio_h=no
ac_cv_header_sys_stat_h=yes
ac_cv_header_sys_time_h=yes
ac_cv_header_sys_types_h=yes
ac_cv_header_time=yes
ac_cv_header_unistd_h=yes
ac_cv_host=arm-hisiv400-linux-gnu
ac_cv_host_alias=arm-hisiv400-linux
ac_cv_lib_pcap_pcap_open_live=yes
ac_cv_objext=o
ac_cv_path_install='/usr/bin/install -c'
ac_cv_prog_AWK=gawk
ac_cv_prog_CC=arm-hisiv400-linux-gcc
ac_cv_prog_CPP='arm-hisiv400-linux-gcc -E'
ac_cv_prog_STRIP=arm-hisiv400-linux-strip
ac_cv_prog_cc_g=yes
ac_cv_prog_cc_stdc=
ac_cv_prog_egrep='grep -E'
ac_cv_prog_make_make_set=yes
ac_cv_search_gethostbyaddr_r='none required'
ac_cv_search_getnameinfo='none required'
ac_cv_search_inet_aton='none required'
ac_cv_search_inet_pton='none required'
ac_cv_search_log=-lm
ac_cv_search_socket='none required'
ac_cv_target=arm-hisiv400-linux-gnu
ac_cv_target_alias=arm-hisiv400-linux
ac_cv_type_size_t=yes
am_cv_CC_dependencies_compiler_type=gcc3

## ----------------- ##
## Output variables. ##
## ----------------- ##

ACLOCAL='${SHELL} /home/gjyang/sys-bin/iftop/iftop-0.17/config/missing --run aclocal-1.6'
AMDEPBACKSLASH='\'
AMDEP_FALSE='#'
AMDEP_TRUE=''
AMTAR='${SHELL} /home/gjyang/sys-bin/iftop/iftop-0.17/config/missing --run tar'
AUTOCONF='${SHELL} /home/gjyang/sys-bin/iftop/iftop-0.17/config/missing --run autoconf'
AUTOHEADER='${SHELL} /home/gjyang/sys-bin/iftop/iftop-0.17/config/missing --run autoheader'
AUTOMAKE='${SHELL} /home/gjyang/sys-bin/iftop/iftop-0.17/config/missing --run automake-1.6'
AWK='gawk'
CC='arm-hisiv400-linux-gcc'
CCDEPMODE='depmode=gcc3'
CFLAGS='-I/home/gjyang/sys-bin/out/HI3536/sys-bin/ncurses/usr/include '
CPP='arm-hisiv400-linux-gcc -E'
CPPFLAGS=' -I/home/gjyang/sys-bin/out/HI3536/sys-bin/libpcap/usr/local/include'
DEFS='-DHAVE_CONFIG_H'
DEPDIR='.deps'
ECHO_C=''
ECHO_N='-n'
ECHO_T=''
EGREP='grep -E'
EXEEXT=''
INSTALL_DATA='${INSTALL} -m 644'
INSTALL_PROGRAM='${INSTALL}'
INSTALL_SCRIPT='${INSTALL}'
INSTALL_STRIP_PROGRAM='${SHELL} $(install_sh) -c -s'
LDFLAGS='-L/home/gjyang/sys-bin/out/HI3536/sys-bin/ncurses/usr/lib -L/home/gjyang/sys-bin/out/HI3536/sys-bin/libpcap/usr/local/lib'
LIBOBJS=''
LIBS='-lpcap -lm  -lcurses -lpthread'
LTLIBOBJS=''
MAKEINFO='${SHELL} /home/gjyang/sys-bin/iftop/iftop-0.17/config/missing --run makeinfo'
OBJEXT='o'
PACKAGE='iftop'
PACKAGE_BUGREPORT=''
PACKAGE_NAME=''
PACKAGE_STRING=''
PACKAGE_TARNAME=''
PACKAGE_VERSION=''
PATH_SEPARATOR=':'
SET_MAKE=''
SHELL='/bin/sh'
STRIP='arm-hisiv400-linux-strip'
VERSION='0.17'
ac_aux_dir='config'
ac_ct_CC=''
ac_ct_STRIP=''
am__include='include'
am__quote=''
bindir='${exec_prefix}/bin'
build='i686-pc-linux-gnu'
build_alias=''
build_cpu='i686'
build_os='linux-gnu'
build_vendor='pc'
datadir='${prefix}/share'
exec_prefix='${prefix}'
host='arm-hisiv400-linux-gnu'
host_alias='arm-hisiv400-linux'
host_cpu='arm'
host_os='linux-gnu'
host_vendor='hisiv400'
includedir='${prefix}/include'
infodir='${prefix}/info'
install_sh='/home/gjyang/sys-bin/iftop/iftop-0.17/config/install-sh'
libdir='${exec_prefix}/lib'
libexecdir='${exec_prefix}/libexec'
localstatedir='${prefix}/var'
mandir='${prefix}/man'
oldincludedir='/usr/include'
prefix='/usr/local'
program_transform_name='s,x,x,'
sbindir='${exec_prefix}/sbin'
sharedstatedir='${prefix}/com'
sysconfdir='${prefix}/etc'
target='arm-hisiv400-linux-gnu'
target_alias=''
target_cpu='arm'
target_os='linux-gnu'
target_vendor='hisiv400'

## ----------- ##
## confdefs.h. ##
## ----------- ##

#define GETHOSTBYADDR_R_RETURNS_INT 1
#define HAVE_C99_INTS 1
#define HAVE_INET_ATON 1
#define HAVE_INET_PTON 1
#define HAVE_INTTYPES_H 1
#define HAVE_LIBPCAP 1
#define HAVE_MEMORY_H 1
#define HAVE_PCAP_H 1
#define HAVE_REGCOMP 1
#define HAVE_SELECT 1
#define HAVE_STDINT_H 1
#define HAVE_STDINT_H 1
#define HAVE_STDLIB_H 1
#define HAVE_STRDUP 1
#define HAVE_STRERROR 1
#define HAVE_STRINGS_H 1
#define HAVE_STRING_H 1
#define HAVE_STRSPN 1
#define HAVE_SYS_IOCTL_H 1
#define HAVE_SYS_STAT_H 1
#define HAVE_SYS_TIME_H 1
#define HAVE_SYS_TYPES_H 1
#define HAVE_UNISTD_H 1
#define HAVE_UNISTD_H 1
#define IFTOP_VERSION "0.17"
#define PACKAGE "iftop"
#define PACKAGE_BUGREPORT ""
#define PACKAGE_NAME ""
#define PACKAGE_STRING ""
#define PACKAGE_TARNAME ""
#define PACKAGE_VERSION ""
#define SIZEOF_U_INT16_T 0
#define SIZEOF_U_INT32_T 0
#define SIZEOF_U_INT8_T 0
#define STDC_HEADERS 1
#define TIME_WITH_SYS_TIME 1
#define USE_GETHOSTBYADDR_R 1
#define VERSION "0.17"

configure: exit 0
