This file contains any messages produced by compilers while
running configure, to aid debugging if configure makes a mistake.

It was created by configure, which was
generated by GNU Autoconf 2.61.  Invocation command line was

  $ ./configure --prefix=/usr/local --host=arm-hisiv400-linux host_alias=arm-hisiv400-linux --cache-file=/dev/null --srcdir=.

## --------- ##
## Platform. ##
## --------- ##

hostname = wolf
uname -m = i686
uname -r = 2.6.32-504.el6.i686
uname -s = Linux
uname -v = #1 SMP Wed Oct 15 03:02:07 UTC 2014

/usr/bin/uname -p = unknown
/bin/uname -X     = unknown

/bin/arch              = i686
/usr/bin/arch -k       = unknown
/usr/convex/getsysinfo = unknown
/usr/bin/hostinfo      = unknown
/bin/machine           = unknown
/usr/bin/oslevel       = unknown
/bin/universe          = unknown

PATH: /opt/mips-2014.05/bin
PATH: /opt/hisi-linux/x86-arm/arm-hisiv400-linux/target/bin
PATH: /opt/hisi-linux/x86-arm/arm-hisiv200-linux/target/bin
PATH: /usr/lib/qt-3.3/bin
PATH: /usr/local/bin
PATH: /bin
PATH: /usr/bin
PATH: /usr/local/sbin
PATH: /usr/sbin
PATH: /sbin
PATH: /home/gjyang/gj-utils/autoftp/bin
PATH: /home/gjyang/bin


## ----------- ##
## Core tests. ##
## ----------- ##

configure:1652: checking whether make sets $(MAKE)
configure:1673: result: yes
configure:1690: checking for arm-hisiv400-linux-gcc
configure:1706: found /opt/hisi-linux/x86-arm/arm-hisiv400-linux/target/bin/arm-hisiv400-linux-gcc
configure:1717: result: arm-hisiv400-linux-gcc
configure:1995: checking for C compiler version
configure:2002: arm-hisiv400-linux-gcc --version >&5
arm-hisiv400-linux-gcc (Hisilicon_v400) 4.8.3 20131202 (prerelease)
Copyright (C) 2013 Free Software Foundation, Inc.
This is free software; see the source for copying conditions.  There is NO
warranty; not even for MERCHANTABILITY or FITNESS FOR A PARTICULAR PURPOSE.

configure:2005: $? = 0
configure:2012: arm-hisiv400-linux-gcc -v >&5
Using built-in specs.
COLLECT_GCC=arm-hisiv400-linux-gcc
COLLECT_LTO_WRAPPER=/opt/hisi-linux/x86-arm/arm-hisiv400-linux/bin/../libexec/gcc/arm-hisiv400-linux-gnueabi/4.8.3/lto-wrapper
Target: arm-hisiv400-linux-gnueabi
Configured with: '../gcc~linaro-4.8-2013.12/configure' --host=i386-redhat-linux --build=i386-redhat-linux --target=arm-hisiv400-linux-gnueabi --prefix=/home/sying/wucaiyuan_toolchain/v400/glibc_gcc4.8_linaro_toolchain/install/arm-hisiv400-linux --enable-threads --disable-libmudflap --disable-libssp --disable-libstdcxx-pch --with-arch=armv5te --with-gnu-as --with-gnu-ld --enable-languages=c,c++ --enable-shared --enable-lto --enable-symvers=gnu --enable-__cxa_atexit --enable-nls --enable-clocale=gnu --enable-extra-hisi-multilibs --with-sysroot=/home/sying/wucaiyuan_toolchain/v400/glibc_gcc4.8_linaro_toolchain/install/arm-hisiv400-linux/target --with-build-sysroot=/home/sying/wucaiyuan_toolchain/v400/glibc_gcc4.8_linaro_toolchain/install/arm-hisiv400-linux/target --with-gmp=/home/sying/wucaiyuan_toolchain/v400/glibc_gcc4.8_linaro_toolchain/install/host_lib --with-mpfr=/home/sying/wucaiyuan_toolchain/v400/glibc_gcc4.8_linaro_toolchain/install/host_lib --with-mpc=/home/sying/wucaiyuan_toolchain/v400/glibc_gcc4.8_linaro_toolchain/install/host_lib --with-ppl=/home/sying/wucaiyuan_toolchain/v400/glibc_gcc4.8_linaro_toolchain/install/host_lib --with-cloog=/home/sying/wucaiyuan_toolchain/v400/glibc_gcc4.8_linaro_toolchain/install/host_lib --with-libelf=/home/sying/wucaiyuan_toolchain/v400/glibc_gcc4.8_linaro_toolchain/install/host_lib --enable-libgomp --disable-libitm --enable-poison-system-directories --with-libelf=/home/sying/wucaiyuan_toolchain/v400/glibc_gcc4.8_linaro_toolchain/install/host_lib --with-pkgversion=Hisilicon_v400 --with-bugurl=http://www.hisilicon.com/cn/service/claim.html
Thread model: posix
gcc version 4.8.3 20131202 (prerelease) (Hisilicon_v400) 
configure:2015: $? = 0
configure:2022: arm-hisiv400-linux-gcc -V >&5
arm-hisiv400-linux-gcc: error: unrecognized command line option '-V'
arm-hisiv400-linux-gcc: fatal error: no input files
compilation terminated.
configure:2025: $? = 1
configure:2048: checking for C compiler default output file name
configure:2075: arm-hisiv400-linux-gcc    conftest.c  >&5
configure:2078: $? = 0
configure:2116: result: a.out
configure:2133: checking whether the C compiler works
configure:2143: ./a.out
./configure: line 2144: ./a.out: cannot execute binary file
configure:2146: $? = 126
configure:2163: result: yes
configure:2170: checking whether we are cross compiling
configure:2172: result: yes
configure:2175: checking for suffix of executables
configure:2182: arm-hisiv400-linux-gcc -o conftest    conftest.c  >&5
configure:2185: $? = 0
configure:2209: result: 
configure:2215: checking for suffix of object files
configure:2241: arm-hisiv400-linux-gcc -c   conftest.c >&5
configure:2244: $? = 0
configure:2267: result: o
configure:2271: checking whether we are using the GNU C compiler
configure:2300: arm-hisiv400-linux-gcc -c   conftest.c >&5
configure:2306: $? = 0
configure:2323: result: yes
configure:2328: checking whether arm-hisiv400-linux-gcc accepts -g
configure:2358: arm-hisiv400-linux-gcc -c -g  conftest.c >&5
configure:2364: $? = 0
configure:2463: result: yes
configure:2480: checking for arm-hisiv400-linux-gcc option to accept ISO C89
configure:2554: arm-hisiv400-linux-gcc  -c -g -O2  conftest.c >&5
configure:2560: $? = 0
configure:2583: result: none needed
configure:2606: checking how to run the C preprocessor
configure:2646: arm-hisiv400-linux-gcc -E  conftest.c
configure:2652: $? = 0
configure:2683: arm-hisiv400-linux-gcc -E  conftest.c
conftest.c:8:28: fatal error: ac_nonexistent.h: No such file or directory
 #include <ac_nonexistent.h>
                            ^
compilation terminated.
configure:2689: $? = 1
configure: failed program was:
| /* confdefs.h.  */
| #define PACKAGE_NAME ""
| #define PACKAGE_TARNAME ""
| #define PACKAGE_VERSION ""
| #define PACKAGE_STRING ""
| #define PACKAGE_BUGREPORT ""
| /* end confdefs.h.  */
| #include <ac_nonexistent.h>
configure:2722: result: arm-hisiv400-linux-gcc -E
configure:2751: arm-hisiv400-linux-gcc -E  conftest.c
configure:2757: $? = 0
configure:2788: arm-hisiv400-linux-gcc -E  conftest.c
conftest.c:8:28: fatal error: ac_nonexistent.h: No such file or directory
 #include <ac_nonexistent.h>
                            ^
compilation terminated.
configure:2794: $? = 1
configure: failed program was:
| /* confdefs.h.  */
| #define PACKAGE_NAME ""
| #define PACKAGE_TARNAME ""
| #define PACKAGE_VERSION ""
| #define PACKAGE_STRING ""
| #define PACKAGE_BUGREPORT ""
| /* end confdefs.h.  */
| #include <ac_nonexistent.h>
configure:2845: checking for arm-hisiv400-linux-g++
configure:2861: found /opt/hisi-linux/x86-arm/arm-hisiv400-linux/target/bin/arm-hisiv400-linux-g++
configure:2872: result: arm-hisiv400-linux-g++
configure:2947: checking for C++ compiler version
configure:2954: arm-hisiv400-linux-g++ --version >&5
arm-hisiv400-linux-g++ (Hisilicon_v400) 4.8.3 20131202 (prerelease)
Copyright (C) 2013 Free Software Foundation, Inc.
This is free software; see the source for copying conditions.  There is NO
warranty; not even for MERCHANTABILITY or FITNESS FOR A PARTICULAR PURPOSE.

configure:2957: $? = 0
configure:2964: arm-hisiv400-linux-g++ -v >&5
Using built-in specs.
COLLECT_GCC=arm-hisiv400-linux-g++
COLLECT_LTO_WRAPPER=/opt/hisi-linux/x86-arm/arm-hisiv400-linux/bin/../libexec/gcc/arm-hisiv400-linux-gnueabi/4.8.3/lto-wrapper
Target: arm-hisiv400-linux-gnueabi
Configured with: '../gcc~linaro-4.8-2013.12/configure' --host=i386-redhat-linux --build=i386-redhat-linux --target=arm-hisiv400-linux-gnueabi --prefix=/home/sying/wucaiyuan_toolchain/v400/glibc_gcc4.8_linaro_toolchain/install/arm-hisiv400-linux --enable-threads --disable-libmudflap --disable-libssp --disable-libstdcxx-pch --with-arch=armv5te --with-gnu-as --with-gnu-ld --enable-languages=c,c++ --enable-shared --enable-lto --enable-symvers=gnu --enable-__cxa_atexit --enable-nls --enable-clocale=gnu --enable-extra-hisi-multilibs --with-sysroot=/home/sying/wucaiyuan_toolchain/v400/glibc_gcc4.8_linaro_toolchain/install/arm-hisiv400-linux/target --with-build-sysroot=/home/sying/wucaiyuan_toolchain/v400/glibc_gcc4.8_linaro_toolchain/install/arm-hisiv400-linux/target --with-gmp=/home/sying/wucaiyuan_toolchain/v400/glibc_gcc4.8_linaro_toolchain/install/host_lib --with-mpfr=/home/sying/wucaiyuan_toolchain/v400/glibc_gcc4.8_linaro_toolchain/install/host_lib --with-mpc=/home/sying/wucaiyuan_toolchain/v400/glibc_gcc4.8_linaro_toolchain/install/host_lib --with-ppl=/home/sying/wucaiyuan_toolchain/v400/glibc_gcc4.8_linaro_toolchain/install/host_lib --with-cloog=/home/sying/wucaiyuan_toolchain/v400/glibc_gcc4.8_linaro_toolchain/install/host_lib --with-libelf=/home/sying/wucaiyuan_toolchain/v400/glibc_gcc4.8_linaro_toolchain/install/host_lib --enable-libgomp --disable-libitm --enable-poison-system-directories --with-libelf=/home/sying/wucaiyuan_toolchain/v400/glibc_gcc4.8_linaro_toolchain/install/host_lib --with-pkgversion=Hisilicon_v400 --with-bugurl=http://www.hisilicon.com/cn/service/claim.html
Thread model: posix
gcc version 4.8.3 20131202 (prerelease) (Hisilicon_v400) 
configure:2967: $? = 0
configure:2974: arm-hisiv400-linux-g++ -V >&5
arm-hisiv400-linux-g++: error: unrecognized command line option '-V'
arm-hisiv400-linux-g++: fatal error: no input files
compilation terminated.
configure:2977: $? = 1
configure:2980: checking whether we are using the GNU C++ compiler
configure:3009: arm-hisiv400-linux-g++ -c   conftest.cpp >&5
configure:3015: $? = 0
configure:3032: result: yes
configure:3037: checking whether arm-hisiv400-linux-g++ accepts -g
configure:3067: arm-hisiv400-linux-g++ -c -g  conftest.cpp >&5
configure:3073: $? = 0
configure:3172: result: yes
configure:3200: checking how to run the C++ preprocessor
configure:3236: arm-hisiv400-linux-g++ -E  conftest.cpp
configure:3242: $? = 0
configure:3273: arm-hisiv400-linux-g++ -E  conftest.cpp
conftest.cpp:8:28: fatal error: ac_nonexistent.h: No such file or directory
 #include <ac_nonexistent.h>
                            ^
compilation terminated.
configure:3279: $? = 1
configure: failed program was:
| /* confdefs.h.  */
| #define PACKAGE_NAME ""
| #define PACKAGE_TARNAME ""
| #define PACKAGE_VERSION ""
| #define PACKAGE_STRING ""
| #define PACKAGE_BUGREPORT ""
| /* end confdefs.h.  */
| #include <ac_nonexistent.h>
configure:3312: result: arm-hisiv400-linux-g++ -E
configure:3341: arm-hisiv400-linux-g++ -E  conftest.cpp
configure:3347: $? = 0
configure:3378: arm-hisiv400-linux-g++ -E  conftest.cpp
conftest.cpp:8:28: fatal error: ac_nonexistent.h: No such file or directory
 #include <ac_nonexistent.h>
                            ^
compilation terminated.
configure:3384: $? = 1
configure: failed program was:
| /* confdefs.h.  */
| #define PACKAGE_NAME ""
| #define PACKAGE_TARNAME ""
| #define PACKAGE_VERSION ""
| #define PACKAGE_STRING ""
| #define PACKAGE_BUGREPORT ""
| /* end confdefs.h.  */
| #include <ac_nonexistent.h>
configure:3431: checking for a BSD compatible install
configure:3473: result: /usr/bin/install -c
configure:3485: checking for stack-allocated variable-size arrays
configure:3520: arm-hisiv400-linux-g++ -c -g -O2  conftest.cpp >&5
configure:3526: $? = 0
configure:3549: result: yes
configure:3559: checking for rand in -lm
configure:3594: arm-hisiv400-linux-gcc -o conftest -g -O2   conftest.c -lm   >&5
configure:3600: $? = 0
configure:3618: result: yes
configure:3729: creating ./config.status

## ---------------------- ##
## Running config.status. ##
## ---------------------- ##

This file was extended by config.status, which was
generated by GNU Autoconf 2.61.  Invocation command line was

  CONFIG_FILES    = 
  CONFIG_HEADERS  = 
  CONFIG_LINKS    = 
  CONFIG_COMMANDS = 
  $ ./config.status 

on wolf

config.status:598: creating Makefile
config.status:598: creating config.h

## ---------------- ##
## Cache variables. ##
## ---------------- ##

ac_cv_c_compiler_gnu=yes
ac_cv_cxx_compiler_gnu=yes
ac_cv_env_CCC_set=
ac_cv_env_CCC_value=
ac_cv_env_CC_set=
ac_cv_env_CC_value=
ac_cv_env_CFLAGS_set=
ac_cv_env_CFLAGS_value=
ac_cv_env_CPPFLAGS_set=
ac_cv_env_CPPFLAGS_value=
ac_cv_env_CPP_set=
ac_cv_env_CPP_value=
ac_cv_env_CXXCPP_set=
ac_cv_env_CXXCPP_value=
ac_cv_env_CXXFLAGS_set=
ac_cv_env_CXXFLAGS_value=
ac_cv_env_CXX_set=
ac_cv_env_CXX_value=
ac_cv_env_LDFLAGS_set=
ac_cv_env_LDFLAGS_value=
ac_cv_env_LIBS_set=
ac_cv_env_LIBS_value=
ac_cv_env_build_alias_set=
ac_cv_env_build_alias_value=
ac_cv_env_host_alias_set=set
ac_cv_env_host_alias_value=arm-hisiv400-linux
ac_cv_env_target_alias_set=
ac_cv_env_target_alias_value=
ac_cv_lib_m_rand=yes
ac_cv_objext=o
ac_cv_prog_CC=arm-hisiv400-linux-gcc
ac_cv_prog_CPP='arm-hisiv400-linux-gcc -E'
ac_cv_prog_CXX=arm-hisiv400-linux-g++
ac_cv_prog_CXXCPP='arm-hisiv400-linux-g++ -E'
ac_cv_prog_cc_c89=
ac_cv_prog_cc_g=yes
ac_cv_prog_cxx_g=yes
ac_cv_prog_make_make_set=yes
cl_cv_path_install='/usr/bin/install -c'
gp_cv_cxx_dynamic_array=yes

## ----------------- ##
## Output variables. ##
## ----------------- ##

CC='arm-hisiv400-linux-gcc'
CFLAGS='-g -O2'
CPP='arm-hisiv400-linux-gcc -E'
CPPFLAGS=''
CXX='arm-hisiv400-linux-g++'
CXXCPP='arm-hisiv400-linux-g++ -E'
CXXFLAGS='-g -O2'
DEFS='-DHAVE_CONFIG_H'
ECHO_C=''
ECHO_N='-n'
ECHO_T=''
EXEEXT=''
GPERF_LIBM='-lm'
INSTALL='/usr/bin/install -c'
INSTALL_DATA='$(INSTALL) -m 644'
INSTALL_PROGRAM='$(INSTALL)'
LDFLAGS=''
LIBOBJS=''
LIBS=''
LTLIBOBJS=''
OBJEXT='o'
PACKAGE_BUGREPORT=''
PACKAGE_NAME=''
PACKAGE_STRING=''
PACKAGE_TARNAME=''
PACKAGE_VERSION=''
PATH_SEPARATOR=':'
SET_MAKE=''
SHELL='/bin/sh'
ac_ct_CC=''
ac_ct_CXX=''
bindir='${exec_prefix}/bin'
build_alias=''
datadir='${datarootdir}'
datarootdir='${prefix}/share'
docdir='${datarootdir}/doc/${PACKAGE}'
dvidir='${docdir}'
exec_prefix='${prefix}'
host_alias='arm-hisiv400-linux'
htmldir='${docdir}'
includedir='${prefix}/include'
infodir='${datarootdir}/info'
libdir='${exec_prefix}/lib'
libexecdir='${exec_prefix}/libexec'
localedir='${datarootdir}/locale'
localstatedir='${prefix}/var'
mandir='${datarootdir}/man'
oldincludedir='/usr/include'
pdfdir='${docdir}'
prefix='/usr/local'
program_transform_name='s,x,x,'
psdir='${docdir}'
sbindir='${exec_prefix}/sbin'
sharedstatedir='${prefix}/com'
sysconfdir='${prefix}/etc'
target_alias=''

## ----------- ##
## confdefs.h. ##
## ----------- ##

#define PACKAGE_NAME ""
#define PACKAGE_TARNAME ""
#define PACKAGE_VERSION ""
#define PACKAGE_STRING ""
#define PACKAGE_BUGREPORT ""
#define HAVE_DYNAMIC_ARRAY 1

configure: exit 0
