This file contains any messages produced by compilers while
running configure, to aid debugging if configure makes a mistake.

It was created by tcptrack configure 1.4.2, which was
generated by GNU Autoconf 2.67.  Invocation command line was

  $ ./configure --host=arm-hisiv400-linux LDFLAGS=-L/home/gjyang/sys-bin/out/HI3536/sys-bin/ncurses/usr/lib -L/home/gjyang/sys-bin/out/HI3536/sys-bin/libpcap/usr/local/lib CFLAGS=-I/home/gjyang/sys-bin/out/HI3536/sys-bin/libpcap/usr/local/include -I/home/gjyang/sys-bin/out/HI3536/sys-bin/ncurses/usr/include CPPFLAGS=-I/home/gjyang/sys-bin/out/HI3536/sys-bin/libpcap/usr/local/include -I/home/gjyang/sys-bin/out/HI3536/sys-bin/ncurses/usr/include CXXFLAGS=-I/home/gjyang/sys-bin/out/HI3536/sys-bin/libpcap/usr/local/include -I/home/gjyang/sys-bin/out/HI3536/sys-bin/ncurses/usr/include 

## --------- ##
## Platform. ##
## --------- ##

hostname = wolf
uname -m = i686
uname -r = 2.6.32-504.el6.i686
uname -s = Linux
uname -v = #1 SMP Wed Oct 15 03:02:07 UTC 2014

/usr/bin/uname -p = unknown
/bin/uname -X     = unknown

/bin/arch              = i686
/usr/bin/arch -k       = unknown
/usr/convex/getsysinfo = unknown
/usr/bin/hostinfo      = unknown
/bin/machine           = unknown
/usr/bin/oslevel       = unknown
/bin/universe          = unknown

PATH: /opt/hisi-linux-nptl/arm-hisiv100-linux/target/bin
PATH: /opt/mips-2014.05/bin
PATH: /opt/linaro-multilib-2014.06-gcc4.9/bin
PATH: /opt/stbgcc-4.8-1.0/bin
PATH: /opt/hisi-linux/x86-arm/arm-hisiv400-linux/target/bin
PATH: /opt/hisi-linux/x86-arm/arm-hisiv200-linux/target/bin
PATH: /usr/lib/qt-3.3/bin
PATH: /usr/local/bin
PATH: /bin
PATH: /usr/bin
PATH: /usr/local/sbin
PATH: /usr/sbin
PATH: /sbin
PATH: /home/gjyang/gj-utils/autoftp/bin
PATH: /home/gjyang/bin


## ----------- ##
## Core tests. ##
## ----------- ##

configure:2134: checking for a BSD-compatible install
configure:2202: result: /usr/bin/install -c
configure:2213: checking whether build environment is sane
configure:2263: result: yes
configure:2312: checking for arm-hisiv400-linux-strip
configure:2328: found /opt/hisi-linux/x86-arm/arm-hisiv400-linux/target/bin/arm-hisiv400-linux-strip
configure:2339: result: arm-hisiv400-linux-strip
configure:2404: checking for a thread-safe mkdir -p
configure:2443: result: /bin/mkdir -p
configure:2456: checking for gawk
configure:2472: found /bin/gawk
configure:2483: result: gawk
configure:2494: checking whether make sets $(MAKE)
configure:2516: result: yes
configure:2597: checking whether to enable maintainer-specific portions of Makefiles
configure:2606: result: no
configure:2636: checking for arm-hisiv400-linux-g++
configure:2652: found /opt/hisi-linux/x86-arm/arm-hisiv400-linux/target/bin/arm-hisiv400-linux-g++
configure:2663: result: arm-hisiv400-linux-g++
configure:2734: checking for C++ compiler version
configure:2743: arm-hisiv400-linux-g++ --version >&5
arm-hisiv400-linux-g++ (Hisilicon_v400) 4.8.3 20131202 (prerelease)
Copyright (C) 2013 Free Software Foundation, Inc.
This is free software; see the source for copying conditions.  There is NO
warranty; not even for MERCHANTABILITY or FITNESS FOR A PARTICULAR PURPOSE.

configure:2754: $? = 0
configure:2743: arm-hisiv400-linux-g++ -v >&5
Using built-in specs.
COLLECT_GCC=arm-hisiv400-linux-g++
COLLECT_LTO_WRAPPER=/opt/hisi-linux/x86-arm/arm-hisiv400-linux/bin/../libexec/gcc/arm-hisiv400-linux-gnueabi/4.8.3/lto-wrapper
Target: arm-hisiv400-linux-gnueabi
Configured with: '../gcc~linaro-4.8-2013.12/configure' --host=i386-redhat-linux --build=i386-redhat-linux --target=arm-hisiv400-linux-gnueabi --prefix=/home/sying/wucaiyuan_toolchain/v400/glibc_gcc4.8_linaro_toolchain/install/arm-hisiv400-linux --enable-threads --disable-libmudflap --disable-libssp --disable-libstdcxx-pch --with-arch=armv5te --with-gnu-as --with-gnu-ld --enable-languages=c,c++ --enable-shared --enable-lto --enable-symvers=gnu --enable-__cxa_atexit --enable-nls --enable-clocale=gnu --enable-extra-hisi-multilibs --with-sysroot=/home/sying/wucaiyuan_toolchain/v400/glibc_gcc4.8_linaro_toolchain/install/arm-hisiv400-linux/target --with-build-sysroot=/home/sying/wucaiyuan_toolchain/v400/glibc_gcc4.8_linaro_toolchain/install/arm-hisiv400-linux/target --with-gmp=/home/sying/wucaiyuan_toolchain/v400/glibc_gcc4.8_linaro_toolchain/install/host_lib --with-mpfr=/home/sying/wucaiyuan_toolchain/v400/glibc_gcc4.8_linaro_toolchain/install/host_lib --with-mpc=/home/sying/wucaiyuan_toolchain/v400/glibc_gcc4.8_linaro_toolchain/install/host_lib --with-ppl=/home/sying/wucaiyuan_toolchain/v400/glibc_gcc4.8_linaro_toolchain/install/host_lib --with-cloog=/home/sying/wucaiyuan_toolchain/v400/glibc_gcc4.8_linaro_toolchain/install/host_lib --with-libelf=/home/sying/wucaiyuan_toolchain/v400/glibc_gcc4.8_linaro_toolchain/install/host_lib --enable-libgomp --disable-libitm --enable-poison-system-directories --with-libelf=/home/sying/wucaiyuan_toolchain/v400/glibc_gcc4.8_linaro_toolchain/install/host_lib --with-pkgversion=Hisilicon_v400 --with-bugurl=http://www.hisilicon.com/cn/service/claim.html
Thread model: posix
gcc version 4.8.3 20131202 (prerelease) (Hisilicon_v400) 
configure:2754: $? = 0
configure:2743: arm-hisiv400-linux-g++ -V >&5
arm-hisiv400-linux-g++: error: unrecognized command line option '-V'
arm-hisiv400-linux-g++: fatal error: no input files
compilation terminated.
configure:2754: $? = 1
configure:2743: arm-hisiv400-linux-g++ -qversion >&5
arm-hisiv400-linux-g++: error: unrecognized command line option '-qversion'
arm-hisiv400-linux-g++: fatal error: no input files
compilation terminated.
configure:2754: $? = 1
configure:2774: checking whether the C++ compiler works
configure:2796: arm-hisiv400-linux-g++ -I/home/gjyang/sys-bin/out/HI3536/sys-bin/libpcap/usr/local/include -I/home/gjyang/sys-bin/out/HI3536/sys-bin/ncurses/usr/include  -I/home/gjyang/sys-bin/out/HI3536/sys-bin/libpcap/usr/local/include -I/home/gjyang/sys-bin/out/HI3536/sys-bin/ncurses/usr/include -L/home/gjyang/sys-bin/out/HI3536/sys-bin/ncurses/usr/lib -L/home/gjyang/sys-bin/out/HI3536/sys-bin/libpcap/usr/local/lib conftest.cpp  >&5
configure:2800: $? = 0
configure:2848: result: yes
configure:2851: checking for C++ compiler default output file name
configure:2853: result: a.out
configure:2859: checking for suffix of executables
configure:2866: arm-hisiv400-linux-g++ -o conftest -I/home/gjyang/sys-bin/out/HI3536/sys-bin/libpcap/usr/local/include -I/home/gjyang/sys-bin/out/HI3536/sys-bin/ncurses/usr/include  -I/home/gjyang/sys-bin/out/HI3536/sys-bin/libpcap/usr/local/include -I/home/gjyang/sys-bin/out/HI3536/sys-bin/ncurses/usr/include -L/home/gjyang/sys-bin/out/HI3536/sys-bin/ncurses/usr/lib -L/home/gjyang/sys-bin/out/HI3536/sys-bin/libpcap/usr/local/lib conftest.cpp  >&5
configure:2870: $? = 0
configure:2892: result: 
configure:2914: checking whether we are cross compiling
configure:2922: arm-hisiv400-linux-g++ -o conftest -I/home/gjyang/sys-bin/out/HI3536/sys-bin/libpcap/usr/local/include -I/home/gjyang/sys-bin/out/HI3536/sys-bin/ncurses/usr/include  -I/home/gjyang/sys-bin/out/HI3536/sys-bin/libpcap/usr/local/include -I/home/gjyang/sys-bin/out/HI3536/sys-bin/ncurses/usr/include -L/home/gjyang/sys-bin/out/HI3536/sys-bin/ncurses/usr/lib -L/home/gjyang/sys-bin/out/HI3536/sys-bin/libpcap/usr/local/lib conftest.cpp  >&5
configure:2926: $? = 0
configure:2933: ./conftest
./configure: line 2935: ./conftest: cannot execute binary file
configure:2937: $? = 126
configure:2952: result: yes
configure:2957: checking for suffix of object files
configure:2979: arm-hisiv400-linux-g++ -c -I/home/gjyang/sys-bin/out/HI3536/sys-bin/libpcap/usr/local/include -I/home/gjyang/sys-bin/out/HI3536/sys-bin/ncurses/usr/include  -I/home/gjyang/sys-bin/out/HI3536/sys-bin/libpcap/usr/local/include -I/home/gjyang/sys-bin/out/HI3536/sys-bin/ncurses/usr/include conftest.cpp >&5
configure:2983: $? = 0
configure:3004: result: o
configure:3008: checking whether we are using the GNU C++ compiler
configure:3027: arm-hisiv400-linux-g++ -c -I/home/gjyang/sys-bin/out/HI3536/sys-bin/libpcap/usr/local/include -I/home/gjyang/sys-bin/out/HI3536/sys-bin/ncurses/usr/include  -I/home/gjyang/sys-bin/out/HI3536/sys-bin/libpcap/usr/local/include -I/home/gjyang/sys-bin/out/HI3536/sys-bin/ncurses/usr/include conftest.cpp >&5
configure:3027: $? = 0
configure:3036: result: yes
configure:3045: checking whether arm-hisiv400-linux-g++ accepts -g
configure:3065: arm-hisiv400-linux-g++ -c -g -I/home/gjyang/sys-bin/out/HI3536/sys-bin/libpcap/usr/local/include -I/home/gjyang/sys-bin/out/HI3536/sys-bin/ncurses/usr/include conftest.cpp >&5
configure:3065: $? = 0
configure:3106: result: yes
configure:3140: checking for style of include used by make
configure:3168: result: GNU
configure:3193: checking dependency style of arm-hisiv400-linux-g++
configure:3303: result: gcc3
configure:3326: checking for arm-hisiv400-linux-gcc
configure:3342: found /opt/hisi-linux/x86-arm/arm-hisiv400-linux/target/bin/arm-hisiv400-linux-gcc
configure:3353: result: arm-hisiv400-linux-gcc
configure:3622: checking for C compiler version
configure:3631: arm-hisiv400-linux-gcc --version >&5
arm-hisiv400-linux-gcc (Hisilicon_v400) 4.8.3 20131202 (prerelease)
Copyright (C) 2013 Free Software Foundation, Inc.
This is free software; see the source for copying conditions.  There is NO
warranty; not even for MERCHANTABILITY or FITNESS FOR A PARTICULAR PURPOSE.

configure:3642: $? = 0
configure:3631: arm-hisiv400-linux-gcc -v >&5
Using built-in specs.
COLLECT_GCC=arm-hisiv400-linux-gcc
COLLECT_LTO_WRAPPER=/opt/hisi-linux/x86-arm/arm-hisiv400-linux/bin/../libexec/gcc/arm-hisiv400-linux-gnueabi/4.8.3/lto-wrapper
Target: arm-hisiv400-linux-gnueabi
Configured with: '../gcc~linaro-4.8-2013.12/configure' --host=i386-redhat-linux --build=i386-redhat-linux --target=arm-hisiv400-linux-gnueabi --prefix=/home/sying/wucaiyuan_toolchain/v400/glibc_gcc4.8_linaro_toolchain/install/arm-hisiv400-linux --enable-threads --disable-libmudflap --disable-libssp --disable-libstdcxx-pch --with-arch=armv5te --with-gnu-as --with-gnu-ld --enable-languages=c,c++ --enable-shared --enable-lto --enable-symvers=gnu --enable-__cxa_atexit --enable-nls --enable-clocale=gnu --enable-extra-hisi-multilibs --with-sysroot=/home/sying/wucaiyuan_toolchain/v400/glibc_gcc4.8_linaro_toolchain/install/arm-hisiv400-linux/target --with-build-sysroot=/home/sying/wucaiyuan_toolchain/v400/glibc_gcc4.8_linaro_toolchain/install/arm-hisiv400-linux/target --with-gmp=/home/sying/wucaiyuan_toolchain/v400/glibc_gcc4.8_linaro_toolchain/install/host_lib --with-mpfr=/home/sying/wucaiyuan_toolchain/v400/glibc_gcc4.8_linaro_toolchain/install/host_lib --with-mpc=/home/sying/wucaiyuan_toolchain/v400/glibc_gcc4.8_linaro_toolchain/install/host_lib --with-ppl=/home/sying/wucaiyuan_toolchain/v400/glibc_gcc4.8_linaro_toolchain/install/host_lib --with-cloog=/home/sying/wucaiyuan_toolchain/v400/glibc_gcc4.8_linaro_toolchain/install/host_lib --with-libelf=/home/sying/wucaiyuan_toolchain/v400/glibc_gcc4.8_linaro_toolchain/install/host_lib --enable-libgomp --disable-libitm --enable-poison-system-directories --with-libelf=/home/sying/wucaiyuan_toolchain/v400/glibc_gcc4.8_linaro_toolchain/install/host_lib --with-pkgversion=Hisilicon_v400 --with-bugurl=http://www.hisilicon.com/cn/service/claim.html
Thread model: posix
gcc version 4.8.3 20131202 (prerelease) (Hisilicon_v400) 
configure:3642: $? = 0
configure:3631: arm-hisiv400-linux-gcc -V >&5
arm-hisiv400-linux-gcc: error: unrecognized command line option '-V'
arm-hisiv400-linux-gcc: fatal error: no input files
compilation terminated.
configure:3642: $? = 1
configure:3631: arm-hisiv400-linux-gcc -qversion >&5
arm-hisiv400-linux-gcc: error: unrecognized command line option '-qversion'
arm-hisiv400-linux-gcc: fatal error: no input files
compilation terminated.
configure:3642: $? = 1
configure:3646: checking whether we are using the GNU C compiler
configure:3665: arm-hisiv400-linux-gcc -c -I/home/gjyang/sys-bin/out/HI3536/sys-bin/libpcap/usr/local/include -I/home/gjyang/sys-bin/out/HI3536/sys-bin/ncurses/usr/include -I/home/gjyang/sys-bin/out/HI3536/sys-bin/libpcap/usr/local/include -I/home/gjyang/sys-bin/out/HI3536/sys-bin/ncurses/usr/include conftest.c >&5
configure:3665: $? = 0
configure:3674: result: yes
configure:3683: checking whether arm-hisiv400-linux-gcc accepts -g
configure:3703: arm-hisiv400-linux-gcc -c -g -I/home/gjyang/sys-bin/out/HI3536/sys-bin/libpcap/usr/local/include -I/home/gjyang/sys-bin/out/HI3536/sys-bin/ncurses/usr/include conftest.c >&5
configure:3703: $? = 0
configure:3744: result: yes
configure:3761: checking for arm-hisiv400-linux-gcc option to accept ISO C89
configure:3825: arm-hisiv400-linux-gcc  -c -I/home/gjyang/sys-bin/out/HI3536/sys-bin/libpcap/usr/local/include -I/home/gjyang/sys-bin/out/HI3536/sys-bin/ncurses/usr/include -I/home/gjyang/sys-bin/out/HI3536/sys-bin/libpcap/usr/local/include -I/home/gjyang/sys-bin/out/HI3536/sys-bin/ncurses/usr/include conftest.c >&5
configure:3825: $? = 0
configure:3838: result: none needed
configure:3860: checking dependency style of arm-hisiv400-linux-gcc
configure:3970: result: gcc3
configure:4000: checking how to run the C++ preprocessor
configure:4027: arm-hisiv400-linux-g++ -E -I/home/gjyang/sys-bin/out/HI3536/sys-bin/libpcap/usr/local/include -I/home/gjyang/sys-bin/out/HI3536/sys-bin/ncurses/usr/include conftest.cpp
configure:4027: $? = 0
configure:4041: arm-hisiv400-linux-g++ -E -I/home/gjyang/sys-bin/out/HI3536/sys-bin/libpcap/usr/local/include -I/home/gjyang/sys-bin/out/HI3536/sys-bin/ncurses/usr/include conftest.cpp
conftest.cpp:11:28: fatal error: ac_nonexistent.h: No such file or directory
 #include <ac_nonexistent.h>
                            ^
compilation terminated.
configure:4041: $? = 1
configure: failed program was:
| /* confdefs.h */
| #define PACKAGE_NAME "tcptrack"
| #define PACKAGE_TARNAME "tcptrack"
| #define PACKAGE_VERSION "1.4.2"
| #define PACKAGE_STRING "tcptrack 1.4.2"
| #define PACKAGE_BUGREPORT ""
| #define PACKAGE_URL ""
| #define PACKAGE "tcptrack"
| #define VERSION "1.4.2"
| /* end confdefs.h.  */
| #include <ac_nonexistent.h>
configure:4066: result: arm-hisiv400-linux-g++ -E
configure:4086: arm-hisiv400-linux-g++ -E -I/home/gjyang/sys-bin/out/HI3536/sys-bin/libpcap/usr/local/include -I/home/gjyang/sys-bin/out/HI3536/sys-bin/ncurses/usr/include conftest.cpp
configure:4086: $? = 0
configure:4100: arm-hisiv400-linux-g++ -E -I/home/gjyang/sys-bin/out/HI3536/sys-bin/libpcap/usr/local/include -I/home/gjyang/sys-bin/out/HI3536/sys-bin/ncurses/usr/include conftest.cpp
conftest.cpp:11:28: fatal error: ac_nonexistent.h: No such file or directory
 #include <ac_nonexistent.h>
                            ^
compilation terminated.
configure:4100: $? = 1
configure: failed program was:
| /* confdefs.h */
| #define PACKAGE_NAME "tcptrack"
| #define PACKAGE_TARNAME "tcptrack"
| #define PACKAGE_VERSION "1.4.2"
| #define PACKAGE_STRING "tcptrack 1.4.2"
| #define PACKAGE_BUGREPORT ""
| #define PACKAGE_URL ""
| #define PACKAGE "tcptrack"
| #define VERSION "1.4.2"
| /* end confdefs.h.  */
| #include <ac_nonexistent.h>
configure:4129: checking for grep that handles long lines and -e
configure:4187: result: /bin/grep
configure:4192: checking for egrep
configure:4254: result: /bin/grep -E
configure:4259: checking for ANSI C header files
configure:4279: arm-hisiv400-linux-g++ -c -I/home/gjyang/sys-bin/out/HI3536/sys-bin/libpcap/usr/local/include -I/home/gjyang/sys-bin/out/HI3536/sys-bin/ncurses/usr/include  -I/home/gjyang/sys-bin/out/HI3536/sys-bin/libpcap/usr/local/include -I/home/gjyang/sys-bin/out/HI3536/sys-bin/ncurses/usr/include conftest.cpp >&5
configure:4279: $? = 0
configure:4363: result: yes
configure:4376: checking for sys/types.h
configure:4376: arm-hisiv400-linux-g++ -c -I/home/gjyang/sys-bin/out/HI3536/sys-bin/libpcap/usr/local/include -I/home/gjyang/sys-bin/out/HI3536/sys-bin/ncurses/usr/include  -I/home/gjyang/sys-bin/out/HI3536/sys-bin/libpcap/usr/local/include -I/home/gjyang/sys-bin/out/HI3536/sys-bin/ncurses/usr/include conftest.cpp >&5
configure:4376: $? = 0
configure:4376: result: yes
configure:4376: checking for sys/stat.h
configure:4376: arm-hisiv400-linux-g++ -c -I/home/gjyang/sys-bin/out/HI3536/sys-bin/libpcap/usr/local/include -I/home/gjyang/sys-bin/out/HI3536/sys-bin/ncurses/usr/include  -I/home/gjyang/sys-bin/out/HI3536/sys-bin/libpcap/usr/local/include -I/home/gjyang/sys-bin/out/HI3536/sys-bin/ncurses/usr/include conftest.cpp >&5
configure:4376: $? = 0
configure:4376: result: yes
configure:4376: checking for stdlib.h
configure:4376: arm-hisiv400-linux-g++ -c -I/home/gjyang/sys-bin/out/HI3536/sys-bin/libpcap/usr/local/include -I/home/gjyang/sys-bin/out/HI3536/sys-bin/ncurses/usr/include  -I/home/gjyang/sys-bin/out/HI3536/sys-bin/libpcap/usr/local/include -I/home/gjyang/sys-bin/out/HI3536/sys-bin/ncurses/usr/include conftest.cpp >&5
configure:4376: $? = 0
configure:4376: result: yes
configure:4376: checking for string.h
configure:4376: arm-hisiv400-linux-g++ -c -I/home/gjyang/sys-bin/out/HI3536/sys-bin/libpcap/usr/local/include -I/home/gjyang/sys-bin/out/HI3536/sys-bin/ncurses/usr/include  -I/home/gjyang/sys-bin/out/HI3536/sys-bin/libpcap/usr/local/include -I/home/gjyang/sys-bin/out/HI3536/sys-bin/ncurses/usr/include conftest.cpp >&5
configure:4376: $? = 0
configure:4376: result: yes
configure:4376: checking for memory.h
configure:4376: arm-hisiv400-linux-g++ -c -I/home/gjyang/sys-bin/out/HI3536/sys-bin/libpcap/usr/local/include -I/home/gjyang/sys-bin/out/HI3536/sys-bin/ncurses/usr/include  -I/home/gjyang/sys-bin/out/HI3536/sys-bin/libpcap/usr/local/include -I/home/gjyang/sys-bin/out/HI3536/sys-bin/ncurses/usr/include conftest.cpp >&5
configure:4376: $? = 0
configure:4376: result: yes
configure:4376: checking for strings.h
configure:4376: arm-hisiv400-linux-g++ -c -I/home/gjyang/sys-bin/out/HI3536/sys-bin/libpcap/usr/local/include -I/home/gjyang/sys-bin/out/HI3536/sys-bin/ncurses/usr/include  -I/home/gjyang/sys-bin/out/HI3536/sys-bin/libpcap/usr/local/include -I/home/gjyang/sys-bin/out/HI3536/sys-bin/ncurses/usr/include conftest.cpp >&5
configure:4376: $? = 0
configure:4376: result: yes
configure:4376: checking for inttypes.h
configure:4376: arm-hisiv400-linux-g++ -c -I/home/gjyang/sys-bin/out/HI3536/sys-bin/libpcap/usr/local/include -I/home/gjyang/sys-bin/out/HI3536/sys-bin/ncurses/usr/include  -I/home/gjyang/sys-bin/out/HI3536/sys-bin/libpcap/usr/local/include -I/home/gjyang/sys-bin/out/HI3536/sys-bin/ncurses/usr/include conftest.cpp >&5
configure:4376: $? = 0
configure:4376: result: yes
configure:4376: checking for stdint.h
configure:4376: arm-hisiv400-linux-g++ -c -I/home/gjyang/sys-bin/out/HI3536/sys-bin/libpcap/usr/local/include -I/home/gjyang/sys-bin/out/HI3536/sys-bin/ncurses/usr/include  -I/home/gjyang/sys-bin/out/HI3536/sys-bin/libpcap/usr/local/include -I/home/gjyang/sys-bin/out/HI3536/sys-bin/ncurses/usr/include conftest.cpp >&5
configure:4376: $? = 0
configure:4376: result: yes
configure:4376: checking for unistd.h
configure:4376: arm-hisiv400-linux-g++ -c -I/home/gjyang/sys-bin/out/HI3536/sys-bin/libpcap/usr/local/include -I/home/gjyang/sys-bin/out/HI3536/sys-bin/ncurses/usr/include  -I/home/gjyang/sys-bin/out/HI3536/sys-bin/libpcap/usr/local/include -I/home/gjyang/sys-bin/out/HI3536/sys-bin/ncurses/usr/include conftest.cpp >&5
configure:4376: $? = 0
configure:4376: result: yes
configure:4388: checking whether byte ordering is bigendian
configure:4403: arm-hisiv400-linux-g++ -c -I/home/gjyang/sys-bin/out/HI3536/sys-bin/libpcap/usr/local/include -I/home/gjyang/sys-bin/out/HI3536/sys-bin/ncurses/usr/include  -I/home/gjyang/sys-bin/out/HI3536/sys-bin/libpcap/usr/local/include -I/home/gjyang/sys-bin/out/HI3536/sys-bin/ncurses/usr/include conftest.cpp >&5
conftest.cpp:22:9: error: expected unqualified-id before 'not' token
         not a universal capable compiler
         ^
configure:4403: $? = 1
configure: failed program was:
| /* confdefs.h */
| #define PACKAGE_NAME "tcptrack"
| #define PACKAGE_TARNAME "tcptrack"
| #define PACKAGE_VERSION "1.4.2"
| #define PACKAGE_STRING "tcptrack 1.4.2"
| #define PACKAGE_BUGREPORT ""
| #define PACKAGE_URL ""
| #define PACKAGE "tcptrack"
| #define VERSION "1.4.2"
| #define STDC_HEADERS 1
| #define HAVE_SYS_TYPES_H 1
| #define HAVE_SYS_STAT_H 1
| #define HAVE_STDLIB_H 1
| #define HAVE_STRING_H 1
| #define HAVE_MEMORY_H 1
| #define HAVE_STRINGS_H 1
| #define HAVE_INTTYPES_H 1
| #define HAVE_STDINT_H 1
| #define HAVE_UNISTD_H 1
| /* end confdefs.h.  */
| #ifndef __APPLE_CC__
| 	       not a universal capable compiler
| 	     #endif
| 	     typedef int dummy;
| 
configure:4448: arm-hisiv400-linux-g++ -c -I/home/gjyang/sys-bin/out/HI3536/sys-bin/libpcap/usr/local/include -I/home/gjyang/sys-bin/out/HI3536/sys-bin/ncurses/usr/include  -I/home/gjyang/sys-bin/out/HI3536/sys-bin/libpcap/usr/local/include -I/home/gjyang/sys-bin/out/HI3536/sys-bin/ncurses/usr/include conftest.cpp >&5
configure:4448: $? = 0
configure:4466: arm-hisiv400-linux-g++ -c -I/home/gjyang/sys-bin/out/HI3536/sys-bin/libpcap/usr/local/include -I/home/gjyang/sys-bin/out/HI3536/sys-bin/ncurses/usr/include  -I/home/gjyang/sys-bin/out/HI3536/sys-bin/libpcap/usr/local/include -I/home/gjyang/sys-bin/out/HI3536/sys-bin/ncurses/usr/include conftest.cpp >&5
conftest.cpp: In function 'int main()':
conftest.cpp:28:8: error: 'big' was not declared in this scope
    not big endian
        ^
conftest.cpp:28:12: error: expected ';' before 'endian'
    not big endian
            ^
configure:4466: $? = 1
configure: failed program was:
| /* confdefs.h */
| #define PACKAGE_NAME "tcptrack"
| #define PACKAGE_TARNAME "tcptrack"
| #define PACKAGE_VERSION "1.4.2"
| #define PACKAGE_STRING "tcptrack 1.4.2"
| #define PACKAGE_BUGREPORT ""
| #define PACKAGE_URL ""
| #define PACKAGE "tcptrack"
| #define VERSION "1.4.2"
| #define STDC_HEADERS 1
| #define HAVE_SYS_TYPES_H 1
| #define HAVE_SYS_STAT_H 1
| #define HAVE_STDLIB_H 1
| #define HAVE_STRING_H 1
| #define HAVE_MEMORY_H 1
| #define HAVE_STRINGS_H 1
| #define HAVE_INTTYPES_H 1
| #define HAVE_STDINT_H 1
| #define HAVE_UNISTD_H 1
| /* end confdefs.h.  */
| #include <sys/types.h>
| 		#include <sys/param.h>
| 
| int
| main ()
| {
| #if BYTE_ORDER != BIG_ENDIAN
| 		 not big endian
| 		#endif
| 
|   ;
|   return 0;
| }
configure:4594: result: no
configure:4614: checking for socket in -lsocket
configure:4639: arm-hisiv400-linux-g++ -o conftest -I/home/gjyang/sys-bin/out/HI3536/sys-bin/libpcap/usr/local/include -I/home/gjyang/sys-bin/out/HI3536/sys-bin/ncurses/usr/include  -I/home/gjyang/sys-bin/out/HI3536/sys-bin/libpcap/usr/local/include -I/home/gjyang/sys-bin/out/HI3536/sys-bin/ncurses/usr/include -L/home/gjyang/sys-bin/out/HI3536/sys-bin/ncurses/usr/lib -L/home/gjyang/sys-bin/out/HI3536/sys-bin/libpcap/usr/local/lib conftest.cpp -lsocket   >&5
/opt/hisi-linux/x86-arm/arm-hisiv400-linux/bin/../lib/gcc/arm-hisiv400-linux-gnueabi/4.8.3/../../../../arm-hisiv400-linux-gnueabi/bin/ld: cannot find -lsocket
collect2: error: ld returned 1 exit status
configure:4639: $? = 1
configure: failed program was:
| /* confdefs.h */
| #define PACKAGE_NAME "tcptrack"
| #define PACKAGE_TARNAME "tcptrack"
| #define PACKAGE_VERSION "1.4.2"
| #define PACKAGE_STRING "tcptrack 1.4.2"
| #define PACKAGE_BUGREPORT ""
| #define PACKAGE_URL ""
| #define PACKAGE "tcptrack"
| #define VERSION "1.4.2"
| #define STDC_HEADERS 1
| #define HAVE_SYS_TYPES_H 1
| #define HAVE_SYS_STAT_H 1
| #define HAVE_STDLIB_H 1
| #define HAVE_STRING_H 1
| #define HAVE_MEMORY_H 1
| #define HAVE_STRINGS_H 1
| #define HAVE_INTTYPES_H 1
| #define HAVE_STDINT_H 1
| #define HAVE_UNISTD_H 1
| /* end confdefs.h.  */
| 
| /* Override any GCC internal prototype to avoid an error.
|    Use char because int might match the return type of a GCC
|    builtin and then its argument prototype would still apply.  */
| #ifdef __cplusplus
| extern "C"
| #endif
| char socket ();
| int
| main ()
| {
| return socket ();
|   ;
|   return 0;
| }
configure:4648: result: no
configure:4659: checking for gethostbyname in -lsocket
configure:4684: arm-hisiv400-linux-g++ -o conftest -I/home/gjyang/sys-bin/out/HI3536/sys-bin/libpcap/usr/local/include -I/home/gjyang/sys-bin/out/HI3536/sys-bin/ncurses/usr/include  -I/home/gjyang/sys-bin/out/HI3536/sys-bin/libpcap/usr/local/include -I/home/gjyang/sys-bin/out/HI3536/sys-bin/ncurses/usr/include -L/home/gjyang/sys-bin/out/HI3536/sys-bin/ncurses/usr/lib -L/home/gjyang/sys-bin/out/HI3536/sys-bin/libpcap/usr/local/lib conftest.cpp -lsocket   >&5
/opt/hisi-linux/x86-arm/arm-hisiv400-linux/bin/../lib/gcc/arm-hisiv400-linux-gnueabi/4.8.3/../../../../arm-hisiv400-linux-gnueabi/bin/ld: cannot find -lsocket
collect2: error: ld returned 1 exit status
configure:4684: $? = 1
configure: failed program was:
| /* confdefs.h */
| #define PACKAGE_NAME "tcptrack"
| #define PACKAGE_TARNAME "tcptrack"
| #define PACKAGE_VERSION "1.4.2"
| #define PACKAGE_STRING "tcptrack 1.4.2"
| #define PACKAGE_BUGREPORT ""
| #define PACKAGE_URL ""
| #define PACKAGE "tcptrack"
| #define VERSION "1.4.2"
| #define STDC_HEADERS 1
| #define HAVE_SYS_TYPES_H 1
| #define HAVE_SYS_STAT_H 1
| #define HAVE_STDLIB_H 1
| #define HAVE_STRING_H 1
| #define HAVE_MEMORY_H 1
| #define HAVE_STRINGS_H 1
| #define HAVE_INTTYPES_H 1
| #define HAVE_STDINT_H 1
| #define HAVE_UNISTD_H 1
| /* end confdefs.h.  */
| 
| /* Override any GCC internal prototype to avoid an error.
|    Use char because int might match the return type of a GCC
|    builtin and then its argument prototype would still apply.  */
| #ifdef __cplusplus
| extern "C"
| #endif
| char gethostbyname ();
| int
| main ()
| {
| return gethostbyname ();
|   ;
|   return 0;
| }
configure:4693: result: no
configure:4704: checking for gethostbyname in -lnsl
configure:4729: arm-hisiv400-linux-g++ -o conftest -I/home/gjyang/sys-bin/out/HI3536/sys-bin/libpcap/usr/local/include -I/home/gjyang/sys-bin/out/HI3536/sys-bin/ncurses/usr/include  -I/home/gjyang/sys-bin/out/HI3536/sys-bin/libpcap/usr/local/include -I/home/gjyang/sys-bin/out/HI3536/sys-bin/ncurses/usr/include -L/home/gjyang/sys-bin/out/HI3536/sys-bin/ncurses/usr/lib -L/home/gjyang/sys-bin/out/HI3536/sys-bin/libpcap/usr/local/lib conftest.cpp -lnsl   >&5
configure:4729: $? = 0
configure:4738: result: yes
configure:4749: checking for inet_addr in -lnsl
configure:4774: arm-hisiv400-linux-g++ -o conftest -I/home/gjyang/sys-bin/out/HI3536/sys-bin/libpcap/usr/local/include -I/home/gjyang/sys-bin/out/HI3536/sys-bin/ncurses/usr/include  -I/home/gjyang/sys-bin/out/HI3536/sys-bin/libpcap/usr/local/include -I/home/gjyang/sys-bin/out/HI3536/sys-bin/ncurses/usr/include -L/home/gjyang/sys-bin/out/HI3536/sys-bin/ncurses/usr/lib -L/home/gjyang/sys-bin/out/HI3536/sys-bin/libpcap/usr/local/lib conftest.cpp -lnsl  -lnsl  >&5
configure:4774: $? = 0
configure:4783: result: yes
configure:4794: checking for initscr in -lncurses
configure:4819: arm-hisiv400-linux-g++ -o conftest -I/home/gjyang/sys-bin/out/HI3536/sys-bin/libpcap/usr/local/include -I/home/gjyang/sys-bin/out/HI3536/sys-bin/ncurses/usr/include  -I/home/gjyang/sys-bin/out/HI3536/sys-bin/libpcap/usr/local/include -I/home/gjyang/sys-bin/out/HI3536/sys-bin/ncurses/usr/include -L/home/gjyang/sys-bin/out/HI3536/sys-bin/ncurses/usr/lib -L/home/gjyang/sys-bin/out/HI3536/sys-bin/libpcap/usr/local/lib conftest.cpp -lncurses  -lnsl -lnsl  >&5
configure:4819: $? = 0
configure:4828: result: yes
configure:4839: checking for pcap_open_live in -lpcap
configure:4864: arm-hisiv400-linux-g++ -o conftest -I/home/gjyang/sys-bin/out/HI3536/sys-bin/libpcap/usr/local/include -I/home/gjyang/sys-bin/out/HI3536/sys-bin/ncurses/usr/include  -I/home/gjyang/sys-bin/out/HI3536/sys-bin/libpcap/usr/local/include -I/home/gjyang/sys-bin/out/HI3536/sys-bin/ncurses/usr/include -L/home/gjyang/sys-bin/out/HI3536/sys-bin/ncurses/usr/lib -L/home/gjyang/sys-bin/out/HI3536/sys-bin/libpcap/usr/local/lib conftest.cpp -lpcap  -lncurses -lnsl -lnsl  >&5
configure:4864: $? = 0
configure:4873: result: yes
configure:4884: checking for pthread_create in -lpthread
configure:4909: arm-hisiv400-linux-g++ -o conftest -I/home/gjyang/sys-bin/out/HI3536/sys-bin/libpcap/usr/local/include -I/home/gjyang/sys-bin/out/HI3536/sys-bin/ncurses/usr/include  -I/home/gjyang/sys-bin/out/HI3536/sys-bin/libpcap/usr/local/include -I/home/gjyang/sys-bin/out/HI3536/sys-bin/ncurses/usr/include -L/home/gjyang/sys-bin/out/HI3536/sys-bin/ncurses/usr/lib -L/home/gjyang/sys-bin/out/HI3536/sys-bin/libpcap/usr/local/lib conftest.cpp -lpthread  -lpcap -lncurses -lnsl -lnsl  >&5
configure:4909: $? = 0
configure:4918: result: yes
configure:4929: checking for nanosleep in -lrt
configure:4954: arm-hisiv400-linux-g++ -o conftest -I/home/gjyang/sys-bin/out/HI3536/sys-bin/libpcap/usr/local/include -I/home/gjyang/sys-bin/out/HI3536/sys-bin/ncurses/usr/include  -I/home/gjyang/sys-bin/out/HI3536/sys-bin/libpcap/usr/local/include -I/home/gjyang/sys-bin/out/HI3536/sys-bin/ncurses/usr/include -L/home/gjyang/sys-bin/out/HI3536/sys-bin/ncurses/usr/lib -L/home/gjyang/sys-bin/out/HI3536/sys-bin/libpcap/usr/local/lib conftest.cpp -lrt  -lpthread -lpcap -lncurses -lnsl -lnsl  >&5
configure:4954: $? = 0
configure:4963: result: yes
configure:4978: checking pcap.h usability
configure:4978: arm-hisiv400-linux-g++ -c -I/home/gjyang/sys-bin/out/HI3536/sys-bin/libpcap/usr/local/include -I/home/gjyang/sys-bin/out/HI3536/sys-bin/ncurses/usr/include  -I/home/gjyang/sys-bin/out/HI3536/sys-bin/libpcap/usr/local/include -I/home/gjyang/sys-bin/out/HI3536/sys-bin/ncurses/usr/include conftest.cpp >&5
configure:4978: $? = 0
configure:4978: result: yes
configure:4978: checking pcap.h presence
configure:4978: arm-hisiv400-linux-g++ -E -I/home/gjyang/sys-bin/out/HI3536/sys-bin/libpcap/usr/local/include -I/home/gjyang/sys-bin/out/HI3536/sys-bin/ncurses/usr/include conftest.cpp
configure:4978: $? = 0
configure:4978: result: yes
configure:4978: checking for pcap.h
configure:4978: result: yes
configure:4978: checking pcap/pcap.h usability
configure:4978: arm-hisiv400-linux-g++ -c -I/home/gjyang/sys-bin/out/HI3536/sys-bin/libpcap/usr/local/include -I/home/gjyang/sys-bin/out/HI3536/sys-bin/ncurses/usr/include  -I/home/gjyang/sys-bin/out/HI3536/sys-bin/libpcap/usr/local/include -I/home/gjyang/sys-bin/out/HI3536/sys-bin/ncurses/usr/include conftest.cpp >&5
configure:4978: $? = 0
configure:4978: result: yes
configure:4978: checking pcap/pcap.h presence
configure:4978: arm-hisiv400-linux-g++ -E -I/home/gjyang/sys-bin/out/HI3536/sys-bin/libpcap/usr/local/include -I/home/gjyang/sys-bin/out/HI3536/sys-bin/ncurses/usr/include conftest.cpp
configure:4978: $? = 0
configure:4978: result: yes
configure:4978: checking for pcap/pcap.h
configure:4978: result: yes
configure:4978: checking pthread.h usability
configure:4978: arm-hisiv400-linux-g++ -c -I/home/gjyang/sys-bin/out/HI3536/sys-bin/libpcap/usr/local/include -I/home/gjyang/sys-bin/out/HI3536/sys-bin/ncurses/usr/include  -I/home/gjyang/sys-bin/out/HI3536/sys-bin/libpcap/usr/local/include -I/home/gjyang/sys-bin/out/HI3536/sys-bin/ncurses/usr/include conftest.cpp >&5
configure:4978: $? = 0
configure:4978: result: yes
configure:4978: checking pthread.h presence
configure:4978: arm-hisiv400-linux-g++ -E -I/home/gjyang/sys-bin/out/HI3536/sys-bin/libpcap/usr/local/include -I/home/gjyang/sys-bin/out/HI3536/sys-bin/ncurses/usr/include conftest.cpp
configure:4978: $? = 0
configure:4978: result: yes
configure:4978: checking for pthread.h
configure:4978: result: yes
configure:4978: checking curses.h usability
configure:4978: arm-hisiv400-linux-g++ -c -I/home/gjyang/sys-bin/out/HI3536/sys-bin/libpcap/usr/local/include -I/home/gjyang/sys-bin/out/HI3536/sys-bin/ncurses/usr/include  -I/home/gjyang/sys-bin/out/HI3536/sys-bin/libpcap/usr/local/include -I/home/gjyang/sys-bin/out/HI3536/sys-bin/ncurses/usr/include conftest.cpp >&5
configure:4978: $? = 0
configure:4978: result: yes
configure:4978: checking curses.h presence
configure:4978: arm-hisiv400-linux-g++ -E -I/home/gjyang/sys-bin/out/HI3536/sys-bin/libpcap/usr/local/include -I/home/gjyang/sys-bin/out/HI3536/sys-bin/ncurses/usr/include conftest.cpp
configure:4978: $? = 0
configure:4978: result: yes
configure:4978: checking for curses.h
configure:4978: result: yes
configure:4978: checking hash_map usability
configure:4978: arm-hisiv400-linux-g++ -c -I/home/gjyang/sys-bin/out/HI3536/sys-bin/libpcap/usr/local/include -I/home/gjyang/sys-bin/out/HI3536/sys-bin/ncurses/usr/include  -I/home/gjyang/sys-bin/out/HI3536/sys-bin/libpcap/usr/local/include -I/home/gjyang/sys-bin/out/HI3536/sys-bin/ncurses/usr/include conftest.cpp >&5
In file included from /opt/hisi-linux/x86-arm/arm-hisiv400-linux/arm-hisiv400-linux-gnueabi/include/c++/4.8.3/backward/hash_map:60:0,
                 from conftest.cpp:64:
/opt/hisi-linux/x86-arm/arm-hisiv400-linux/arm-hisiv400-linux-gnueabi/include/c++/4.8.3/backward/backward_warning.h:32:2: warning: #warning This file includes at least one deprecated or antiquated header which may be removed without further notice at a future date. Please use a non-deprecated interface with equivalent functionality instead. For a listing of replacement headers and interfaces, consult the file backward_warning.h. To disable this warning use -Wno-deprecated. [-Wcpp]
 #warning \
  ^
configure:4978: $? = 0
configure:4978: result: yes
configure:4978: checking hash_map presence
configure:4978: arm-hisiv400-linux-g++ -E -I/home/gjyang/sys-bin/out/HI3536/sys-bin/libpcap/usr/local/include -I/home/gjyang/sys-bin/out/HI3536/sys-bin/ncurses/usr/include conftest.cpp
In file included from /opt/hisi-linux/x86-arm/arm-hisiv400-linux/arm-hisiv400-linux-gnueabi/include/c++/4.8.3/backward/hash_map:60:0,
                 from conftest.cpp:31:
/opt/hisi-linux/x86-arm/arm-hisiv400-linux/arm-hisiv400-linux-gnueabi/include/c++/4.8.3/backward/backward_warning.h:32:2: warning: #warning This file includes at least one deprecated or antiquated header which may be removed without further notice at a future date. Please use a non-deprecated interface with equivalent functionality instead. For a listing of replacement headers and interfaces, consult the file backward_warning.h. To disable this warning use -Wno-deprecated. [-Wcpp]
 #warning \
  ^
configure:4978: $? = 0
configure:4978: result: yes
configure:4978: checking for hash_map
configure:4978: result: yes
configure:4978: checking ext/hash_map usability
configure:4978: arm-hisiv400-linux-g++ -c -I/home/gjyang/sys-bin/out/HI3536/sys-bin/libpcap/usr/local/include -I/home/gjyang/sys-bin/out/HI3536/sys-bin/ncurses/usr/include  -I/home/gjyang/sys-bin/out/HI3536/sys-bin/libpcap/usr/local/include -I/home/gjyang/sys-bin/out/HI3536/sys-bin/ncurses/usr/include conftest.cpp >&5
In file included from /opt/hisi-linux/x86-arm/arm-hisiv400-linux/arm-hisiv400-linux-gnueabi/include/c++/4.8.3/ext/hash_map:60:0,
                 from conftest.cpp:65:
/opt/hisi-linux/x86-arm/arm-hisiv400-linux/arm-hisiv400-linux-gnueabi/include/c++/4.8.3/backward/backward_warning.h:32:2: warning: #warning This file includes at least one deprecated or antiquated header which may be removed without further notice at a future date. Please use a non-deprecated interface with equivalent functionality instead. For a listing of replacement headers and interfaces, consult the file backward_warning.h. To disable this warning use -Wno-deprecated. [-Wcpp]
 #warning \
  ^
configure:4978: $? = 0
configure:4978: result: yes
configure:4978: checking ext/hash_map presence
configure:4978: arm-hisiv400-linux-g++ -E -I/home/gjyang/sys-bin/out/HI3536/sys-bin/libpcap/usr/local/include -I/home/gjyang/sys-bin/out/HI3536/sys-bin/ncurses/usr/include conftest.cpp
In file included from /opt/hisi-linux/x86-arm/arm-hisiv400-linux/arm-hisiv400-linux-gnueabi/include/c++/4.8.3/ext/hash_map:60:0,
                 from conftest.cpp:32:
/opt/hisi-linux/x86-arm/arm-hisiv400-linux/arm-hisiv400-linux-gnueabi/include/c++/4.8.3/backward/backward_warning.h:32:2: warning: #warning This file includes at least one deprecated or antiquated header which may be removed without further notice at a future date. Please use a non-deprecated interface with equivalent functionality instead. For a listing of replacement headers and interfaces, consult the file backward_warning.h. To disable this warning use -Wno-deprecated. [-Wcpp]
 #warning \
  ^
configure:4978: $? = 0
configure:4978: result: yes
configure:4978: checking for ext/hash_map
configure:4978: result: yes
configure:4989: checking for an ANSI C-conforming const
configure:5054: arm-hisiv400-linux-g++ -c -I/home/gjyang/sys-bin/out/HI3536/sys-bin/libpcap/usr/local/include -I/home/gjyang/sys-bin/out/HI3536/sys-bin/ncurses/usr/include  -I/home/gjyang/sys-bin/out/HI3536/sys-bin/libpcap/usr/local/include -I/home/gjyang/sys-bin/out/HI3536/sys-bin/ncurses/usr/include conftest.cpp >&5
configure:5054: $? = 0
configure:5061: result: yes
configure:5070: checking for ANSI C header files
configure:5174: result: yes
configure:5212: checking if the __gnu_cxx namespace exists
configure:5225: arm-hisiv400-linux-g++ -c -I/home/gjyang/sys-bin/out/HI3536/sys-bin/libpcap/usr/local/include -I/home/gjyang/sys-bin/out/HI3536/sys-bin/ncurses/usr/include  -I/home/gjyang/sys-bin/out/HI3536/sys-bin/libpcap/usr/local/include -I/home/gjyang/sys-bin/out/HI3536/sys-bin/ncurses/usr/include conftest.cpp >&5
In file included from /opt/hisi-linux/x86-arm/arm-hisiv400-linux/arm-hisiv400-linux-gnueabi/include/c++/4.8.3/ext/hash_map:60:0,
                 from conftest.cpp:35:
/opt/hisi-linux/x86-arm/arm-hisiv400-linux/arm-hisiv400-linux-gnueabi/include/c++/4.8.3/backward/backward_warning.h:32:2: warning: #warning This file includes at least one deprecated or antiquated header which may be removed without further notice at a future date. Please use a non-deprecated interface with equivalent functionality instead. For a listing of replacement headers and interfaces, consult the file backward_warning.h. To disable this warning use -Wno-deprecated. [-Wcpp]
 #warning \
  ^
configure:5225: $? = 0
configure:5238: arm-hisiv400-linux-g++ -c -I/home/gjyang/sys-bin/out/HI3536/sys-bin/libpcap/usr/local/include -I/home/gjyang/sys-bin/out/HI3536/sys-bin/ncurses/usr/include  -I/home/gjyang/sys-bin/out/HI3536/sys-bin/libpcap/usr/local/include -I/home/gjyang/sys-bin/out/HI3536/sys-bin/ncurses/usr/include conftest.cpp >&5
In file included from /opt/hisi-linux/x86-arm/arm-hisiv400-linux/arm-hisiv400-linux-gnueabi/include/c++/4.8.3/backward/hash_map:60:0,
                 from conftest.cpp:35:
/opt/hisi-linux/x86-arm/arm-hisiv400-linux/arm-hisiv400-linux-gnueabi/include/c++/4.8.3/backward/backward_warning.h:32:2: warning: #warning This file includes at least one deprecated or antiquated header which may be removed without further notice at a future date. Please use a non-deprecated interface with equivalent functionality instead. For a listing of replacement headers and interfaces, consult the file backward_warning.h. To disable this warning use -Wno-deprecated. [-Wcpp]
 #warning \
  ^
configure:5238: $? = 0
configure:5244: result: yes
configure:5388: creating ./config.status

## ---------------------- ##
## Running config.status. ##
## ---------------------- ##

This file was extended by tcptrack config.status 1.4.2, which was
generated by GNU Autoconf 2.67.  Invocation command line was

  CONFIG_FILES    = 
  CONFIG_HEADERS  = 
  CONFIG_LINKS    = 
  CONFIG_COMMANDS = 
  $ ./config.status 

on wolf

config.status:880: creating Makefile
config.status:880: creating src/Makefile
config.status:880: creating config.h
config.status:1108: executing depfiles commands

## ---------------- ##
## Cache variables. ##
## ---------------- ##

ac_cv_c_bigendian=no
ac_cv_c_compiler_gnu=yes
ac_cv_c_const=yes
ac_cv_cxx_compiler_gnu=yes
ac_cv_env_CCC_set=
ac_cv_env_CCC_value=
ac_cv_env_CC_set=
ac_cv_env_CC_value=
ac_cv_env_CFLAGS_set=set
ac_cv_env_CFLAGS_value='-I/home/gjyang/sys-bin/out/HI3536/sys-bin/libpcap/usr/local/include -I/home/gjyang/sys-bin/out/HI3536/sys-bin/ncurses/usr/include'
ac_cv_env_CPPFLAGS_set=set
ac_cv_env_CPPFLAGS_value='-I/home/gjyang/sys-bin/out/HI3536/sys-bin/libpcap/usr/local/include -I/home/gjyang/sys-bin/out/HI3536/sys-bin/ncurses/usr/include'
ac_cv_env_CXXCPP_set=
ac_cv_env_CXXCPP_value=
ac_cv_env_CXXFLAGS_set=set
ac_cv_env_CXXFLAGS_value='-I/home/gjyang/sys-bin/out/HI3536/sys-bin/libpcap/usr/local/include -I/home/gjyang/sys-bin/out/HI3536/sys-bin/ncurses/usr/include '
ac_cv_env_CXX_set=
ac_cv_env_CXX_value=
ac_cv_env_LDFLAGS_set=set
ac_cv_env_LDFLAGS_value='-L/home/gjyang/sys-bin/out/HI3536/sys-bin/ncurses/usr/lib -L/home/gjyang/sys-bin/out/HI3536/sys-bin/libpcap/usr/local/lib'
ac_cv_env_LIBS_set=
ac_cv_env_LIBS_value=
ac_cv_env_build_alias_set=
ac_cv_env_build_alias_value=
ac_cv_env_host_alias_set=set
ac_cv_env_host_alias_value=arm-hisiv400-linux
ac_cv_env_target_alias_set=
ac_cv_env_target_alias_value=
ac_cv_header_curses_h=yes
ac_cv_header_ext_hash_map=yes
ac_cv_header_hash_map=yes
ac_cv_header_inttypes_h=yes
ac_cv_header_memory_h=yes
ac_cv_header_pcap_h=yes
ac_cv_header_pcap_pcap_h=yes
ac_cv_header_pthread_h=yes
ac_cv_header_stdc=yes
ac_cv_header_stdint_h=yes
ac_cv_header_stdlib_h=yes
ac_cv_header_string_h=yes
ac_cv_header_strings_h=yes
ac_cv_header_sys_stat_h=yes
ac_cv_header_sys_types_h=yes
ac_cv_header_unistd_h=yes
ac_cv_lib_ncurses_initscr=yes
ac_cv_lib_nsl_gethostbyname=yes
ac_cv_lib_nsl_inet_addr=yes
ac_cv_lib_pcap_pcap_open_live=yes
ac_cv_lib_pthread_pthread_create=yes
ac_cv_lib_rt_nanosleep=yes
ac_cv_lib_socket_gethostbyname=no
ac_cv_lib_socket_socket=no
ac_cv_objext=o
ac_cv_path_EGREP='/bin/grep -E'
ac_cv_path_GREP=/bin/grep
ac_cv_path_install='/usr/bin/install -c'
ac_cv_path_mkdir=/bin/mkdir
ac_cv_prog_AWK=gawk
ac_cv_prog_CC=arm-hisiv400-linux-gcc
ac_cv_prog_CXX=arm-hisiv400-linux-g++
ac_cv_prog_CXXCPP='arm-hisiv400-linux-g++ -E'
ac_cv_prog_STRIP=arm-hisiv400-linux-strip
ac_cv_prog_cc_c89=
ac_cv_prog_cc_g=yes
ac_cv_prog_cxx_g=yes
ac_cv_prog_make_make_set=yes
am_cv_CC_dependencies_compiler_type=gcc3
am_cv_CXX_dependencies_compiler_type=gcc3

## ----------------- ##
## Output variables. ##
## ----------------- ##

ACLOCAL='${SHELL} /home/gjyang/sys-bin/tcptrack/tcptrack-1.4.3/missing --run aclocal-1.11'
AMDEPBACKSLASH='\'
AMDEP_FALSE='#'
AMDEP_TRUE=''
AMTAR='${SHELL} /home/gjyang/sys-bin/tcptrack/tcptrack-1.4.3/missing --run tar'
AUTOCONF='${SHELL} /home/gjyang/sys-bin/tcptrack/tcptrack-1.4.3/missing --run autoconf'
AUTOHEADER='${SHELL} /home/gjyang/sys-bin/tcptrack/tcptrack-1.4.3/missing --run autoheader'
AUTOMAKE='${SHELL} /home/gjyang/sys-bin/tcptrack/tcptrack-1.4.3/missing --run automake-1.11'
AWK='gawk'
CC='arm-hisiv400-linux-gcc'
CCDEPMODE='depmode=gcc3'
CFLAGS='-I/home/gjyang/sys-bin/out/HI3536/sys-bin/libpcap/usr/local/include -I/home/gjyang/sys-bin/out/HI3536/sys-bin/ncurses/usr/include'
CPPFLAGS='-I/home/gjyang/sys-bin/out/HI3536/sys-bin/libpcap/usr/local/include -I/home/gjyang/sys-bin/out/HI3536/sys-bin/ncurses/usr/include'
CXX='arm-hisiv400-linux-g++'
CXXCPP='arm-hisiv400-linux-g++ -E'
CXXDEPMODE='depmode=gcc3'
CXXFLAGS='-I/home/gjyang/sys-bin/out/HI3536/sys-bin/libpcap/usr/local/include -I/home/gjyang/sys-bin/out/HI3536/sys-bin/ncurses/usr/include '
CYGPATH_W='echo'
DEFS='-DHAVE_CONFIG_H'
DEPDIR='.deps'
ECHO_C=''
ECHO_N='-n'
ECHO_T=''
EGREP='/bin/grep -E'
EXEEXT=''
GREP='/bin/grep'
INSTALL_DATA='${INSTALL} -m 644'
INSTALL_PROGRAM='${INSTALL}'
INSTALL_SCRIPT='${INSTALL}'
INSTALL_STRIP_PROGRAM='$(install_sh) -c -s'
LDFLAGS='-L/home/gjyang/sys-bin/out/HI3536/sys-bin/ncurses/usr/lib -L/home/gjyang/sys-bin/out/HI3536/sys-bin/libpcap/usr/local/lib'
LIBOBJS=''
LIBS='-lrt -lpthread -lpcap -lncurses -lnsl -lnsl '
LTLIBOBJS=''
MAINT='#'
MAINTAINER_MODE_FALSE=''
MAINTAINER_MODE_TRUE='#'
MAKEINFO='${SHELL} /home/gjyang/sys-bin/tcptrack/tcptrack-1.4.3/missing --run makeinfo'
MKDIR_P='/bin/mkdir -p'
OBJEXT='o'
PACKAGE='tcptrack'
PACKAGE_BUGREPORT=''
PACKAGE_NAME='tcptrack'
PACKAGE_STRING='tcptrack 1.4.2'
PACKAGE_TARNAME='tcptrack'
PACKAGE_URL=''
PACKAGE_VERSION='1.4.2'
PATH_SEPARATOR=':'
SET_MAKE=''
SHELL='/bin/sh'
STRIP='arm-hisiv400-linux-strip'
VERSION='1.4.2'
ac_ct_CC=''
ac_ct_CXX=''
am__EXEEXT_FALSE=''
am__EXEEXT_TRUE='#'
am__fastdepCC_FALSE='#'
am__fastdepCC_TRUE=''
am__fastdepCXX_FALSE='#'
am__fastdepCXX_TRUE=''
am__include='include'
am__isrc=''
am__leading_dot='.'
am__quote=''
am__tar='${AMTAR} chof - "$$tardir"'
am__untar='${AMTAR} xf -'
bindir='${exec_prefix}/bin'
build_alias=''
datadir='${datarootdir}'
datarootdir='${prefix}/share'
docdir='${datarootdir}/doc/${PACKAGE_TARNAME}'
dvidir='${docdir}'
exec_prefix='${prefix}'
host_alias='arm-hisiv400-linux'
htmldir='${docdir}'
includedir='${prefix}/include'
infodir='${datarootdir}/info'
install_sh='${SHELL} /home/gjyang/sys-bin/tcptrack/tcptrack-1.4.3/install-sh'
libdir='${exec_prefix}/lib'
libexecdir='${exec_prefix}/libexec'
localedir='${datarootdir}/locale'
localstatedir='${prefix}/var'
mandir='${datarootdir}/man'
mkdir_p='/bin/mkdir -p'
oldincludedir='/usr/include'
pdfdir='${docdir}'
prefix='/usr/local'
program_transform_name='s,x,x,'
psdir='${docdir}'
sbindir='${exec_prefix}/sbin'
sharedstatedir='${prefix}/com'
sysconfdir='${prefix}/etc'
target_alias=''

## ----------- ##
## confdefs.h. ##
## ----------- ##

/* confdefs.h */
#define PACKAGE_NAME "tcptrack"
#define PACKAGE_TARNAME "tcptrack"
#define PACKAGE_VERSION "1.4.2"
#define PACKAGE_STRING "tcptrack 1.4.2"
#define PACKAGE_BUGREPORT ""
#define PACKAGE_URL ""
#define PACKAGE "tcptrack"
#define VERSION "1.4.2"
#define STDC_HEADERS 1
#define HAVE_SYS_TYPES_H 1
#define HAVE_SYS_STAT_H 1
#define HAVE_STDLIB_H 1
#define HAVE_STRING_H 1
#define HAVE_MEMORY_H 1
#define HAVE_STRINGS_H 1
#define HAVE_INTTYPES_H 1
#define HAVE_STDINT_H 1
#define HAVE_UNISTD_H 1
#define HAVE_LIBNSL 1
#define HAVE_LIBNSL 1
#define HAVE_LIBNCURSES 1
#define HAVE_LIBPCAP 1
#define HAVE_LIBPTHREAD 1
#define HAVE_LIBRT 1
#define HAVE_PCAP_H 1
#define HAVE_PCAP_PCAP_H 1
#define HAVE_PTHREAD_H 1
#define HAVE_CURSES_H 1
#define HAVE_HASH_MAP 1
#define HAVE_EXT_HASH_MAP 1
#define STDC_HEADERS 1
#define GNU_CXX_NS 1

configure: exit 0
