This file contains any messages produced by compilers while
running configure, to aid debugging if configure makes a mistake.

It was created by kmod configure 21, which was
generated by GNU Autoconf 2.69.  Invocation command line was

  $ ./configure --host=arm-hisiv100nptl-linux

## --------- ##
## Platform. ##
## --------- ##

hostname = wolf
uname -m = i686
uname -r = 2.6.32-504.el6.i686
uname -s = Linux
uname -v = #1 SMP Wed Oct 15 03:02:07 UTC 2014

/usr/bin/uname -p = unknown
/bin/uname -X     = unknown

/bin/arch              = i686
/usr/bin/arch -k       = unknown
/usr/convex/getsysinfo = unknown
/usr/bin/hostinfo      = unknown
/bin/machine           = unknown
/usr/bin/oslevel       = unknown
/bin/universe          = unknown

PATH: /opt/hisi-linux-nptl/arm-hisiv100-linux/target/bin
PATH: /opt/mips-2014.05/bin
PATH: /opt/linaro-multilib-2014.06-gcc4.9/bin
PATH: /opt/stbgcc-4.8-1.0/bin
PATH: /opt/hisi-linux/x86-arm/arm-hisiv400-linux/target/bin
PATH: /opt/hisi-linux/x86-arm/arm-hisiv200-linux/target/bin
PATH: /usr/lib/qt-3.3/bin
PATH: /usr/local/bin
PATH: /bin
PATH: /usr/bin
PATH: /usr/local/sbin
PATH: /usr/sbin
PATH: /sbin
PATH: /home/gjyang/gj-utils/autoftp/bin
PATH: /home/gjyang/bin


## ----------- ##
## Core tests. ##
## ----------- ##

configure:2508: checking for arm-hisiv100nptl-linux-gcc
configure:2524: found /opt/hisi-linux-nptl/arm-hisiv100-linux/target/bin/arm-hisiv100nptl-linux-gcc
configure:2535: result: arm-hisiv100nptl-linux-gcc
configure:2804: checking for C compiler version
configure:2813: arm-hisiv100nptl-linux-gcc --version >&5
arm-hisiv100nptl-linux-gcc (Hisilicon_v100(gcc4.4-290+uclibc_0.9.32.1+eabi+linuxpthread)) 4.4.1
Copyright (C) 2009 Free Software Foundation, Inc.
This is free software; see the source for copying conditions.  There is NO
warranty; not even for MERCHANTABILITY or FITNESS FOR A PARTICULAR PURPOSE.

configure:2824: $? = 0
configure:2813: arm-hisiv100nptl-linux-gcc -v >&5
Using built-in specs.
Target: arm-hisiv100-linux-uclibcgnueabi
Configured with: ../gcc-4.4-2010q1/configure --host=i486-linux-gnu --build=i486-linux-gnu --target=arm-hisiv100-linux-uclibcgnueabi --prefix=/home/sying/uclibc_h3/hisiv100_finalnptl_src/hisiv100_src/install/arm-hisiv100-linux --enable-threads --disable-libmudflap --disable-libssp --disable-libstdcxx-pch --with-arch=armv5te --with-gnu-as --with-gnu-ld --enable-languages=c,c++ --enable-shared --enable-lto --enable-symvers=gnu --enable-__cxa_atexit --disable-nls --enable-extra-hisi-multilibs --with-sysroot=/home/sying/uclibc_h3/hisiv100_finalnptl_src/hisiv100_src/install/arm-hisiv100-linux/target --with-build-sysroot=/home/sying/uclibc_h3/hisiv100_finalnptl_src/hisiv100_src/install/arm-hisiv100-linux/target --with-gmp=/home/sying/uclibc_h3/hisiv100_finalnptl_src/hisiv100_src/install/host_lib --with-mpfr=/home/sying/uclibc_h3/hisiv100_finalnptl_src/hisiv100_src/install/host_lib --with-ppl=/home/sying/uclibc_h3/hisiv100_finalnptl_src/hisiv100_src/install/host_lib --with-cloog=/home/sying/uclibc_h3/hisiv100_finalnptl_src/hisiv100_src/install/host_lib --with-libelf=/home/sying/uclibc_h3/hisiv100_finalnptl_src/hisiv100_src/install/host_lib --with-host-libstdcxx='-static-libgcc -Wl,-Bstatic,-lstdc++,-Bstatic -lm' --enable-libgomp --enable-poison-system-directories --with-libelf=/home/sying/uclibc_h3/hisiv100_finalnptl_src/hisiv100_src/install/host_lib --with-pkgversion='Hisilicon_v100(gcc4.4-290+uclibc_0.9.32.1+eabi+linuxpthread)' --with-bugurl=http://www.hisilicon.com/cn/service/claim.html
Thread model: posix
gcc version 4.4.1 (Hisilicon_v100(gcc4.4-290+uclibc_0.9.32.1+eabi+linuxpthread)) 
configure:2824: $? = 0
configure:2813: arm-hisiv100nptl-linux-gcc -V >&5
arm-hisiv100nptl-linux-gcc: '-V' option must have argument
configure:2824: $? = 1
configure:2813: arm-hisiv100nptl-linux-gcc -qversion >&5
arm-hisiv100nptl-linux-gcc: unrecognized option '-qversion'
arm-hisiv100nptl-linux-gcc: no input files
configure:2824: $? = 1
configure:2844: checking whether the C compiler works
configure:2866: arm-hisiv100nptl-linux-gcc    conftest.c  >&5
configure:2870: $? = 0
configure:2918: result: yes
configure:2921: checking for C compiler default output file name
configure:2923: result: a.out
configure:2929: checking for suffix of executables
configure:2936: arm-hisiv100nptl-linux-gcc -o conftest    conftest.c  >&5
configure:2940: $? = 0
configure:2962: result: 
configure:2984: checking whether we are cross compiling
configure:2992: arm-hisiv100nptl-linux-gcc -o conftest    conftest.c  >&5
configure:2996: $? = 0
configure:3003: ./conftest
./configure: line 3005: ./conftest: cannot execute binary file
configure:3007: $? = 126
configure:3022: result: yes
configure:3027: checking for suffix of object files
configure:3049: arm-hisiv100nptl-linux-gcc -c   conftest.c >&5
configure:3053: $? = 0
configure:3074: result: o
configure:3078: checking whether we are using the GNU C compiler
configure:3097: arm-hisiv100nptl-linux-gcc -c   conftest.c >&5
configure:3097: $? = 0
configure:3106: result: yes
configure:3115: checking whether arm-hisiv100nptl-linux-gcc accepts -g
configure:3135: arm-hisiv100nptl-linux-gcc -c -g  conftest.c >&5
configure:3135: $? = 0
configure:3176: result: yes
configure:3193: checking for arm-hisiv100nptl-linux-gcc option to accept ISO C89
configure:3256: arm-hisiv100nptl-linux-gcc  -c -g -O2  conftest.c >&5
configure:3256: $? = 0
configure:3269: result: none needed
configure:3294: checking whether arm-hisiv100nptl-linux-gcc understands -c and -o together
configure:3316: arm-hisiv100nptl-linux-gcc -c conftest.c -o conftest2.o
configure:3319: $? = 0
configure:3316: arm-hisiv100nptl-linux-gcc -c conftest.c -o conftest2.o
configure:3319: $? = 0
configure:3331: result: yes
configure:3354: checking how to run the C preprocessor
configure:3385: arm-hisiv100nptl-linux-gcc -E  conftest.c
configure:3385: $? = 0
configure:3399: arm-hisiv100nptl-linux-gcc -E  conftest.c
conftest.c:9: fatal error: ac_nonexistent.h: No such file or directory
compilation terminated.
configure:3399: $? = 1
configure: failed program was:
| /* confdefs.h */
| #define PACKAGE_NAME "kmod"
| #define PACKAGE_TARNAME "kmod"
| #define PACKAGE_VERSION "21"
| #define PACKAGE_STRING "kmod 21"
| #define PACKAGE_BUGREPORT "linux-modules@vger.kernel.org"
| #define PACKAGE_URL "http://git.kernel.org/?p=utils/kernel/kmod/kmod.git"
| /* end confdefs.h.  */
| #include <ac_nonexistent.h>
configure:3424: result: arm-hisiv100nptl-linux-gcc -E
configure:3444: arm-hisiv100nptl-linux-gcc -E  conftest.c
configure:3444: $? = 0
configure:3458: arm-hisiv100nptl-linux-gcc -E  conftest.c
conftest.c:9: fatal error: ac_nonexistent.h: No such file or directory
compilation terminated.
configure:3458: $? = 1
configure: failed program was:
| /* confdefs.h */
| #define PACKAGE_NAME "kmod"
| #define PACKAGE_TARNAME "kmod"
| #define PACKAGE_VERSION "21"
| #define PACKAGE_STRING "kmod 21"
| #define PACKAGE_BUGREPORT "linux-modules@vger.kernel.org"
| #define PACKAGE_URL "http://git.kernel.org/?p=utils/kernel/kmod/kmod.git"
| /* end confdefs.h.  */
| #include <ac_nonexistent.h>
configure:3487: checking for grep that handles long lines and -e
configure:3545: result: /bin/grep
configure:3550: checking for egrep
configure:3612: result: /bin/grep -E
configure:3617: checking for ANSI C header files
configure:3637: arm-hisiv100nptl-linux-gcc -c -g -O2  conftest.c >&5
configure:3637: $? = 0
configure:3721: result: yes
configure:3734: checking for sys/types.h
configure:3734: arm-hisiv100nptl-linux-gcc -c -g -O2  conftest.c >&5
configure:3734: $? = 0
configure:3734: result: yes
configure:3734: checking for sys/stat.h
configure:3734: arm-hisiv100nptl-linux-gcc -c -g -O2  conftest.c >&5
configure:3734: $? = 0
configure:3734: result: yes
configure:3734: checking for stdlib.h
configure:3734: arm-hisiv100nptl-linux-gcc -c -g -O2  conftest.c >&5
configure:3734: $? = 0
configure:3734: result: yes
configure:3734: checking for string.h
configure:3734: arm-hisiv100nptl-linux-gcc -c -g -O2  conftest.c >&5
configure:3734: $? = 0
configure:3734: result: yes
configure:3734: checking for memory.h
configure:3734: arm-hisiv100nptl-linux-gcc -c -g -O2  conftest.c >&5
configure:3734: $? = 0
configure:3734: result: yes
configure:3734: checking for strings.h
configure:3734: arm-hisiv100nptl-linux-gcc -c -g -O2  conftest.c >&5
configure:3734: $? = 0
configure:3734: result: yes
configure:3734: checking for inttypes.h
configure:3734: arm-hisiv100nptl-linux-gcc -c -g -O2  conftest.c >&5
configure:3734: $? = 0
configure:3734: result: yes
configure:3734: checking for stdint.h
configure:3734: arm-hisiv100nptl-linux-gcc -c -g -O2  conftest.c >&5
configure:3734: $? = 0
configure:3734: result: yes
configure:3734: checking for unistd.h
configure:3734: arm-hisiv100nptl-linux-gcc -c -g -O2  conftest.c >&5
configure:3734: $? = 0
configure:3734: result: yes
configure:3747: checking minix/config.h usability
configure:3747: arm-hisiv100nptl-linux-gcc -c -g -O2  conftest.c >&5
conftest.c:52: fatal error: minix/config.h: No such file or directory
compilation terminated.
configure:3747: $? = 1
configure: failed program was:
| /* confdefs.h */
| #define PACKAGE_NAME "kmod"
| #define PACKAGE_TARNAME "kmod"
| #define PACKAGE_VERSION "21"
| #define PACKAGE_STRING "kmod 21"
| #define PACKAGE_BUGREPORT "linux-modules@vger.kernel.org"
| #define PACKAGE_URL "http://git.kernel.org/?p=utils/kernel/kmod/kmod.git"
| #define STDC_HEADERS 1
| #define HAVE_SYS_TYPES_H 1
| #define HAVE_SYS_STAT_H 1
| #define HAVE_STDLIB_H 1
| #define HAVE_STRING_H 1
| #define HAVE_MEMORY_H 1
| #define HAVE_STRINGS_H 1
| #define HAVE_INTTYPES_H 1
| #define HAVE_STDINT_H 1
| #define HAVE_UNISTD_H 1
| /* end confdefs.h.  */
| #include <stdio.h>
| #ifdef HAVE_SYS_TYPES_H
| # include <sys/types.h>
| #endif
| #ifdef HAVE_SYS_STAT_H
| # include <sys/stat.h>
| #endif
| #ifdef STDC_HEADERS
| # include <stdlib.h>
| # include <stddef.h>
| #else
| # ifdef HAVE_STDLIB_H
| #  include <stdlib.h>
| # endif
| #endif
| #ifdef HAVE_STRING_H
| # if !defined STDC_HEADERS && defined HAVE_MEMORY_H
| #  include <memory.h>
| # endif
| # include <string.h>
| #endif
| #ifdef HAVE_STRINGS_H
| # include <strings.h>
| #endif
| #ifdef HAVE_INTTYPES_H
| # include <inttypes.h>
| #endif
| #ifdef HAVE_STDINT_H
| # include <stdint.h>
| #endif
| #ifdef HAVE_UNISTD_H
| # include <unistd.h>
| #endif
| #include <minix/config.h>
configure:3747: result: no
configure:3747: checking minix/config.h presence
configure:3747: arm-hisiv100nptl-linux-gcc -E  conftest.c
conftest.c:19: fatal error: minix/config.h: No such file or directory
compilation terminated.
configure:3747: $? = 1
configure: failed program was:
| /* confdefs.h */
| #define PACKAGE_NAME "kmod"
| #define PACKAGE_TARNAME "kmod"
| #define PACKAGE_VERSION "21"
| #define PACKAGE_STRING "kmod 21"
| #define PACKAGE_BUGREPORT "linux-modules@vger.kernel.org"
| #define PACKAGE_URL "http://git.kernel.org/?p=utils/kernel/kmod/kmod.git"
| #define STDC_HEADERS 1
| #define HAVE_SYS_TYPES_H 1
| #define HAVE_SYS_STAT_H 1
| #define HAVE_STDLIB_H 1
| #define HAVE_STRING_H 1
| #define HAVE_MEMORY_H 1
| #define HAVE_STRINGS_H 1
| #define HAVE_INTTYPES_H 1
| #define HAVE_STDINT_H 1
| #define HAVE_UNISTD_H 1
| /* end confdefs.h.  */
| #include <minix/config.h>
configure:3747: result: no
configure:3747: checking for minix/config.h
configure:3747: result: no
configure:3768: checking whether it is safe to define __EXTENSIONS__
configure:3786: arm-hisiv100nptl-linux-gcc -c -g -O2  conftest.c >&5
configure:3786: $? = 0
configure:3793: result: yes
configure:3814: checking for special C compiler options needed for large files
configure:3859: result: no
configure:3865: checking for _FILE_OFFSET_BITS value needed for large files
configure:3890: arm-hisiv100nptl-linux-gcc -c -g -O2  conftest.c >&5
conftest.c:30: warning: left shift count >= width of type
conftest.c:30: warning: left shift count >= width of type
conftest.c:32: error: size of array 'off_t_is_large' is negative
configure:3890: $? = 1
configure: failed program was:
| /* confdefs.h */
| #define PACKAGE_NAME "kmod"
| #define PACKAGE_TARNAME "kmod"
| #define PACKAGE_VERSION "21"
| #define PACKAGE_STRING "kmod 21"
| #define PACKAGE_BUGREPORT "linux-modules@vger.kernel.org"
| #define PACKAGE_URL "http://git.kernel.org/?p=utils/kernel/kmod/kmod.git"
| #define STDC_HEADERS 1
| #define HAVE_SYS_TYPES_H 1
| #define HAVE_SYS_STAT_H 1
| #define HAVE_STDLIB_H 1
| #define HAVE_STRING_H 1
| #define HAVE_MEMORY_H 1
| #define HAVE_STRINGS_H 1
| #define HAVE_INTTYPES_H 1
| #define HAVE_STDINT_H 1
| #define HAVE_UNISTD_H 1
| #define __EXTENSIONS__ 1
| #define _ALL_SOURCE 1
| #define _GNU_SOURCE 1
| #define _POSIX_PTHREAD_SEMANTICS 1
| #define _TANDEM_SOURCE 1
| /* end confdefs.h.  */
| #include <sys/types.h>
|  /* Check that off_t can represent 2**63 - 1 correctly.
|     We can't simply define LARGE_OFF_T to be 9223372036854775807,
|     since some C++ compilers masquerading as C compilers
|     incorrectly reject 9223372036854775807.  */
| #define LARGE_OFF_T (((off_t) 1 << 62) - 1 + ((off_t) 1 << 62))
|   int off_t_is_large[(LARGE_OFF_T % 2147483629 == 721
| 		       && LARGE_OFF_T % 2147483647 == 1)
| 		      ? 1 : -1];
| int
| main ()
| {
| 
|   ;
|   return 0;
| }
configure:3914: arm-hisiv100nptl-linux-gcc -c -g -O2  conftest.c >&5
configure:3914: $? = 0
configure:3922: result: 64
configure:4009: checking whether to enable maintainer-specific portions of Makefiles
configure:4018: result: yes
configure:4047: checking for a BSD-compatible install
configure:4115: result: /usr/bin/install -c
configure:4126: checking whether build environment is sane
configure:4181: result: yes
configure:4237: checking for arm-hisiv100nptl-linux-strip
configure:4253: found /opt/hisi-linux-nptl/arm-hisiv100-linux/target/bin/arm-hisiv100nptl-linux-strip
configure:4264: result: arm-hisiv100nptl-linux-strip
configure:4329: checking for a thread-safe mkdir -p
configure:4368: result: /bin/mkdir -p
configure:4375: checking for gawk
configure:4391: found /bin/gawk
configure:4402: result: gawk
configure:4413: checking whether make sets $(MAKE)
configure:4435: result: yes
configure:4465: checking for style of include used by make
configure:4493: result: GNU
configure:4527: checking whether make supports nested variables
configure:4544: result: yes
configure:4623: checking how to create a pax tar archive
configure:4634: tar --version
tar (GNU tar) 1.23
Copyright (C) 2010 Free Software Foundation, Inc.
License GPLv3+: GNU GPL version 3 or later <http://gnu.org/licenses/gpl.html>.
This is free software: you are free to change and redistribute it.
There is NO WARRANTY, to the extent permitted by law.

Written by John Gilmore and Jay Fenlason.
configure:4637: $? = 0
configure:4677: tardir=conftest.dir && eval tar --format=posix -chf - "$tardir" >conftest.tar
configure:4680: $? = 0
configure:4684: tar -xf - <conftest.tar
configure:4687: $? = 0
configure:4689: cat conftest.dir/file
GrepMe
configure:4692: $? = 0
configure:4705: result: gnutar
configure:4714: checking dependency style of arm-hisiv100nptl-linux-gcc
configure:4825: result: gcc3
configure:4894: checking whether make supports nested variables
configure:4911: result: yes
configure:4951: checking build system type
configure:4965: result: i686-pc-linux-gnu
configure:4985: checking host system type
configure:4998: result: arm-hisiv100nptl-linux-gnu
configure:5039: checking how to print strings
configure:5066: result: printf
configure:5087: checking for a sed that does not truncate output
configure:5151: result: /bin/sed
configure:5169: checking for fgrep
configure:5231: result: /bin/grep -F
configure:5266: checking for ld used by arm-hisiv100nptl-linux-gcc
configure:5333: result: /opt/hisi-linux-nptl/arm-hisiv100-linux/arm-hisiv100-linux-uclibcgnueabi/bin/ld
configure:5340: checking if the linker (/opt/hisi-linux-nptl/arm-hisiv100-linux/arm-hisiv100-linux-uclibcgnueabi/bin/ld) is GNU ld
configure:5355: result: yes
configure:5367: checking for BSD- or MS-compatible name lister (nm)
configure:5421: result: /opt/hisi-linux-nptl/arm-hisiv100-linux/target/bin/arm-hisiv100nptl-linux-nm -B
configure:5551: checking the name lister (/opt/hisi-linux-nptl/arm-hisiv100-linux/target/bin/arm-hisiv100nptl-linux-nm -B) interface
configure:5558: arm-hisiv100nptl-linux-gcc -c -g -O2  conftest.c >&5
configure:5561: /opt/hisi-linux-nptl/arm-hisiv100-linux/target/bin/arm-hisiv100nptl-linux-nm -B "conftest.o"
configure:5564: output
00000000 B some_variable
configure:5571: result: BSD nm
configure:5574: checking whether ln -s works
configure:5578: result: yes
configure:5586: checking the maximum length of command line arguments
configure:5717: result: 1966080
configure:5765: checking how to convert i686-pc-linux-gnu file names to arm-hisiv100nptl-linux-gnu format
configure:5805: result: func_convert_file_noop
configure:5812: checking how to convert i686-pc-linux-gnu file names to toolchain format
configure:5832: result: func_convert_file_noop
configure:5839: checking for /opt/hisi-linux-nptl/arm-hisiv100-linux/arm-hisiv100-linux-uclibcgnueabi/bin/ld option to reload object files
configure:5846: result: -r
configure:5880: checking for arm-hisiv100nptl-linux-objdump
configure:5896: found /opt/hisi-linux-nptl/arm-hisiv100-linux/target/bin/arm-hisiv100nptl-linux-objdump
configure:5907: result: arm-hisiv100nptl-linux-objdump
configure:5979: checking how to recognize dependent libraries
configure:6179: result: pass_all
configure:6224: checking for arm-hisiv100nptl-linux-dlltool
configure:6254: result: no
configure:6264: checking for dlltool
configure:6294: result: no
configure:6324: checking how to associate runtime and link libraries
configure:6351: result: printf %s\n
configure:6367: checking for arm-hisiv100nptl-linux-ar
configure:6383: found /opt/hisi-linux-nptl/arm-hisiv100-linux/target/bin/arm-hisiv100nptl-linux-ar
configure:6394: result: arm-hisiv100nptl-linux-ar
configure:6475: checking for archiver @FILE support
configure:6492: arm-hisiv100nptl-linux-gcc -c -g -O2  conftest.c >&5
configure:6492: $? = 0
configure:6495: arm-hisiv100nptl-linux-ar cru libconftest.a @conftest.lst >&5
configure:6498: $? = 0
configure:6503: arm-hisiv100nptl-linux-ar cru libconftest.a @conftest.lst >&5
arm-hisiv100nptl-linux-ar: conftest.o: No such file or directory
configure:6506: $? = 1
configure:6518: result: @
configure:6536: checking for arm-hisiv100nptl-linux-strip
configure:6563: result: arm-hisiv100nptl-linux-strip
configure:6635: checking for arm-hisiv100nptl-linux-ranlib
configure:6651: found /opt/hisi-linux-nptl/arm-hisiv100-linux/target/bin/arm-hisiv100nptl-linux-ranlib
configure:6662: result: arm-hisiv100nptl-linux-ranlib
configure:6804: checking command to parse /opt/hisi-linux-nptl/arm-hisiv100-linux/target/bin/arm-hisiv100nptl-linux-nm -B output from arm-hisiv100nptl-linux-gcc object
configure:6957: arm-hisiv100nptl-linux-gcc -c -g -O2  conftest.c >&5
configure:6960: $? = 0
configure:6964: /opt/hisi-linux-nptl/arm-hisiv100-linux/target/bin/arm-hisiv100nptl-linux-nm -B conftest.o \| sed -n -e 's/^.*[ ]\([ABCDGIRSTW][ABCDGIRSTW]*\)[ ][ ]*\([_A-Za-z][_A-Za-z0-9]*\)$/\1 \2 \2/p' | sed '/ __gnu_lto/d' \> conftest.nm
configure:6967: $? = 0
configure:7033: arm-hisiv100nptl-linux-gcc -o conftest -g -O2   conftest.c conftstm.o >&5
configure:7036: $? = 0
configure:7074: result: ok
configure:7121: checking for sysroot
configure:7151: result: no
configure:7158: checking for a working dd
configure:7196: result: /bin/dd
configure:7200: checking how to truncate binary pipes
configure:7215: result: /bin/dd bs=4096 count=1
configure:7504: checking for arm-hisiv100nptl-linux-mt
configure:7534: result: no
configure:7544: checking for mt
configure:7574: result: no
configure:7594: checking if : is a manifest tool
configure:7600: : '-?'
configure:7608: result: no
configure:8282: checking for dlfcn.h
configure:8282: arm-hisiv100nptl-linux-gcc -c -g -O2  conftest.c >&5
configure:8282: $? = 0
configure:8282: result: yes
configure:8536: checking for objdir
configure:8551: result: .libs
configure:8815: checking if arm-hisiv100nptl-linux-gcc supports -fno-rtti -fno-exceptions
configure:8833: arm-hisiv100nptl-linux-gcc -c -g -O2  -fno-rtti -fno-exceptions conftest.c >&5
cc1: warning: command line option "-fno-rtti" is valid for C++/ObjC++ but not for C
configure:8837: $? = 0
configure:8850: result: no
configure:9208: checking for arm-hisiv100nptl-linux-gcc option to produce PIC
configure:9215: result: -fPIC -DPIC
configure:9223: checking if arm-hisiv100nptl-linux-gcc PIC flag -fPIC -DPIC works
configure:9241: arm-hisiv100nptl-linux-gcc -c -g -O2  -fPIC -DPIC -DPIC conftest.c >&5
configure:9245: $? = 0
configure:9258: result: yes
configure:9287: checking if arm-hisiv100nptl-linux-gcc static flag -static works
configure:9315: result: yes
configure:9330: checking if arm-hisiv100nptl-linux-gcc supports -c -o file.o
configure:9351: arm-hisiv100nptl-linux-gcc -c -g -O2  -o out/conftest2.o conftest.c >&5
configure:9355: $? = 0
configure:9377: result: yes
configure:9385: checking if arm-hisiv100nptl-linux-gcc supports -c -o file.o
configure:9432: result: yes
configure:9465: checking whether the arm-hisiv100nptl-linux-gcc linker (/opt/hisi-linux-nptl/arm-hisiv100-linux/arm-hisiv100-linux-uclibcgnueabi/bin/ld) supports shared libraries
configure:10724: result: yes
configure:10761: checking whether -lc should be explicitly linked in
configure:10769: arm-hisiv100nptl-linux-gcc -c -g -O2  conftest.c >&5
configure:10772: $? = 0
configure:10787: arm-hisiv100nptl-linux-gcc -shared  -fPIC -DPIC conftest.o  -v -Wl,-soname -Wl,conftest -o conftest 2\>\&1 \| /bin/grep  -lc  \>/dev/null 2\>\&1
configure:10790: $? = 0
configure:10804: result: no
configure:10964: checking dynamic linker characteristics
configure:11545: arm-hisiv100nptl-linux-gcc -o conftest -g -O2   -Wl,-rpath -Wl,/foo conftest.c  >&5
configure:11545: $? = 0
configure:11782: result: GNU/Linux ld.so
configure:11904: checking how to hardcode library paths into programs
configure:11929: result: immediate
configure:12477: checking whether stripping libraries is possible
configure:12482: result: yes
configure:12517: checking if libtool supports shared libraries
configure:12519: result: yes
configure:12522: checking whether to build shared libraries
configure:12547: result: yes
configure:12550: checking whether to build static libraries
configure:12554: result: no
configure:12597: checking for bash
configure:12615: found /bin/bash
configure:12627: result: /bin/bash
configure:12635: checking if dolt supports this host
configure:12667: result: yes, replacing libtool
configure:12818: checking for a sed that does not truncate output
configure:12882: result: /bin/sed
configure:12888: checking whether ln -s works
configure:12892: result: yes
configure:12910: checking for arm-hisiv100nptl-linux-pkg-config
configure:12943: result: no
configure:12953: checking for pkg-config
configure:12971: found /usr/bin/pkg-config
configure:12983: result: /usr/bin/pkg-config
configure:12995: WARNING: using cross tools not prefixed with host triplet
configure:13008: checking pkg-config is at least version 0.9.0
configure:13011: result: yes
configure:13021: checking for xsltproc
configure:13039: found /usr/bin/xsltproc
configure:13051: result: /usr/bin/xsltproc
configure:13060: checking for arm-hisiv100nptl-linux-gcc option to accept ISO C99
configure:13209: arm-hisiv100nptl-linux-gcc  -c -g -O2  conftest.c >&5
conftest.c:79: error: expected ';', ',' or ')' before 'text'
conftest.c: In function 'main':
conftest.c:133: error: expected '=', ',', ';', 'asm' or '__attribute__' before 'newvar'
conftest.c:133: error: 'newvar' undeclared (first use in this function)
conftest.c:133: error: (Each undeclared identifier is reported only once
conftest.c:133: error: for each function it appears in.)
conftest.c:143: error: 'for' loop initial declarations are only allowed in C99 mode
conftest.c:143: note: use option -std=c99 or -std=gnu99 to compile your code
configure:13209: $? = 1
configure: failed program was:
| /* confdefs.h */
| #define PACKAGE_NAME "kmod"
| #define PACKAGE_TARNAME "kmod"
| #define PACKAGE_VERSION "21"
| #define PACKAGE_STRING "kmod 21"
| #define PACKAGE_BUGREPORT "linux-modules@vger.kernel.org"
| #define PACKAGE_URL "http://git.kernel.org/?p=utils/kernel/kmod/kmod.git"
| #define STDC_HEADERS 1
| #define HAVE_SYS_TYPES_H 1
| #define HAVE_SYS_STAT_H 1
| #define HAVE_STDLIB_H 1
| #define HAVE_STRING_H 1
| #define HAVE_MEMORY_H 1
| #define HAVE_STRINGS_H 1
| #define HAVE_INTTYPES_H 1
| #define HAVE_STDINT_H 1
| #define HAVE_UNISTD_H 1
| #define __EXTENSIONS__ 1
| #define _ALL_SOURCE 1
| #define _GNU_SOURCE 1
| #define _POSIX_PTHREAD_SEMANTICS 1
| #define _TANDEM_SOURCE 1
| #define _FILE_OFFSET_BITS 64
| #define PACKAGE "kmod"
| #define VERSION "21"
| #define HAVE_DLFCN_H 1
| #define LT_OBJDIR ".libs/"
| /* end confdefs.h.  */
| #include <stdarg.h>
| #include <stdbool.h>
| #include <stdlib.h>
| #include <wchar.h>
| #include <stdio.h>
| 
| // Check varargs macros.  These examples are taken from C99 6.10.3.5.
| #define debug(...) fprintf (stderr, __VA_ARGS__)
| #define showlist(...) puts (#__VA_ARGS__)
| #define report(test,...) ((test) ? puts (#test) : printf (__VA_ARGS__))
| static void
| test_varargs_macros (void)
| {
|   int x = 1234;
|   int y = 5678;
|   debug ("Flag");
|   debug ("X = %d\n", x);
|   showlist (The first, second, and third items.);
|   report (x>y, "x is %d but y is %d", x, y);
| }
| 
| // Check long long types.
| #define BIG64 18446744073709551615ull
| #define BIG32 4294967295ul
| #define BIG_OK (BIG64 / BIG32 == 4294967297ull && BIG64 % BIG32 == 0)
| #if !BIG_OK
|   your preprocessor is broken;
| #endif
| #if BIG_OK
| #else
|   your preprocessor is broken;
| #endif
| static long long int bignum = -9223372036854775807LL;
| static unsigned long long int ubignum = BIG64;
| 
| struct incomplete_array
| {
|   int datasize;
|   double data[];
| };
| 
| struct named_init {
|   int number;
|   const wchar_t *name;
|   double average;
| };
| 
| typedef const char *ccp;
| 
| static inline int
| test_restrict (ccp restrict text)
| {
|   // See if C++-style comments work.
|   // Iterate through items via the restricted pointer.
|   // Also check for declarations in for loops.
|   for (unsigned int i = 0; *(text+i) != '\0'; ++i)
|     continue;
|   return 0;
| }
| 
| // Check varargs and va_copy.
| static void
| test_varargs (const char *format, ...)
| {
|   va_list args;
|   va_start (args, format);
|   va_list args_copy;
|   va_copy (args_copy, args);
| 
|   const char *str;
|   int number;
|   float fnumber;
| 
|   while (*format)
|     {
|       switch (*format++)
| 	{
| 	case 's': // string
| 	  str = va_arg (args_copy, const char *);
| 	  break;
| 	case 'd': // int
| 	  number = va_arg (args_copy, int);
| 	  break;
| 	case 'f': // float
| 	  fnumber = va_arg (args_copy, double);
| 	  break;
| 	default:
| 	  break;
| 	}
|     }
|   va_end (args_copy);
|   va_end (args);
| }
| 
| int
| main ()
| {
| 
|   // Check bool.
|   _Bool success = false;
| 
|   // Check restrict.
|   if (test_restrict ("String literal") == 0)
|     success = true;
|   char *restrict newvar = "Another string";
| 
|   // Check varargs.
|   test_varargs ("s, d' f .", "string", 65, 34.234);
|   test_varargs_macros ();
| 
|   // Check flexible array members.
|   struct incomplete_array *ia =
|     malloc (sizeof (struct incomplete_array) + (sizeof (double) * 10));
|   ia->datasize = 10;
|   for (int i = 0; i < ia->datasize; ++i)
|     ia->data[i] = i * 1.234;
| 
|   // Check named initializers.
|   struct named_init ni = {
|     .number = 34,
|     .name = L"Test wide string",
|     .average = 543.34343,
|   };
| 
|   ni.number = 58;
| 
|   int dynamic_array[ni.number];
|   dynamic_array[ni.number - 1] = 543;
| 
|   // work around unused variable warnings
|   return (!success || bignum == 0LL || ubignum == 0uLL || newvar[0] == 'x'
| 	  || dynamic_array[ni.number - 1] != 543);
| 
|   ;
|   return 0;
| }
configure:13209: arm-hisiv100nptl-linux-gcc -std=gnu99 -c -g -O2  conftest.c >&5
configure:13209: $? = 0
configure:13229: result: -std=gnu99
configure:13248: checking for __xstat
configure:13248: arm-hisiv100nptl-linux-gcc -std=gnu99 -o conftest -g -O2   conftest.c  >&5
/tmp/ccgmXXBu.o: In function `main':
/home/gjyang/sys-bin/kmod/kmod-21/conftest.c:63: undefined reference to `__xstat'
collect2: ld returned 1 exit status
configure:13248: $? = 1
configure: failed program was:
| /* confdefs.h */
| #define PACKAGE_NAME "kmod"
| #define PACKAGE_TARNAME "kmod"
| #define PACKAGE_VERSION "21"
| #define PACKAGE_STRING "kmod 21"
| #define PACKAGE_BUGREPORT "linux-modules@vger.kernel.org"
| #define PACKAGE_URL "http://git.kernel.org/?p=utils/kernel/kmod/kmod.git"
| #define STDC_HEADERS 1
| #define HAVE_SYS_TYPES_H 1
| #define HAVE_SYS_STAT_H 1
| #define HAVE_STDLIB_H 1
| #define HAVE_STRING_H 1
| #define HAVE_MEMORY_H 1
| #define HAVE_STRINGS_H 1
| #define HAVE_INTTYPES_H 1
| #define HAVE_STDINT_H 1
| #define HAVE_UNISTD_H 1
| #define __EXTENSIONS__ 1
| #define _ALL_SOURCE 1
| #define _GNU_SOURCE 1
| #define _POSIX_PTHREAD_SEMANTICS 1
| #define _TANDEM_SOURCE 1
| #define _FILE_OFFSET_BITS 64
| #define PACKAGE "kmod"
| #define VERSION "21"
| #define HAVE_DLFCN_H 1
| #define LT_OBJDIR ".libs/"
| /* end confdefs.h.  */
| /* Define __xstat to an innocuous variant, in case <limits.h> declares __xstat.
|    For example, HP-UX 11i <limits.h> declares gettimeofday.  */
| #define __xstat innocuous___xstat
| 
| /* System header to define __stub macros and hopefully few prototypes,
|     which can conflict with char __xstat (); below.
|     Prefer <limits.h> to <assert.h> if __STDC__ is defined, since
|     <limits.h> exists even on freestanding compilers.  */
| 
| #ifdef __STDC__
| # include <limits.h>
| #else
| # include <assert.h>
| #endif
| 
| #undef __xstat
| 
| /* Override any GCC internal prototype to avoid an error.
|    Use char because int might match the return type of a GCC
|    builtin and then its argument prototype would still apply.  */
| #ifdef __cplusplus
| extern "C"
| #endif
| char __xstat ();
| /* The GNU C library defines this for functions which it implements
|     to always fail with ENOSYS.  Some functions are actually named
|     something starting with __ and the normal name is an alias.  */
| #if defined __stub___xstat || defined __stub_____xstat
| choke me
| #endif
| 
| int
| main ()
| {
| return __xstat ();
|   ;
|   return 0;
| }
configure:13248: result: no
configure:13248: checking for __secure_getenv
configure:13248: arm-hisiv100nptl-linux-gcc -std=gnu99 -o conftest -g -O2   conftest.c  >&5
/tmp/ccolD5kd.o: In function `main':
/home/gjyang/sys-bin/kmod/kmod-21/conftest.c:63: undefined reference to `__secure_getenv'
collect2: ld returned 1 exit status
configure:13248: $? = 1
configure: failed program was:
| /* confdefs.h */
| #define PACKAGE_NAME "kmod"
| #define PACKAGE_TARNAME "kmod"
| #define PACKAGE_VERSION "21"
| #define PACKAGE_STRING "kmod 21"
| #define PACKAGE_BUGREPORT "linux-modules@vger.kernel.org"
| #define PACKAGE_URL "http://git.kernel.org/?p=utils/kernel/kmod/kmod.git"
| #define STDC_HEADERS 1
| #define HAVE_SYS_TYPES_H 1
| #define HAVE_SYS_STAT_H 1
| #define HAVE_STDLIB_H 1
| #define HAVE_STRING_H 1
| #define HAVE_MEMORY_H 1
| #define HAVE_STRINGS_H 1
| #define HAVE_INTTYPES_H 1
| #define HAVE_STDINT_H 1
| #define HAVE_UNISTD_H 1
| #define __EXTENSIONS__ 1
| #define _ALL_SOURCE 1
| #define _GNU_SOURCE 1
| #define _POSIX_PTHREAD_SEMANTICS 1
| #define _TANDEM_SOURCE 1
| #define _FILE_OFFSET_BITS 64
| #define PACKAGE "kmod"
| #define VERSION "21"
| #define HAVE_DLFCN_H 1
| #define LT_OBJDIR ".libs/"
| /* end confdefs.h.  */
| /* Define __secure_getenv to an innocuous variant, in case <limits.h> declares __secure_getenv.
|    For example, HP-UX 11i <limits.h> declares gettimeofday.  */
| #define __secure_getenv innocuous___secure_getenv
| 
| /* System header to define __stub macros and hopefully few prototypes,
|     which can conflict with char __secure_getenv (); below.
|     Prefer <limits.h> to <assert.h> if __STDC__ is defined, since
|     <limits.h> exists even on freestanding compilers.  */
| 
| #ifdef __STDC__
| # include <limits.h>
| #else
| # include <assert.h>
| #endif
| 
| #undef __secure_getenv
| 
| /* Override any GCC internal prototype to avoid an error.
|    Use char because int might match the return type of a GCC
|    builtin and then its argument prototype would still apply.  */
| #ifdef __cplusplus
| extern "C"
| #endif
| char __secure_getenv ();
| /* The GNU C library defines this for functions which it implements
|     to always fail with ENOSYS.  Some functions are actually named
|     something starting with __ and the normal name is an alias.  */
| #if defined __stub___secure_getenv || defined __stub_____secure_getenv
| choke me
| #endif
| 
| int
| main ()
| {
| return __secure_getenv ();
|   ;
|   return 0;
| }
configure:13248: result: no
configure:13248: checking for secure_getenv
configure:13248: arm-hisiv100nptl-linux-gcc -std=gnu99 -o conftest -g -O2   conftest.c  >&5
/tmp/ccYrELWb.o: In function `main':
/home/gjyang/sys-bin/kmod/kmod-21/conftest.c:63: undefined reference to `secure_getenv'
collect2: ld returned 1 exit status
configure:13248: $? = 1
configure: failed program was:
| /* confdefs.h */
| #define PACKAGE_NAME "kmod"
| #define PACKAGE_TARNAME "kmod"
| #define PACKAGE_VERSION "21"
| #define PACKAGE_STRING "kmod 21"
| #define PACKAGE_BUGREPORT "linux-modules@vger.kernel.org"
| #define PACKAGE_URL "http://git.kernel.org/?p=utils/kernel/kmod/kmod.git"
| #define STDC_HEADERS 1
| #define HAVE_SYS_TYPES_H 1
| #define HAVE_SYS_STAT_H 1
| #define HAVE_STDLIB_H 1
| #define HAVE_STRING_H 1
| #define HAVE_MEMORY_H 1
| #define HAVE_STRINGS_H 1
| #define HAVE_INTTYPES_H 1
| #define HAVE_STDINT_H 1
| #define HAVE_UNISTD_H 1
| #define __EXTENSIONS__ 1
| #define _ALL_SOURCE 1
| #define _GNU_SOURCE 1
| #define _POSIX_PTHREAD_SEMANTICS 1
| #define _TANDEM_SOURCE 1
| #define _FILE_OFFSET_BITS 64
| #define PACKAGE "kmod"
| #define VERSION "21"
| #define HAVE_DLFCN_H 1
| #define LT_OBJDIR ".libs/"
| /* end confdefs.h.  */
| /* Define secure_getenv to an innocuous variant, in case <limits.h> declares secure_getenv.
|    For example, HP-UX 11i <limits.h> declares gettimeofday.  */
| #define secure_getenv innocuous_secure_getenv
| 
| /* System header to define __stub macros and hopefully few prototypes,
|     which can conflict with char secure_getenv (); below.
|     Prefer <limits.h> to <assert.h> if __STDC__ is defined, since
|     <limits.h> exists even on freestanding compilers.  */
| 
| #ifdef __STDC__
| # include <limits.h>
| #else
| # include <assert.h>
| #endif
| 
| #undef secure_getenv
| 
| /* Override any GCC internal prototype to avoid an error.
|    Use char because int might match the return type of a GCC
|    builtin and then its argument prototype would still apply.  */
| #ifdef __cplusplus
| extern "C"
| #endif
| char secure_getenv ();
| /* The GNU C library defines this for functions which it implements
|     to always fail with ENOSYS.  Some functions are actually named
|     something starting with __ and the normal name is an alias.  */
| #if defined __stub_secure_getenv || defined __stub___secure_getenv
| choke me
| #endif
| 
| int
| main ()
| {
| return secure_getenv ();
|   ;
|   return 0;
| }
configure:13248: result: no
configure:13248: checking for finit_module
configure:13248: arm-hisiv100nptl-linux-gcc -std=gnu99 -o conftest -g -O2   conftest.c  >&5
/tmp/cckrr4Si.o: In function `main':
/home/gjyang/sys-bin/kmod/kmod-21/conftest.c:63: undefined reference to `finit_module'
collect2: ld returned 1 exit status
configure:13248: $? = 1
configure: failed program was:
| /* confdefs.h */
| #define PACKAGE_NAME "kmod"
| #define PACKAGE_TARNAME "kmod"
| #define PACKAGE_VERSION "21"
| #define PACKAGE_STRING "kmod 21"
| #define PACKAGE_BUGREPORT "linux-modules@vger.kernel.org"
| #define PACKAGE_URL "http://git.kernel.org/?p=utils/kernel/kmod/kmod.git"
| #define STDC_HEADERS 1
| #define HAVE_SYS_TYPES_H 1
| #define HAVE_SYS_STAT_H 1
| #define HAVE_STDLIB_H 1
| #define HAVE_STRING_H 1
| #define HAVE_MEMORY_H 1
| #define HAVE_STRINGS_H 1
| #define HAVE_INTTYPES_H 1
| #define HAVE_STDINT_H 1
| #define HAVE_UNISTD_H 1
| #define __EXTENSIONS__ 1
| #define _ALL_SOURCE 1
| #define _GNU_SOURCE 1
| #define _POSIX_PTHREAD_SEMANTICS 1
| #define _TANDEM_SOURCE 1
| #define _FILE_OFFSET_BITS 64
| #define PACKAGE "kmod"
| #define VERSION "21"
| #define HAVE_DLFCN_H 1
| #define LT_OBJDIR ".libs/"
| /* end confdefs.h.  */
| /* Define finit_module to an innocuous variant, in case <limits.h> declares finit_module.
|    For example, HP-UX 11i <limits.h> declares gettimeofday.  */
| #define finit_module innocuous_finit_module
| 
| /* System header to define __stub macros and hopefully few prototypes,
|     which can conflict with char finit_module (); below.
|     Prefer <limits.h> to <assert.h> if __STDC__ is defined, since
|     <limits.h> exists even on freestanding compilers.  */
| 
| #ifdef __STDC__
| # include <limits.h>
| #else
| # include <assert.h>
| #endif
| 
| #undef finit_module
| 
| /* Override any GCC internal prototype to avoid an error.
|    Use char because int might match the return type of a GCC
|    builtin and then its argument prototype would still apply.  */
| #ifdef __cplusplus
| extern "C"
| #endif
| char finit_module ();
| /* The GNU C library defines this for functions which it implements
|     to always fail with ENOSYS.  Some functions are actually named
|     something starting with __ and the normal name is an alias.  */
| #if defined __stub_finit_module || defined __stub___finit_module
| choke me
| #endif
| 
| int
| main ()
| {
| return finit_module ();
|   ;
|   return 0;
| }
configure:13248: result: no
configure:13271: checking if compiler has __builtin_clz builtin function
configure:13288: arm-hisiv100nptl-linux-gcc -std=gnu99 -o conftest -g -O2   conftest.c  >&5
configure:13288: $? = 0
configure:13296: result: yes
configure:13318: checking if compiler has __builtin_types_compatible_p builtin function
configure:13335: arm-hisiv100nptl-linux-gcc -std=gnu99 -o conftest -g -O2   conftest.c  >&5
configure:13335: $? = 0
configure:13343: result: yes
configure:13365: checking if compiler has __builtin_uaddl_overflow builtin function
configure:13382: arm-hisiv100nptl-linux-gcc -std=gnu99 -o conftest -g -O2   conftest.c  >&5
conftest.c: In function 'main':
conftest.c:36: warning: implicit declaration of function '__builtin_uaddl_overflow'
/tmp/cc2HJlMn.o: In function `main':
/home/gjyang/sys-bin/kmod/kmod-21/conftest.c:36: undefined reference to `__builtin_uaddl_overflow'
collect2: ld returned 1 exit status
configure:13382: $? = 1
configure: failed program was:
| /* confdefs.h */
| #define PACKAGE_NAME "kmod"
| #define PACKAGE_TARNAME "kmod"
| #define PACKAGE_VERSION "21"
| #define PACKAGE_STRING "kmod 21"
| #define PACKAGE_BUGREPORT "linux-modules@vger.kernel.org"
| #define PACKAGE_URL "http://git.kernel.org/?p=utils/kernel/kmod/kmod.git"
| #define STDC_HEADERS 1
| #define HAVE_SYS_TYPES_H 1
| #define HAVE_SYS_STAT_H 1
| #define HAVE_STDLIB_H 1
| #define HAVE_STRING_H 1
| #define HAVE_MEMORY_H 1
| #define HAVE_STRINGS_H 1
| #define HAVE_INTTYPES_H 1
| #define HAVE_STDINT_H 1
| #define HAVE_UNISTD_H 1
| #define __EXTENSIONS__ 1
| #define _ALL_SOURCE 1
| #define _GNU_SOURCE 1
| #define _POSIX_PTHREAD_SEMANTICS 1
| #define _TANDEM_SOURCE 1
| #define _FILE_OFFSET_BITS 64
| #define PACKAGE "kmod"
| #define VERSION "21"
| #define HAVE_DLFCN_H 1
| #define LT_OBJDIR ".libs/"
| #define HAVE___BUILTIN_CLZ 1
| #define HAVE___BUILTIN_TYPES_COMPATIBLE_P 1
| /* end confdefs.h.  */
| 
| int
| main ()
| {
| 
|        __builtin_uaddl_overflow(0UL, 0UL, (void*)0)
|   ;
|   return 0;
| }
configure:13390: result: no
configure:13412: checking if compiler has __builtin_uaddll_overflow builtin function
configure:13429: arm-hisiv100nptl-linux-gcc -std=gnu99 -o conftest -g -O2   conftest.c  >&5
conftest.c: In function 'main':
conftest.c:37: warning: implicit declaration of function '__builtin_uaddll_overflow'
/tmp/cccLt1xq.o: In function `main':
/home/gjyang/sys-bin/kmod/kmod-21/conftest.c:37: undefined reference to `__builtin_uaddll_overflow'
collect2: ld returned 1 exit status
configure:13429: $? = 1
configure: failed program was:
| /* confdefs.h */
| #define PACKAGE_NAME "kmod"
| #define PACKAGE_TARNAME "kmod"
| #define PACKAGE_VERSION "21"
| #define PACKAGE_STRING "kmod 21"
| #define PACKAGE_BUGREPORT "linux-modules@vger.kernel.org"
| #define PACKAGE_URL "http://git.kernel.org/?p=utils/kernel/kmod/kmod.git"
| #define STDC_HEADERS 1
| #define HAVE_SYS_TYPES_H 1
| #define HAVE_SYS_STAT_H 1
| #define HAVE_STDLIB_H 1
| #define HAVE_STRING_H 1
| #define HAVE_MEMORY_H 1
| #define HAVE_STRINGS_H 1
| #define HAVE_INTTYPES_H 1
| #define HAVE_STDINT_H 1
| #define HAVE_UNISTD_H 1
| #define __EXTENSIONS__ 1
| #define _ALL_SOURCE 1
| #define _GNU_SOURCE 1
| #define _POSIX_PTHREAD_SEMANTICS 1
| #define _TANDEM_SOURCE 1
| #define _FILE_OFFSET_BITS 64
| #define PACKAGE "kmod"
| #define VERSION "21"
| #define HAVE_DLFCN_H 1
| #define LT_OBJDIR ".libs/"
| #define HAVE___BUILTIN_CLZ 1
| #define HAVE___BUILTIN_TYPES_COMPATIBLE_P 1
| #define HAVE___BUILTIN_UADDL_OVERFLOW 0
| /* end confdefs.h.  */
| 
| int
| main ()
| {
| 
|        __builtin_uaddll_overflow(0ULL, 0ULL, (void*)0)
|   ;
|   return 0;
| }
configure:13437: result: no
configure:13459: checking for struct stat.st_mtim
configure:13459: arm-hisiv100nptl-linux-gcc -std=gnu99 -c -g -O2  conftest.c >&5
conftest.c: In function 'main':
conftest.c:39: error: used struct type value where scalar is required
configure:13459: $? = 1
configure: failed program was:
| /* confdefs.h */
| #define PACKAGE_NAME "kmod"
| #define PACKAGE_TARNAME "kmod"
| #define PACKAGE_VERSION "21"
| #define PACKAGE_STRING "kmod 21"
| #define PACKAGE_BUGREPORT "linux-modules@vger.kernel.org"
| #define PACKAGE_URL "http://git.kernel.org/?p=utils/kernel/kmod/kmod.git"
| #define STDC_HEADERS 1
| #define HAVE_SYS_TYPES_H 1
| #define HAVE_SYS_STAT_H 1
| #define HAVE_STDLIB_H 1
| #define HAVE_STRING_H 1
| #define HAVE_MEMORY_H 1
| #define HAVE_STRINGS_H 1
| #define HAVE_INTTYPES_H 1
| #define HAVE_STDINT_H 1
| #define HAVE_UNISTD_H 1
| #define __EXTENSIONS__ 1
| #define _ALL_SOURCE 1
| #define _GNU_SOURCE 1
| #define _POSIX_PTHREAD_SEMANTICS 1
| #define _TANDEM_SOURCE 1
| #define _FILE_OFFSET_BITS 64
| #define PACKAGE "kmod"
| #define VERSION "21"
| #define HAVE_DLFCN_H 1
| #define LT_OBJDIR ".libs/"
| #define HAVE___BUILTIN_CLZ 1
| #define HAVE___BUILTIN_TYPES_COMPATIBLE_P 1
| #define HAVE___BUILTIN_UADDL_OVERFLOW 0
| #define HAVE___BUILTIN_UADDLL_OVERFLOW 0
| /* end confdefs.h.  */
| #include <sys/stat.h>
| 
| int
| main ()
| {
| static struct stat ac_aggr;
| if (ac_aggr.st_mtim)
| return 0;
|   ;
|   return 0;
| }
configure:13459: arm-hisiv100nptl-linux-gcc -std=gnu99 -c -g -O2  conftest.c >&5
configure:13459: $? = 0
configure:13459: result: yes
configure:13472: checking whether strndupa is declared
configure:13472: arm-hisiv100nptl-linux-gcc -std=gnu99 -c -g -O2  conftest.c >&5
configure:13472: $? = 0
configure:13472: result: yes
configure:13486: checking whether be32toh is declared
configure:13486: arm-hisiv100nptl-linux-gcc -std=gnu99 -c -g -O2  conftest.c >&5
configure:13486: $? = 0
configure:13486: result: yes
configure:13506: checking for linux/module.h
configure:13506: arm-hisiv100nptl-linux-gcc -std=gnu99 -c -g -O2  conftest.c >&5
conftest.c:70: fatal error: linux/module.h: No such file or directory
compilation terminated.
configure:13506: $? = 1
configure: failed program was:
| /* confdefs.h */
| #define PACKAGE_NAME "kmod"
| #define PACKAGE_TARNAME "kmod"
| #define PACKAGE_VERSION "21"
| #define PACKAGE_STRING "kmod 21"
| #define PACKAGE_BUGREPORT "linux-modules@vger.kernel.org"
| #define PACKAGE_URL "http://git.kernel.org/?p=utils/kernel/kmod/kmod.git"
| #define STDC_HEADERS 1
| #define HAVE_SYS_TYPES_H 1
| #define HAVE_SYS_STAT_H 1
| #define HAVE_STDLIB_H 1
| #define HAVE_STRING_H 1
| #define HAVE_MEMORY_H 1
| #define HAVE_STRINGS_H 1
| #define HAVE_INTTYPES_H 1
| #define HAVE_STDINT_H 1
| #define HAVE_UNISTD_H 1
| #define __EXTENSIONS__ 1
| #define _ALL_SOURCE 1
| #define _GNU_SOURCE 1
| #define _POSIX_PTHREAD_SEMANTICS 1
| #define _TANDEM_SOURCE 1
| #define _FILE_OFFSET_BITS 64
| #define PACKAGE "kmod"
| #define VERSION "21"
| #define HAVE_DLFCN_H 1
| #define LT_OBJDIR ".libs/"
| #define HAVE___BUILTIN_CLZ 1
| #define HAVE___BUILTIN_TYPES_COMPATIBLE_P 1
| #define HAVE___BUILTIN_UADDL_OVERFLOW 0
| #define HAVE___BUILTIN_UADDLL_OVERFLOW 0
| #define HAVE_STRUCT_STAT_ST_MTIM 1
| #define HAVE_DECL_STRNDUPA 1
| #define HAVE_DECL_BE32TOH 1
| /* end confdefs.h.  */
| #include <stdio.h>
| #ifdef HAVE_SYS_TYPES_H
| # include <sys/types.h>
| #endif
| #ifdef HAVE_SYS_STAT_H
| # include <sys/stat.h>
| #endif
| #ifdef STDC_HEADERS
| # include <stdlib.h>
| # include <stddef.h>
| #else
| # ifdef HAVE_STDLIB_H
| #  include <stdlib.h>
| # endif
| #endif
| #ifdef HAVE_STRING_H
| # if !defined STDC_HEADERS && defined HAVE_MEMORY_H
| #  include <memory.h>
| # endif
| # include <string.h>
| #endif
| #ifdef HAVE_STRINGS_H
| # include <strings.h>
| #endif
| #ifdef HAVE_INTTYPES_H
| # include <inttypes.h>
| #endif
| #ifdef HAVE_STDINT_H
| # include <stdint.h>
| #endif
| #ifdef HAVE_UNISTD_H
| # include <unistd.h>
| #endif
| 
| #include <linux/module.h>
configure:13506: result: no
configure:13521: checking whether _Static_assert() is supported
configure:13527: arm-hisiv100nptl-linux-gcc -std=gnu99 -c -g -O2  conftest.c >&5
conftest.c:36: error: expected declaration specifiers or '...' before numeric constant
conftest.c:36: error: expected declaration specifiers or '...' before string constant
conftest.c:36: warning: data definition has no type or storage class
conftest.c:36: warning: type defaults to 'int' in declaration of '_Static_assert'
configure:13527: $? = 1
configure: failed program was:
| /* confdefs.h */
| #define PACKAGE_NAME "kmod"
| #define PACKAGE_TARNAME "kmod"
| #define PACKAGE_VERSION "21"
| #define PACKAGE_STRING "kmod 21"
| #define PACKAGE_BUGREPORT "linux-modules@vger.kernel.org"
| #define PACKAGE_URL "http://git.kernel.org/?p=utils/kernel/kmod/kmod.git"
| #define STDC_HEADERS 1
| #define HAVE_SYS_TYPES_H 1
| #define HAVE_SYS_STAT_H 1
| #define HAVE_STDLIB_H 1
| #define HAVE_STRING_H 1
| #define HAVE_MEMORY_H 1
| #define HAVE_STRINGS_H 1
| #define HAVE_INTTYPES_H 1
| #define HAVE_STDINT_H 1
| #define HAVE_UNISTD_H 1
| #define __EXTENSIONS__ 1
| #define _ALL_SOURCE 1
| #define _GNU_SOURCE 1
| #define _POSIX_PTHREAD_SEMANTICS 1
| #define _TANDEM_SOURCE 1
| #define _FILE_OFFSET_BITS 64
| #define PACKAGE "kmod"
| #define VERSION "21"
| #define HAVE_DLFCN_H 1
| #define LT_OBJDIR ".libs/"
| #define HAVE___BUILTIN_CLZ 1
| #define HAVE___BUILTIN_TYPES_COMPATIBLE_P 1
| #define HAVE___BUILTIN_UADDL_OVERFLOW 0
| #define HAVE___BUILTIN_UADDLL_OVERFLOW 0
| #define HAVE_STRUCT_STAT_ST_MTIM 1
| #define HAVE_DECL_STRNDUPA 1
| #define HAVE_DECL_BE32TOH 1
| /* end confdefs.h.  */
| _Static_assert(1, "Test");
configure:13534: result: no
configure:13539: checking whether _Noreturn is supported
configure:13545: arm-hisiv100nptl-linux-gcc -std=gnu99 -c -g -O2  conftest.c >&5
conftest.c:36: error: expected '=', ',', ';', 'asm' or '__attribute__' before 'int'
configure:13545: $? = 1
configure: failed program was:
| /* confdefs.h */
| #define PACKAGE_NAME "kmod"
| #define PACKAGE_TARNAME "kmod"
| #define PACKAGE_VERSION "21"
| #define PACKAGE_STRING "kmod 21"
| #define PACKAGE_BUGREPORT "linux-modules@vger.kernel.org"
| #define PACKAGE_URL "http://git.kernel.org/?p=utils/kernel/kmod/kmod.git"
| #define STDC_HEADERS 1
| #define HAVE_SYS_TYPES_H 1
| #define HAVE_SYS_STAT_H 1
| #define HAVE_STDLIB_H 1
| #define HAVE_STRING_H 1
| #define HAVE_MEMORY_H 1
| #define HAVE_STRINGS_H 1
| #define HAVE_INTTYPES_H 1
| #define HAVE_STDINT_H 1
| #define HAVE_UNISTD_H 1
| #define __EXTENSIONS__ 1
| #define _ALL_SOURCE 1
| #define _GNU_SOURCE 1
| #define _POSIX_PTHREAD_SEMANTICS 1
| #define _TANDEM_SOURCE 1
| #define _FILE_OFFSET_BITS 64
| #define PACKAGE "kmod"
| #define VERSION "21"
| #define HAVE_DLFCN_H 1
| #define LT_OBJDIR ".libs/"
| #define HAVE___BUILTIN_CLZ 1
| #define HAVE___BUILTIN_TYPES_COMPATIBLE_P 1
| #define HAVE___BUILTIN_UADDL_OVERFLOW 0
| #define HAVE___BUILTIN_UADDLL_OVERFLOW 0
| #define HAVE_STRUCT_STAT_ST_MTIM 1
| #define HAVE_DECL_STRNDUPA 1
| #define HAVE_DECL_BE32TOH 1
| /* end confdefs.h.  */
| _Noreturn int foo(void) { exit(0); }
configure:13552: result: no
configure:13680: Xz support not requested
configure:13816: zlib support not requested
configure:14594: checking for gtk-doc
configure:14597: $PKG_CONFIG --exists --print-errors "$gtk_doc_requires"
Package gtk-doc was not found in the pkg-config search path.
Perhaps you should add the directory containing `gtk-doc.pc'
to the PKG_CONFIG_PATH environment variable
No package 'gtk-doc' found
configure:14600: $? = 1
configure:14606: result: no
configure:14612: WARNING:
  You will not be able to create source packages with 'make dist'
  because gtk-doc >= 1.14 is not found.
configure:14620: checking for gtkdoc-check
configure:14650: result: no
configure:14657: checking for gtkdoc-check
configure:14690: result: no
configure:14699: checking for gtkdoc-rebase
configure:14732: result: no
configure:14743: checking for gtkdoc-mkpdf
configure:14776: result: no
configure:14801: checking whether to build gtk-doc documentation
configure:14803: result: no
configure:14816: checking for GTKDOC_DEPS
configure:14823: $PKG_CONFIG --exists --print-errors "glib-2.0 >= 2.10.0 gobject-2.0  >= 2.10.0"
configure:14826: $? = 0
configure:14840: $PKG_CONFIG --exists --print-errors "glib-2.0 >= 2.10.0 gobject-2.0  >= 2.10.0"
configure:14843: $? = 0
configure:14881: result: yes
configure:15012: checking if arm-hisiv100nptl-linux-gcc -std=gnu99 supports flag -pipe in envvar CFLAGS
configure:15023: arm-hisiv100nptl-linux-gcc -std=gnu99 -o conftest -Werror -pipe   conftest.c  >&5
configure:15023: $? = 0
configure:15033: result: yes
configure:15012: checking if arm-hisiv100nptl-linux-gcc -std=gnu99 supports flag -DANOTHER_BRICK_IN_THE in envvar CFLAGS
configure:15023: arm-hisiv100nptl-linux-gcc -std=gnu99 -o conftest -Werror -DANOTHER_BRICK_IN_THE   conftest.c  >&5
configure:15023: $? = 0
configure:15033: result: yes
configure:15012: checking if arm-hisiv100nptl-linux-gcc -std=gnu99 supports flag -Wall in envvar CFLAGS
configure:15023: arm-hisiv100nptl-linux-gcc -std=gnu99 -o conftest -Werror -Wall   conftest.c  >&5
configure:15023: $? = 0
configure:15033: result: yes
configure:15012: checking if arm-hisiv100nptl-linux-gcc -std=gnu99 supports flag -W in envvar CFLAGS
configure:15023: arm-hisiv100nptl-linux-gcc -std=gnu99 -o conftest -Werror -W   conftest.c  >&5
configure:15023: $? = 0
configure:15033: result: yes
configure:15012: checking if arm-hisiv100nptl-linux-gcc -std=gnu99 supports flag -Wextra in envvar CFLAGS
configure:15023: arm-hisiv100nptl-linux-gcc -std=gnu99 -o conftest -Werror -Wextra   conftest.c  >&5
configure:15023: $? = 0
configure:15033: result: yes
configure:15012: checking if arm-hisiv100nptl-linux-gcc -std=gnu99 supports flag -Wno-inline in envvar CFLAGS
configure:15023: arm-hisiv100nptl-linux-gcc -std=gnu99 -o conftest -Werror -Winline   conftest.c  >&5
configure:15023: $? = 0
configure:15033: result: yes
configure:15012: checking if arm-hisiv100nptl-linux-gcc -std=gnu99 supports flag -Wvla in envvar CFLAGS
configure:15023: arm-hisiv100nptl-linux-gcc -std=gnu99 -o conftest -Werror -Wvla   conftest.c  >&5
configure:15023: $? = 0
configure:15033: result: yes
configure:15012: checking if arm-hisiv100nptl-linux-gcc -std=gnu99 supports flag -Wundef in envvar CFLAGS
configure:15023: arm-hisiv100nptl-linux-gcc -std=gnu99 -o conftest -Werror -Wundef   conftest.c  >&5
configure:15023: $? = 0
configure:15033: result: yes
configure:15012: checking if arm-hisiv100nptl-linux-gcc -std=gnu99 supports flag -Wformat=2 in envvar CFLAGS
configure:15023: arm-hisiv100nptl-linux-gcc -std=gnu99 -o conftest -Werror -Wformat=2   conftest.c  >&5
configure:15023: $? = 0
configure:15033: result: yes
configure:15012: checking if arm-hisiv100nptl-linux-gcc -std=gnu99 supports flag -Wlogical-op in envvar CFLAGS
configure:15023: arm-hisiv100nptl-linux-gcc -std=gnu99 -o conftest -Werror -Wlogical-op   conftest.c  >&5
configure:15023: $? = 0
configure:15033: result: yes
configure:15012: checking if arm-hisiv100nptl-linux-gcc -std=gnu99 supports flag -Wsign-compare in envvar CFLAGS
configure:15023: arm-hisiv100nptl-linux-gcc -std=gnu99 -o conftest -Werror -Wsign-compare   conftest.c  >&5
configure:15023: $? = 0
configure:15033: result: yes
configure:15012: checking if arm-hisiv100nptl-linux-gcc -std=gnu99 supports flag -Wformat-security in envvar CFLAGS
configure:15023: arm-hisiv100nptl-linux-gcc -std=gnu99 -o conftest -Werror -Wformat-security   conftest.c  >&5
cc1: warnings being treated as errors
cc1: error: -Wformat-security ignored without -Wformat
configure:15023: $? = 1
configure: failed program was:
| /* confdefs.h */
| #define PACKAGE_NAME "kmod"
| #define PACKAGE_TARNAME "kmod"
| #define PACKAGE_VERSION "21"
| #define PACKAGE_STRING "kmod 21"
| #define PACKAGE_BUGREPORT "linux-modules@vger.kernel.org"
| #define PACKAGE_URL "http://git.kernel.org/?p=utils/kernel/kmod/kmod.git"
| #define STDC_HEADERS 1
| #define HAVE_SYS_TYPES_H 1
| #define HAVE_SYS_STAT_H 1
| #define HAVE_STDLIB_H 1
| #define HAVE_STRING_H 1
| #define HAVE_MEMORY_H 1
| #define HAVE_STRINGS_H 1
| #define HAVE_INTTYPES_H 1
| #define HAVE_STDINT_H 1
| #define HAVE_UNISTD_H 1
| #define __EXTENSIONS__ 1
| #define _ALL_SOURCE 1
| #define _GNU_SOURCE 1
| #define _POSIX_PTHREAD_SEMANTICS 1
| #define _TANDEM_SOURCE 1
| #define _FILE_OFFSET_BITS 64
| #define PACKAGE "kmod"
| #define VERSION "21"
| #define HAVE_DLFCN_H 1
| #define LT_OBJDIR ".libs/"
| #define HAVE___BUILTIN_CLZ 1
| #define HAVE___BUILTIN_TYPES_COMPATIBLE_P 1
| #define HAVE___BUILTIN_UADDL_OVERFLOW 0
| #define HAVE___BUILTIN_UADDLL_OVERFLOW 0
| #define HAVE_STRUCT_STAT_ST_MTIM 1
| #define HAVE_DECL_STRNDUPA 1
| #define HAVE_DECL_BE32TOH 1
| #define ENABLE_LOGGING 1
| /* end confdefs.h.  */
| int main(void) { return 0; }
configure:15033: result: no
configure:15012: checking if arm-hisiv100nptl-linux-gcc -std=gnu99 supports flag -Wmissing-include-dirs in envvar CFLAGS
configure:15023: arm-hisiv100nptl-linux-gcc -std=gnu99 -o conftest -Werror -Wmissing-include-dirs   conftest.c  >&5
configure:15023: $? = 0
configure:15033: result: yes
configure:15012: checking if arm-hisiv100nptl-linux-gcc -std=gnu99 supports flag -Wformat-nonliteral in envvar CFLAGS
configure:15023: arm-hisiv100nptl-linux-gcc -std=gnu99 -o conftest -Werror -Wformat-nonliteral   conftest.c  >&5
cc1: warnings being treated as errors
cc1: error: -Wformat-nonliteral ignored without -Wformat
configure:15023: $? = 1
configure: failed program was:
| /* confdefs.h */
| #define PACKAGE_NAME "kmod"
| #define PACKAGE_TARNAME "kmod"
| #define PACKAGE_VERSION "21"
| #define PACKAGE_STRING "kmod 21"
| #define PACKAGE_BUGREPORT "linux-modules@vger.kernel.org"
| #define PACKAGE_URL "http://git.kernel.org/?p=utils/kernel/kmod/kmod.git"
| #define STDC_HEADERS 1
| #define HAVE_SYS_TYPES_H 1
| #define HAVE_SYS_STAT_H 1
| #define HAVE_STDLIB_H 1
| #define HAVE_STRING_H 1
| #define HAVE_MEMORY_H 1
| #define HAVE_STRINGS_H 1
| #define HAVE_INTTYPES_H 1
| #define HAVE_STDINT_H 1
| #define HAVE_UNISTD_H 1
| #define __EXTENSIONS__ 1
| #define _ALL_SOURCE 1
| #define _GNU_SOURCE 1
| #define _POSIX_PTHREAD_SEMANTICS 1
| #define _TANDEM_SOURCE 1
| #define _FILE_OFFSET_BITS 64
| #define PACKAGE "kmod"
| #define VERSION "21"
| #define HAVE_DLFCN_H 1
| #define LT_OBJDIR ".libs/"
| #define HAVE___BUILTIN_CLZ 1
| #define HAVE___BUILTIN_TYPES_COMPATIBLE_P 1
| #define HAVE___BUILTIN_UADDL_OVERFLOW 0
| #define HAVE___BUILTIN_UADDLL_OVERFLOW 0
| #define HAVE_STRUCT_STAT_ST_MTIM 1
| #define HAVE_DECL_STRNDUPA 1
| #define HAVE_DECL_BE32TOH 1
| #define ENABLE_LOGGING 1
| /* end confdefs.h.  */
| int main(void) { return 0; }
configure:15033: result: no
configure:15012: checking if arm-hisiv100nptl-linux-gcc -std=gnu99 supports flag -Wold-style-definition in envvar CFLAGS
configure:15023: arm-hisiv100nptl-linux-gcc -std=gnu99 -o conftest -Werror -Wold-style-definition   conftest.c  >&5
configure:15023: $? = 0
configure:15033: result: yes
configure:15012: checking if arm-hisiv100nptl-linux-gcc -std=gnu99 supports flag -Wpointer-arith in envvar CFLAGS
configure:15023: arm-hisiv100nptl-linux-gcc -std=gnu99 -o conftest -Werror -Wpointer-arith   conftest.c  >&5
configure:15023: $? = 0
configure:15033: result: yes
configure:15012: checking if arm-hisiv100nptl-linux-gcc -std=gnu99 supports flag -Winit-self in envvar CFLAGS
configure:15023: arm-hisiv100nptl-linux-gcc -std=gnu99 -o conftest -Werror -Winit-self   conftest.c  >&5
configure:15023: $? = 0
configure:15033: result: yes
configure:15012: checking if arm-hisiv100nptl-linux-gcc -std=gnu99 supports flag -Wdeclaration-after-statement in envvar CFLAGS
configure:15023: arm-hisiv100nptl-linux-gcc -std=gnu99 -o conftest -Werror -Wdeclaration-after-statement   conftest.c  >&5
configure:15023: $? = 0
configure:15033: result: yes
configure:15012: checking if arm-hisiv100nptl-linux-gcc -std=gnu99 supports flag -Wfloat-equal in envvar CFLAGS
configure:15023: arm-hisiv100nptl-linux-gcc -std=gnu99 -o conftest -Werror -Wfloat-equal   conftest.c  >&5
configure:15023: $? = 0
configure:15033: result: yes
configure:15012: checking if arm-hisiv100nptl-linux-gcc -std=gnu99 supports flag -Wmissing-prototypes in envvar CFLAGS
configure:15023: arm-hisiv100nptl-linux-gcc -std=gnu99 -o conftest -Werror -Wmissing-prototypes   conftest.c  >&5
configure:15023: $? = 0
configure:15033: result: yes
configure:15012: checking if arm-hisiv100nptl-linux-gcc -std=gnu99 supports flag -Wstrict-prototypes in envvar CFLAGS
configure:15023: arm-hisiv100nptl-linux-gcc -std=gnu99 -o conftest -Werror -Wstrict-prototypes   conftest.c  >&5
configure:15023: $? = 0
configure:15033: result: yes
configure:15012: checking if arm-hisiv100nptl-linux-gcc -std=gnu99 supports flag -Wredundant-decls in envvar CFLAGS
configure:15023: arm-hisiv100nptl-linux-gcc -std=gnu99 -o conftest -Werror -Wredundant-decls   conftest.c  >&5
configure:15023: $? = 0
configure:15033: result: yes
configure:15012: checking if arm-hisiv100nptl-linux-gcc -std=gnu99 supports flag -Wmissing-declarations in envvar CFLAGS
configure:15023: arm-hisiv100nptl-linux-gcc -std=gnu99 -o conftest -Werror -Wmissing-declarations   conftest.c  >&5
configure:15023: $? = 0
configure:15033: result: yes
configure:15012: checking if arm-hisiv100nptl-linux-gcc -std=gnu99 supports flag -Wmissing-noreturn in envvar CFLAGS
configure:15023: arm-hisiv100nptl-linux-gcc -std=gnu99 -o conftest -Werror -Wmissing-noreturn   conftest.c  >&5
configure:15023: $? = 0
configure:15033: result: yes
configure:15012: checking if arm-hisiv100nptl-linux-gcc -std=gnu99 supports flag -Wshadow in envvar CFLAGS
configure:15023: arm-hisiv100nptl-linux-gcc -std=gnu99 -o conftest -Werror -Wshadow   conftest.c  >&5
configure:15023: $? = 0
configure:15033: result: yes
configure:15012: checking if arm-hisiv100nptl-linux-gcc -std=gnu99 supports flag -Wendif-labels in envvar CFLAGS
configure:15023: arm-hisiv100nptl-linux-gcc -std=gnu99 -o conftest -Werror -Wendif-labels   conftest.c  >&5
configure:15023: $? = 0
configure:15033: result: yes
configure:15012: checking if arm-hisiv100nptl-linux-gcc -std=gnu99 supports flag -Wstrict-aliasing=3 in envvar CFLAGS
configure:15023: arm-hisiv100nptl-linux-gcc -std=gnu99 -o conftest -Werror -Wstrict-aliasing=3   conftest.c  >&5
configure:15023: $? = 0
configure:15033: result: yes
configure:15012: checking if arm-hisiv100nptl-linux-gcc -std=gnu99 supports flag -Wwrite-strings in envvar CFLAGS
configure:15023: arm-hisiv100nptl-linux-gcc -std=gnu99 -o conftest -Werror -Wwrite-strings   conftest.c  >&5
configure:15023: $? = 0
configure:15033: result: yes
configure:15012: checking if arm-hisiv100nptl-linux-gcc -std=gnu99 supports flag -Wno-long-long in envvar CFLAGS
configure:15023: arm-hisiv100nptl-linux-gcc -std=gnu99 -o conftest -Werror -Wlong-long   conftest.c  >&5
configure:15023: $? = 0
configure:15033: result: yes
configure:15012: checking if arm-hisiv100nptl-linux-gcc -std=gnu99 supports flag -Wno-overlength-strings in envvar CFLAGS
configure:15023: arm-hisiv100nptl-linux-gcc -std=gnu99 -o conftest -Werror -Woverlength-strings   conftest.c  >&5
configure:15023: $? = 0
configure:15033: result: yes
configure:15012: checking if arm-hisiv100nptl-linux-gcc -std=gnu99 supports flag -Wno-unused-parameter in envvar CFLAGS
configure:15023: arm-hisiv100nptl-linux-gcc -std=gnu99 -o conftest -Werror -Wunused-parameter   conftest.c  >&5
configure:15023: $? = 0
configure:15033: result: yes
configure:15012: checking if arm-hisiv100nptl-linux-gcc -std=gnu99 supports flag -Wno-missing-field-initializers in envvar CFLAGS
configure:15023: arm-hisiv100nptl-linux-gcc -std=gnu99 -o conftest -Werror -Wmissing-field-initializers   conftest.c  >&5
configure:15023: $? = 0
configure:15033: result: yes
configure:15012: checking if arm-hisiv100nptl-linux-gcc -std=gnu99 supports flag -Wno-unused-result in envvar CFLAGS
configure:15023: arm-hisiv100nptl-linux-gcc -std=gnu99 -o conftest -Werror -Wunused-result   conftest.c  >&5
cc1: error: unrecognized command line option "-Wunused-result"
configure:15023: $? = 1
configure: failed program was:
| /* confdefs.h */
| #define PACKAGE_NAME "kmod"
| #define PACKAGE_TARNAME "kmod"
| #define PACKAGE_VERSION "21"
| #define PACKAGE_STRING "kmod 21"
| #define PACKAGE_BUGREPORT "linux-modules@vger.kernel.org"
| #define PACKAGE_URL "http://git.kernel.org/?p=utils/kernel/kmod/kmod.git"
| #define STDC_HEADERS 1
| #define HAVE_SYS_TYPES_H 1
| #define HAVE_SYS_STAT_H 1
| #define HAVE_STDLIB_H 1
| #define HAVE_STRING_H 1
| #define HAVE_MEMORY_H 1
| #define HAVE_STRINGS_H 1
| #define HAVE_INTTYPES_H 1
| #define HAVE_STDINT_H 1
| #define HAVE_UNISTD_H 1
| #define __EXTENSIONS__ 1
| #define _ALL_SOURCE 1
| #define _GNU_SOURCE 1
| #define _POSIX_PTHREAD_SEMANTICS 1
| #define _TANDEM_SOURCE 1
| #define _FILE_OFFSET_BITS 64
| #define PACKAGE "kmod"
| #define VERSION "21"
| #define HAVE_DLFCN_H 1
| #define LT_OBJDIR ".libs/"
| #define HAVE___BUILTIN_CLZ 1
| #define HAVE___BUILTIN_TYPES_COMPATIBLE_P 1
| #define HAVE___BUILTIN_UADDL_OVERFLOW 0
| #define HAVE___BUILTIN_UADDLL_OVERFLOW 0
| #define HAVE_STRUCT_STAT_ST_MTIM 1
| #define HAVE_DECL_STRNDUPA 1
| #define HAVE_DECL_BE32TOH 1
| #define ENABLE_LOGGING 1
| /* end confdefs.h.  */
| int main(void) { return 0; }
configure:15033: result: no
configure:15012: checking if arm-hisiv100nptl-linux-gcc -std=gnu99 supports flag -Wnested-externs in envvar CFLAGS
configure:15023: arm-hisiv100nptl-linux-gcc -std=gnu99 -o conftest -Werror -Wnested-externs   conftest.c  >&5
configure:15023: $? = 0
configure:15033: result: yes
configure:15012: checking if arm-hisiv100nptl-linux-gcc -std=gnu99 supports flag -Wchar-subscripts in envvar CFLAGS
configure:15023: arm-hisiv100nptl-linux-gcc -std=gnu99 -o conftest -Werror -Wchar-subscripts   conftest.c  >&5
configure:15023: $? = 0
configure:15033: result: yes
configure:15012: checking if arm-hisiv100nptl-linux-gcc -std=gnu99 supports flag -Wtype-limits in envvar CFLAGS
configure:15023: arm-hisiv100nptl-linux-gcc -std=gnu99 -o conftest -Werror -Wtype-limits   conftest.c  >&5
configure:15023: $? = 0
configure:15033: result: yes
configure:15012: checking if arm-hisiv100nptl-linux-gcc -std=gnu99 supports flag -Wuninitialized in envvar CFLAGS
configure:15023: arm-hisiv100nptl-linux-gcc -std=gnu99 -o conftest -Werror -Wuninitialized   conftest.c  >&5
configure:15023: $? = 0
configure:15033: result: yes
configure:15012: checking if arm-hisiv100nptl-linux-gcc -std=gnu99 supports flag -fno-common in envvar CFLAGS
configure:15023: arm-hisiv100nptl-linux-gcc -std=gnu99 -o conftest -Werror -fno-common   conftest.c  >&5
configure:15023: $? = 0
configure:15033: result: yes
configure:15012: checking if arm-hisiv100nptl-linux-gcc -std=gnu99 supports flag -fdiagnostics-show-option in envvar CFLAGS
configure:15023: arm-hisiv100nptl-linux-gcc -std=gnu99 -o conftest -Werror -fdiagnostics-show-option   conftest.c  >&5
configure:15023: $? = 0
configure:15033: result: yes
configure:15012: checking if arm-hisiv100nptl-linux-gcc -std=gnu99 supports flag -fvisibility=hidden in envvar CFLAGS
configure:15023: arm-hisiv100nptl-linux-gcc -std=gnu99 -o conftest -Werror -fvisibility=hidden   conftest.c  >&5
configure:15023: $? = 0
configure:15033: result: yes
configure:15012: checking if arm-hisiv100nptl-linux-gcc -std=gnu99 supports flag -ffunction-sections in envvar CFLAGS
configure:15023: arm-hisiv100nptl-linux-gcc -std=gnu99 -o conftest -Werror -ffunction-sections   conftest.c  >&5
configure:15023: $? = 0
configure:15033: result: yes
configure:15012: checking if arm-hisiv100nptl-linux-gcc -std=gnu99 supports flag -fdata-sections in envvar CFLAGS
configure:15023: arm-hisiv100nptl-linux-gcc -std=gnu99 -o conftest -Werror -fdata-sections   conftest.c  >&5
configure:15023: $? = 0
configure:15033: result: yes
configure:15052: checking if arm-hisiv100nptl-linux-gcc -std=gnu99 supports flag -Wl,--as-needed in envvar LDFLAGS
configure:15063: arm-hisiv100nptl-linux-gcc -std=gnu99 -o conftest -g -O2  -Werror -Wl,--as-needed conftest.c  >&5
configure:15063: $? = 0
configure:15073: result: yes
configure:15052: checking if arm-hisiv100nptl-linux-gcc -std=gnu99 supports flag -Wl,--no-undefined in envvar LDFLAGS
configure:15063: arm-hisiv100nptl-linux-gcc -std=gnu99 -o conftest -g -O2  -Werror -Wl,--no-undefined conftest.c  >&5
configure:15063: $? = 0
configure:15073: result: yes
configure:15052: checking if arm-hisiv100nptl-linux-gcc -std=gnu99 supports flag -Wl,--gc-sections in envvar LDFLAGS
configure:15063: arm-hisiv100nptl-linux-gcc -std=gnu99 -o conftest -g -O2  -Werror -Wl,--gc-sections conftest.c  >&5
configure:15063: $? = 0
configure:15073: result: yes
configure:15214: checking that generated files are newer than configure
configure:15220: result: done
configure:15291: creating ./config.status

## ---------------------- ##
## Running config.status. ##
## ---------------------- ##

This file was extended by kmod config.status 21, which was
generated by GNU Autoconf 2.69.  Invocation command line was

  CONFIG_FILES    = 
  CONFIG_HEADERS  = 
  CONFIG_LINKS    = 
  CONFIG_COMMANDS = 
  $ ./config.status 

on wolf

config.status:1169: creating Makefile
config.status:1169: creating man/Makefile
config.status:1169: creating libkmod/docs/Makefile
config.status:1169: creating libkmod/docs/version.xml
config.status:1169: creating config.h
config.status:1398: executing depfiles commands
config.status:1398: executing libtool commands
configure:17466: result:
	kmod 21
	=======

	prefix:			/usr
	sysconfdir:		${prefix}/etc
	libdir:			${exec_prefix}/lib
	rootlibdir:		${exec_prefix}/lib
	includedir:		${prefix}/include
	bindir:			${exec_prefix}/bin
	Bash completions dir:   ${datarootdir}/bash-completion/completions

	compiler:		arm-hisiv100nptl-linux-gcc -std=gnu99
	cflags:			 -pipe -DANOTHER_BRICK_IN_THE -Wall -W -Wextra -Wno-inline -Wvla -Wundef -Wformat=2 -Wlogical-op -Wsign-compare -Wmissing-include-dirs -Wold-style-definition -Wpointer-arith -Winit-self -Wdeclaration-after-statement -Wfloat-equal -Wmissing-prototypes -Wstrict-prototypes -Wredundant-decls -Wmissing-declarations -Wmissing-noreturn -Wshadow -Wendif-labels -Wstrict-aliasing=3 -Wwrite-strings -Wno-long-long -Wno-overlength-strings -Wno-unused-parameter -Wno-missing-field-initializers -Wnested-externs -Wchar-subscripts -Wtype-limits -Wuninitialized -fno-common -fdiagnostics-show-option -fvisibility=hidden -ffunction-sections -fdata-sections -g -O2
	ldflags:		 -Wl,--as-needed -Wl,--no-undefined -Wl,--gc-sections 

	experimental features:  no
	tools:			yes
	python bindings:	no
	logging:		yes
	compression:		xz=no  zlib=no
	debug:			no
	coverage:		no
	doc:			no
	man:			yes
	test-modules:           yes

	features:               -XZ -ZLIB -EXPERIMENTAL


## ---------------- ##
## Cache variables. ##
## ---------------- ##

ac_cv_build=i686-pc-linux-gnu
ac_cv_c_compiler_gnu=yes
ac_cv_env_CC_set=
ac_cv_env_CC_value=
ac_cv_env_CFLAGS_set=
ac_cv_env_CFLAGS_value=
ac_cv_env_CPPFLAGS_set=
ac_cv_env_CPPFLAGS_value=
ac_cv_env_CPP_set=
ac_cv_env_CPP_value=
ac_cv_env_GTKDOC_DEPS_CFLAGS_set=
ac_cv_env_GTKDOC_DEPS_CFLAGS_value=
ac_cv_env_GTKDOC_DEPS_LIBS_set=
ac_cv_env_GTKDOC_DEPS_LIBS_value=
ac_cv_env_LDFLAGS_set=
ac_cv_env_LDFLAGS_value=
ac_cv_env_LIBS_set=
ac_cv_env_LIBS_value=
ac_cv_env_LT_SYS_LIBRARY_PATH_set=
ac_cv_env_LT_SYS_LIBRARY_PATH_value=
ac_cv_env_PKG_CONFIG_LIBDIR_set=
ac_cv_env_PKG_CONFIG_LIBDIR_value=
ac_cv_env_PKG_CONFIG_PATH_set=
ac_cv_env_PKG_CONFIG_PATH_value=
ac_cv_env_PKG_CONFIG_set=
ac_cv_env_PKG_CONFIG_value=
ac_cv_env_PYTHON_CFLAGS_set=
ac_cv_env_PYTHON_CFLAGS_value=
ac_cv_env_PYTHON_LIBS_set=
ac_cv_env_PYTHON_LIBS_value=
ac_cv_env_PYTHON_set=
ac_cv_env_PYTHON_value=
ac_cv_env_build_alias_set=
ac_cv_env_build_alias_value=
ac_cv_env_host_alias_set=set
ac_cv_env_host_alias_value=arm-hisiv100nptl-linux
ac_cv_env_liblzma_CFLAGS_set=
ac_cv_env_liblzma_CFLAGS_value=
ac_cv_env_liblzma_LIBS_set=
ac_cv_env_liblzma_LIBS_value=
ac_cv_env_target_alias_set=
ac_cv_env_target_alias_value=
ac_cv_env_zlib_CFLAGS_set=
ac_cv_env_zlib_CFLAGS_value=
ac_cv_env_zlib_LIBS_set=
ac_cv_env_zlib_LIBS_value=
ac_cv_func___secure_getenv=no
ac_cv_func___xstat=no
ac_cv_func_finit_module=no
ac_cv_func_secure_getenv=no
ac_cv_have_decl_be32toh=yes
ac_cv_have_decl_strndupa=yes
ac_cv_header_dlfcn_h=yes
ac_cv_header_inttypes_h=yes
ac_cv_header_linux_module_h=no
ac_cv_header_memory_h=yes
ac_cv_header_minix_config_h=no
ac_cv_header_stdc=yes
ac_cv_header_stdint_h=yes
ac_cv_header_stdlib_h=yes
ac_cv_header_string_h=yes
ac_cv_header_strings_h=yes
ac_cv_header_sys_stat_h=yes
ac_cv_header_sys_types_h=yes
ac_cv_header_unistd_h=yes
ac_cv_host=arm-hisiv100nptl-linux-gnu
ac_cv_member_struct_stat_st_mtim=yes
ac_cv_objext=o
ac_cv_path_DOLT_BASH=/bin/bash
ac_cv_path_EGREP='/bin/grep -E'
ac_cv_path_FGREP='/bin/grep -F'
ac_cv_path_GREP=/bin/grep
ac_cv_path_SED=/bin/sed
ac_cv_path_XSLTPROC=/usr/bin/xsltproc
ac_cv_path_ac_pt_PKG_CONFIG=/usr/bin/pkg-config
ac_cv_path_install='/usr/bin/install -c'
ac_cv_path_lt_DD=/bin/dd
ac_cv_path_mkdir=/bin/mkdir
ac_cv_prog_AR=arm-hisiv100nptl-linux-ar
ac_cv_prog_AWK=gawk
ac_cv_prog_CC=arm-hisiv100nptl-linux-gcc
ac_cv_prog_CPP='arm-hisiv100nptl-linux-gcc -E'
ac_cv_prog_OBJDUMP=arm-hisiv100nptl-linux-objdump
ac_cv_prog_RANLIB=arm-hisiv100nptl-linux-ranlib
ac_cv_prog_STRIP=arm-hisiv100nptl-linux-strip
ac_cv_prog_cc_c89=
ac_cv_prog_cc_c99=-std=gnu99
ac_cv_prog_cc_g=yes
ac_cv_prog_make_make_set=yes
ac_cv_safe_to_define___extensions__=yes
ac_cv_sys_file_offset_bits=64
ac_cv_sys_largefile_CC=no
am_cv_CC_dependencies_compiler_type=gcc3
am_cv_make_support_nested_variables=yes
am_cv_prog_cc_c_o=yes
am_cv_prog_tar_pax=gnutar
cc_cv_CFLAGS__DANOTHER_BRICK_IN_THE=yes
cc_cv_CFLAGS__W=yes
cc_cv_CFLAGS__Wall=yes
cc_cv_CFLAGS__Wchar_subscripts=yes
cc_cv_CFLAGS__Wdeclaration_after_statement=yes
cc_cv_CFLAGS__Wendif_labels=yes
cc_cv_CFLAGS__Wextra=yes
cc_cv_CFLAGS__Wfloat_equal=yes
cc_cv_CFLAGS__Wformat_2=yes
cc_cv_CFLAGS__Wformat_nonliteral=no
cc_cv_CFLAGS__Wformat_security=no
cc_cv_CFLAGS__Winit_self=yes
cc_cv_CFLAGS__Wlogical_op=yes
cc_cv_CFLAGS__Wmissing_declarations=yes
cc_cv_CFLAGS__Wmissing_include_dirs=yes
cc_cv_CFLAGS__Wmissing_noreturn=yes
cc_cv_CFLAGS__Wmissing_prototypes=yes
cc_cv_CFLAGS__Wnested_externs=yes
cc_cv_CFLAGS__Wno_inline=yes
cc_cv_CFLAGS__Wno_long_long=yes
cc_cv_CFLAGS__Wno_missing_field_initializers=yes
cc_cv_CFLAGS__Wno_overlength_strings=yes
cc_cv_CFLAGS__Wno_unused_parameter=yes
cc_cv_CFLAGS__Wno_unused_result=no
cc_cv_CFLAGS__Wold_style_definition=yes
cc_cv_CFLAGS__Wpointer_arith=yes
cc_cv_CFLAGS__Wredundant_decls=yes
cc_cv_CFLAGS__Wshadow=yes
cc_cv_CFLAGS__Wsign_compare=yes
cc_cv_CFLAGS__Wstrict_aliasing_3=yes
cc_cv_CFLAGS__Wstrict_prototypes=yes
cc_cv_CFLAGS__Wtype_limits=yes
cc_cv_CFLAGS__Wundef=yes
cc_cv_CFLAGS__Wuninitialized=yes
cc_cv_CFLAGS__Wvla=yes
cc_cv_CFLAGS__Wwrite_strings=yes
cc_cv_CFLAGS__fdata_sections=yes
cc_cv_CFLAGS__fdiagnostics_show_option=yes
cc_cv_CFLAGS__ffunction_sections=yes
cc_cv_CFLAGS__fno_common=yes
cc_cv_CFLAGS__fvisibility_hidden=yes
cc_cv_CFLAGS__pipe=yes
cc_cv_LDFLAGS__Wl___as_needed=yes
cc_cv_LDFLAGS__Wl___gc_sections=yes
cc_cv_LDFLAGS__Wl___no_undefined=yes
cc_cv_have___builtin_clz=yes
cc_cv_have___builtin_types_compatible_p=yes
cc_cv_have___builtin_uaddl_overflow=no
cc_cv_have___builtin_uaddll_overflow=no
lt_cv_ar_at_file=@
lt_cv_archive_cmds_need_lc=no
lt_cv_deplibs_check_method=pass_all
lt_cv_file_magic_cmd='$MAGIC_CMD'
lt_cv_file_magic_test_file=
lt_cv_ld_reload_flag=-r
lt_cv_nm_interface='BSD nm'
lt_cv_objdir=.libs
lt_cv_path_LD=/opt/hisi-linux-nptl/arm-hisiv100-linux/arm-hisiv100-linux-uclibcgnueabi/bin/ld
lt_cv_path_NM='/opt/hisi-linux-nptl/arm-hisiv100-linux/target/bin/arm-hisiv100nptl-linux-nm -B'
lt_cv_path_mainfest_tool=no
lt_cv_prog_compiler_c_o=yes
lt_cv_prog_compiler_pic='-fPIC -DPIC'
lt_cv_prog_compiler_pic_works=yes
lt_cv_prog_compiler_rtti_exceptions=no
lt_cv_prog_compiler_static_works=yes
lt_cv_prog_gnu_ld=yes
lt_cv_sharedlib_from_linklib_cmd='printf %s\n'
lt_cv_shlibpath_overrides_runpath=no
lt_cv_sys_global_symbol_pipe='sed -n -e '\''s/^.*[	 ]\([ABCDGIRSTW][ABCDGIRSTW]*\)[	 ][	 ]*\([_A-Za-z][_A-Za-z0-9]*\)$/\1 \2 \2/p'\'' | sed '\''/ __gnu_lto/d'\'''
lt_cv_sys_global_symbol_to_c_name_address='sed -n -e '\''s/^: \(.*\) .*$/  {"\1", (void *) 0},/p'\'' -e '\''s/^[ABCDGIRSTW][ABCDGIRSTW]* .* \(.*\)$/  {"\1", (void *) \&\1},/p'\'''
lt_cv_sys_global_symbol_to_c_name_address_lib_prefix='sed -n -e '\''s/^: \(.*\) .*$/  {"\1", (void *) 0},/p'\'' -e '\''s/^[ABCDGIRSTW][ABCDGIRSTW]* .* \(lib.*\)$/  {"\1", (void *) \&\1},/p'\'' -e '\''s/^[ABCDGIRSTW][ABCDGIRSTW]* .* \(.*\)$/  {"lib\1", (void *) \&\1},/p'\'''
lt_cv_sys_global_symbol_to_cdecl='sed -n -e '\''s/^T .* \(.*\)$/extern int \1();/p'\'' -e '\''s/^[ABCDGIRSTW][ABCDGIRSTW]* .* \(.*\)$/extern char \1;/p'\'''
lt_cv_sys_global_symbol_to_import=
lt_cv_sys_max_cmd_len=1966080
lt_cv_to_host_file_cmd=func_convert_file_noop
lt_cv_to_tool_file_cmd=func_convert_file_noop
lt_cv_truncate_bin='/bin/dd bs=4096 count=1'
pkg_cv_GTKDOC_DEPS_CFLAGS='-pthread -I/usr/include/glib-2.0 -I/usr/lib/glib-2.0/include  '
pkg_cv_GTKDOC_DEPS_LIBS='-pthread -lgobject-2.0 -lgthread-2.0 -lrt -lglib-2.0  '

## ----------------- ##
## Output variables. ##
## ----------------- ##

ACLOCAL='${SHELL} /home/gjyang/sys-bin/kmod/kmod-21/build-aux/missing aclocal-1.15'
AMDEPBACKSLASH='\'
AMDEP_FALSE='#'
AMDEP_TRUE=''
AMTAR='$${TAR-tar}'
AM_BACKSLASH='\'
AM_DEFAULT_V='$(AM_DEFAULT_VERBOSITY)'
AM_DEFAULT_VERBOSITY='0'
AM_V='$(V)'
AR='arm-hisiv100nptl-linux-ar'
AUTOCONF='${SHELL} /home/gjyang/sys-bin/kmod/kmod-21/build-aux/missing autoconf'
AUTOHEADER='${SHELL} /home/gjyang/sys-bin/kmod/kmod-21/build-aux/missing autoheader'
AUTOMAKE='${SHELL} /home/gjyang/sys-bin/kmod/kmod-21/build-aux/missing automake-1.15'
AWK='gawk'
BUILD_EXPERIMENTAL_FALSE=''
BUILD_EXPERIMENTAL_TRUE='#'
BUILD_MANPAGES_FALSE='#'
BUILD_MANPAGES_TRUE=''
BUILD_MODULES_FALSE='#'
BUILD_MODULES_TRUE=''
BUILD_PYTHON_FALSE=''
BUILD_PYTHON_TRUE='#'
BUILD_TOOLS_FALSE='#'
BUILD_TOOLS_TRUE=''
CC='arm-hisiv100nptl-linux-gcc -std=gnu99'
CCDEPMODE='depmode=gcc3'
CFLAGS='-g -O2'
CPP='arm-hisiv100nptl-linux-gcc -E'
CPPFLAGS=''
CYGPATH_W='echo'
CYTHON=''
DEFS='-DHAVE_CONFIG_H'
DEPDIR='.deps'
DLLTOOL='false'
DOLT_BASH='/bin/bash'
DOLT_CLEANFILES='doltlibtool doltcompile'
DSYMUTIL=''
DUMPBIN=''
ECHO_C=''
ECHO_N='-n'
ECHO_T=''
EGREP='/bin/grep -E'
ENABLE_COVERAGE_FALSE=''
ENABLE_COVERAGE_TRUE='#'
ENABLE_GTK_DOC_FALSE=''
ENABLE_GTK_DOC_TRUE='#'
EXEEXT=''
FGREP='/bin/grep -F'
GREP='/bin/grep'
GTKDOC_CHECK=''
GTKDOC_CHECK_PATH=''
GTKDOC_DEPS_CFLAGS='-pthread -I/usr/include/glib-2.0 -I/usr/lib/glib-2.0/include  '
GTKDOC_DEPS_LIBS='-pthread -lgobject-2.0 -lgthread-2.0 -lrt -lglib-2.0  '
GTKDOC_MKPDF=''
GTKDOC_REBASE='true'
GTK_DOC_BUILD_HTML_FALSE='#'
GTK_DOC_BUILD_HTML_TRUE=''
GTK_DOC_BUILD_PDF_FALSE=''
GTK_DOC_BUILD_PDF_TRUE='#'
GTK_DOC_USE_LIBTOOL_FALSE='#'
GTK_DOC_USE_LIBTOOL_TRUE=''
GTK_DOC_USE_REBASE_FALSE='#'
GTK_DOC_USE_REBASE_TRUE=''
HAVE_GTK_DOC_FALSE=''
HAVE_GTK_DOC_TRUE='#'
HTML_DIR='${datadir}/gtk-doc/html'
INSTALL_DATA='${INSTALL} -m 644'
INSTALL_PROGRAM='${INSTALL}'
INSTALL_SCRIPT='${INSTALL}'
INSTALL_STRIP_PROGRAM='$(install_sh) -c -s'
LD='/opt/hisi-linux-nptl/arm-hisiv100-linux/arm-hisiv100-linux-uclibcgnueabi/bin/ld'
LDFLAGS=''
LIBOBJS=''
LIBS=''
LIBTOOL='$(top_builddir)/doltlibtool'
LIPO=''
LN_S='ln -s'
LTCOMPILE='$(top_builddir)/doltcompile $(COMPILE)'
LTCXXCOMPILE='$(top_builddir)/doltcompile $(CXXCOMPILE)'
LTLIBOBJS=''
LT_SYS_LIBRARY_PATH=''
MAINT=''
MAINTAINER_MODE_FALSE='#'
MAINTAINER_MODE_TRUE=''
MAKEINFO='${SHELL} /home/gjyang/sys-bin/kmod/kmod-21/build-aux/missing makeinfo'
MANIFEST_TOOL=':'
MKDIR_P='/bin/mkdir -p'
NM='/opt/hisi-linux-nptl/arm-hisiv100-linux/target/bin/arm-hisiv100nptl-linux-nm -B'
NMEDIT=''
OBJDUMP='arm-hisiv100nptl-linux-objdump'
OBJEXT='o'
OTOOL64=''
OTOOL=''
OUR_CFLAGS=' -pipe -DANOTHER_BRICK_IN_THE -Wall -W -Wextra -Wno-inline -Wvla -Wundef -Wformat=2 -Wlogical-op -Wsign-compare -Wmissing-include-dirs -Wold-style-definition -Wpointer-arith -Winit-self -Wdeclaration-after-statement -Wfloat-equal -Wmissing-prototypes -Wstrict-prototypes -Wredundant-decls -Wmissing-declarations -Wmissing-noreturn -Wshadow -Wendif-labels -Wstrict-aliasing=3 -Wwrite-strings -Wno-long-long -Wno-overlength-strings -Wno-unused-parameter -Wno-missing-field-initializers -Wnested-externs -Wchar-subscripts -Wtype-limits -Wuninitialized -fno-common -fdiagnostics-show-option -fvisibility=hidden -ffunction-sections -fdata-sections '
OUR_LDFLAGS=' -Wl,--as-needed -Wl,--no-undefined -Wl,--gc-sections'
PACKAGE='kmod'
PACKAGE_BUGREPORT='linux-modules@vger.kernel.org'
PACKAGE_NAME='kmod'
PACKAGE_STRING='kmod 21'
PACKAGE_TARNAME='kmod'
PACKAGE_URL='http://git.kernel.org/?p=utils/kernel/kmod/kmod.git'
PACKAGE_VERSION='21'
PATH_SEPARATOR=':'
PKG_CONFIG='/usr/bin/pkg-config'
PKG_CONFIG_LIBDIR=''
PKG_CONFIG_PATH=''
PYTHON=''
PYTHON_CFLAGS=''
PYTHON_EXEC_PREFIX=''
PYTHON_LIBS=''
PYTHON_PLATFORM=''
PYTHON_PREFIX=''
PYTHON_VERSION=''
RANLIB='arm-hisiv100nptl-linux-ranlib'
SED='/bin/sed'
SET_MAKE=''
SHELL='/bin/sh'
STRIP='arm-hisiv100nptl-linux-strip'
VERSION='21'
XSLTPROC='/usr/bin/xsltproc'
ac_ct_AR=''
ac_ct_CC=''
ac_ct_DUMPBIN=''
am__EXEEXT_FALSE=''
am__EXEEXT_TRUE='#'
am__fastdepCC_FALSE='#'
am__fastdepCC_TRUE=''
am__include='include'
am__isrc=''
am__leading_dot='.'
am__nodep='_no'
am__quote=''
am__tar='tar --format=posix -chf - "$$tardir"'
am__untar='tar -xf -'
bashcompletiondir='${datarootdir}/bash-completion/completions'
bindir='${exec_prefix}/bin'
build='i686-pc-linux-gnu'
build_alias=''
build_cpu='i686'
build_os='linux-gnu'
build_vendor='pc'
datadir='${datarootdir}'
datarootdir='${prefix}/share'
docdir='${datarootdir}/doc/${PACKAGE_TARNAME}'
dvidir='${docdir}'
exec_prefix='${prefix}'
have_coverage=''
host='arm-hisiv100nptl-linux-gnu'
host_alias='arm-hisiv100nptl-linux'
host_cpu='arm'
host_os='linux-gnu'
host_vendor='hisiv100nptl'
htmldir='${docdir}'
includedir='${prefix}/include'
infodir='${datarootdir}/info'
install_sh='${SHELL} /home/gjyang/sys-bin/kmod/kmod-21/build-aux/install-sh'
libdir='${exec_prefix}/lib'
libexecdir='${exec_prefix}/libexec'
liblzma_CFLAGS=''
liblzma_LIBS=''
localedir='${datarootdir}/locale'
localstatedir='${prefix}/var'
mandir='${datarootdir}/man'
mkdir_p='$(MKDIR_P)'
oldincludedir='/usr/include'
pdfdir='${docdir}'
pkgpyexecdir=''
pkgpythondir=''
prefix='/usr'
program_transform_name='s,x,x,'
psdir='${docdir}'
pyexecdir=''
pythondir=''
rootlibdir='${exec_prefix}/lib'
sbindir='${exec_prefix}/sbin'
sharedstatedir='${prefix}/com'
sysconfdir='${prefix}/etc'
target_alias=''
zlib_CFLAGS=''
zlib_LIBS=''

## ----------- ##
## confdefs.h. ##
## ----------- ##

/* confdefs.h */
#define PACKAGE_NAME "kmod"
#define PACKAGE_TARNAME "kmod"
#define PACKAGE_VERSION "21"
#define PACKAGE_STRING "kmod 21"
#define PACKAGE_BUGREPORT "linux-modules@vger.kernel.org"
#define PACKAGE_URL "http://git.kernel.org/?p=utils/kernel/kmod/kmod.git"
#define STDC_HEADERS 1
#define HAVE_SYS_TYPES_H 1
#define HAVE_SYS_STAT_H 1
#define HAVE_STDLIB_H 1
#define HAVE_STRING_H 1
#define HAVE_MEMORY_H 1
#define HAVE_STRINGS_H 1
#define HAVE_INTTYPES_H 1
#define HAVE_STDINT_H 1
#define HAVE_UNISTD_H 1
#define __EXTENSIONS__ 1
#define _ALL_SOURCE 1
#define _GNU_SOURCE 1
#define _POSIX_PTHREAD_SEMANTICS 1
#define _TANDEM_SOURCE 1
#define _FILE_OFFSET_BITS 64
#define PACKAGE "kmod"
#define VERSION "21"
#define HAVE_DLFCN_H 1
#define LT_OBJDIR ".libs/"
#define HAVE___BUILTIN_CLZ 1
#define HAVE___BUILTIN_TYPES_COMPATIBLE_P 1
#define HAVE___BUILTIN_UADDL_OVERFLOW 0
#define HAVE___BUILTIN_UADDLL_OVERFLOW 0
#define HAVE_STRUCT_STAT_ST_MTIM 1
#define HAVE_DECL_STRNDUPA 1
#define HAVE_DECL_BE32TOH 1
#define ENABLE_LOGGING 1
#define KMOD_FEATURES "-XZ -ZLIB -EXPERIMENTAL"

configure: exit 0
