This file contains any messages produced by compilers while
running configure, to aid debugging if configure makes a mistake.

It was created by libnl configure 3.2.27, which was
generated by GNU Autoconf 2.69.  Invocation command line was

  $ ./configure --host=arm-linux-gnueabihf CC=arm-linux-gnueabihf-gcc

## --------- ##
## Platform. ##
## --------- ##

hostname = wolf
uname -m = i686
uname -r = 2.6.32-504.el6.i686
uname -s = Linux
uname -v = #1 SMP Wed Oct 15 03:02:07 UTC 2014

/usr/bin/uname -p = unknown
/bin/uname -X     = unknown

/bin/arch              = i686
/usr/bin/arch -k       = unknown
/usr/convex/getsysinfo = unknown
/usr/bin/hostinfo      = unknown
/bin/machine           = unknown
/usr/bin/oslevel       = unknown
/bin/universe          = unknown

PATH: /opt/hisi-linux-nptl/arm-hisiv100-linux/target/bin
PATH: /opt/mips-2014.05/bin
PATH: /opt/linaro-multilib-2014.06-gcc4.9/bin
PATH: /opt/stbgcc-4.8-1.0/bin
PATH: /opt/hisi-linux/x86-arm/arm-hisiv400-linux/target/bin
PATH: /opt/hisi-linux/x86-arm/arm-hisiv200-linux/target/bin
PATH: /usr/lib/qt-3.3/bin
PATH: /usr/local/bin
PATH: /bin
PATH: /usr/bin
PATH: /usr/local/sbin
PATH: /usr/sbin
PATH: /sbin
PATH: /home/gjyang/gj-utils/autoftp/bin
PATH: /home/gjyang/bin


## ----------- ##
## Core tests. ##
## ----------- ##

configure:2214: checking for a BSD-compatible install
configure:2282: result: /usr/bin/install -c
configure:2293: checking whether build environment is sane
configure:2348: result: yes
configure:2407: checking for arm-linux-gnueabihf-strip
configure:2423: found /opt/linaro-multilib-2014.06-gcc4.9/bin/arm-linux-gnueabihf-strip
configure:2434: result: arm-linux-gnueabihf-strip
configure:2499: checking for a thread-safe mkdir -p
configure:2538: result: /bin/mkdir -p
configure:2545: checking for gawk
configure:2561: found /bin/gawk
configure:2572: result: gawk
configure:2583: checking whether make sets $(MAKE)
configure:2605: result: yes
configure:2634: checking whether make supports nested variables
configure:2651: result: yes
configure:2788: checking whether make supports nested variables
configure:2805: result: yes
configure:2828: checking for style of include used by make
configure:2856: result: GNU
configure:2887: checking for arm-linux-gnueabihf-gcc
configure:2914: result: arm-linux-gnueabihf-gcc
configure:3183: checking for C compiler version
configure:3192: arm-linux-gnueabihf-gcc --version >&5
arm-linux-gnueabihf-gcc (crosstool-NG - Ambarella Linaro Multilib GCC [CortexA9 & ARMv6k] 2014.06) 4.9.1 20140625 (prerelease)
Copyright (C) 2014 Free Software Foundation, Inc.
This is free software; see the source for copying conditions.  There is NO
warranty; not even for MERCHANTABILITY or FITNESS FOR A PARTICULAR PURPOSE.

configure:3203: $? = 0
configure:3192: arm-linux-gnueabihf-gcc -v >&5
Using built-in specs.
COLLECT_GCC=arm-linux-gnueabihf-gcc
COLLECT_LTO_WRAPPER=/opt/linaro-multilib-2014.06-gcc4.9/bin/../libexec/gcc/arm-linux-gnueabihf/4.9.1/lto-wrapper
Target: arm-linux-gnueabihf
Configured with: /development/crosstools-ng/cortexA9/.build/src/gcc-linaro-4.9-2014.06-1/configure --build=i686-build_pc-linux-gnu --host=i686-build_pc-linux-gnu --target=arm-linux-gnueabihf --prefix=/development/crosstools-ng/cortexA9/linaro-multilib-2014.06-gcc4.9 --with-sysroot=/development/crosstools-ng/cortexA9/linaro-multilib-2014.06-gcc4.9/arm-linux-gnueabihf/libc --enable-languages=c,c++ --with-arch=armv7-a --with-tune=cortex-a9 --with-fpu=vfpv3 --with-float=hard --with-pkgversion='crosstool-NG - Ambarella Linaro Multilib GCC [CortexA9 & ARMv6k] 2014.06' --with-bugurl=https://bugs.launchpad.net/gcc-linaro --enable-__cxa_atexit --enable-libmudflap --enable-libgomp --enable-libssp --disable-libquadmath --disable-libquadmath-support --with-gmp=/development/crosstools-ng/cortexA9/.build/arm-linux-gnueabihf/buildtools --with-mpfr=/development/crosstools-ng/cortexA9/.build/arm-linux-gnueabihf/buildtools --with-mpc=/development/crosstools-ng/cortexA9/.build/arm-linux-gnueabihf/buildtools --with-isl=/development/crosstools-ng/cortexA9/.build/arm-linux-gnueabihf/buildtools --with-cloog=/development/crosstools-ng/cortexA9/.build/arm-linux-gnueabihf/buildtools --with-libelf=/development/crosstools-ng/cortexA9/.build/arm-linux-gnueabihf/buildtools --with-host-libstdcxx='-static-libgcc -Wl,-Bstatic,-lstdc++ -lm' --enable-threads=posix --disable-libstdcxx-pch --enable-linker-build-id --enable-gold --enable-multilib --with-local-prefix=/development/crosstools-ng/cortexA9/linaro-multilib-2014.06-gcc4.9/arm-linux-gnueabihf/libc --enable-c99 --enable-long-long --with-mode=thumb
Thread model: posix
gcc version 4.9.1 20140625 (prerelease) (crosstool-NG - Ambarella Linaro Multilib GCC [CortexA9 & ARMv6k] 2014.06) 
configure:3203: $? = 0
configure:3192: arm-linux-gnueabihf-gcc -V >&5
arm-linux-gnueabihf-gcc: error: unrecognized command line option '-V'
arm-linux-gnueabihf-gcc: fatal error: no input files
compilation terminated.
configure:3203: $? = 1
configure:3192: arm-linux-gnueabihf-gcc -qversion >&5
arm-linux-gnueabihf-gcc: error: unrecognized command line option '-qversion'
arm-linux-gnueabihf-gcc: fatal error: no input files
compilation terminated.
configure:3203: $? = 1
configure:3223: checking whether the C compiler works
configure:3245: arm-linux-gnueabihf-gcc    conftest.c  >&5
configure:3249: $? = 0
configure:3297: result: yes
configure:3300: checking for C compiler default output file name
configure:3302: result: a.out
configure:3308: checking for suffix of executables
configure:3315: arm-linux-gnueabihf-gcc -o conftest    conftest.c  >&5
configure:3319: $? = 0
configure:3341: result: 
configure:3363: checking whether we are cross compiling
configure:3371: arm-linux-gnueabihf-gcc -o conftest    conftest.c  >&5
configure:3375: $? = 0
configure:3382: ./conftest
./configure: line 3384: ./conftest: cannot execute binary file
configure:3386: $? = 126
configure:3401: result: yes
configure:3406: checking for suffix of object files
configure:3428: arm-linux-gnueabihf-gcc -c   conftest.c >&5
configure:3432: $? = 0
configure:3453: result: o
configure:3457: checking whether we are using the GNU C compiler
configure:3476: arm-linux-gnueabihf-gcc -c   conftest.c >&5
configure:3476: $? = 0
configure:3485: result: yes
configure:3494: checking whether arm-linux-gnueabihf-gcc accepts -g
configure:3514: arm-linux-gnueabihf-gcc -c -g  conftest.c >&5
configure:3514: $? = 0
configure:3555: result: yes
configure:3572: checking for arm-linux-gnueabihf-gcc option to accept ISO C89
configure:3635: arm-linux-gnueabihf-gcc  -c -g -O2  conftest.c >&5
configure:3635: $? = 0
configure:3648: result: none needed
configure:3673: checking whether arm-linux-gnueabihf-gcc understands -c and -o together
configure:3695: arm-linux-gnueabihf-gcc -c conftest.c -o conftest2.o
configure:3698: $? = 0
configure:3695: arm-linux-gnueabihf-gcc -c conftest.c -o conftest2.o
configure:3698: $? = 0
configure:3710: result: yes
configure:3729: checking dependency style of arm-linux-gnueabihf-gcc
configure:3840: result: gcc3
configure:3861: checking for arm-linux-gnueabihf-ar
configure:3877: found /opt/linaro-multilib-2014.06-gcc4.9/bin/arm-linux-gnueabihf-ar
configure:3888: result: arm-linux-gnueabihf-ar
configure:3958: checking the archiver (arm-linux-gnueabihf-ar) interface
configure:3974: arm-linux-gnueabihf-gcc -c -g -O2  conftest.c >&5
configure:3974: $? = 0
configure:3976: arm-linux-gnueabihf-ar cru libconftest.a conftest.o >&5
configure:3979: $? = 0
configure:4007: result: ar
configure:4054: checking for arm-linux-gnueabihf-gcc
configure:4081: result: arm-linux-gnueabihf-gcc
configure:4350: checking for C compiler version
configure:4359: arm-linux-gnueabihf-gcc --version >&5
arm-linux-gnueabihf-gcc (crosstool-NG - Ambarella Linaro Multilib GCC [CortexA9 & ARMv6k] 2014.06) 4.9.1 20140625 (prerelease)
Copyright (C) 2014 Free Software Foundation, Inc.
This is free software; see the source for copying conditions.  There is NO
warranty; not even for MERCHANTABILITY or FITNESS FOR A PARTICULAR PURPOSE.

configure:4370: $? = 0
configure:4359: arm-linux-gnueabihf-gcc -v >&5
Using built-in specs.
COLLECT_GCC=arm-linux-gnueabihf-gcc
COLLECT_LTO_WRAPPER=/opt/linaro-multilib-2014.06-gcc4.9/bin/../libexec/gcc/arm-linux-gnueabihf/4.9.1/lto-wrapper
Target: arm-linux-gnueabihf
Configured with: /development/crosstools-ng/cortexA9/.build/src/gcc-linaro-4.9-2014.06-1/configure --build=i686-build_pc-linux-gnu --host=i686-build_pc-linux-gnu --target=arm-linux-gnueabihf --prefix=/development/crosstools-ng/cortexA9/linaro-multilib-2014.06-gcc4.9 --with-sysroot=/development/crosstools-ng/cortexA9/linaro-multilib-2014.06-gcc4.9/arm-linux-gnueabihf/libc --enable-languages=c,c++ --with-arch=armv7-a --with-tune=cortex-a9 --with-fpu=vfpv3 --with-float=hard --with-pkgversion='crosstool-NG - Ambarella Linaro Multilib GCC [CortexA9 & ARMv6k] 2014.06' --with-bugurl=https://bugs.launchpad.net/gcc-linaro --enable-__cxa_atexit --enable-libmudflap --enable-libgomp --enable-libssp --disable-libquadmath --disable-libquadmath-support --with-gmp=/development/crosstools-ng/cortexA9/.build/arm-linux-gnueabihf/buildtools --with-mpfr=/development/crosstools-ng/cortexA9/.build/arm-linux-gnueabihf/buildtools --with-mpc=/development/crosstools-ng/cortexA9/.build/arm-linux-gnueabihf/buildtools --with-isl=/development/crosstools-ng/cortexA9/.build/arm-linux-gnueabihf/buildtools --with-cloog=/development/crosstools-ng/cortexA9/.build/arm-linux-gnueabihf/buildtools --with-libelf=/development/crosstools-ng/cortexA9/.build/arm-linux-gnueabihf/buildtools --with-host-libstdcxx='-static-libgcc -Wl,-Bstatic,-lstdc++ -lm' --enable-threads=posix --disable-libstdcxx-pch --enable-linker-build-id --enable-gold --enable-multilib --with-local-prefix=/development/crosstools-ng/cortexA9/linaro-multilib-2014.06-gcc4.9/arm-linux-gnueabihf/libc --enable-c99 --enable-long-long --with-mode=thumb
Thread model: posix
gcc version 4.9.1 20140625 (prerelease) (crosstool-NG - Ambarella Linaro Multilib GCC [CortexA9 & ARMv6k] 2014.06) 
configure:4370: $? = 0
configure:4359: arm-linux-gnueabihf-gcc -V >&5
arm-linux-gnueabihf-gcc: error: unrecognized command line option '-V'
arm-linux-gnueabihf-gcc: fatal error: no input files
compilation terminated.
configure:4370: $? = 1
configure:4359: arm-linux-gnueabihf-gcc -qversion >&5
arm-linux-gnueabihf-gcc: error: unrecognized command line option '-qversion'
arm-linux-gnueabihf-gcc: fatal error: no input files
compilation terminated.
configure:4370: $? = 1
configure:4374: checking whether we are using the GNU C compiler
configure:4402: result: yes
configure:4411: checking whether arm-linux-gnueabihf-gcc accepts -g
configure:4472: result: yes
configure:4489: checking for arm-linux-gnueabihf-gcc option to accept ISO C89
configure:4565: result: none needed
configure:4590: checking whether arm-linux-gnueabihf-gcc understands -c and -o together
configure:4627: result: yes
configure:4646: checking dependency style of arm-linux-gnueabihf-gcc
configure:4757: result: gcc3
configure:4803: checking build system type
configure:4817: result: i686-pc-linux-gnu
configure:4837: checking host system type
configure:4850: result: arm-unknown-linux-gnueabihf
configure:4891: checking how to print strings
configure:4918: result: printf
configure:4939: checking for a sed that does not truncate output
configure:5003: result: /bin/sed
configure:5021: checking for grep that handles long lines and -e
configure:5079: result: /bin/grep
configure:5084: checking for egrep
configure:5146: result: /bin/grep -E
configure:5151: checking for fgrep
configure:5213: result: /bin/grep -F
configure:5248: checking for ld used by arm-linux-gnueabihf-gcc
configure:5315: result: /opt/linaro-multilib-2014.06-gcc4.9/arm-linux-gnueabihf/bin/ld
configure:5322: checking if the linker (/opt/linaro-multilib-2014.06-gcc4.9/arm-linux-gnueabihf/bin/ld) is GNU ld
configure:5337: result: yes
configure:5349: checking for BSD- or MS-compatible name lister (nm)
configure:5398: result: /opt/linaro-multilib-2014.06-gcc4.9/bin/arm-linux-gnueabihf-nm -B
configure:5528: checking the name lister (/opt/linaro-multilib-2014.06-gcc4.9/bin/arm-linux-gnueabihf-nm -B) interface
configure:5535: arm-linux-gnueabihf-gcc -c -g -O2  conftest.c >&5
configure:5538: /opt/linaro-multilib-2014.06-gcc4.9/bin/arm-linux-gnueabihf-nm -B "conftest.o"
configure:5541: output
00000000 B some_variable
configure:5548: result: BSD nm
configure:5551: checking whether ln -s works
configure:5555: result: yes
configure:5563: checking the maximum length of command line arguments
configure:5693: result: 1966080
configure:5710: checking whether the shell understands some XSI constructs
configure:5720: result: yes
configure:5724: checking whether the shell understands "+="
configure:5730: result: yes
configure:5765: checking how to convert i686-pc-linux-gnu file names to arm-unknown-linux-gnueabihf format
configure:5805: result: func_convert_file_noop
configure:5812: checking how to convert i686-pc-linux-gnu file names to toolchain format
configure:5832: result: func_convert_file_noop
configure:5839: checking for /opt/linaro-multilib-2014.06-gcc4.9/arm-linux-gnueabihf/bin/ld option to reload object files
configure:5846: result: -r
configure:5880: checking for arm-linux-gnueabihf-objdump
configure:5896: found /opt/linaro-multilib-2014.06-gcc4.9/bin/arm-linux-gnueabihf-objdump
configure:5907: result: arm-linux-gnueabihf-objdump
configure:5979: checking how to recognize dependent libraries
configure:6181: result: pass_all
configure:6226: checking for arm-linux-gnueabihf-dlltool
configure:6256: result: no
configure:6266: checking for dlltool
configure:6296: result: no
configure:6326: checking how to associate runtime and link libraries
configure:6353: result: printf %s\n
configure:6369: checking for arm-linux-gnueabihf-ar
configure:6396: result: arm-linux-gnueabihf-ar
configure:6477: checking for archiver @FILE support
configure:6494: arm-linux-gnueabihf-gcc -c -g -O2  conftest.c >&5
configure:6494: $? = 0
configure:6497: arm-linux-gnueabihf-ar cru libconftest.a @conftest.lst >&5
configure:6500: $? = 0
configure:6505: arm-linux-gnueabihf-ar cru libconftest.a @conftest.lst >&5
arm-linux-gnueabihf-ar: conftest.o: No such file or directory
configure:6508: $? = 1
configure:6520: result: @
configure:6538: checking for arm-linux-gnueabihf-strip
configure:6565: result: arm-linux-gnueabihf-strip
configure:6637: checking for arm-linux-gnueabihf-ranlib
configure:6653: found /opt/linaro-multilib-2014.06-gcc4.9/bin/arm-linux-gnueabihf-ranlib
configure:6664: result: arm-linux-gnueabihf-ranlib
configure:6806: checking command to parse /opt/linaro-multilib-2014.06-gcc4.9/bin/arm-linux-gnueabihf-nm -B output from arm-linux-gnueabihf-gcc object
configure:6926: arm-linux-gnueabihf-gcc -c -g -O2  conftest.c >&5
configure:6929: $? = 0
configure:6933: /opt/linaro-multilib-2014.06-gcc4.9/bin/arm-linux-gnueabihf-nm -B conftest.o \| sed -n -e 's/^.*[ ]\([ABCDGIRSTW][ABCDGIRSTW]*\)[ ][ ]*\([_A-Za-z][_A-Za-z0-9]*\)$/\1 \2 \2/p' | sed '/ __gnu_lto/d' \> conftest.nm
configure:6936: $? = 0
configure:7002: arm-linux-gnueabihf-gcc -o conftest -g -O2   conftest.c conftstm.o >&5
configure:7005: $? = 0
configure:7043: result: ok
configure:7080: checking for sysroot
configure:7110: result: no
configure:7332: checking for arm-linux-gnueabihf-mt
configure:7362: result: no
configure:7372: checking for mt
configure:7402: result: no
configure:7422: checking if : is a manifest tool
configure:7428: : '-?'
configure:7436: result: no
configure:8078: checking how to run the C preprocessor
configure:8109: arm-linux-gnueabihf-gcc -E  conftest.c
configure:8109: $? = 0
configure:8123: arm-linux-gnueabihf-gcc -E  conftest.c
conftest.c:11:28: fatal error: ac_nonexistent.h: No such file or directory
 #include <ac_nonexistent.h>
                            ^
compilation terminated.
configure:8123: $? = 1
configure: failed program was:
| /* confdefs.h */
| #define PACKAGE_NAME "libnl"
| #define PACKAGE_TARNAME "libnl"
| #define PACKAGE_VERSION "3.2.27"
| #define PACKAGE_STRING "libnl 3.2.27"
| #define PACKAGE_BUGREPORT ""
| #define PACKAGE_URL "http://www.infradead.org/~tgr/libnl/"
| #define PACKAGE "libnl"
| #define VERSION "3.2.27"
| /* end confdefs.h.  */
| #include <ac_nonexistent.h>
configure:8148: result: arm-linux-gnueabihf-gcc -E
configure:8168: arm-linux-gnueabihf-gcc -E  conftest.c
configure:8168: $? = 0
configure:8182: arm-linux-gnueabihf-gcc -E  conftest.c
conftest.c:11:28: fatal error: ac_nonexistent.h: No such file or directory
 #include <ac_nonexistent.h>
                            ^
compilation terminated.
configure:8182: $? = 1
configure: failed program was:
| /* confdefs.h */
| #define PACKAGE_NAME "libnl"
| #define PACKAGE_TARNAME "libnl"
| #define PACKAGE_VERSION "3.2.27"
| #define PACKAGE_STRING "libnl 3.2.27"
| #define PACKAGE_BUGREPORT ""
| #define PACKAGE_URL "http://www.infradead.org/~tgr/libnl/"
| #define PACKAGE "libnl"
| #define VERSION "3.2.27"
| /* end confdefs.h.  */
| #include <ac_nonexistent.h>
configure:8211: checking for ANSI C header files
configure:8231: arm-linux-gnueabihf-gcc -c -g -O2  conftest.c >&5
configure:8231: $? = 0
configure:8315: result: yes
configure:8328: checking for sys/types.h
configure:8328: arm-linux-gnueabihf-gcc -c -g -O2  conftest.c >&5
configure:8328: $? = 0
configure:8328: result: yes
configure:8328: checking for sys/stat.h
configure:8328: arm-linux-gnueabihf-gcc -c -g -O2  conftest.c >&5
configure:8328: $? = 0
configure:8328: result: yes
configure:8328: checking for stdlib.h
configure:8328: arm-linux-gnueabihf-gcc -c -g -O2  conftest.c >&5
configure:8328: $? = 0
configure:8328: result: yes
configure:8328: checking for string.h
configure:8328: arm-linux-gnueabihf-gcc -c -g -O2  conftest.c >&5
configure:8328: $? = 0
configure:8328: result: yes
configure:8328: checking for memory.h
configure:8328: arm-linux-gnueabihf-gcc -c -g -O2  conftest.c >&5
configure:8328: $? = 0
configure:8328: result: yes
configure:8328: checking for strings.h
configure:8328: arm-linux-gnueabihf-gcc -c -g -O2  conftest.c >&5
configure:8328: $? = 0
configure:8328: result: yes
configure:8328: checking for inttypes.h
configure:8328: arm-linux-gnueabihf-gcc -c -g -O2  conftest.c >&5
configure:8328: $? = 0
configure:8328: result: yes
configure:8328: checking for stdint.h
configure:8328: arm-linux-gnueabihf-gcc -c -g -O2  conftest.c >&5
configure:8328: $? = 0
configure:8328: result: yes
configure:8328: checking for unistd.h
configure:8328: arm-linux-gnueabihf-gcc -c -g -O2  conftest.c >&5
configure:8328: $? = 0
configure:8328: result: yes
configure:8342: checking for dlfcn.h
configure:8342: arm-linux-gnueabihf-gcc -c -g -O2  conftest.c >&5
configure:8342: $? = 0
configure:8342: result: yes
configure:8548: checking for objdir
configure:8563: result: .libs
configure:8834: checking if arm-linux-gnueabihf-gcc supports -fno-rtti -fno-exceptions
configure:8852: arm-linux-gnueabihf-gcc -c -g -O2  -fno-rtti -fno-exceptions conftest.c >&5
cc1: warning: command line option '-fno-rtti' is valid for C++/ObjC++ but not for C
configure:8856: $? = 0
configure:8869: result: no
configure:9196: checking for arm-linux-gnueabihf-gcc option to produce PIC
configure:9203: result: -fPIC -DPIC
configure:9211: checking if arm-linux-gnueabihf-gcc PIC flag -fPIC -DPIC works
configure:9229: arm-linux-gnueabihf-gcc -c -g -O2  -fPIC -DPIC -DPIC conftest.c >&5
configure:9233: $? = 0
configure:9246: result: yes
configure:9275: checking if arm-linux-gnueabihf-gcc static flag -static works
configure:9303: result: yes
configure:9318: checking if arm-linux-gnueabihf-gcc supports -c -o file.o
configure:9339: arm-linux-gnueabihf-gcc -c -g -O2  -o out/conftest2.o conftest.c >&5
configure:9343: $? = 0
configure:9365: result: yes
configure:9373: checking if arm-linux-gnueabihf-gcc supports -c -o file.o
configure:9420: result: yes
configure:9453: checking whether the arm-linux-gnueabihf-gcc linker (/opt/linaro-multilib-2014.06-gcc4.9/arm-linux-gnueabihf/bin/ld) supports shared libraries
configure:10606: result: yes
configure:10643: checking whether -lc should be explicitly linked in
configure:10651: arm-linux-gnueabihf-gcc -c -g -O2  conftest.c >&5
configure:10654: $? = 0
configure:10669: arm-linux-gnueabihf-gcc -shared  -fPIC -DPIC conftest.o  -v -Wl,-soname -Wl,conftest -o conftest 2\>\&1 \| /bin/grep  -lc  \>/dev/null 2\>\&1
configure:10672: $? = 0
configure:10686: result: no
configure:10846: checking dynamic linker characteristics
configure:11357: arm-linux-gnueabihf-gcc -o conftest -g -O2   -Wl,-rpath -Wl,/foo conftest.c  >&5
configure:11357: $? = 0
configure:11583: result: GNU/Linux ld.so
configure:11690: checking how to hardcode library paths into programs
configure:11715: result: immediate
configure:12255: checking whether stripping libraries is possible
configure:12260: result: yes
configure:12295: checking if libtool supports shared libraries
configure:12297: result: yes
configure:12300: checking whether to build shared libraries
configure:12321: result: yes
configure:12324: checking whether to build static libraries
configure:12328: result: yes
configure:12370: checking for flex
configure:12386: found /usr/bin/flex
configure:12397: result: flex
configure:12412: checking for bison
configure:12428: found /usr/bin/bison
configure:12439: result: bison -y
configure:12451: checking for an ANSI C-conforming const
configure:12517: arm-linux-gnueabihf-gcc -c -g -O2  conftest.c >&5
configure:12517: $? = 0
configure:12524: result: yes
configure:12532: checking for inline
configure:12548: arm-linux-gnueabihf-gcc -c -g -O2  conftest.c >&5
configure:12548: $? = 0
configure:12556: result: inline
configure:12586: checking for arm-linux-gnueabihf-pkg-config
configure:12604: found /opt/linaro-multilib-2014.06-gcc4.9/bin/arm-linux-gnueabihf-pkg-config
configure:12616: result: /opt/linaro-multilib-2014.06-gcc4.9/bin/arm-linux-gnueabihf-pkg-config
configure:12684: checking pkg-config is at least version 0.9.0
configure:12687: result: yes
configure:12697: checking for CHECK
configure:12704: $PKG_CONFIG --exists --print-errors "check >= 0.9.0"
Package check was not found in the pkg-config search path.
Perhaps you should add the directory containing `check.pc'
to the PKG_CONFIG_PATH environment variable
No package 'check' found
configure:12707: $? = 1
configure:12721: $PKG_CONFIG --exists --print-errors "check >= 0.9.0"
Package check was not found in the pkg-config search path.
Perhaps you should add the directory containing `check.pc'
to the PKG_CONFIG_PATH environment variable
No package 'check' found
configure:12724: $? = 1
configure:12738: result: no
No package 'check' found
configure:12754: WARNING: *** Disabling building of unit tests
configure:12859: checking for pow in -lm
configure:12884: arm-linux-gnueabihf-gcc -o conftest -g -O2   conftest.c -lm   >&5
conftest.c:30:6: warning: conflicting types for built-in function 'pow'
 char pow ();
      ^
configure:12884: $? = 0
configure:12893: result: yes
configure:12912: checking for pthread_mutex_lock in -lpthread
configure:12937: arm-linux-gnueabihf-gcc -o conftest -g -O2   conftest.c -lpthread  -lm  >&5
configure:12937: $? = 0
configure:12946: result: yes
configure:13099: checking that generated files are newer than configure
configure:13105: result: done
configure:13156: creating ./config.status

## ---------------------- ##
## Running config.status. ##
## ---------------------- ##

This file was extended by libnl config.status 3.2.27, which was
generated by GNU Autoconf 2.69.  Invocation command line was

  CONFIG_FILES    = 
  CONFIG_HEADERS  = 
  CONFIG_LINKS    = 
  CONFIG_COMMANDS = 
  $ ./config.status 

on wolf

config.status:1134: creating Makefile
config.status:1134: creating libnl-3.0.pc
config.status:1134: creating libnl-route-3.0.pc
config.status:1134: creating libnl-genl-3.0.pc
config.status:1134: creating libnl-nf-3.0.pc
config.status:1134: creating libnl-cli-3.0.pc
config.status:1134: creating libnl-xfrm-3.0.pc
config.status:1134: creating libnl-idiag-3.0.pc
config.status:1134: creating lib/Makefile
config.status:1134: creating include/Makefile
config.status:1134: creating src/Makefile
config.status:1134: creating src/lib/Makefile
config.status:1134: creating tests/Makefile
config.status:1134: creating man/Makefile
config.status:1134: creating python/Makefile
config.status:1134: creating python/setup.py
config.status:1134: creating python/doc/Makefile
config.status:1134: creating python/examples/Makefile
config.status:1134: creating python/netlink/Makefile
config.status:1134: creating python/netlink/genl/Makefile
config.status:1134: creating python/netlink/route/Makefile
config.status:1134: creating python/tests/Makefile
config.status:1134: creating include/netlink/version.h
config.status:1134: creating lib/defs.h
config.status:1363: executing depfiles commands
config.status:1363: executing libtool commands

## ---------------- ##
## Cache variables. ##
## ---------------- ##

ac_cv_build=i686-pc-linux-gnu
ac_cv_c_compiler_gnu=yes
ac_cv_c_const=yes
ac_cv_c_inline=inline
ac_cv_env_CC_set=set
ac_cv_env_CC_value=arm-linux-gnueabihf-gcc
ac_cv_env_CFLAGS_set=
ac_cv_env_CFLAGS_value=
ac_cv_env_CHECK_CFLAGS_set=
ac_cv_env_CHECK_CFLAGS_value=
ac_cv_env_CHECK_LIBS_set=
ac_cv_env_CHECK_LIBS_value=
ac_cv_env_CPPFLAGS_set=
ac_cv_env_CPPFLAGS_value=
ac_cv_env_CPP_set=
ac_cv_env_CPP_value=
ac_cv_env_LDFLAGS_set=
ac_cv_env_LDFLAGS_value=
ac_cv_env_LIBS_set=
ac_cv_env_LIBS_value=
ac_cv_env_PKG_CONFIG_LIBDIR_set=
ac_cv_env_PKG_CONFIG_LIBDIR_value=
ac_cv_env_PKG_CONFIG_PATH_set=
ac_cv_env_PKG_CONFIG_PATH_value=
ac_cv_env_PKG_CONFIG_set=
ac_cv_env_PKG_CONFIG_value=
ac_cv_env_build_alias_set=
ac_cv_env_build_alias_value=
ac_cv_env_host_alias_set=set
ac_cv_env_host_alias_value=arm-linux-gnueabihf
ac_cv_env_target_alias_set=
ac_cv_env_target_alias_value=
ac_cv_header_dlfcn_h=yes
ac_cv_header_inttypes_h=yes
ac_cv_header_memory_h=yes
ac_cv_header_stdc=yes
ac_cv_header_stdint_h=yes
ac_cv_header_stdlib_h=yes
ac_cv_header_string_h=yes
ac_cv_header_strings_h=yes
ac_cv_header_sys_stat_h=yes
ac_cv_header_sys_types_h=yes
ac_cv_header_unistd_h=yes
ac_cv_host=arm-unknown-linux-gnueabihf
ac_cv_lib_m_pow=yes
ac_cv_lib_pthread_pthread_mutex_lock=yes
ac_cv_objext=o
ac_cv_path_EGREP='/bin/grep -E'
ac_cv_path_FGREP='/bin/grep -F'
ac_cv_path_GREP=/bin/grep
ac_cv_path_PKG_CONFIG=/opt/linaro-multilib-2014.06-gcc4.9/bin/arm-linux-gnueabihf-pkg-config
ac_cv_path_SED=/bin/sed
ac_cv_path_install='/usr/bin/install -c'
ac_cv_path_mkdir=/bin/mkdir
ac_cv_prog_AR=arm-linux-gnueabihf-ar
ac_cv_prog_AWK=gawk
ac_cv_prog_CC=arm-linux-gnueabihf-gcc
ac_cv_prog_CPP='arm-linux-gnueabihf-gcc -E'
ac_cv_prog_FLEX=flex
ac_cv_prog_OBJDUMP=arm-linux-gnueabihf-objdump
ac_cv_prog_RANLIB=arm-linux-gnueabihf-ranlib
ac_cv_prog_STRIP=arm-linux-gnueabihf-strip
ac_cv_prog_YACC='bison -y'
ac_cv_prog_cc_c89=
ac_cv_prog_cc_g=yes
ac_cv_prog_make_make_set=yes
am_cv_CC_dependencies_compiler_type=gcc3
am_cv_ar_interface=ar
am_cv_make_support_nested_variables=yes
am_cv_prog_cc_c_o=yes
lt_cv_ar_at_file=@
lt_cv_archive_cmds_need_lc=no
lt_cv_deplibs_check_method=pass_all
lt_cv_file_magic_cmd='$MAGIC_CMD'
lt_cv_file_magic_test_file=
lt_cv_ld_reload_flag=-r
lt_cv_nm_interface='BSD nm'
lt_cv_objdir=.libs
lt_cv_path_LD=/opt/linaro-multilib-2014.06-gcc4.9/arm-linux-gnueabihf/bin/ld
lt_cv_path_NM='/opt/linaro-multilib-2014.06-gcc4.9/bin/arm-linux-gnueabihf-nm -B'
lt_cv_path_mainfest_tool=no
lt_cv_prog_compiler_c_o=yes
lt_cv_prog_compiler_pic='-fPIC -DPIC'
lt_cv_prog_compiler_pic_works=yes
lt_cv_prog_compiler_rtti_exceptions=no
lt_cv_prog_compiler_static_works=yes
lt_cv_prog_gnu_ld=yes
lt_cv_sharedlib_from_linklib_cmd='printf %s\n'
lt_cv_shlibpath_overrides_runpath=no
lt_cv_sys_global_symbol_pipe='sed -n -e '\''s/^.*[	 ]\([ABCDGIRSTW][ABCDGIRSTW]*\)[	 ][	 ]*\([_A-Za-z][_A-Za-z0-9]*\)$/\1 \2 \2/p'\'' | sed '\''/ __gnu_lto/d'\'''
lt_cv_sys_global_symbol_to_c_name_address='sed -n -e '\''s/^: \([^ ]*\)[ ]*$/  {\"\1\", (void *) 0},/p'\'' -e '\''s/^[ABCDGIRSTW]* \([^ ]*\) \([^ ]*\)$/  {"\2", (void *) \&\2},/p'\'''
lt_cv_sys_global_symbol_to_c_name_address_lib_prefix='sed -n -e '\''s/^: \([^ ]*\)[ ]*$/  {\"\1\", (void *) 0},/p'\'' -e '\''s/^[ABCDGIRSTW]* \([^ ]*\) \(lib[^ ]*\)$/  {"\2", (void *) \&\2},/p'\'' -e '\''s/^[ABCDGIRSTW]* \([^ ]*\) \([^ ]*\)$/  {"lib\2", (void *) \&\2},/p'\'''
lt_cv_sys_global_symbol_to_cdecl='sed -n -e '\''s/^T .* \(.*\)$/extern int \1();/p'\'' -e '\''s/^[ABCDGIRSTW]* .* \(.*\)$/extern char \1;/p'\'''
lt_cv_sys_max_cmd_len=1966080
lt_cv_to_host_file_cmd=func_convert_file_noop
lt_cv_to_tool_file_cmd=func_convert_file_noop

## ----------------- ##
## Output variables. ##
## ----------------- ##

ACLOCAL='${SHELL} /home/gjyang/sys-bin/libnl/libnl-3.2.27/build-aux/missing aclocal-1.15'
AMDEPBACKSLASH='\'
AMDEP_FALSE='#'
AMDEP_TRUE=''
AMTAR='$${TAR-tar}'
AM_BACKSLASH='\'
AM_DEFAULT_V='$(AM_DEFAULT_VERBOSITY)'
AM_DEFAULT_VERBOSITY='0'
AM_V='$(V)'
AR='arm-linux-gnueabihf-ar'
AUTOCONF='${SHELL} /home/gjyang/sys-bin/libnl/libnl-3.2.27/build-aux/missing autoconf'
AUTOHEADER='${SHELL} /home/gjyang/sys-bin/libnl/libnl-3.2.27/build-aux/missing autoheader'
AUTOMAKE='${SHELL} /home/gjyang/sys-bin/libnl/libnl-3.2.27/build-aux/missing automake-1.15'
AWK='gawk'
CC='arm-linux-gnueabihf-gcc'
CCDEPMODE='depmode=gcc3'
CFLAGS='-g -O2'
CHECK_CFLAGS=''
CHECK_LIBS=''
CPP='arm-linux-gnueabihf-gcc -E'
CPPFLAGS=''
CYGPATH_W='echo'
DEFS='-DHAVE_CONFIG_H'
DEPDIR='.deps'
DISABLE_PTHREADS_FALSE=''
DISABLE_PTHREADS_TRUE='#'
DLLTOOL='false'
DSYMUTIL=''
DUMPBIN=''
ECHO_C=''
ECHO_N='-n'
ECHO_T=''
EGREP='/bin/grep -E'
ENABLE_CLI_FALSE='#'
ENABLE_CLI_INSTALL_BIN_FALSE='#'
ENABLE_CLI_INSTALL_BIN_TRUE=''
ENABLE_CLI_INSTALL_SBIN_FALSE=''
ENABLE_CLI_INSTALL_SBIN_TRUE='#'
ENABLE_CLI_TRUE=''
ENABLE_DEBUG_FALSE=''
ENABLE_DEBUG_TRUE='#'
ENABLE_UNIT_TESTS_FALSE=''
ENABLE_UNIT_TESTS_TRUE='#'
EXEEXT=''
FGREP='/bin/grep -F'
FLEX='flex'
GREP='/bin/grep'
INSTALL_DATA='${INSTALL} -m 644'
INSTALL_PROGRAM='${INSTALL}'
INSTALL_SCRIPT='${INSTALL}'
INSTALL_STRIP_PROGRAM='$(install_sh) -c -s'
LD='/opt/linaro-multilib-2014.06-gcc4.9/arm-linux-gnueabihf/bin/ld'
LDFLAGS=''
LIBNL_VERSION='3.2.27'
LIBOBJS=''
LIBS='-lpthread -lm '
LIBTOOL='$(SHELL) $(top_builddir)/libtool'
LIPO=''
LN_S='ln -s'
LTLIBOBJS=''
LT_AGE='22'
LT_CURRENT='222'
LT_REVISION='0'
MAJ_VERSION='3'
MAKEINFO='${SHELL} /home/gjyang/sys-bin/libnl/libnl-3.2.27/build-aux/missing makeinfo'
MANIFEST_TOOL=':'
MIC_VERSION='27'
MIN_VERSION='2'
MKDIR_P='/bin/mkdir -p'
NM='/opt/linaro-multilib-2014.06-gcc4.9/bin/arm-linux-gnueabihf-nm -B'
NMEDIT=''
OBJDUMP='arm-linux-gnueabihf-objdump'
OBJEXT='o'
OTOOL64=''
OTOOL=''
PACKAGE='libnl'
PACKAGE_BUGREPORT=''
PACKAGE_NAME='libnl'
PACKAGE_STRING='libnl 3.2.27'
PACKAGE_TARNAME='libnl'
PACKAGE_URL='http://www.infradead.org/~tgr/libnl/'
PACKAGE_VERSION='3.2.27'
PATH_SEPARATOR=':'
PKG_CONFIG='/opt/linaro-multilib-2014.06-gcc4.9/bin/arm-linux-gnueabihf-pkg-config'
PKG_CONFIG_LIBDIR=''
PKG_CONFIG_PATH=''
RANLIB='arm-linux-gnueabihf-ranlib'
SED='/bin/sed'
SET_MAKE=''
SHELL='/bin/sh'
STRIP='arm-linux-gnueabihf-strip'
VERSION='3.2.27'
YACC='bison -y'
ac_ct_AR=''
ac_ct_CC=''
ac_ct_DUMPBIN=''
am__EXEEXT_FALSE=''
am__EXEEXT_TRUE='#'
am__fastdepCC_FALSE='#'
am__fastdepCC_TRUE=''
am__include='include'
am__isrc=''
am__leading_dot='.'
am__nodep='_no'
am__quote=''
am__tar='$${TAR-tar} chof - "$$tardir"'
am__untar='$${TAR-tar} xf -'
bindir='${exec_prefix}/bin'
build='i686-pc-linux-gnu'
build_alias=''
build_cpu='i686'
build_os='linux-gnu'
build_vendor='pc'
datadir='${datarootdir}'
datarootdir='${prefix}/share'
docdir='${datarootdir}/doc/${PACKAGE_TARNAME}'
dvidir='${docdir}'
exec_prefix='${prefix}'
host='arm-unknown-linux-gnueabihf'
host_alias='arm-linux-gnueabihf'
host_cpu='arm'
host_os='linux-gnueabihf'
host_vendor='unknown'
htmldir='${docdir}'
includedir='${prefix}/include'
infodir='${datarootdir}/info'
install_sh='${SHELL} /home/gjyang/sys-bin/libnl/libnl-3.2.27/build-aux/install-sh'
libdir='${exec_prefix}/lib'
libexecdir='${exec_prefix}/libexec'
localedir='${datarootdir}/locale'
localstatedir='${prefix}/var'
mandir='${datarootdir}/man'
mkdir_p='$(MKDIR_P)'
oldincludedir='/usr/include'
pdfdir='${docdir}'
pkgconfigdir='${libdir}/pkgconfig'
prefix='/usr/local'
program_transform_name='s,x,x,'
psdir='${docdir}'
sbindir='${exec_prefix}/sbin'
sharedstatedir='${prefix}/com'
subdirs=' doc'
sysconfdir='${prefix}/etc'
target_alias=''

## ----------- ##
## confdefs.h. ##
## ----------- ##

/* confdefs.h */
#define PACKAGE_NAME "libnl"
#define PACKAGE_TARNAME "libnl"
#define PACKAGE_VERSION "3.2.27"
#define PACKAGE_STRING "libnl 3.2.27"
#define PACKAGE_BUGREPORT ""
#define PACKAGE_URL "http://www.infradead.org/~tgr/libnl/"
#define PACKAGE "libnl"
#define VERSION "3.2.27"
#define STDC_HEADERS 1
#define HAVE_SYS_TYPES_H 1
#define HAVE_SYS_STAT_H 1
#define HAVE_STDLIB_H 1
#define HAVE_STRING_H 1
#define HAVE_MEMORY_H 1
#define HAVE_STRINGS_H 1
#define HAVE_INTTYPES_H 1
#define HAVE_STDINT_H 1
#define HAVE_UNISTD_H 1
#define HAVE_DLFCN_H 1
#define LT_OBJDIR ".libs/"
#define HAVE_LIBM 1
#define HAVE_LIBPTHREAD 1
#define NL_DEBUG 1

configure: exit 0
