This file contains any messages produced by compilers while
running configure, to aid debugging if configure makes a mistake.

It was created by udev configure 174, which was
generated by GNU Autoconf 2.68.  Invocation command line was

  $ ./configure --prefix=/ --host=arm-hisiv400-linux --disable-extras --disable-introspection --disable-gudev --with-pci-ids-path=no --libexecdir=/lib/udev

## --------- ##
## Platform. ##
## --------- ##

hostname = wolf
uname -m = i686
uname -r = 2.6.32-504.el6.i686
uname -s = Linux
uname -v = #1 SMP Wed Oct 15 03:02:07 UTC 2014

/usr/bin/uname -p = unknown
/bin/uname -X     = unknown

/bin/arch              = i686
/usr/bin/arch -k       = unknown
/usr/convex/getsysinfo = unknown
/usr/bin/hostinfo      = unknown
/bin/machine           = unknown
/usr/bin/oslevel       = unknown
/bin/universe          = unknown

PATH: /opt/mips-2014.05/bin
PATH: /opt/hisi-linux/x86-arm/arm-hisiv400-linux/target/bin
PATH: /opt/hisi-linux/x86-arm/arm-hisiv200-linux/target/bin
PATH: /usr/lib/qt-3.3/bin
PATH: /usr/local/bin
PATH: /bin
PATH: /usr/bin
PATH: /usr/local/sbin
PATH: /usr/sbin
PATH: /sbin
PATH: /home/gjyang/gj-utils/autoftp/bin
PATH: /home/gjyang/bin


## ----------- ##
## Core tests. ##
## ----------- ##

configure:2368: checking for a BSD-compatible install
configure:2436: result: /usr/bin/install -c
configure:2447: checking whether build environment is sane
configure:2497: result: yes
configure:2546: checking for arm-hisiv400-linux-strip
configure:2562: found /opt/hisi-linux/x86-arm/arm-hisiv400-linux/target/bin/arm-hisiv400-linux-strip
configure:2573: result: arm-hisiv400-linux-strip
configure:2638: checking for a thread-safe mkdir -p
configure:2677: result: /bin/mkdir -p
configure:2690: checking for gawk
configure:2706: found /bin/gawk
configure:2717: result: gawk
configure:2728: checking whether make sets $(MAKE)
configure:2750: result: yes
configure:2837: checking how to create a pax tar archive
configure:2850: tar --version
tar (GNU tar) 1.23
Copyright (C) 2010 Free Software Foundation, Inc.
License GPLv3+: GNU GPL version 3 or later <http://gnu.org/licenses/gpl.html>.
This is free software: you are free to change and redistribute it.
There is NO WARRANTY, to the extent permitted by law.

Written by John Gilmore and Jay Fenlason.
configure:2853: $? = 0
configure:2893: tardir=conftest.dir && eval tar --format=posix -chf - "$tardir" >conftest.tar
configure:2896: $? = 0
configure:2900: tar -xf - <conftest.tar
configure:2903: $? = 0
configure:2916: result: gnutar
configure:2966: checking for style of include used by make
configure:2994: result: GNU
configure:3024: checking for arm-hisiv400-linux-gcc
configure:3040: found /opt/hisi-linux/x86-arm/arm-hisiv400-linux/target/bin/arm-hisiv400-linux-gcc
configure:3051: result: arm-hisiv400-linux-gcc
configure:3320: checking for C compiler version
configure:3329: arm-hisiv400-linux-gcc --version >&5
arm-hisiv400-linux-gcc (Hisilicon_v400) 4.8.3 20131202 (prerelease)
Copyright (C) 2013 Free Software Foundation, Inc.
This is free software; see the source for copying conditions.  There is NO
warranty; not even for MERCHANTABILITY or FITNESS FOR A PARTICULAR PURPOSE.

configure:3340: $? = 0
configure:3329: arm-hisiv400-linux-gcc -v >&5
Using built-in specs.
COLLECT_GCC=arm-hisiv400-linux-gcc
COLLECT_LTO_WRAPPER=/opt/hisi-linux/x86-arm/arm-hisiv400-linux/bin/../libexec/gcc/arm-hisiv400-linux-gnueabi/4.8.3/lto-wrapper
Target: arm-hisiv400-linux-gnueabi
Configured with: '../gcc~linaro-4.8-2013.12/configure' --host=i386-redhat-linux --build=i386-redhat-linux --target=arm-hisiv400-linux-gnueabi --prefix=/home/sying/wucaiyuan_toolchain/v400/glibc_gcc4.8_linaro_toolchain/install/arm-hisiv400-linux --enable-threads --disable-libmudflap --disable-libssp --disable-libstdcxx-pch --with-arch=armv5te --with-gnu-as --with-gnu-ld --enable-languages=c,c++ --enable-shared --enable-lto --enable-symvers=gnu --enable-__cxa_atexit --enable-nls --enable-clocale=gnu --enable-extra-hisi-multilibs --with-sysroot=/home/sying/wucaiyuan_toolchain/v400/glibc_gcc4.8_linaro_toolchain/install/arm-hisiv400-linux/target --with-build-sysroot=/home/sying/wucaiyuan_toolchain/v400/glibc_gcc4.8_linaro_toolchain/install/arm-hisiv400-linux/target --with-gmp=/home/sying/wucaiyuan_toolchain/v400/glibc_gcc4.8_linaro_toolchain/install/host_lib --with-mpfr=/home/sying/wucaiyuan_toolchain/v400/glibc_gcc4.8_linaro_toolchain/install/host_lib --with-mpc=/home/sying/wucaiyuan_toolchain/v400/glibc_gcc4.8_linaro_toolchain/install/host_lib --with-ppl=/home/sying/wucaiyuan_toolchain/v400/glibc_gcc4.8_linaro_toolchain/install/host_lib --with-cloog=/home/sying/wucaiyuan_toolchain/v400/glibc_gcc4.8_linaro_toolchain/install/host_lib --with-libelf=/home/sying/wucaiyuan_toolchain/v400/glibc_gcc4.8_linaro_toolchain/install/host_lib --enable-libgomp --disable-libitm --enable-poison-system-directories --with-libelf=/home/sying/wucaiyuan_toolchain/v400/glibc_gcc4.8_linaro_toolchain/install/host_lib --with-pkgversion=Hisilicon_v400 --with-bugurl=http://www.hisilicon.com/cn/service/claim.html
Thread model: posix
gcc version 4.8.3 20131202 (prerelease) (Hisilicon_v400) 
configure:3340: $? = 0
configure:3329: arm-hisiv400-linux-gcc -V >&5
arm-hisiv400-linux-gcc: error: unrecognized command line option '-V'
arm-hisiv400-linux-gcc: fatal error: no input files
compilation terminated.
configure:3340: $? = 1
configure:3329: arm-hisiv400-linux-gcc -qversion >&5
arm-hisiv400-linux-gcc: error: unrecognized command line option '-qversion'
arm-hisiv400-linux-gcc: fatal error: no input files
compilation terminated.
configure:3340: $? = 1
configure:3360: checking whether the C compiler works
configure:3382: arm-hisiv400-linux-gcc    conftest.c  >&5
configure:3386: $? = 0
configure:3434: result: yes
configure:3437: checking for C compiler default output file name
configure:3439: result: a.out
configure:3445: checking for suffix of executables
configure:3452: arm-hisiv400-linux-gcc -o conftest    conftest.c  >&5
configure:3456: $? = 0
configure:3478: result: 
configure:3500: checking whether we are cross compiling
configure:3508: arm-hisiv400-linux-gcc -o conftest    conftest.c  >&5
configure:3512: $? = 0
configure:3519: ./conftest
./configure: line 3521: ./conftest: cannot execute binary file
configure:3523: $? = 126
configure:3538: result: yes
configure:3543: checking for suffix of object files
configure:3565: arm-hisiv400-linux-gcc -c   conftest.c >&5
configure:3569: $? = 0
configure:3590: result: o
configure:3594: checking whether we are using the GNU C compiler
configure:3613: arm-hisiv400-linux-gcc -c   conftest.c >&5
configure:3613: $? = 0
configure:3622: result: yes
configure:3631: checking whether arm-hisiv400-linux-gcc accepts -g
configure:3651: arm-hisiv400-linux-gcc -c -g  conftest.c >&5
configure:3651: $? = 0
configure:3692: result: yes
configure:3709: checking for arm-hisiv400-linux-gcc option to accept ISO C89
configure:3773: arm-hisiv400-linux-gcc  -c -g -O2  conftest.c >&5
configure:3773: $? = 0
configure:3786: result: none needed
configure:3808: checking dependency style of arm-hisiv400-linux-gcc
configure:3918: result: gcc3
configure:3939: checking how to run the C preprocessor
configure:3970: arm-hisiv400-linux-gcc -E  conftest.c
configure:3970: $? = 0
configure:3984: arm-hisiv400-linux-gcc -E  conftest.c
conftest.c:11:28: fatal error: ac_nonexistent.h: No such file or directory
 #include <ac_nonexistent.h>
                            ^
compilation terminated.
configure:3984: $? = 1
configure: failed program was:
| /* confdefs.h */
| #define PACKAGE_NAME "udev"
| #define PACKAGE_TARNAME "udev"
| #define PACKAGE_VERSION "174"
| #define PACKAGE_STRING "udev 174"
| #define PACKAGE_BUGREPORT "linux-hotplug@vger.kernel.org"
| #define PACKAGE_URL "http://www.kernel.org/pub/linux/utils/kernel/hotplug/udev.html"
| #define PACKAGE "udev"
| #define VERSION "174"
| /* end confdefs.h.  */
| #include <ac_nonexistent.h>
configure:4009: result: arm-hisiv400-linux-gcc -E
configure:4029: arm-hisiv400-linux-gcc -E  conftest.c
configure:4029: $? = 0
configure:4043: arm-hisiv400-linux-gcc -E  conftest.c
conftest.c:11:28: fatal error: ac_nonexistent.h: No such file or directory
 #include <ac_nonexistent.h>
                            ^
compilation terminated.
configure:4043: $? = 1
configure: failed program was:
| /* confdefs.h */
| #define PACKAGE_NAME "udev"
| #define PACKAGE_TARNAME "udev"
| #define PACKAGE_VERSION "174"
| #define PACKAGE_STRING "udev 174"
| #define PACKAGE_BUGREPORT "linux-hotplug@vger.kernel.org"
| #define PACKAGE_URL "http://www.kernel.org/pub/linux/utils/kernel/hotplug/udev.html"
| #define PACKAGE "udev"
| #define VERSION "174"
| /* end confdefs.h.  */
| #include <ac_nonexistent.h>
configure:4072: checking for grep that handles long lines and -e
configure:4130: result: /bin/grep
configure:4135: checking for egrep
configure:4197: result: /bin/grep -E
configure:4202: checking for ANSI C header files
configure:4222: arm-hisiv400-linux-gcc -c -g -O2  conftest.c >&5
configure:4222: $? = 0
configure:4306: result: yes
configure:4319: checking for sys/types.h
configure:4319: arm-hisiv400-linux-gcc -c -g -O2  conftest.c >&5
configure:4319: $? = 0
configure:4319: result: yes
configure:4319: checking for sys/stat.h
configure:4319: arm-hisiv400-linux-gcc -c -g -O2  conftest.c >&5
configure:4319: $? = 0
configure:4319: result: yes
configure:4319: checking for stdlib.h
configure:4319: arm-hisiv400-linux-gcc -c -g -O2  conftest.c >&5
configure:4319: $? = 0
configure:4319: result: yes
configure:4319: checking for string.h
configure:4319: arm-hisiv400-linux-gcc -c -g -O2  conftest.c >&5
configure:4319: $? = 0
configure:4319: result: yes
configure:4319: checking for memory.h
configure:4319: arm-hisiv400-linux-gcc -c -g -O2  conftest.c >&5
configure:4319: $? = 0
configure:4319: result: yes
configure:4319: checking for strings.h
configure:4319: arm-hisiv400-linux-gcc -c -g -O2  conftest.c >&5
configure:4319: $? = 0
configure:4319: result: yes
configure:4319: checking for inttypes.h
configure:4319: arm-hisiv400-linux-gcc -c -g -O2  conftest.c >&5
configure:4319: $? = 0
configure:4319: result: yes
configure:4319: checking for stdint.h
configure:4319: arm-hisiv400-linux-gcc -c -g -O2  conftest.c >&5
configure:4319: $? = 0
configure:4319: result: yes
configure:4319: checking for unistd.h
configure:4319: arm-hisiv400-linux-gcc -c -g -O2  conftest.c >&5
configure:4319: $? = 0
configure:4319: result: yes
configure:4332: checking minix/config.h usability
configure:4332: arm-hisiv400-linux-gcc -c -g -O2  conftest.c >&5
conftest.c:54:26: fatal error: minix/config.h: No such file or directory
 #include <minix/config.h>
                          ^
compilation terminated.
configure:4332: $? = 1
configure: failed program was:
| /* confdefs.h */
| #define PACKAGE_NAME "udev"
| #define PACKAGE_TARNAME "udev"
| #define PACKAGE_VERSION "174"
| #define PACKAGE_STRING "udev 174"
| #define PACKAGE_BUGREPORT "linux-hotplug@vger.kernel.org"
| #define PACKAGE_URL "http://www.kernel.org/pub/linux/utils/kernel/hotplug/udev.html"
| #define PACKAGE "udev"
| #define VERSION "174"
| #define STDC_HEADERS 1
| #define HAVE_SYS_TYPES_H 1
| #define HAVE_SYS_STAT_H 1
| #define HAVE_STDLIB_H 1
| #define HAVE_STRING_H 1
| #define HAVE_MEMORY_H 1
| #define HAVE_STRINGS_H 1
| #define HAVE_INTTYPES_H 1
| #define HAVE_STDINT_H 1
| #define HAVE_UNISTD_H 1
| /* end confdefs.h.  */
| #include <stdio.h>
| #ifdef HAVE_SYS_TYPES_H
| # include <sys/types.h>
| #endif
| #ifdef HAVE_SYS_STAT_H
| # include <sys/stat.h>
| #endif
| #ifdef STDC_HEADERS
| # include <stdlib.h>
| # include <stddef.h>
| #else
| # ifdef HAVE_STDLIB_H
| #  include <stdlib.h>
| # endif
| #endif
| #ifdef HAVE_STRING_H
| # if !defined STDC_HEADERS && defined HAVE_MEMORY_H
| #  include <memory.h>
| # endif
| # include <string.h>
| #endif
| #ifdef HAVE_STRINGS_H
| # include <strings.h>
| #endif
| #ifdef HAVE_INTTYPES_H
| # include <inttypes.h>
| #endif
| #ifdef HAVE_STDINT_H
| # include <stdint.h>
| #endif
| #ifdef HAVE_UNISTD_H
| # include <unistd.h>
| #endif
| #include <minix/config.h>
configure:4332: result: no
configure:4332: checking minix/config.h presence
configure:4332: arm-hisiv400-linux-gcc -E  conftest.c
conftest.c:21:26: fatal error: minix/config.h: No such file or directory
 #include <minix/config.h>
                          ^
compilation terminated.
configure:4332: $? = 1
configure: failed program was:
| /* confdefs.h */
| #define PACKAGE_NAME "udev"
| #define PACKAGE_TARNAME "udev"
| #define PACKAGE_VERSION "174"
| #define PACKAGE_STRING "udev 174"
| #define PACKAGE_BUGREPORT "linux-hotplug@vger.kernel.org"
| #define PACKAGE_URL "http://www.kernel.org/pub/linux/utils/kernel/hotplug/udev.html"
| #define PACKAGE "udev"
| #define VERSION "174"
| #define STDC_HEADERS 1
| #define HAVE_SYS_TYPES_H 1
| #define HAVE_SYS_STAT_H 1
| #define HAVE_STDLIB_H 1
| #define HAVE_STRING_H 1
| #define HAVE_MEMORY_H 1
| #define HAVE_STRINGS_H 1
| #define HAVE_INTTYPES_H 1
| #define HAVE_STDINT_H 1
| #define HAVE_UNISTD_H 1
| /* end confdefs.h.  */
| #include <minix/config.h>
configure:4332: result: no
configure:4332: checking for minix/config.h
configure:4332: result: no
configure:4353: checking whether it is safe to define __EXTENSIONS__
configure:4371: arm-hisiv400-linux-gcc -c -g -O2  conftest.c >&5
configure:4371: $? = 0
configure:4378: result: yes
configure:4399: checking for special C compiler options needed for large files
configure:4444: result: no
configure:4450: checking for _FILE_OFFSET_BITS value needed for large files
configure:4475: arm-hisiv400-linux-gcc -c -g -O2  conftest.c >&5
conftest.c:32:3: warning: left shift count >= width of type [enabled by default]
   int off_t_is_large[(LARGE_OFF_T % 2147483629 == 721
   ^
conftest.c:32:3: warning: left shift count >= width of type [enabled by default]
conftest.c:33:10: warning: left shift count >= width of type [enabled by default]
          && LARGE_OFF_T % 2147483647 == 1)
          ^
conftest.c:33:10: warning: left shift count >= width of type [enabled by default]
conftest.c:32:7: error: variably modified 'off_t_is_large' at file scope
   int off_t_is_large[(LARGE_OFF_T % 2147483629 == 721
       ^
configure:4475: $? = 1
configure: failed program was:
| /* confdefs.h */
| #define PACKAGE_NAME "udev"
| #define PACKAGE_TARNAME "udev"
| #define PACKAGE_VERSION "174"
| #define PACKAGE_STRING "udev 174"
| #define PACKAGE_BUGREPORT "linux-hotplug@vger.kernel.org"
| #define PACKAGE_URL "http://www.kernel.org/pub/linux/utils/kernel/hotplug/udev.html"
| #define PACKAGE "udev"
| #define VERSION "174"
| #define STDC_HEADERS 1
| #define HAVE_SYS_TYPES_H 1
| #define HAVE_SYS_STAT_H 1
| #define HAVE_STDLIB_H 1
| #define HAVE_STRING_H 1
| #define HAVE_MEMORY_H 1
| #define HAVE_STRINGS_H 1
| #define HAVE_INTTYPES_H 1
| #define HAVE_STDINT_H 1
| #define HAVE_UNISTD_H 1
| #define __EXTENSIONS__ 1
| #define _ALL_SOURCE 1
| #define _GNU_SOURCE 1
| #define _POSIX_PTHREAD_SEMANTICS 1
| #define _TANDEM_SOURCE 1
| /* end confdefs.h.  */
| #include <sys/types.h>
|  /* Check that off_t can represent 2**63 - 1 correctly.
|     We can't simply define LARGE_OFF_T to be 9223372036854775807,
|     since some C++ compilers masquerading as C compilers
|     incorrectly reject 9223372036854775807.  */
| #define LARGE_OFF_T (((off_t) 1 << 62) - 1 + ((off_t) 1 << 62))
|   int off_t_is_large[(LARGE_OFF_T % 2147483629 == 721
| 		       && LARGE_OFF_T % 2147483647 == 1)
| 		      ? 1 : -1];
| int
| main ()
| {
| 
|   ;
|   return 0;
| }
configure:4499: arm-hisiv400-linux-gcc -c -g -O2  conftest.c >&5
configure:4499: $? = 0
configure:4507: result: 64
configure:4632: checking build system type
configure:4646: result: i686-pc-linux-gnu
configure:4666: checking host system type
configure:4679: result: arm-hisiv400-linux-gnu
configure:4720: checking how to print strings
configure:4747: result: printf
configure:4768: checking for a sed that does not truncate output
configure:4832: result: /bin/sed
configure:4850: checking for fgrep
configure:4912: result: /bin/grep -F
configure:4947: checking for ld used by arm-hisiv400-linux-gcc
configure:5014: result: /opt/hisi-linux/x86-arm/arm-hisiv400-linux/arm-hisiv400-linux-gnueabi/bin/ld
configure:5021: checking if the linker (/opt/hisi-linux/x86-arm/arm-hisiv400-linux/arm-hisiv400-linux-gnueabi/bin/ld) is GNU ld
configure:5036: result: yes
configure:5048: checking for BSD- or MS-compatible name lister (nm)
configure:5097: result: /opt/hisi-linux/x86-arm/arm-hisiv400-linux/target/bin/arm-hisiv400-linux-nm -B
configure:5227: checking the name lister (/opt/hisi-linux/x86-arm/arm-hisiv400-linux/target/bin/arm-hisiv400-linux-nm -B) interface
configure:5234: arm-hisiv400-linux-gcc -c -g -O2  conftest.c >&5
configure:5237: /opt/hisi-linux/x86-arm/arm-hisiv400-linux/target/bin/arm-hisiv400-linux-nm -B "conftest.o"
configure:5240: output
00000000 B some_variable
configure:5247: result: BSD nm
configure:5250: checking whether ln -s works
configure:5254: result: yes
configure:5262: checking the maximum length of command line arguments
configure:5387: result: 1966080
configure:5404: checking whether the shell understands some XSI constructs
configure:5414: result: yes
configure:5418: checking whether the shell understands "+="
configure:5424: result: yes
configure:5459: checking how to convert i686-pc-linux-gnu file names to arm-hisiv400-linux-gnu format
configure:5499: result: func_convert_file_noop
configure:5506: checking how to convert i686-pc-linux-gnu file names to toolchain format
configure:5526: result: func_convert_file_noop
configure:5533: checking for /opt/hisi-linux/x86-arm/arm-hisiv400-linux/arm-hisiv400-linux-gnueabi/bin/ld option to reload object files
configure:5540: result: -r
configure:5574: checking for arm-hisiv400-linux-objdump
configure:5590: found /opt/hisi-linux/x86-arm/arm-hisiv400-linux/target/bin/arm-hisiv400-linux-objdump
configure:5601: result: arm-hisiv400-linux-objdump
configure:5673: checking how to recognize dependent libraries
configure:5875: result: pass_all
configure:5920: checking for arm-hisiv400-linux-dlltool
configure:5950: result: no
configure:5960: checking for dlltool
configure:5990: result: no
configure:6020: checking how to associate runtime and link libraries
configure:6047: result: printf %s\n
configure:6063: checking for arm-hisiv400-linux-ar
configure:6079: found /opt/hisi-linux/x86-arm/arm-hisiv400-linux/target/bin/arm-hisiv400-linux-ar
configure:6090: result: arm-hisiv400-linux-ar
configure:6171: checking for archiver @FILE support
configure:6188: arm-hisiv400-linux-gcc -c -g -O2  conftest.c >&5
configure:6188: $? = 0
configure:6191: arm-hisiv400-linux-ar cru libconftest.a @conftest.lst >&5
configure:6194: $? = 0
configure:6199: arm-hisiv400-linux-ar cru libconftest.a @conftest.lst >&5
arm-hisiv400-linux-ar: conftest.o: No such file or directory
configure:6202: $? = 1
configure:6214: result: @
configure:6232: checking for arm-hisiv400-linux-strip
configure:6259: result: arm-hisiv400-linux-strip
configure:6331: checking for arm-hisiv400-linux-ranlib
configure:6347: found /opt/hisi-linux/x86-arm/arm-hisiv400-linux/target/bin/arm-hisiv400-linux-ranlib
configure:6358: result: arm-hisiv400-linux-ranlib
configure:6500: checking command to parse /opt/hisi-linux/x86-arm/arm-hisiv400-linux/target/bin/arm-hisiv400-linux-nm -B output from arm-hisiv400-linux-gcc object
configure:6619: arm-hisiv400-linux-gcc -c -g -O2  conftest.c >&5
configure:6622: $? = 0
configure:6626: /opt/hisi-linux/x86-arm/arm-hisiv400-linux/target/bin/arm-hisiv400-linux-nm -B conftest.o \| sed -n -e 's/^.*[ ]\([ABCDGIRSTW][ABCDGIRSTW]*\)[ ][ ]*\([_A-Za-z][_A-Za-z0-9]*\)$/\1 \2 \2/p' | sed '/ __gnu_lto/d' \> conftest.nm
configure:6629: $? = 0
configure:6695: arm-hisiv400-linux-gcc -o conftest -g -O2   conftest.c conftstm.o >&5
configure:6698: $? = 0
configure:6736: result: ok
configure:6773: checking for sysroot
configure:6803: result: no
configure:7006: checking for arm-hisiv400-linux-mt
configure:7036: result: no
configure:7046: checking for mt
configure:7076: result: no
configure:7096: checking if : is a manifest tool
configure:7102: : '-?'
configure:7110: result: no
configure:7739: checking for dlfcn.h
configure:7739: arm-hisiv400-linux-gcc -c -g -O2  conftest.c >&5
configure:7739: $? = 0
configure:7739: result: yes
configure:7896: checking for objdir
configure:7911: result: .libs
configure:8182: checking if arm-hisiv400-linux-gcc supports -fno-rtti -fno-exceptions
configure:8200: arm-hisiv400-linux-gcc -c -g -O2  -fno-rtti -fno-exceptions conftest.c >&5
cc1: warning: command line option '-fno-rtti' is valid for C++/ObjC++ but not for C [enabled by default]
configure:8204: $? = 0
configure:8217: result: no
configure:8527: checking for arm-hisiv400-linux-gcc option to produce PIC
configure:8534: result: -fPIC -DPIC
configure:8542: checking if arm-hisiv400-linux-gcc PIC flag -fPIC -DPIC works
configure:8560: arm-hisiv400-linux-gcc -c -g -O2  -fPIC -DPIC -DPIC conftest.c >&5
configure:8564: $? = 0
configure:8577: result: yes
configure:8606: checking if arm-hisiv400-linux-gcc static flag -static works
configure:8634: result: yes
configure:8649: checking if arm-hisiv400-linux-gcc supports -c -o file.o
configure:8670: arm-hisiv400-linux-gcc -c -g -O2  -o out/conftest2.o conftest.c >&5
configure:8674: $? = 0
configure:8696: result: yes
configure:8704: checking if arm-hisiv400-linux-gcc supports -c -o file.o
configure:8751: result: yes
configure:8784: checking whether the arm-hisiv400-linux-gcc linker (/opt/hisi-linux/x86-arm/arm-hisiv400-linux/arm-hisiv400-linux-gnueabi/bin/ld) supports shared libraries
configure:9942: result: yes
configure:9979: checking whether -lc should be explicitly linked in
configure:9987: arm-hisiv400-linux-gcc -c -g -O2  conftest.c >&5
configure:9990: $? = 0
configure:10005: arm-hisiv400-linux-gcc -shared  -fPIC -DPIC conftest.o  -v -Wl,-soname -Wl,conftest -o conftest 2\>\&1 \| /bin/grep  -lc  \>/dev/null 2\>\&1
configure:10008: $? = 0
configure:10022: result: no
configure:10187: checking dynamic linker characteristics
configure:10701: arm-hisiv400-linux-gcc -o conftest -g -O2   -Wl,-rpath -Wl,/foo conftest.c  >&5
configure:10701: $? = 0
configure:10927: result: GNU/Linux ld.so
configure:11034: checking how to hardcode library paths into programs
configure:11059: result: immediate
configure:11599: checking whether stripping libraries is possible
configure:11604: result: yes
configure:11639: checking if libtool supports shared libraries
configure:11641: result: yes
configure:11644: checking whether to build shared libraries
configure:11665: result: yes
configure:11668: checking whether to build static libraries
configure:11672: result: no
configure:11711: checking for gawk
configure:11738: result: gawk
configure:11759: checking for arm-hisiv400-linux-pkg-config
configure:11792: result: no
configure:11802: checking for pkg-config
configure:11820: found /usr/bin/pkg-config
configure:11832: result: /usr/bin/pkg-config
configure:11844: WARNING: using cross tools not prefixed with host triplet
configure:11857: checking pkg-config is at least version 0.9.0
configure:11860: result: yes
configure:11873: checking for gtkdoc-check
configure:11906: result: no
configure:11915: checking for gtkdoc-rebase
configure:11948: result: no
configure:11959: checking for gtkdoc-mkpdf
configure:11992: result: no
configure:12123: checking whether to build gtk-doc documentation
configure:12125: result: no
configure:12192: checking for xsltproc
configure:12210: found /usr/bin/xsltproc
configure:12222: result: /usr/bin/xsltproc
configure:12231: checking for library containing clock_gettime
configure:12262: arm-hisiv400-linux-gcc -o conftest -g -O2   conftest.c  >&5
/tmp/ccYCtUdF.o: In function `main':
/home/gjyang/sys-bin/udev/udev-174/conftest.c:40: undefined reference to `clock_gettime'
collect2: error: ld returned 1 exit status
configure:12262: $? = 1
configure: failed program was:
| /* confdefs.h */
| #define PACKAGE_NAME "udev"
| #define PACKAGE_TARNAME "udev"
| #define PACKAGE_VERSION "174"
| #define PACKAGE_STRING "udev 174"
| #define PACKAGE_BUGREPORT "linux-hotplug@vger.kernel.org"
| #define PACKAGE_URL "http://www.kernel.org/pub/linux/utils/kernel/hotplug/udev.html"
| #define PACKAGE "udev"
| #define VERSION "174"
| #define STDC_HEADERS 1
| #define HAVE_SYS_TYPES_H 1
| #define HAVE_SYS_STAT_H 1
| #define HAVE_STDLIB_H 1
| #define HAVE_STRING_H 1
| #define HAVE_MEMORY_H 1
| #define HAVE_STRINGS_H 1
| #define HAVE_INTTYPES_H 1
| #define HAVE_STDINT_H 1
| #define HAVE_UNISTD_H 1
| #define __EXTENSIONS__ 1
| #define _ALL_SOURCE 1
| #define _GNU_SOURCE 1
| #define _POSIX_PTHREAD_SEMANTICS 1
| #define _TANDEM_SOURCE 1
| #define _FILE_OFFSET_BITS 64
| #define HAVE_DLFCN_H 1
| #define LT_OBJDIR ".libs/"
| /* end confdefs.h.  */
| 
| /* Override any GCC internal prototype to avoid an error.
|    Use char because int might match the return type of a GCC
|    builtin and then its argument prototype would still apply.  */
| #ifdef __cplusplus
| extern "C"
| #endif
| char clock_gettime ();
| int
| main ()
| {
| return clock_gettime ();
|   ;
|   return 0;
| }
configure:12262: arm-hisiv400-linux-gcc -o conftest -g -O2   conftest.c -lrt   >&5
configure:12262: $? = 0
configure:12279: result: -lrt
configure:12770: checking for USBUTILS
configure:12777: $PKG_CONFIG --exists --print-errors "usbutils >= 0.82"
configure:12780: $? = 0
configure:12793: $PKG_CONFIG --exists --print-errors "usbutils >= 0.82"
configure:12796: $? = 0
configure:12855: result: yes
configure:12864: checking for USB database location
configure:12866: result: /usr/share/hwdata/usb.ids
configure:12882: checking for PCI database location
configure:12884: result: no
configure:12910: checking for gperf
configure:12928: found /usr/bin/gperf
configure:12940: result: /usr/bin/gperf
configure:12952: checking linux/input.h usability
configure:12952: arm-hisiv400-linux-gcc -c -g -O2  conftest.c >&5
configure:12952: $? = 0
configure:12952: result: yes
configure:12952: checking linux/input.h presence
configure:12952: arm-hisiv400-linux-gcc -E  conftest.c
configure:12952: $? = 0
configure:12952: result: yes
configure:12952: checking for linux/input.h
configure:12952: result: yes
configure:13410: creating ./config.status

## ---------------------- ##
## Running config.status. ##
## ---------------------- ##

This file was extended by udev config.status 174, which was
generated by GNU Autoconf 2.68.  Invocation command line was

  CONFIG_FILES    = 
  CONFIG_HEADERS  = 
  CONFIG_LINKS    = 
  CONFIG_COMMANDS = 
  $ ./config.status 

on wolf

config.status:1168: creating Makefile
config.status:1168: creating udev/udev.pc
config.status:1168: creating init/udev.service
config.status:1168: creating init/udev-trigger.service
config.status:1168: creating init/udev-settle.service
config.status:1168: creating libudev/libudev.pc
config.status:1168: creating libudev/docs/Makefile
config.status:1168: creating libudev/docs/version.xml
config.status:1168: creating extras/gudev/gudev-1.0.pc
config.status:1168: creating extras/gudev/docs/Makefile
config.status:1168: creating extras/gudev/docs/version.xml
config.status:1168: creating config.h
config.status:1349: config.h is unchanged
config.status:1397: executing depfiles commands
config.status:1397: executing libtool commands
configure:15656: WARNING: unrecognized options: --disable-extras
configure:15698: result:
	udev 174
	========

	prefix:			/
	sysconfdir:		${prefix}/etc
	sbindir:		${exec_prefix}/sbin
	libdir:			${exec_prefix}/lib
	rootlibdir:		${exec_prefix}/lib
	libexecdir:		/lib/udev
	datarootdir:		${prefix}/share
	mandir:			${datarootdir}/man
	includedir:		${prefix}/include
	include_prefix:		/opt/hisi-linux/x86-arm/arm-hisiv400-linux/target/usr/include
	systemdsystemunitdir:	
	firmware path:		\"/lib/firmware/updates/\", \"/lib/firmware/\"

	compiler:		arm-hisiv400-linux-gcc
	cflags:			-g -O2
	ldflags:		
	xsltproc:		/usr/bin/xsltproc
	gperf:			/usr/bin/gperf

	logging:		yes
	debug:			no
	selinux:		no

	gudev:			no
	gintrospection:		no
	keymap:			yes
	hwdb:			yes
	  usb.ids:		/usr/share/hwdata/usb.ids
	  pci.ids:		no
	mtd_probe:		yes
	rule_generator:		no
	udev_acl:		no
	floppy:			no
	edd:			no


## ---------------- ##
## Cache variables. ##
## ---------------- ##

ac_cv_build=i686-pc-linux-gnu
ac_cv_c_compiler_gnu=yes
ac_cv_env_CC_set=
ac_cv_env_CC_value=
ac_cv_env_CFLAGS_set=
ac_cv_env_CFLAGS_value=
ac_cv_env_CPPFLAGS_set=
ac_cv_env_CPPFLAGS_value=
ac_cv_env_CPP_set=
ac_cv_env_CPP_value=
ac_cv_env_GLIB_CFLAGS_set=
ac_cv_env_GLIB_CFLAGS_value=
ac_cv_env_GLIB_LIBS_set=
ac_cv_env_GLIB_LIBS_value=
ac_cv_env_GTKDOC_DEPS_CFLAGS_set=
ac_cv_env_GTKDOC_DEPS_CFLAGS_value=
ac_cv_env_GTKDOC_DEPS_LIBS_set=
ac_cv_env_GTKDOC_DEPS_LIBS_value=
ac_cv_env_INTROSPECTION_CFLAGS_set=
ac_cv_env_INTROSPECTION_CFLAGS_value=
ac_cv_env_INTROSPECTION_LIBS_set=
ac_cv_env_INTROSPECTION_LIBS_value=
ac_cv_env_LDFLAGS_set=
ac_cv_env_LDFLAGS_value=
ac_cv_env_LIBS_set=
ac_cv_env_LIBS_value=
ac_cv_env_PKG_CONFIG_LIBDIR_set=
ac_cv_env_PKG_CONFIG_LIBDIR_value=
ac_cv_env_PKG_CONFIG_PATH_set=
ac_cv_env_PKG_CONFIG_PATH_value=
ac_cv_env_PKG_CONFIG_set=
ac_cv_env_PKG_CONFIG_value=
ac_cv_env_USBUTILS_CFLAGS_set=
ac_cv_env_USBUTILS_CFLAGS_value=
ac_cv_env_USBUTILS_LIBS_set=
ac_cv_env_USBUTILS_LIBS_value=
ac_cv_env_build_alias_set=
ac_cv_env_build_alias_value=
ac_cv_env_host_alias_set=set
ac_cv_env_host_alias_value=arm-hisiv400-linux
ac_cv_env_target_alias_set=
ac_cv_env_target_alias_value=
ac_cv_header_dlfcn_h=yes
ac_cv_header_inttypes_h=yes
ac_cv_header_linux_input_h=yes
ac_cv_header_memory_h=yes
ac_cv_header_minix_config_h=no
ac_cv_header_stdc=yes
ac_cv_header_stdint_h=yes
ac_cv_header_stdlib_h=yes
ac_cv_header_string_h=yes
ac_cv_header_strings_h=yes
ac_cv_header_sys_stat_h=yes
ac_cv_header_sys_types_h=yes
ac_cv_header_unistd_h=yes
ac_cv_host=arm-hisiv400-linux-gnu
ac_cv_objext=o
ac_cv_path_EGREP='/bin/grep -E'
ac_cv_path_FGREP='/bin/grep -F'
ac_cv_path_GPERF=/usr/bin/gperf
ac_cv_path_GREP=/bin/grep
ac_cv_path_SED=/bin/sed
ac_cv_path_XSLTPROC=/usr/bin/xsltproc
ac_cv_path_ac_pt_PKG_CONFIG=/usr/bin/pkg-config
ac_cv_path_install='/usr/bin/install -c'
ac_cv_path_mkdir=/bin/mkdir
ac_cv_prog_AR=arm-hisiv400-linux-ar
ac_cv_prog_AWK=gawk
ac_cv_prog_CC=arm-hisiv400-linux-gcc
ac_cv_prog_CPP='arm-hisiv400-linux-gcc -E'
ac_cv_prog_OBJDUMP=arm-hisiv400-linux-objdump
ac_cv_prog_RANLIB=arm-hisiv400-linux-ranlib
ac_cv_prog_STRIP=arm-hisiv400-linux-strip
ac_cv_prog_cc_c89=
ac_cv_prog_cc_g=yes
ac_cv_prog_make_make_set=yes
ac_cv_safe_to_define___extensions__=yes
ac_cv_search_clock_gettime=-lrt
ac_cv_sys_file_offset_bits=64
ac_cv_sys_largefile_CC=no
am_cv_CC_dependencies_compiler_type=gcc3
am_cv_prog_tar_pax=gnutar
lt_cv_ar_at_file=@
lt_cv_archive_cmds_need_lc=no
lt_cv_deplibs_check_method=pass_all
lt_cv_file_magic_cmd='$MAGIC_CMD'
lt_cv_file_magic_test_file=
lt_cv_ld_reload_flag=-r
lt_cv_nm_interface='BSD nm'
lt_cv_objdir=.libs
lt_cv_path_LD=/opt/hisi-linux/x86-arm/arm-hisiv400-linux/arm-hisiv400-linux-gnueabi/bin/ld
lt_cv_path_NM='/opt/hisi-linux/x86-arm/arm-hisiv400-linux/target/bin/arm-hisiv400-linux-nm -B'
lt_cv_path_mainfest_tool=no
lt_cv_prog_compiler_c_o=yes
lt_cv_prog_compiler_pic='-fPIC -DPIC'
lt_cv_prog_compiler_pic_works=yes
lt_cv_prog_compiler_rtti_exceptions=no
lt_cv_prog_compiler_static_works=yes
lt_cv_prog_gnu_ld=yes
lt_cv_sharedlib_from_linklib_cmd='printf %s\n'
lt_cv_shlibpath_overrides_runpath=no
lt_cv_sys_global_symbol_pipe='sed -n -e '\''s/^.*[	 ]\([ABCDGIRSTW][ABCDGIRSTW]*\)[	 ][	 ]*\([_A-Za-z][_A-Za-z0-9]*\)$/\1 \2 \2/p'\'' | sed '\''/ __gnu_lto/d'\'''
lt_cv_sys_global_symbol_to_c_name_address='sed -n -e '\''s/^: \([^ ]*\)[ ]*$/  {\"\1\", (void *) 0},/p'\'' -e '\''s/^[ABCDGIRSTW]* \([^ ]*\) \([^ ]*\)$/  {"\2", (void *) \&\2},/p'\'''
lt_cv_sys_global_symbol_to_c_name_address_lib_prefix='sed -n -e '\''s/^: \([^ ]*\)[ ]*$/  {\"\1\", (void *) 0},/p'\'' -e '\''s/^[ABCDGIRSTW]* \([^ ]*\) \(lib[^ ]*\)$/  {"\2", (void *) \&\2},/p'\'' -e '\''s/^[ABCDGIRSTW]* \([^ ]*\) \([^ ]*\)$/  {"lib\2", (void *) \&\2},/p'\'''
lt_cv_sys_global_symbol_to_cdecl='sed -n -e '\''s/^T .* \(.*\)$/extern int \1();/p'\'' -e '\''s/^[ABCDGIRSTW]* .* \(.*\)$/extern char \1;/p'\'''
lt_cv_sys_max_cmd_len=1966080
lt_cv_to_host_file_cmd=func_convert_file_noop
lt_cv_to_tool_file_cmd=func_convert_file_noop
pkg_cv_USBUTILS_CFLAGS=' '
pkg_cv_USBUTILS_LIBS=' '

## ----------------- ##
## Output variables. ##
## ----------------- ##

ACLOCAL='${SHELL} /home/gjyang/sys-bin/udev/udev-174/build-aux/missing --run aclocal-1.11'
AMDEPBACKSLASH='\'
AMDEP_FALSE='#'
AMDEP_TRUE=''
AMTAR='${SHELL} /home/gjyang/sys-bin/udev/udev-174/build-aux/missing --run tar'
AM_BACKSLASH='\'
AM_DEFAULT_VERBOSITY='0'
AR='arm-hisiv400-linux-ar'
AUTOCONF='${SHELL} /home/gjyang/sys-bin/udev/udev-174/build-aux/missing --run autoconf'
AUTOHEADER='${SHELL} /home/gjyang/sys-bin/udev/udev-174/build-aux/missing --run autoheader'
AUTOMAKE='${SHELL} /home/gjyang/sys-bin/udev/udev-174/build-aux/missing --run automake-1.11'
AWK='gawk'
CC='arm-hisiv400-linux-gcc'
CCDEPMODE='depmode=gcc3'
CFLAGS='-g -O2'
CPP='arm-hisiv400-linux-gcc -E'
CPPFLAGS=''
CYGPATH_W='echo'
DEFS='-DHAVE_CONFIG_H'
DEPDIR='.deps'
DLLTOOL='false'
DSYMUTIL=''
DUMPBIN=''
ECHO_C=''
ECHO_N='-n'
ECHO_T=''
EGREP='/bin/grep -E'
ENABLE_EDD_FALSE=''
ENABLE_EDD_TRUE='#'
ENABLE_FLOPPY_FALSE=''
ENABLE_FLOPPY_TRUE='#'
ENABLE_GTK_DOC_FALSE=''
ENABLE_GTK_DOC_TRUE='#'
ENABLE_GUDEV_FALSE=''
ENABLE_GUDEV_TRUE='#'
ENABLE_HWDB_FALSE='#'
ENABLE_HWDB_TRUE=''
ENABLE_INTROSPECTION_FALSE=''
ENABLE_INTROSPECTION_TRUE='#'
ENABLE_KEYMAP_FALSE='#'
ENABLE_KEYMAP_TRUE=''
ENABLE_MTD_PROBE_FALSE='#'
ENABLE_MTD_PROBE_TRUE=''
ENABLE_RULE_GENERATOR_FALSE=''
ENABLE_RULE_GENERATOR_TRUE='#'
ENABLE_UDEV_ACL_FALSE=''
ENABLE_UDEV_ACL_TRUE='#'
EXEEXT=''
FGREP='/bin/grep -F'
FIRMWARE_PATH='\"/lib/firmware/updates/\", \"/lib/firmware/\"'
GIRDIR=''
GIRTYPELIBDIR=''
GLIB_CFLAGS=''
GLIB_LIBS=''
GPERF='/usr/bin/gperf'
GREP='/bin/grep'
GTKDOC_CHECK=''
GTKDOC_DEPS_CFLAGS=''
GTKDOC_DEPS_LIBS=''
GTKDOC_MKPDF=''
GTKDOC_REBASE='true'
GTK_DOC_BUILD_HTML_FALSE='#'
GTK_DOC_BUILD_HTML_TRUE=''
GTK_DOC_BUILD_PDF_FALSE=''
GTK_DOC_BUILD_PDF_TRUE='#'
GTK_DOC_USE_LIBTOOL_FALSE='#'
GTK_DOC_USE_LIBTOOL_TRUE=''
GTK_DOC_USE_REBASE_FALSE='#'
GTK_DOC_USE_REBASE_TRUE=''
G_IR_COMPILER=''
G_IR_GENERATE=''
G_IR_SCANNER=''
HTML_DIR='${datadir}/gtk-doc/html'
INCLUDE_PREFIX='/opt/hisi-linux/x86-arm/arm-hisiv400-linux/target/usr/include'
INSTALL_DATA='${INSTALL} -m 644'
INSTALL_PROGRAM='${INSTALL}'
INSTALL_SCRIPT='${INSTALL}'
INSTALL_STRIP_PROGRAM='$(install_sh) -c -s'
INTROSPECTION_CFLAGS=''
INTROSPECTION_LIBS=''
LD='/opt/hisi-linux/x86-arm/arm-hisiv400-linux/arm-hisiv400-linux-gnueabi/bin/ld'
LDFLAGS=''
LIBOBJS=''
LIBS='-lrt '
LIBTOOL='$(SHELL) $(top_builddir)/libtool'
LIPO=''
LN_S='ln -s'
LTLIBOBJS=''
MAKEINFO='${SHELL} /home/gjyang/sys-bin/udev/udev-174/build-aux/missing --run makeinfo'
MANIFEST_TOOL=':'
MKDIR_P='/bin/mkdir -p'
NM='/opt/hisi-linux/x86-arm/arm-hisiv400-linux/target/bin/arm-hisiv400-linux-nm -B'
NMEDIT=''
OBJDUMP='arm-hisiv400-linux-objdump'
OBJEXT='o'
OTOOL64=''
OTOOL=''
PACKAGE='udev'
PACKAGE_BUGREPORT='linux-hotplug@vger.kernel.org'
PACKAGE_NAME='udev'
PACKAGE_STRING='udev 174'
PACKAGE_TARNAME='udev'
PACKAGE_URL='http://www.kernel.org/pub/linux/utils/kernel/hotplug/udev.html'
PACKAGE_VERSION='174'
PATH_SEPARATOR=':'
PCI_DATABASE='no'
PKG_CONFIG='/usr/bin/pkg-config'
PKG_CONFIG_LIBDIR=''
PKG_CONFIG_PATH=''
RANLIB='arm-hisiv400-linux-ranlib'
SED='/bin/sed'
SELINUX_LIBS=''
SET_MAKE=''
SHELL='/bin/sh'
STRIP='arm-hisiv400-linux-strip'
USBUTILS_CFLAGS=' '
USBUTILS_LIBS=' '
USB_DATABASE='/usr/share/hwdata/usb.ids'
VERSION='174'
WITH_SELINUX_FALSE=''
WITH_SELINUX_TRUE='#'
WITH_SYSTEMD_FALSE=''
WITH_SYSTEMD_TRUE='#'
XSLTPROC='/usr/bin/xsltproc'
ac_ct_AR=''
ac_ct_CC=''
ac_ct_DUMPBIN=''
am__EXEEXT_FALSE=''
am__EXEEXT_TRUE='#'
am__fastdepCC_FALSE='#'
am__fastdepCC_TRUE=''
am__include='include'
am__isrc=''
am__leading_dot='.'
am__quote=''
am__tar='tar --format=posix -chf - "$$tardir"'
am__untar='tar -xf -'
bindir='${exec_prefix}/bin'
build='i686-pc-linux-gnu'
build_alias=''
build_cpu='i686'
build_os='linux-gnu'
build_vendor='pc'
datadir='${datarootdir}'
datarootdir='${prefix}/share'
docdir='${datarootdir}/doc/${PACKAGE_TARNAME}'
dvidir='${docdir}'
exec_prefix='${prefix}'
host='arm-hisiv400-linux-gnu'
host_alias='arm-hisiv400-linux'
host_cpu='arm'
host_os='linux-gnu'
host_vendor='hisiv400'
htmldir='${docdir}'
includedir='${prefix}/include'
infodir='${datarootdir}/info'
install_sh='${SHELL} /home/gjyang/sys-bin/udev/udev-174/build-aux/install-sh'
libdir='${exec_prefix}/lib'
libexecdir='/lib/udev'
localedir='${datarootdir}/locale'
localstatedir='${prefix}/var'
mandir='${datarootdir}/man'
mkdir_p='/bin/mkdir -p'
oldincludedir='/usr/include'
pdfdir='${docdir}'
prefix='/'
program_transform_name='s,x,x,'
psdir='${docdir}'
rootlib_execdir='${exec_prefix}/lib'
sbindir='${exec_prefix}/sbin'
sharedstatedir='${prefix}/com'
sysconfdir='${prefix}/etc'
systemdsystemunitdir=''
target_alias=''

## ----------- ##
## confdefs.h. ##
## ----------- ##

/* confdefs.h */
#define PACKAGE_NAME "udev"
#define PACKAGE_TARNAME "udev"
#define PACKAGE_VERSION "174"
#define PACKAGE_STRING "udev 174"
#define PACKAGE_BUGREPORT "linux-hotplug@vger.kernel.org"
#define PACKAGE_URL "http://www.kernel.org/pub/linux/utils/kernel/hotplug/udev.html"
#define PACKAGE "udev"
#define VERSION "174"
#define STDC_HEADERS 1
#define HAVE_SYS_TYPES_H 1
#define HAVE_SYS_STAT_H 1
#define HAVE_STDLIB_H 1
#define HAVE_STRING_H 1
#define HAVE_MEMORY_H 1
#define HAVE_STRINGS_H 1
#define HAVE_INTTYPES_H 1
#define HAVE_STDINT_H 1
#define HAVE_UNISTD_H 1
#define __EXTENSIONS__ 1
#define _ALL_SOURCE 1
#define _GNU_SOURCE 1
#define _POSIX_PTHREAD_SEMANTICS 1
#define _TANDEM_SOURCE 1
#define _FILE_OFFSET_BITS 64
#define HAVE_DLFCN_H 1
#define LT_OBJDIR ".libs/"
#define ENABLE_LOGGING 1

configure: exit 0
