This file contains any messages produced by compilers while
running configure, to aid debugging if configure makes a mistake.

It was created by GNU Awk Bundled Extensions configure 4.1.3, which was
generated by GNU Autoconf 2.69.  Invocation command line was

  $ ./configure --disable-option-checking --prefix=/usr/local --host=mips-linux-gnu CC=mips-linux-gnu-gcc -EL host_alias=mips-linux-gnu --cache-file=/dev/null --srcdir=.

## --------- ##
## Platform. ##
## --------- ##

hostname = wolf
uname -m = i686
uname -r = 2.6.32-504.el6.i686
uname -s = Linux
uname -v = #1 SMP Wed Oct 15 03:02:07 UTC 2014

/usr/bin/uname -p = unknown
/bin/uname -X     = unknown

/bin/arch              = i686
/usr/bin/arch -k       = unknown
/usr/convex/getsysinfo = unknown
/usr/bin/hostinfo      = unknown
/bin/machine           = unknown
/usr/bin/oslevel       = unknown
/bin/universe          = unknown

PATH: /opt/hisi-linux-nptl/arm-hisiv100-linux/target/bin
PATH: /opt/mips-2014.05/bin
PATH: /opt/linaro-multilib-2014.06-gcc4.9/bin
PATH: /opt/stbgcc-4.8-1.0/bin
PATH: /opt/hisi-linux/x86-arm/arm-hisiv400-linux/target/bin
PATH: /opt/hisi-linux/x86-arm/arm-hisiv200-linux/target/bin
PATH: /usr/lib/qt-3.3/bin
PATH: /usr/local/bin
PATH: /bin
PATH: /usr/bin
PATH: /usr/local/sbin
PATH: /usr/sbin
PATH: /sbin
PATH: /home/gjyang/gj-utils/autoftp/bin
PATH: /home/gjyang/bin


## ----------- ##
## Core tests. ##
## ----------- ##

configure:2363: checking for mips-linux-gnu-gcc
configure:2390: result: mips-linux-gnu-gcc -EL
configure:2659: checking for C compiler version
configure:2668: mips-linux-gnu-gcc -EL --version >&5
mips-linux-gnu-gcc (Sourcery CodeBench Lite 2014.05-27) 4.8.3 20140320 (prerelease)
Copyright (C) 2013 Free Software Foundation, Inc.
This is free software; see the source for copying conditions.  There is NO
warranty; not even for MERCHANTABILITY or FITNESS FOR A PARTICULAR PURPOSE.

configure:2679: $? = 0
configure:2668: mips-linux-gnu-gcc -EL -v >&5
Using built-in specs.
COLLECT_GCC=mips-linux-gnu-gcc
COLLECT_LTO_WRAPPER=/opt/mips-2014.05/bin/../libexec/gcc/mips-linux-gnu/4.8.3/lto-wrapper
Target: mips-linux-gnu
Configured with: /scratch/cmoore/2014.05-linux-lite-final/src/gcc-4.8-2014.05/configure --build=i686-pc-linux-gnu --host=i686-pc-linux-gnu --target=mips-linux-gnu --enable-threads --disable-libmudflap --disable-libssp --disable-libstdcxx-pch --with-arch-32=mips32r2 --with-arch-64=mips64r2 --with-float=hard --with-mips-plt --enable-extra-sgxxlite-multilibs --with-gnu-as --with-gnu-ld --with-specs='%{save-temps: -fverbose-asm} -D__CS_SOURCERYGXX_MAJ__=2014 -D__CS_SOURCERYGXX_MIN__=5 -D__CS_SOURCERYGXX_REV__=27' --enable-languages=c,c++ --enable-shared --enable-lto --enable-symvers=gnu --enable-__cxa_atexit --with-pkgversion='Sourcery CodeBench Lite 2014.05-27' --with-bugurl=https://sourcery.mentor.com/GNUToolchain/ --disable-nls --prefix=/opt/codesourcery --with-sysroot=/opt/codesourcery/mips-linux-gnu/libc --with-build-sysroot=/scratch/cmoore/2014.05-linux-lite-final/install/opt/codesourcery/mips-linux-gnu/libc --with-gmp=/scratch/cmoore/2014.05-linux-lite-final/obj/pkg-2014.05-27-mips-linux-gnu/mips-2014.05-27-mips-linux-gnu.extras/host-libs-i686-pc-linux-gnu/usr --with-mpfr=/scratch/cmoore/2014.05-linux-lite-final/obj/pkg-2014.05-27-mips-linux-gnu/mips-2014.05-27-mips-linux-gnu.extras/host-libs-i686-pc-linux-gnu/usr --with-mpc=/scratch/cmoore/2014.05-linux-lite-final/obj/pkg-2014.05-27-mips-linux-gnu/mips-2014.05-27-mips-linux-gnu.extras/host-libs-i686-pc-linux-gnu/usr --with-isl=/scratch/cmoore/2014.05-linux-lite-final/obj/pkg-2014.05-27-mips-linux-gnu/mips-2014.05-27-mips-linux-gnu.extras/host-libs-i686-pc-linux-gnu/usr --with-cloog=/scratch/cmoore/2014.05-linux-lite-final/obj/pkg-2014.05-27-mips-linux-gnu/mips-2014.05-27-mips-linux-gnu.extras/host-libs-i686-pc-linux-gnu/usr --with-libelf=/scratch/cmoore/2014.05-linux-lite-final/obj/pkg-2014.05-27-mips-linux-gnu/mips-2014.05-27-mips-linux-gnu.extras/host-libs-i686-pc-linux-gnu/usr --enable-libgomp --disable-libitm --enable-libatomic --disable-libssp --enable-poison-system-directories --with-build-time-tools=/scratch/cmoore/2014.05-linux-lite-final/install/opt/codesourcery/mips-linux-gnu/bin --with-build-time-tools=/scratch/cmoore/2014.05-linux-lite-final/install/opt/codesourcery/mips-linux-gnu/bin SED=sed
Thread model: posix
gcc version 4.8.3 20140320 (prerelease) (Sourcery CodeBench Lite 2014.05-27) 
configure:2679: $? = 0
configure:2668: mips-linux-gnu-gcc -EL -V >&5
mips-linux-gnu-gcc: error: unrecognized command line option '-V'
mips-linux-gnu-gcc: fatal error: no input files
compilation terminated.
configure:2679: $? = 1
configure:2668: mips-linux-gnu-gcc -EL -qversion >&5
mips-linux-gnu-gcc: error: unrecognized command line option '-qversion'
mips-linux-gnu-gcc: fatal error: no input files
compilation terminated.
configure:2679: $? = 1
configure:2699: checking whether the C compiler works
configure:2721: mips-linux-gnu-gcc -EL    conftest.c  >&5
configure:2725: $? = 0
configure:2773: result: yes
configure:2776: checking for C compiler default output file name
configure:2778: result: a.out
configure:2784: checking for suffix of executables
configure:2791: mips-linux-gnu-gcc -EL -o conftest    conftest.c  >&5
configure:2795: $? = 0
configure:2817: result: 
configure:2839: checking whether we are cross compiling
configure:2847: mips-linux-gnu-gcc -EL -o conftest    conftest.c  >&5
configure:2851: $? = 0
configure:2858: ./conftest
./configure: line 2860: ./conftest: cannot execute binary file
configure:2862: $? = 126
configure:2877: result: yes
configure:2882: checking for suffix of object files
configure:2904: mips-linux-gnu-gcc -EL -c   conftest.c >&5
configure:2908: $? = 0
configure:2929: result: o
configure:2933: checking whether we are using the GNU C compiler
configure:2952: mips-linux-gnu-gcc -EL -c   conftest.c >&5
configure:2952: $? = 0
configure:2961: result: yes
configure:2970: checking whether mips-linux-gnu-gcc -EL accepts -g
configure:2990: mips-linux-gnu-gcc -EL -c -g  conftest.c >&5
configure:2990: $? = 0
configure:3031: result: yes
configure:3048: checking for mips-linux-gnu-gcc -EL option to accept ISO C89
configure:3111: mips-linux-gnu-gcc -EL  -c -g -O2  conftest.c >&5
configure:3111: $? = 0
configure:3124: result: none needed
configure:3149: checking whether mips-linux-gnu-gcc -EL understands -c and -o together
configure:3171: mips-linux-gnu-gcc -EL -c conftest.c -o conftest2.o
configure:3174: $? = 0
configure:3171: mips-linux-gnu-gcc -EL -c conftest.c -o conftest2.o
configure:3174: $? = 0
configure:3186: result: yes
configure:3209: checking how to run the C preprocessor
configure:3240: mips-linux-gnu-gcc -EL -E  conftest.c
configure:3240: $? = 0
configure:3254: mips-linux-gnu-gcc -EL -E  conftest.c
conftest.c:9:28: fatal error: ac_nonexistent.h: No such file or directory
 #include <ac_nonexistent.h>
                            ^
compilation terminated.
configure:3254: $? = 1
configure: failed program was:
| /* confdefs.h */
| #define PACKAGE_NAME "GNU Awk Bundled Extensions"
| #define PACKAGE_TARNAME "gawk-extensions"
| #define PACKAGE_VERSION "4.1.3"
| #define PACKAGE_STRING "GNU Awk Bundled Extensions 4.1.3"
| #define PACKAGE_BUGREPORT "bug-gawk@gnu.org"
| #define PACKAGE_URL "http://www.gnu.org/software/gawk-extensions/"
| /* end confdefs.h.  */
| #include <ac_nonexistent.h>
configure:3279: result: mips-linux-gnu-gcc -EL -E
configure:3299: mips-linux-gnu-gcc -EL -E  conftest.c
configure:3299: $? = 0
configure:3313: mips-linux-gnu-gcc -EL -E  conftest.c
conftest.c:9:28: fatal error: ac_nonexistent.h: No such file or directory
 #include <ac_nonexistent.h>
                            ^
compilation terminated.
configure:3313: $? = 1
configure: failed program was:
| /* confdefs.h */
| #define PACKAGE_NAME "GNU Awk Bundled Extensions"
| #define PACKAGE_TARNAME "gawk-extensions"
| #define PACKAGE_VERSION "4.1.3"
| #define PACKAGE_STRING "GNU Awk Bundled Extensions 4.1.3"
| #define PACKAGE_BUGREPORT "bug-gawk@gnu.org"
| #define PACKAGE_URL "http://www.gnu.org/software/gawk-extensions/"
| /* end confdefs.h.  */
| #include <ac_nonexistent.h>
configure:3342: checking for grep that handles long lines and -e
configure:3400: result: /bin/grep
configure:3405: checking for egrep
configure:3467: result: /bin/grep -E
configure:3472: checking for ANSI C header files
configure:3492: mips-linux-gnu-gcc -EL -c -g -O2  conftest.c >&5
configure:3492: $? = 0
configure:3576: result: yes
configure:3589: checking for sys/types.h
configure:3589: mips-linux-gnu-gcc -EL -c -g -O2  conftest.c >&5
configure:3589: $? = 0
configure:3589: result: yes
configure:3589: checking for sys/stat.h
configure:3589: mips-linux-gnu-gcc -EL -c -g -O2  conftest.c >&5
configure:3589: $? = 0
configure:3589: result: yes
configure:3589: checking for stdlib.h
configure:3589: mips-linux-gnu-gcc -EL -c -g -O2  conftest.c >&5
configure:3589: $? = 0
configure:3589: result: yes
configure:3589: checking for string.h
configure:3589: mips-linux-gnu-gcc -EL -c -g -O2  conftest.c >&5
configure:3589: $? = 0
configure:3589: result: yes
configure:3589: checking for memory.h
configure:3589: mips-linux-gnu-gcc -EL -c -g -O2  conftest.c >&5
configure:3589: $? = 0
configure:3589: result: yes
configure:3589: checking for strings.h
configure:3589: mips-linux-gnu-gcc -EL -c -g -O2  conftest.c >&5
configure:3589: $? = 0
configure:3589: result: yes
configure:3589: checking for inttypes.h
configure:3589: mips-linux-gnu-gcc -EL -c -g -O2  conftest.c >&5
configure:3589: $? = 0
configure:3589: result: yes
configure:3589: checking for stdint.h
configure:3589: mips-linux-gnu-gcc -EL -c -g -O2  conftest.c >&5
configure:3589: $? = 0
configure:3589: result: yes
configure:3589: checking for unistd.h
configure:3589: mips-linux-gnu-gcc -EL -c -g -O2  conftest.c >&5
configure:3589: $? = 0
configure:3589: result: yes
configure:3602: checking minix/config.h usability
configure:3602: mips-linux-gnu-gcc -EL -c -g -O2  conftest.c >&5
conftest.c:52:26: fatal error: minix/config.h: No such file or directory
 #include <minix/config.h>
                          ^
compilation terminated.
configure:3602: $? = 1
configure: failed program was:
| /* confdefs.h */
| #define PACKAGE_NAME "GNU Awk Bundled Extensions"
| #define PACKAGE_TARNAME "gawk-extensions"
| #define PACKAGE_VERSION "4.1.3"
| #define PACKAGE_STRING "GNU Awk Bundled Extensions 4.1.3"
| #define PACKAGE_BUGREPORT "bug-gawk@gnu.org"
| #define PACKAGE_URL "http://www.gnu.org/software/gawk-extensions/"
| #define STDC_HEADERS 1
| #define HAVE_SYS_TYPES_H 1
| #define HAVE_SYS_STAT_H 1
| #define HAVE_STDLIB_H 1
| #define HAVE_STRING_H 1
| #define HAVE_MEMORY_H 1
| #define HAVE_STRINGS_H 1
| #define HAVE_INTTYPES_H 1
| #define HAVE_STDINT_H 1
| #define HAVE_UNISTD_H 1
| /* end confdefs.h.  */
| #include <stdio.h>
| #ifdef HAVE_SYS_TYPES_H
| # include <sys/types.h>
| #endif
| #ifdef HAVE_SYS_STAT_H
| # include <sys/stat.h>
| #endif
| #ifdef STDC_HEADERS
| # include <stdlib.h>
| # include <stddef.h>
| #else
| # ifdef HAVE_STDLIB_H
| #  include <stdlib.h>
| # endif
| #endif
| #ifdef HAVE_STRING_H
| # if !defined STDC_HEADERS && defined HAVE_MEMORY_H
| #  include <memory.h>
| # endif
| # include <string.h>
| #endif
| #ifdef HAVE_STRINGS_H
| # include <strings.h>
| #endif
| #ifdef HAVE_INTTYPES_H
| # include <inttypes.h>
| #endif
| #ifdef HAVE_STDINT_H
| # include <stdint.h>
| #endif
| #ifdef HAVE_UNISTD_H
| # include <unistd.h>
| #endif
| #include <minix/config.h>
configure:3602: result: no
configure:3602: checking minix/config.h presence
configure:3602: mips-linux-gnu-gcc -EL -E  conftest.c
conftest.c:19:26: fatal error: minix/config.h: No such file or directory
 #include <minix/config.h>
                          ^
compilation terminated.
configure:3602: $? = 1
configure: failed program was:
| /* confdefs.h */
| #define PACKAGE_NAME "GNU Awk Bundled Extensions"
| #define PACKAGE_TARNAME "gawk-extensions"
| #define PACKAGE_VERSION "4.1.3"
| #define PACKAGE_STRING "GNU Awk Bundled Extensions 4.1.3"
| #define PACKAGE_BUGREPORT "bug-gawk@gnu.org"
| #define PACKAGE_URL "http://www.gnu.org/software/gawk-extensions/"
| #define STDC_HEADERS 1
| #define HAVE_SYS_TYPES_H 1
| #define HAVE_SYS_STAT_H 1
| #define HAVE_STDLIB_H 1
| #define HAVE_STRING_H 1
| #define HAVE_MEMORY_H 1
| #define HAVE_STRINGS_H 1
| #define HAVE_INTTYPES_H 1
| #define HAVE_STDINT_H 1
| #define HAVE_UNISTD_H 1
| /* end confdefs.h.  */
| #include <minix/config.h>
configure:3602: result: no
configure:3602: checking for minix/config.h
configure:3602: result: no
configure:3623: checking whether it is safe to define __EXTENSIONS__
configure:3641: mips-linux-gnu-gcc -EL -c -g -O2  conftest.c >&5
configure:3641: $? = 0
configure:3648: result: yes
configure:3682: checking for a BSD-compatible install
configure:3750: result: build-aux/install-sh -c
configure:3761: checking whether build environment is sane
configure:3816: result: yes
configure:3872: checking for mips-linux-gnu-strip
configure:3888: found /opt/mips-2014.05/bin/mips-linux-gnu-strip
configure:3899: result: mips-linux-gnu-strip
configure:3964: checking for a thread-safe mkdir -p
configure:4003: result: /bin/mkdir -p
configure:4010: checking for gawk
configure:4026: found /bin/gawk
configure:4037: result: gawk
configure:4048: checking whether make sets $(MAKE)
configure:4070: result: yes
configure:4100: checking for style of include used by make
configure:4128: result: GNU
configure:4162: checking whether make supports nested variables
configure:4179: result: yes
configure:4264: checking dependency style of mips-linux-gnu-gcc -EL
configure:4375: result: gcc3
configure:4434: checking for struct stat.st_blksize
configure:4434: mips-linux-gnu-gcc -EL -c -g -O2  conftest.c >&5
configure:4434: $? = 0
configure:4434: result: yes
configure:4450: checking for mips-linux-gnu-ar
configure:4466: found /opt/mips-2014.05/bin/mips-linux-gnu-ar
configure:4477: result: mips-linux-gnu-ar
configure:4547: checking the archiver (mips-linux-gnu-ar) interface
configure:4563: mips-linux-gnu-gcc -EL -c -g -O2  conftest.c >&5
configure:4563: $? = 0
configure:4565: mips-linux-gnu-ar cru libconftest.a conftest.o >&5
configure:4568: $? = 0
configure:4596: result: ar
configure:4623: checking for special C compiler options needed for large files
configure:4668: result: no
configure:4674: checking for _FILE_OFFSET_BITS value needed for large files
configure:4699: mips-linux-gnu-gcc -EL -c -g -O2  conftest.c >&5
conftest.c:33:7: error: size of array 'off_t_is_large' is negative
   int off_t_is_large[(LARGE_OFF_T % 2147483629 == 721
       ^
configure:4699: $? = 1
configure: failed program was:
| /* confdefs.h */
| #define PACKAGE_NAME "GNU Awk Bundled Extensions"
| #define PACKAGE_TARNAME "gawk-extensions"
| #define PACKAGE_VERSION "4.1.3"
| #define PACKAGE_STRING "GNU Awk Bundled Extensions 4.1.3"
| #define PACKAGE_BUGREPORT "bug-gawk@gnu.org"
| #define PACKAGE_URL "http://www.gnu.org/software/gawk-extensions/"
| #define STDC_HEADERS 1
| #define HAVE_SYS_TYPES_H 1
| #define HAVE_SYS_STAT_H 1
| #define HAVE_STDLIB_H 1
| #define HAVE_STRING_H 1
| #define HAVE_MEMORY_H 1
| #define HAVE_STRINGS_H 1
| #define HAVE_INTTYPES_H 1
| #define HAVE_STDINT_H 1
| #define HAVE_UNISTD_H 1
| #define __EXTENSIONS__ 1
| #define _ALL_SOURCE 1
| #define _GNU_SOURCE 1
| #define _POSIX_PTHREAD_SEMANTICS 1
| #define _TANDEM_SOURCE 1
| #define PACKAGE "gawk-extensions"
| #define VERSION "4.1.3"
| #define HAVE_STRUCT_STAT_ST_BLKSIZE 1
| /* end confdefs.h.  */
| #include <sys/types.h>
|  /* Check that off_t can represent 2**63 - 1 correctly.
|     We can't simply define LARGE_OFF_T to be 9223372036854775807,
|     since some C++ compilers masquerading as C compilers
|     incorrectly reject 9223372036854775807.  */
| #define LARGE_OFF_T ((((off_t) 1 << 31) << 31) - 1 + (((off_t) 1 << 31) << 31))
|   int off_t_is_large[(LARGE_OFF_T % 2147483629 == 721
| 		       && LARGE_OFF_T % 2147483647 == 1)
| 		      ? 1 : -1];
| int
| main ()
| {
| 
|   ;
|   return 0;
| }
configure:4723: mips-linux-gnu-gcc -EL -c -g -O2  conftest.c >&5
configure:4723: $? = 0
configure:4731: result: 64
configure:4876: checking build system type
configure:4890: result: i686-pc-linux-gnu
configure:4910: checking host system type
configure:4923: result: mips-unknown-linux-gnu
configure:4964: checking how to print strings
configure:4991: result: printf
configure:5012: checking for a sed that does not truncate output
configure:5076: result: /bin/sed
configure:5094: checking for fgrep
configure:5156: result: /bin/grep -F
configure:5191: checking for ld used by mips-linux-gnu-gcc -EL
configure:5258: result: /opt/mips-2014.05/mips-linux-gnu/bin/ld
configure:5265: checking if the linker (/opt/mips-2014.05/mips-linux-gnu/bin/ld) is GNU ld
configure:5280: result: yes
configure:5292: checking for BSD- or MS-compatible name lister (nm)
configure:5346: result: /opt/mips-2014.05/bin/mips-linux-gnu-nm -B
configure:5476: checking the name lister (/opt/mips-2014.05/bin/mips-linux-gnu-nm -B) interface
configure:5483: mips-linux-gnu-gcc -EL -c -g -O2  conftest.c >&5
configure:5486: /opt/mips-2014.05/bin/mips-linux-gnu-nm -B "conftest.o"
configure:5489: output
00000000 B some_variable
configure:5496: result: BSD nm
configure:5499: checking whether ln -s works
configure:5503: result: yes
configure:5511: checking the maximum length of command line arguments
configure:5642: result: 1966080
configure:5690: checking how to convert i686-pc-linux-gnu file names to mips-unknown-linux-gnu format
configure:5730: result: func_convert_file_noop
configure:5737: checking how to convert i686-pc-linux-gnu file names to toolchain format
configure:5757: result: func_convert_file_noop
configure:5764: checking for /opt/mips-2014.05/mips-linux-gnu/bin/ld option to reload object files
configure:5771: result: -r
configure:5805: checking for mips-linux-gnu-objdump
configure:5821: found /opt/mips-2014.05/bin/mips-linux-gnu-objdump
configure:5832: result: mips-linux-gnu-objdump
configure:5904: checking how to recognize dependent libraries
configure:6104: result: pass_all
configure:6149: checking for mips-linux-gnu-dlltool
configure:6179: result: no
configure:6189: checking for dlltool
configure:6219: result: no
configure:6249: checking how to associate runtime and link libraries
configure:6276: result: printf %s\n
configure:6292: checking for mips-linux-gnu-ar
configure:6319: result: mips-linux-gnu-ar
configure:6400: checking for archiver @FILE support
configure:6417: mips-linux-gnu-gcc -EL -c -g -O2  conftest.c >&5
configure:6417: $? = 0
configure:6420: mips-linux-gnu-ar cru libconftest.a @conftest.lst >&5
configure:6423: $? = 0
configure:6428: mips-linux-gnu-ar cru libconftest.a @conftest.lst >&5
mips-linux-gnu-ar: conftest.o: No such file or directory
configure:6431: $? = 1
configure:6443: result: @
configure:6461: checking for mips-linux-gnu-strip
configure:6488: result: mips-linux-gnu-strip
configure:6560: checking for mips-linux-gnu-ranlib
configure:6576: found /opt/mips-2014.05/bin/mips-linux-gnu-ranlib
configure:6587: result: mips-linux-gnu-ranlib
configure:6729: checking command to parse /opt/mips-2014.05/bin/mips-linux-gnu-nm -B output from mips-linux-gnu-gcc -EL object
configure:6882: mips-linux-gnu-gcc -EL -c -g -O2  conftest.c >&5
configure:6885: $? = 0
configure:6889: /opt/mips-2014.05/bin/mips-linux-gnu-nm -B conftest.o \| sed -n -e 's/^.*[ ]\([ABCDGIRSTW][ABCDGIRSTW]*\)[ ][ ]*\([_A-Za-z][_A-Za-z0-9]*\)$/\1 \2 \2/p' | sed '/ __gnu_lto/d' \> conftest.nm
configure:6892: $? = 0
configure:6958: mips-linux-gnu-gcc -EL -o conftest -g -O2   conftest.c conftstm.o >&5
configure:6961: $? = 0
configure:6999: result: ok
configure:7046: checking for sysroot
configure:7076: result: no
configure:7083: checking for a working dd
configure:7121: result: /bin/dd
configure:7125: checking how to truncate binary pipes
configure:7140: result: /bin/dd bs=4096 count=1
configure:7429: checking for mips-linux-gnu-mt
configure:7459: result: no
configure:7469: checking for mt
configure:7499: result: no
configure:7519: checking if : is a manifest tool
configure:7525: : '-?'
configure:7533: result: no
configure:8207: checking for dlfcn.h
configure:8207: mips-linux-gnu-gcc -EL -c -g -O2  conftest.c >&5
configure:8207: $? = 0
configure:8207: result: yes
configure:8433: checking for objdir
configure:8448: result: .libs
configure:8712: checking if mips-linux-gnu-gcc -EL supports -fno-rtti -fno-exceptions
configure:8730: mips-linux-gnu-gcc -EL -c -g -O2  -fno-rtti -fno-exceptions conftest.c >&5
cc1: warning: command line option '-fno-rtti' is valid for C++/ObjC++ but not for C [enabled by default]
configure:8734: $? = 0
configure:8747: result: no
configure:9105: checking for mips-linux-gnu-gcc -EL option to produce PIC
configure:9112: result: -fPIC -DPIC
configure:9120: checking if mips-linux-gnu-gcc -EL PIC flag -fPIC -DPIC works
configure:9138: mips-linux-gnu-gcc -EL -c -g -O2  -fPIC -DPIC -DPIC conftest.c >&5
configure:9142: $? = 0
configure:9155: result: yes
configure:9184: checking if mips-linux-gnu-gcc -EL static flag -static works
configure:9212: result: yes
configure:9227: checking if mips-linux-gnu-gcc -EL supports -c -o file.o
configure:9248: mips-linux-gnu-gcc -EL -c -g -O2  -o out/conftest2.o conftest.c >&5
configure:9252: $? = 0
configure:9274: result: yes
configure:9282: checking if mips-linux-gnu-gcc -EL supports -c -o file.o
configure:9329: result: yes
configure:9362: checking whether the mips-linux-gnu-gcc -EL linker (/opt/mips-2014.05/mips-linux-gnu/bin/ld) supports shared libraries
configure:10621: result: yes
configure:10658: checking whether -lc should be explicitly linked in
configure:10666: mips-linux-gnu-gcc -EL -c -g -O2  conftest.c >&5
configure:10669: $? = 0
configure:10684: mips-linux-gnu-gcc -EL -shared  -fPIC -DPIC conftest.o  -v -Wl,-soname -Wl,conftest -o conftest 2\>\&1 \| /bin/grep  -lc  \>/dev/null 2\>\&1
configure:10687: $? = 0
configure:10701: result: no
configure:10861: checking dynamic linker characteristics
configure:11442: mips-linux-gnu-gcc -EL -o conftest -g -O2   -Wl,-rpath -Wl,/foo conftest.c  >&5
configure:11442: $? = 0
configure:11679: result: GNU/Linux ld.so
configure:11801: checking how to hardcode library paths into programs
configure:11826: result: immediate
configure:12374: checking whether stripping libraries is possible
configure:12379: result: yes
configure:12414: checking if libtool supports shared libraries
configure:12416: result: yes
configure:12419: checking whether to build shared libraries
configure:12444: result: yes
configure:12447: checking whether to build static libraries
configure:12451: result: no
configure:12497: checking for special development options
configure:12508: result: no
configure:12515: checking fnmatch.h usability
configure:12515: mips-linux-gnu-gcc -EL -c -g -O2 -Wall  conftest.c >&5
configure:12515: $? = 0
configure:12515: result: yes
configure:12515: checking fnmatch.h presence
configure:12515: mips-linux-gnu-gcc -EL -E  conftest.c
configure:12515: $? = 0
configure:12515: result: yes
configure:12515: checking for fnmatch.h
configure:12515: result: yes
configure:12515: checking limits.h usability
configure:12515: mips-linux-gnu-gcc -EL -c -g -O2 -Wall  conftest.c >&5
configure:12515: $? = 0
configure:12515: result: yes
configure:12515: checking limits.h presence
configure:12515: mips-linux-gnu-gcc -EL -E  conftest.c
configure:12515: $? = 0
configure:12515: result: yes
configure:12515: checking for limits.h
configure:12515: result: yes
configure:12515: checking sys/time.h usability
configure:12515: mips-linux-gnu-gcc -EL -c -g -O2 -Wall  conftest.c >&5
configure:12515: $? = 0
configure:12515: result: yes
configure:12515: checking sys/time.h presence
configure:12515: mips-linux-gnu-gcc -EL -E  conftest.c
configure:12515: $? = 0
configure:12515: result: yes
configure:12515: checking for sys/time.h
configure:12515: result: yes
configure:12515: checking sys/select.h usability
configure:12515: mips-linux-gnu-gcc -EL -c -g -O2 -Wall  conftest.c >&5
configure:12515: $? = 0
configure:12515: result: yes
configure:12515: checking sys/select.h presence
configure:12515: mips-linux-gnu-gcc -EL -E  conftest.c
configure:12515: $? = 0
configure:12515: result: yes
configure:12515: checking for sys/select.h
configure:12515: result: yes
configure:12515: checking sys/param.h usability
configure:12515: mips-linux-gnu-gcc -EL -c -g -O2 -Wall  conftest.c >&5
configure:12515: $? = 0
configure:12515: result: yes
configure:12515: checking sys/param.h presence
configure:12515: mips-linux-gnu-gcc -EL -E  conftest.c
configure:12515: $? = 0
configure:12515: result: yes
configure:12515: checking for sys/param.h
configure:12515: result: yes
configure:12528: checking for dirent.h that defines DIR
configure:12547: mips-linux-gnu-gcc -EL -c -g -O2 -Wall  conftest.c >&5
configure:12547: $? = 0
configure:12555: result: yes
configure:12568: checking for library containing opendir
configure:12599: mips-linux-gnu-gcc -EL -o conftest -g -O2 -Wall   conftest.c  >&5
configure:12599: $? = 0
configure:12616: result: none required
configure:12683: checking whether sys/types.h defines makedev
configure:12699: mips-linux-gnu-gcc -EL -o conftest -g -O2 -Wall   conftest.c  >&5
configure:12699: $? = 0
configure:12708: result: yes
configure:12733: checking whether time.h and sys/time.h may both be included
configure:12753: mips-linux-gnu-gcc -EL -c -g -O2 -Wall  conftest.c >&5
configure:12753: $? = 0
configure:12760: result: yes
configure:12773: checking for fdopendir
configure:12773: mips-linux-gnu-gcc -EL -o conftest -g -O2 -Wall   conftest.c  >&5
configure:12773: $? = 0
configure:12773: result: yes
configure:12773: checking for fnmatch
configure:12773: mips-linux-gnu-gcc -EL -o conftest -g -O2 -Wall   conftest.c  >&5
configure:12773: $? = 0
configure:12773: result: yes
configure:12773: checking for gettimeofday
configure:12773: mips-linux-gnu-gcc -EL -o conftest -g -O2 -Wall   conftest.c  >&5
configure:12773: $? = 0
configure:12773: result: yes
configure:12773: checking for getdtablesize
configure:12773: mips-linux-gnu-gcc -EL -o conftest -g -O2 -Wall   conftest.c  >&5
configure:12773: $? = 0
configure:12773: result: yes
configure:12773: checking for nanosleep
configure:12773: mips-linux-gnu-gcc -EL -o conftest -g -O2 -Wall   conftest.c  >&5
configure:12773: $? = 0
configure:12773: result: yes
configure:12773: checking for select
configure:12773: mips-linux-gnu-gcc -EL -o conftest -g -O2 -Wall   conftest.c  >&5
configure:12773: $? = 0
configure:12773: result: yes
configure:12773: checking for GetSystemTimeAsFileTime
configure:12773: mips-linux-gnu-gcc -EL -o conftest -g -O2 -Wall   conftest.c  >&5
/tmp/ccQhICLk.o: In function `main':
/home/gjyang/sys-bin/awk/gawk-4.1.3/extension/conftest.c:77: undefined reference to `GetSystemTimeAsFileTime'
collect2: error: ld returned 1 exit status
configure:12773: $? = 1
configure: failed program was:
| /* confdefs.h */
| #define PACKAGE_NAME "GNU Awk Bundled Extensions"
| #define PACKAGE_TARNAME "gawk-extensions"
| #define PACKAGE_VERSION "4.1.3"
| #define PACKAGE_STRING "GNU Awk Bundled Extensions 4.1.3"
| #define PACKAGE_BUGREPORT "bug-gawk@gnu.org"
| #define PACKAGE_URL "http://www.gnu.org/software/gawk-extensions/"
| #define STDC_HEADERS 1
| #define HAVE_SYS_TYPES_H 1
| #define HAVE_SYS_STAT_H 1
| #define HAVE_STDLIB_H 1
| #define HAVE_STRING_H 1
| #define HAVE_MEMORY_H 1
| #define HAVE_STRINGS_H 1
| #define HAVE_INTTYPES_H 1
| #define HAVE_STDINT_H 1
| #define HAVE_UNISTD_H 1
| #define __EXTENSIONS__ 1
| #define _ALL_SOURCE 1
| #define _GNU_SOURCE 1
| #define _POSIX_PTHREAD_SEMANTICS 1
| #define _TANDEM_SOURCE 1
| #define PACKAGE "gawk-extensions"
| #define VERSION "4.1.3"
| #define HAVE_STRUCT_STAT_ST_BLKSIZE 1
| #define _FILE_OFFSET_BITS 64
| #define HAVE_DLFCN_H 1
| #define LT_OBJDIR ".libs/"
| #define HAVE_FNMATCH_H 1
| #define HAVE_LIMITS_H 1
| #define HAVE_SYS_TIME_H 1
| #define HAVE_SYS_SELECT_H 1
| #define HAVE_SYS_PARAM_H 1
| #define HAVE_DIRENT_H 1
| #define TIME_WITH_SYS_TIME 1
| #define HAVE_FDOPENDIR 1
| #define HAVE_FNMATCH 1
| #define HAVE_GETTIMEOFDAY 1
| #define HAVE_GETDTABLESIZE 1
| #define HAVE_NANOSLEEP 1
| #define HAVE_SELECT 1
| /* end confdefs.h.  */
| /* Define GetSystemTimeAsFileTime to an innocuous variant, in case <limits.h> declares GetSystemTimeAsFileTime.
|    For example, HP-UX 11i <limits.h> declares gettimeofday.  */
| #define GetSystemTimeAsFileTime innocuous_GetSystemTimeAsFileTime
| 
| /* System header to define __stub macros and hopefully few prototypes,
|     which can conflict with char GetSystemTimeAsFileTime (); below.
|     Prefer <limits.h> to <assert.h> if __STDC__ is defined, since
|     <limits.h> exists even on freestanding compilers.  */
| 
| #ifdef __STDC__
| # include <limits.h>
| #else
| # include <assert.h>
| #endif
| 
| #undef GetSystemTimeAsFileTime
| 
| /* Override any GCC internal prototype to avoid an error.
|    Use char because int might match the return type of a GCC
|    builtin and then its argument prototype would still apply.  */
| #ifdef __cplusplus
| extern "C"
| #endif
| char GetSystemTimeAsFileTime ();
| /* The GNU C library defines this for functions which it implements
|     to always fail with ENOSYS.  Some functions are actually named
|     something starting with __ and the normal name is an alias.  */
| #if defined __stub_GetSystemTimeAsFileTime || defined __stub___GetSystemTimeAsFileTime
| choke me
| #endif
| 
| int
| main ()
| {
| return GetSystemTimeAsFileTime ();
|   ;
|   return 0;
| }
configure:12773: result: no
configure:12789: checking for dirfd
configure:12789: mips-linux-gnu-gcc -EL -o conftest -g -O2 -Wall   conftest.c  >&5
configure:12789: $? = 0
configure:12789: result: yes
configure:12798: checking whether dirfd is declared
configure:12798: mips-linux-gnu-gcc -EL -c -g -O2 -Wall  conftest.c >&5
configure:12798: $? = 0
configure:12798: result: yes
configure:12815: checking whether dirfd is a macro
configure:12838: result: no
configure:12850: checking how to get the file descriptor associated with an open DIR*
configure:12873: mips-linux-gnu-gcc -EL -c -g -O2 -Wall -DDIR_FD_MEMBER_NAME=d_fd  conftest.c >&5
conftest.c: In function 'main':
conftest.c:51:40: error: dereferencing pointer to incomplete type
 DIR *dir_p = opendir("."); (void) dir_p->DIR_FD_MEMBER_NAME;
                                        ^
configure:12873: $? = 1
configure: failed program was:
| /* confdefs.h */
| #define PACKAGE_NAME "GNU Awk Bundled Extensions"
| #define PACKAGE_TARNAME "gawk-extensions"
| #define PACKAGE_VERSION "4.1.3"
| #define PACKAGE_STRING "GNU Awk Bundled Extensions 4.1.3"
| #define PACKAGE_BUGREPORT "bug-gawk@gnu.org"
| #define PACKAGE_URL "http://www.gnu.org/software/gawk-extensions/"
| #define STDC_HEADERS 1
| #define HAVE_SYS_TYPES_H 1
| #define HAVE_SYS_STAT_H 1
| #define HAVE_STDLIB_H 1
| #define HAVE_STRING_H 1
| #define HAVE_MEMORY_H 1
| #define HAVE_STRINGS_H 1
| #define HAVE_INTTYPES_H 1
| #define HAVE_STDINT_H 1
| #define HAVE_UNISTD_H 1
| #define __EXTENSIONS__ 1
| #define _ALL_SOURCE 1
| #define _GNU_SOURCE 1
| #define _POSIX_PTHREAD_SEMANTICS 1
| #define _TANDEM_SOURCE 1
| #define PACKAGE "gawk-extensions"
| #define VERSION "4.1.3"
| #define HAVE_STRUCT_STAT_ST_BLKSIZE 1
| #define _FILE_OFFSET_BITS 64
| #define HAVE_DLFCN_H 1
| #define LT_OBJDIR ".libs/"
| #define HAVE_FNMATCH_H 1
| #define HAVE_LIMITS_H 1
| #define HAVE_SYS_TIME_H 1
| #define HAVE_SYS_SELECT_H 1
| #define HAVE_SYS_PARAM_H 1
| #define HAVE_DIRENT_H 1
| #define TIME_WITH_SYS_TIME 1
| #define HAVE_FDOPENDIR 1
| #define HAVE_FNMATCH 1
| #define HAVE_GETTIMEOFDAY 1
| #define HAVE_GETDTABLESIZE 1
| #define HAVE_NANOSLEEP 1
| #define HAVE_SELECT 1
| #define HAVE_DIRFD 1
| #define HAVE_DECL_DIRFD 1
| /* end confdefs.h.  */
| 
|            #include <sys/types.h>
|            #include <dirent.h>
| int
| main ()
| {
| DIR *dir_p = opendir("."); (void) dir_p->DIR_FD_MEMBER_NAME;
|   ;
|   return 0;
| }
configure:12873: mips-linux-gnu-gcc -EL -c -g -O2 -Wall -DDIR_FD_MEMBER_NAME=dd_fd  conftest.c >&5
conftest.c: In function 'main':
conftest.c:51:40: error: dereferencing pointer to incomplete type
 DIR *dir_p = opendir("."); (void) dir_p->DIR_FD_MEMBER_NAME;
                                        ^
configure:12873: $? = 1
configure: failed program was:
| /* confdefs.h */
| #define PACKAGE_NAME "GNU Awk Bundled Extensions"
| #define PACKAGE_TARNAME "gawk-extensions"
| #define PACKAGE_VERSION "4.1.3"
| #define PACKAGE_STRING "GNU Awk Bundled Extensions 4.1.3"
| #define PACKAGE_BUGREPORT "bug-gawk@gnu.org"
| #define PACKAGE_URL "http://www.gnu.org/software/gawk-extensions/"
| #define STDC_HEADERS 1
| #define HAVE_SYS_TYPES_H 1
| #define HAVE_SYS_STAT_H 1
| #define HAVE_STDLIB_H 1
| #define HAVE_STRING_H 1
| #define HAVE_MEMORY_H 1
| #define HAVE_STRINGS_H 1
| #define HAVE_INTTYPES_H 1
| #define HAVE_STDINT_H 1
| #define HAVE_UNISTD_H 1
| #define __EXTENSIONS__ 1
| #define _ALL_SOURCE 1
| #define _GNU_SOURCE 1
| #define _POSIX_PTHREAD_SEMANTICS 1
| #define _TANDEM_SOURCE 1
| #define PACKAGE "gawk-extensions"
| #define VERSION "4.1.3"
| #define HAVE_STRUCT_STAT_ST_BLKSIZE 1
| #define _FILE_OFFSET_BITS 64
| #define HAVE_DLFCN_H 1
| #define LT_OBJDIR ".libs/"
| #define HAVE_FNMATCH_H 1
| #define HAVE_LIMITS_H 1
| #define HAVE_SYS_TIME_H 1
| #define HAVE_SYS_SELECT_H 1
| #define HAVE_SYS_PARAM_H 1
| #define HAVE_DIRENT_H 1
| #define TIME_WITH_SYS_TIME 1
| #define HAVE_FDOPENDIR 1
| #define HAVE_FNMATCH 1
| #define HAVE_GETTIMEOFDAY 1
| #define HAVE_GETDTABLESIZE 1
| #define HAVE_NANOSLEEP 1
| #define HAVE_SELECT 1
| #define HAVE_DIRFD 1
| #define HAVE_DECL_DIRFD 1
| /* end confdefs.h.  */
| 
|            #include <sys/types.h>
|            #include <dirent.h>
| int
| main ()
| {
| DIR *dir_p = opendir("."); (void) dir_p->DIR_FD_MEMBER_NAME;
|   ;
|   return 0;
| }
configure:12887: result: no_such_member
configure:12899: checking for inline
configure:12915: mips-linux-gnu-gcc -EL -c -g -O2 -Wall  conftest.c >&5
configure:12915: $? = 0
configure:12923: result: inline
configure:13056: checking that generated files are newer than configure
configure:13062: result: done
configure:13085: creating ./config.status

## ---------------------- ##
## Running config.status. ##
## ---------------------- ##

This file was extended by GNU Awk Bundled Extensions config.status 4.1.3, which was
generated by GNU Autoconf 2.69.  Invocation command line was

  CONFIG_FILES    = 
  CONFIG_HEADERS  = 
  CONFIG_LINKS    = 
  CONFIG_COMMANDS = 
  $ ./config.status 

on wolf

config.status:1108: creating Makefile
config.status:1108: creating config.h
config.status:1289: config.h is unchanged
config.status:1337: executing depfiles commands
config.status:1337: executing libtool commands

## ---------------- ##
## Cache variables. ##
## ---------------- ##

ac_cv_build=i686-pc-linux-gnu
ac_cv_c_compiler_gnu=yes
ac_cv_c_inline=inline
ac_cv_env_CC_set=set
ac_cv_env_CC_value='mips-linux-gnu-gcc -EL'
ac_cv_env_CFLAGS_set=
ac_cv_env_CFLAGS_value=
ac_cv_env_CPPFLAGS_set=
ac_cv_env_CPPFLAGS_value=
ac_cv_env_CPP_set=
ac_cv_env_CPP_value=
ac_cv_env_LDFLAGS_set=
ac_cv_env_LDFLAGS_value=
ac_cv_env_LIBS_set=
ac_cv_env_LIBS_value=
ac_cv_env_LT_SYS_LIBRARY_PATH_set=
ac_cv_env_LT_SYS_LIBRARY_PATH_value=
ac_cv_env_build_alias_set=
ac_cv_env_build_alias_value=
ac_cv_env_host_alias_set=set
ac_cv_env_host_alias_value=mips-linux-gnu
ac_cv_env_target_alias_set=
ac_cv_env_target_alias_value=
ac_cv_func_GetSystemTimeAsFileTime=no
ac_cv_func_dirfd=yes
ac_cv_func_fdopendir=yes
ac_cv_func_fnmatch=yes
ac_cv_func_getdtablesize=yes
ac_cv_func_gettimeofday=yes
ac_cv_func_nanosleep=yes
ac_cv_func_select=yes
ac_cv_have_decl_dirfd=yes
ac_cv_header_dirent_dirent_h=yes
ac_cv_header_dlfcn_h=yes
ac_cv_header_fnmatch_h=yes
ac_cv_header_inttypes_h=yes
ac_cv_header_limits_h=yes
ac_cv_header_memory_h=yes
ac_cv_header_minix_config_h=no
ac_cv_header_stdc=yes
ac_cv_header_stdint_h=yes
ac_cv_header_stdlib_h=yes
ac_cv_header_string_h=yes
ac_cv_header_strings_h=yes
ac_cv_header_sys_param_h=yes
ac_cv_header_sys_select_h=yes
ac_cv_header_sys_stat_h=yes
ac_cv_header_sys_time_h=yes
ac_cv_header_sys_types_h=yes
ac_cv_header_sys_types_h_makedev=yes
ac_cv_header_time=yes
ac_cv_header_unistd_h=yes
ac_cv_host=mips-unknown-linux-gnu
ac_cv_member_struct_stat_st_blksize=yes
ac_cv_objext=o
ac_cv_path_EGREP='/bin/grep -E'
ac_cv_path_FGREP='/bin/grep -F'
ac_cv_path_GREP=/bin/grep
ac_cv_path_SED=/bin/sed
ac_cv_path_lt_DD=/bin/dd
ac_cv_path_mkdir=/bin/mkdir
ac_cv_prog_AR=mips-linux-gnu-ar
ac_cv_prog_AWK=gawk
ac_cv_prog_CC='mips-linux-gnu-gcc -EL'
ac_cv_prog_CPP='mips-linux-gnu-gcc -EL -E'
ac_cv_prog_OBJDUMP=mips-linux-gnu-objdump
ac_cv_prog_RANLIB=mips-linux-gnu-ranlib
ac_cv_prog_STRIP=mips-linux-gnu-strip
ac_cv_prog_cc_c89=
ac_cv_prog_cc_g=yes
ac_cv_prog_make_make_set=yes
ac_cv_safe_to_define___extensions__=yes
ac_cv_search_opendir='none required'
ac_cv_sys_file_offset_bits=64
ac_cv_sys_largefile_CC=no
am_cv_CC_dependencies_compiler_type=gcc3
am_cv_ar_interface=ar
am_cv_make_support_nested_variables=yes
am_cv_prog_cc_c_o=yes
gl_cv_func_dirfd_macro=no
gl_cv_sys_dir_fd_member_name=no_such_member
lt_cv_ar_at_file=@
lt_cv_archive_cmds_need_lc=no
lt_cv_deplibs_check_method=pass_all
lt_cv_file_magic_cmd='$MAGIC_CMD'
lt_cv_file_magic_test_file=
lt_cv_ld_reload_flag=-r
lt_cv_nm_interface='BSD nm'
lt_cv_objdir=.libs
lt_cv_path_LD=/opt/mips-2014.05/mips-linux-gnu/bin/ld
lt_cv_path_NM='/opt/mips-2014.05/bin/mips-linux-gnu-nm -B'
lt_cv_path_mainfest_tool=no
lt_cv_prog_compiler_c_o=yes
lt_cv_prog_compiler_pic='-fPIC -DPIC'
lt_cv_prog_compiler_pic_works=yes
lt_cv_prog_compiler_rtti_exceptions=no
lt_cv_prog_compiler_static_works=yes
lt_cv_prog_gnu_ld=yes
lt_cv_sharedlib_from_linklib_cmd='printf %s\n'
lt_cv_shlibpath_overrides_runpath=no
lt_cv_sys_global_symbol_pipe='sed -n -e '\''s/^.*[	 ]\([ABCDGIRSTW][ABCDGIRSTW]*\)[	 ][	 ]*\([_A-Za-z][_A-Za-z0-9]*\)$/\1 \2 \2/p'\'' | sed '\''/ __gnu_lto/d'\'''
lt_cv_sys_global_symbol_to_c_name_address='sed -n -e '\''s/^: \(.*\) .*$/  {"\1", (void *) 0},/p'\'' -e '\''s/^[ABCDGIRSTW][ABCDGIRSTW]* .* \(.*\)$/  {"\1", (void *) \&\1},/p'\'''
lt_cv_sys_global_symbol_to_c_name_address_lib_prefix='sed -n -e '\''s/^: \(.*\) .*$/  {"\1", (void *) 0},/p'\'' -e '\''s/^[ABCDGIRSTW][ABCDGIRSTW]* .* \(lib.*\)$/  {"\1", (void *) \&\1},/p'\'' -e '\''s/^[ABCDGIRSTW][ABCDGIRSTW]* .* \(.*\)$/  {"lib\1", (void *) \&\1},/p'\'''
lt_cv_sys_global_symbol_to_cdecl='sed -n -e '\''s/^T .* \(.*\)$/extern int \1();/p'\'' -e '\''s/^[ABCDGIRSTW][ABCDGIRSTW]* .* \(.*\)$/extern char \1;/p'\'''
lt_cv_sys_global_symbol_to_import=
lt_cv_sys_max_cmd_len=1966080
lt_cv_to_host_file_cmd=func_convert_file_noop
lt_cv_to_tool_file_cmd=func_convert_file_noop
lt_cv_truncate_bin='/bin/dd bs=4096 count=1'

## ----------------- ##
## Output variables. ##
## ----------------- ##

ACLOCAL='${SHELL} /home/gjyang/sys-bin/awk/gawk-4.1.3/extension/build-aux/missing aclocal-1.15'
AMDEPBACKSLASH='\'
AMDEP_FALSE='#'
AMDEP_TRUE=''
AMTAR='$${TAR-tar}'
AM_BACKSLASH='\'
AM_DEFAULT_V='$(AM_DEFAULT_VERBOSITY)'
AM_DEFAULT_VERBOSITY='1'
AM_V='$(V)'
AR='mips-linux-gnu-ar'
AUTOCONF='${SHELL} /home/gjyang/sys-bin/awk/gawk-4.1.3/extension/build-aux/missing autoconf'
AUTOHEADER='${SHELL} /home/gjyang/sys-bin/awk/gawk-4.1.3/extension/build-aux/missing autoheader'
AUTOMAKE='${SHELL} /home/gjyang/sys-bin/awk/gawk-4.1.3/extension/build-aux/missing automake-1.15'
AWK='gawk'
CC='mips-linux-gnu-gcc -EL'
CCDEPMODE='depmode=gcc3'
CFLAGS='-g -O2 -Wall'
CPP='mips-linux-gnu-gcc -EL -E'
CPPFLAGS=''
CYGPATH_W='echo'
DEFS='-DHAVE_CONFIG_H'
DEPDIR='.deps'
DLLTOOL='false'
DSYMUTIL=''
DUMPBIN=''
ECHO_C=''
ECHO_N='-n'
ECHO_T=''
EGREP='/bin/grep -E'
EXEEXT=''
FGREP='/bin/grep -F'
GREP='/bin/grep'
INSTALL_DATA='${INSTALL} -m 644'
INSTALL_PROGRAM='${INSTALL}'
INSTALL_SCRIPT='${INSTALL}'
INSTALL_STRIP_PROGRAM='$(install_sh) -c -s'
LD='/opt/mips-2014.05/mips-linux-gnu/bin/ld'
LDFLAGS=''
LIBOBJS=''
LIBS=''
LIBTOOL='$(SHELL) $(top_builddir)/libtool'
LIPO=''
LN_S='ln -s'
LTLIBOBJS=''
LT_SYS_LIBRARY_PATH=''
MAKEINFO='${SHELL} /home/gjyang/sys-bin/awk/gawk-4.1.3/extension/build-aux/missing makeinfo'
MANIFEST_TOOL=':'
MKDIR_P='/bin/mkdir -p'
NM='/opt/mips-2014.05/bin/mips-linux-gnu-nm -B'
NMEDIT=''
OBJDUMP='mips-linux-gnu-objdump'
OBJEXT='o'
OTOOL64=''
OTOOL=''
PACKAGE='gawk-extensions'
PACKAGE_BUGREPORT='bug-gawk@gnu.org'
PACKAGE_NAME='GNU Awk Bundled Extensions'
PACKAGE_STRING='GNU Awk Bundled Extensions 4.1.3'
PACKAGE_TARNAME='gawk-extensions'
PACKAGE_URL='http://www.gnu.org/software/gawk-extensions/'
PACKAGE_VERSION='4.1.3'
PATH_SEPARATOR=':'
RANLIB='mips-linux-gnu-ranlib'
SED='/bin/sed'
SET_MAKE=''
SHELL='/bin/sh'
STRIP='mips-linux-gnu-strip'
VERSION='4.1.3'
ac_ct_AR=''
ac_ct_CC=''
ac_ct_DUMPBIN=''
am__EXEEXT_FALSE=''
am__EXEEXT_TRUE='#'
am__fastdepCC_FALSE='#'
am__fastdepCC_TRUE=''
am__include='include'
am__isrc=''
am__leading_dot='.'
am__nodep='_no'
am__quote=''
am__tar='$${TAR-tar} chof - "$$tardir"'
am__untar='$${TAR-tar} xf -'
bindir='${exec_prefix}/bin'
build='i686-pc-linux-gnu'
build_alias=''
build_cpu='i686'
build_os='linux-gnu'
build_vendor='pc'
datadir='${datarootdir}'
datarootdir='${prefix}/share'
docdir='${datarootdir}/doc/${PACKAGE_TARNAME}'
dvidir='${docdir}'
exec_prefix='${prefix}'
host='mips-unknown-linux-gnu'
host_alias='mips-linux-gnu'
host_cpu='mips'
host_os='linux-gnu'
host_vendor='unknown'
htmldir='${docdir}'
includedir='${prefix}/include'
infodir='${datarootdir}/info'
install_sh='${SHELL} /home/gjyang/sys-bin/awk/gawk-4.1.3/extension/build-aux/install-sh'
libdir='${exec_prefix}/lib'
libexecdir='${exec_prefix}/libexec'
localedir='${datarootdir}/locale'
localstatedir='${prefix}/var'
mandir='${datarootdir}/man'
mkdir_p='$(MKDIR_P)'
oldincludedir='/usr/include'
pdfdir='${docdir}'
pkgextensiondir='${libdir}/gawk'
prefix='/usr/local'
program_transform_name='s,x,x,'
psdir='${docdir}'
sbindir='${exec_prefix}/sbin'
sharedstatedir='${prefix}/com'
sysconfdir='${prefix}/etc'
target_alias=''

## ----------- ##
## confdefs.h. ##
## ----------- ##

/* confdefs.h */
#define PACKAGE_NAME "GNU Awk Bundled Extensions"
#define PACKAGE_TARNAME "gawk-extensions"
#define PACKAGE_VERSION "4.1.3"
#define PACKAGE_STRING "GNU Awk Bundled Extensions 4.1.3"
#define PACKAGE_BUGREPORT "bug-gawk@gnu.org"
#define PACKAGE_URL "http://www.gnu.org/software/gawk-extensions/"
#define STDC_HEADERS 1
#define HAVE_SYS_TYPES_H 1
#define HAVE_SYS_STAT_H 1
#define HAVE_STDLIB_H 1
#define HAVE_STRING_H 1
#define HAVE_MEMORY_H 1
#define HAVE_STRINGS_H 1
#define HAVE_INTTYPES_H 1
#define HAVE_STDINT_H 1
#define HAVE_UNISTD_H 1
#define __EXTENSIONS__ 1
#define _ALL_SOURCE 1
#define _GNU_SOURCE 1
#define _POSIX_PTHREAD_SEMANTICS 1
#define _TANDEM_SOURCE 1
#define PACKAGE "gawk-extensions"
#define VERSION "4.1.3"
#define HAVE_STRUCT_STAT_ST_BLKSIZE 1
#define _FILE_OFFSET_BITS 64
#define HAVE_DLFCN_H 1
#define LT_OBJDIR ".libs/"
#define HAVE_FNMATCH_H 1
#define HAVE_LIMITS_H 1
#define HAVE_SYS_TIME_H 1
#define HAVE_SYS_SELECT_H 1
#define HAVE_SYS_PARAM_H 1
#define HAVE_DIRENT_H 1
#define TIME_WITH_SYS_TIME 1
#define HAVE_FDOPENDIR 1
#define HAVE_FNMATCH 1
#define HAVE_GETTIMEOFDAY 1
#define HAVE_GETDTABLESIZE 1
#define HAVE_NANOSLEEP 1
#define HAVE_SELECT 1
#define HAVE_DIRFD 1
#define HAVE_DECL_DIRFD 1

configure: exit 0
