This file contains any messages produced by compilers while
running configure, to aid debugging if configure makes a mistake.

It was created by configure, which was
generated by GNU Autoconf 2.59.  Invocation command line was

  $ ./configure --prefix=/usr/local --host=arm-hisiv400-linux host_alias=arm-hisiv400-linux --cache-file=/dev/null --srcdir=.

## --------- ##
## Platform. ##
## --------- ##

hostname = ubuntu-32
uname -m = i686
uname -r = 3.16.0-45-generic
uname -s = Linux
uname -v = #60~14.04.1-Ubuntu SMP Fri Jul 24 21:17:05 UTC 2015

/usr/bin/uname -p = unknown
/bin/uname -X     = unknown

/bin/arch              = unknown
/usr/bin/arch -k       = unknown
/usr/convex/getsysinfo = unknown
hostinfo               = unknown
/bin/machine           = unknown
/usr/bin/oslevel       = unknown
/bin/universe          = unknown

PATH: /opt/hisi-linux/x86-arm/arm-hisiv400-linux/target/bin
PATH: /usr/local/sbin
PATH: /usr/local/bin
PATH: /usr/sbin
PATH: /usr/bin
PATH: /sbin
PATH: /bin
PATH: /usr/games
PATH: /usr/local/games
PATH: /home/gjyang/working/Hi3516A/01.software/Hi3516A_SDK_V1.0.2.0/osdrv/pub/bin/pc
PATH: /opt/arm-none-linux-gnueabi-4.4.0_linux-3.3/bin
PATH: /opt/meld-3.12.3/bin
PATH: /home/gjyang/working/autoftp/bin
PATH: /home/gjyang/working/dash/depot_tools/depot_tools
PATH: /opt/hisi-linux/x86-arm/arm-hisiv400-linux/target/bin
PATH: /home/gjyang/working/Hi3516A/01.software/Hi3516A_SDK_V1.0.2.0/osdrv/pub/bin/pc


## ----------- ##
## Core tests. ##
## ----------- ##

configure:1347: checking for a BSD-compatible install
configure:1402: result: /usr/bin/install -c
configure:1413: checking whether build environment is sane
configure:1456: result: yes
configure:1521: checking for gawk
configure:1550: result: no
configure:1521: checking for mawk
configure:1537: found /usr/bin/mawk
configure:1547: result: mawk
configure:1557: checking whether make sets $(MAKE)
configure:1577: result: yes
configure:1653: checking for arm-hisiv400-linux-strip
configure:1669: found /opt/hisi-linux/x86-arm/arm-hisiv400-linux/target/bin/arm-hisiv400-linux-strip
configure:1679: result: arm-hisiv400-linux-strip
configure:1752: checking build system type
configure:1770: result: i686-pc-linux-gnu
configure:1778: checking host system type
configure:1792: result: arm-hisiv400-linux-gnu
configure:1810: checking for arm-hisiv400-linux-gcc
configure:1826: found /opt/hisi-linux/x86-arm/arm-hisiv400-linux/target/bin/arm-hisiv400-linux-gcc
configure:1836: result: arm-hisiv400-linux-gcc
configure:2118: checking for C compiler version
configure:2121: arm-hisiv400-linux-gcc --version </dev/null >&5
arm-hisiv400-linux-gcc (Hisilicon_v400) 4.8.3 20131202 (prerelease)
Copyright (C) 2013 Free Software Foundation, Inc.
This is free software; see the source for copying conditions.  There is NO
warranty; not even for MERCHANTABILITY or FITNESS FOR A PARTICULAR PURPOSE.

configure:2124: $? = 0
configure:2126: arm-hisiv400-linux-gcc -v </dev/null >&5
Using built-in specs.
COLLECT_GCC=arm-hisiv400-linux-gcc
COLLECT_LTO_WRAPPER=/opt/hisi-linux/x86-arm/arm-hisiv400-linux/bin/../libexec/gcc/arm-hisiv400-linux-gnueabi/4.8.3/lto-wrapper
Target: arm-hisiv400-linux-gnueabi
Configured with: '../gcc~linaro-4.8-2013.12/configure' --host=i386-redhat-linux --build=i386-redhat-linux --target=arm-hisiv400-linux-gnueabi --prefix=/home/sying/wucaiyuan_toolchain/v400/glibc_gcc4.8_linaro_toolchain/install/arm-hisiv400-linux --enable-threads --disable-libmudflap --disable-libssp --disable-libstdcxx-pch --with-arch=armv5te --with-gnu-as --with-gnu-ld --enable-languages=c,c++ --enable-shared --enable-lto --enable-symvers=gnu --enable-__cxa_atexit --enable-nls --enable-clocale=gnu --enable-extra-hisi-multilibs --with-sysroot=/home/sying/wucaiyuan_toolchain/v400/glibc_gcc4.8_linaro_toolchain/install/arm-hisiv400-linux/target --with-build-sysroot=/home/sying/wucaiyuan_toolchain/v400/glibc_gcc4.8_linaro_toolchain/install/arm-hisiv400-linux/target --with-gmp=/home/sying/wucaiyuan_toolchain/v400/glibc_gcc4.8_linaro_toolchain/install/host_lib --with-mpfr=/home/sying/wucaiyuan_toolchain/v400/glibc_gcc4.8_linaro_toolchain/install/host_lib --with-mpc=/home/sying/wucaiyuan_toolchain/v400/glibc_gcc4.8_linaro_toolchain/install/host_lib --with-ppl=/home/sying/wucaiyuan_toolchain/v400/glibc_gcc4.8_linaro_toolchain/install/host_lib --with-cloog=/home/sying/wucaiyuan_toolchain/v400/glibc_gcc4.8_linaro_toolchain/install/host_lib --with-libelf=/home/sying/wucaiyuan_toolchain/v400/glibc_gcc4.8_linaro_toolchain/install/host_lib --enable-libgomp --disable-libitm --enable-poison-system-directories --with-libelf=/home/sying/wucaiyuan_toolchain/v400/glibc_gcc4.8_linaro_toolchain/install/host_lib --with-pkgversion=Hisilicon_v400 --with-bugurl=http://www.hisilicon.com/cn/service/claim.html
Thread model: posix
gcc version 4.8.3 20131202 (prerelease) (Hisilicon_v400) 
configure:2129: $? = 0
configure:2131: arm-hisiv400-linux-gcc -V </dev/null >&5
arm-hisiv400-linux-gcc: error: unrecognized command line option '-V'
arm-hisiv400-linux-gcc: fatal error: no input files
compilation terminated.
configure:2134: $? = 1
configure:2157: checking for C compiler default output file name
configure:2160: arm-hisiv400-linux-gcc    conftest.c  >&5
configure:2163: $? = 0
configure:2209: result: a.out
configure:2214: checking whether the C compiler works
configure:2220: ./a.out
./configure: line 2221: ./a.out: cannot execute binary file: Exec format error
configure:2223: $? = 126
configure:2240: result: yes
configure:2247: checking whether we are cross compiling
configure:2249: result: yes
configure:2252: checking for suffix of executables
configure:2254: arm-hisiv400-linux-gcc -o conftest    conftest.c  >&5
configure:2257: $? = 0
configure:2282: result: 
configure:2288: checking for suffix of object files
configure:2309: arm-hisiv400-linux-gcc -c   conftest.c >&5
configure:2312: $? = 0
configure:2334: result: o
configure:2338: checking whether we are using the GNU C compiler
configure:2362: arm-hisiv400-linux-gcc -c   conftest.c >&5
configure:2368: $? = 0
configure:2372: test -z 
			 || test ! -s conftest.err
configure:2375: $? = 0
configure:2378: test -s conftest.o
configure:2381: $? = 0
configure:2394: result: yes
configure:2400: checking whether arm-hisiv400-linux-gcc accepts -g
configure:2421: arm-hisiv400-linux-gcc -c -g  conftest.c >&5
configure:2427: $? = 0
configure:2431: test -z 
			 || test ! -s conftest.err
configure:2434: $? = 0
configure:2437: test -s conftest.o
configure:2440: $? = 0
configure:2451: result: yes
configure:2468: checking for arm-hisiv400-linux-gcc option to accept ANSI C
configure:2538: arm-hisiv400-linux-gcc  -c -g -O2  conftest.c >&5
configure:2544: $? = 0
configure:2548: test -z 
			 || test ! -s conftest.err
configure:2551: $? = 0
configure:2554: test -s conftest.o
configure:2557: $? = 0
configure:2575: result: none needed
configure:2593: arm-hisiv400-linux-gcc -c -g -O2  conftest.c >&5
conftest.c:2:3: error: unknown type name 'choke'
   choke me
   ^
conftest.c:2:3: error: expected '=', ',', ';', 'asm' or '__attribute__' at end of input
configure:2599: $? = 1
configure: failed program was:
| #ifndef __cplusplus
|   choke me
| #endif
configure:2743: checking for style of include used by make
configure:2771: result: GNU
configure:2799: checking dependency style of arm-hisiv400-linux-gcc
configure:2889: result: gcc3
configure:2916: checking how to run the C preprocessor
configure:2951: arm-hisiv400-linux-gcc -E  conftest.c
configure:2957: $? = 0
configure:2989: arm-hisiv400-linux-gcc -E  conftest.c
conftest.c:11:28: fatal error: ac_nonexistent.h: No such file or directory
 #include <ac_nonexistent.h>
                            ^
compilation terminated.
configure:2995: $? = 1
configure: failed program was:
| /* confdefs.h.  */
| 
| #define PACKAGE_NAME ""
| #define PACKAGE_TARNAME ""
| #define PACKAGE_VERSION ""
| #define PACKAGE_STRING ""
| #define PACKAGE_BUGREPORT ""
| #define PACKAGE "msntp"
| #define VERSION "1.6"
| /* end confdefs.h.  */
| #include <ac_nonexistent.h>
configure:3034: result: arm-hisiv400-linux-gcc -E
configure:3058: arm-hisiv400-linux-gcc -E  conftest.c
configure:3064: $? = 0
configure:3096: arm-hisiv400-linux-gcc -E  conftest.c
conftest.c:11:28: fatal error: ac_nonexistent.h: No such file or directory
 #include <ac_nonexistent.h>
                            ^
compilation terminated.
configure:3102: $? = 1
configure: failed program was:
| /* confdefs.h.  */
| 
| #define PACKAGE_NAME ""
| #define PACKAGE_TARNAME ""
| #define PACKAGE_VERSION ""
| #define PACKAGE_STRING ""
| #define PACKAGE_BUGREPORT ""
| #define PACKAGE "msntp"
| #define VERSION "1.6"
| /* end confdefs.h.  */
| #include <ac_nonexistent.h>
configure:3146: checking for egrep
configure:3156: result: grep -E
configure:3161: checking for ANSI C header files
configure:3186: arm-hisiv400-linux-gcc -c -g -O2  conftest.c >&5
configure:3192: $? = 0
configure:3196: test -z 
			 || test ! -s conftest.err
configure:3199: $? = 0
configure:3202: test -s conftest.o
configure:3205: $? = 0
configure:3317: result: yes
configure:3341: checking for sys/types.h
configure:3357: arm-hisiv400-linux-gcc -c -g -O2  conftest.c >&5
configure:3363: $? = 0
configure:3367: test -z 
			 || test ! -s conftest.err
configure:3370: $? = 0
configure:3373: test -s conftest.o
configure:3376: $? = 0
configure:3387: result: yes
configure:3341: checking for sys/stat.h
configure:3357: arm-hisiv400-linux-gcc -c -g -O2  conftest.c >&5
configure:3363: $? = 0
configure:3367: test -z 
			 || test ! -s conftest.err
configure:3370: $? = 0
configure:3373: test -s conftest.o
configure:3376: $? = 0
configure:3387: result: yes
configure:3341: checking for stdlib.h
configure:3357: arm-hisiv400-linux-gcc -c -g -O2  conftest.c >&5
configure:3363: $? = 0
configure:3367: test -z 
			 || test ! -s conftest.err
configure:3370: $? = 0
configure:3373: test -s conftest.o
configure:3376: $? = 0
configure:3387: result: yes
configure:3341: checking for string.h
configure:3357: arm-hisiv400-linux-gcc -c -g -O2  conftest.c >&5
configure:3363: $? = 0
configure:3367: test -z 
			 || test ! -s conftest.err
configure:3370: $? = 0
configure:3373: test -s conftest.o
configure:3376: $? = 0
configure:3387: result: yes
configure:3341: checking for memory.h
configure:3357: arm-hisiv400-linux-gcc -c -g -O2  conftest.c >&5
configure:3363: $? = 0
configure:3367: test -z 
			 || test ! -s conftest.err
configure:3370: $? = 0
configure:3373: test -s conftest.o
configure:3376: $? = 0
configure:3387: result: yes
configure:3341: checking for strings.h
configure:3357: arm-hisiv400-linux-gcc -c -g -O2  conftest.c >&5
configure:3363: $? = 0
configure:3367: test -z 
			 || test ! -s conftest.err
configure:3370: $? = 0
configure:3373: test -s conftest.o
configure:3376: $? = 0
configure:3387: result: yes
configure:3341: checking for inttypes.h
configure:3357: arm-hisiv400-linux-gcc -c -g -O2  conftest.c >&5
configure:3363: $? = 0
configure:3367: test -z 
			 || test ! -s conftest.err
configure:3370: $? = 0
configure:3373: test -s conftest.o
configure:3376: $? = 0
configure:3387: result: yes
configure:3341: checking for stdint.h
configure:3357: arm-hisiv400-linux-gcc -c -g -O2  conftest.c >&5
configure:3363: $? = 0
configure:3367: test -z 
			 || test ! -s conftest.err
configure:3370: $? = 0
configure:3373: test -s conftest.o
configure:3376: $? = 0
configure:3387: result: yes
configure:3341: checking for unistd.h
configure:3357: arm-hisiv400-linux-gcc -c -g -O2  conftest.c >&5
configure:3363: $? = 0
configure:3367: test -z 
			 || test ! -s conftest.err
configure:3370: $? = 0
configure:3373: test -s conftest.o
configure:3376: $? = 0
configure:3387: result: yes
configure:3424: checking arpa/inet.h usability
configure:3436: arm-hisiv400-linux-gcc -c -g -O2  conftest.c >&5
configure:3442: $? = 0
configure:3446: test -z 
			 || test ! -s conftest.err
configure:3449: $? = 0
configure:3452: test -s conftest.o
configure:3455: $? = 0
configure:3465: result: yes
configure:3469: checking arpa/inet.h presence
configure:3479: arm-hisiv400-linux-gcc -E  conftest.c
configure:3485: $? = 0
configure:3505: result: yes
configure:3540: checking for arpa/inet.h
configure:3547: result: yes
configure:3424: checking fcntl.h usability
configure:3436: arm-hisiv400-linux-gcc -c -g -O2  conftest.c >&5
configure:3442: $? = 0
configure:3446: test -z 
			 || test ! -s conftest.err
configure:3449: $? = 0
configure:3452: test -s conftest.o
configure:3455: $? = 0
configure:3465: result: yes
configure:3469: checking fcntl.h presence
configure:3479: arm-hisiv400-linux-gcc -E  conftest.c
configure:3485: $? = 0
configure:3505: result: yes
configure:3540: checking for fcntl.h
configure:3547: result: yes
configure:3424: checking float.h usability
configure:3436: arm-hisiv400-linux-gcc -c -g -O2  conftest.c >&5
configure:3442: $? = 0
configure:3446: test -z 
			 || test ! -s conftest.err
configure:3449: $? = 0
configure:3452: test -s conftest.o
configure:3455: $? = 0
configure:3465: result: yes
configure:3469: checking float.h presence
configure:3479: arm-hisiv400-linux-gcc -E  conftest.c
configure:3485: $? = 0
configure:3505: result: yes
configure:3540: checking for float.h
configure:3547: result: yes
configure:3424: checking limits.h usability
configure:3436: arm-hisiv400-linux-gcc -c -g -O2  conftest.c >&5
configure:3442: $? = 0
configure:3446: test -z 
			 || test ! -s conftest.err
configure:3449: $? = 0
configure:3452: test -s conftest.o
configure:3455: $? = 0
configure:3465: result: yes
configure:3469: checking limits.h presence
configure:3479: arm-hisiv400-linux-gcc -E  conftest.c
configure:3485: $? = 0
configure:3505: result: yes
configure:3540: checking for limits.h
configure:3547: result: yes
configure:3424: checking netdb.h usability
configure:3436: arm-hisiv400-linux-gcc -c -g -O2  conftest.c >&5
configure:3442: $? = 0
configure:3446: test -z 
			 || test ! -s conftest.err
configure:3449: $? = 0
configure:3452: test -s conftest.o
configure:3455: $? = 0
configure:3465: result: yes
configure:3469: checking netdb.h presence
configure:3479: arm-hisiv400-linux-gcc -E  conftest.c
configure:3485: $? = 0
configure:3505: result: yes
configure:3540: checking for netdb.h
configure:3547: result: yes
configure:3424: checking netinet/in.h usability
configure:3436: arm-hisiv400-linux-gcc -c -g -O2  conftest.c >&5
configure:3442: $? = 0
configure:3446: test -z 
			 || test ! -s conftest.err
configure:3449: $? = 0
configure:3452: test -s conftest.o
configure:3455: $? = 0
configure:3465: result: yes
configure:3469: checking netinet/in.h presence
configure:3479: arm-hisiv400-linux-gcc -E  conftest.c
configure:3485: $? = 0
configure:3505: result: yes
configure:3540: checking for netinet/in.h
configure:3547: result: yes
configure:3415: checking for stdlib.h
configure:3420: result: yes
configure:3415: checking for string.h
configure:3420: result: yes
configure:3424: checking sys/socket.h usability
configure:3436: arm-hisiv400-linux-gcc -c -g -O2  conftest.c >&5
configure:3442: $? = 0
configure:3446: test -z 
			 || test ! -s conftest.err
configure:3449: $? = 0
configure:3452: test -s conftest.o
configure:3455: $? = 0
configure:3465: result: yes
configure:3469: checking sys/socket.h presence
configure:3479: arm-hisiv400-linux-gcc -E  conftest.c
configure:3485: $? = 0
configure:3505: result: yes
configure:3540: checking for sys/socket.h
configure:3547: result: yes
configure:3424: checking sys/time.h usability
configure:3436: arm-hisiv400-linux-gcc -c -g -O2  conftest.c >&5
configure:3442: $? = 0
configure:3446: test -z 
			 || test ! -s conftest.err
configure:3449: $? = 0
configure:3452: test -s conftest.o
configure:3455: $? = 0
configure:3465: result: yes
configure:3469: checking sys/time.h presence
configure:3479: arm-hisiv400-linux-gcc -E  conftest.c
configure:3485: $? = 0
configure:3505: result: yes
configure:3540: checking for sys/time.h
configure:3547: result: yes
configure:3424: checking syslog.h usability
configure:3436: arm-hisiv400-linux-gcc -c -g -O2  conftest.c >&5
configure:3442: $? = 0
configure:3446: test -z 
			 || test ! -s conftest.err
configure:3449: $? = 0
configure:3452: test -s conftest.o
configure:3455: $? = 0
configure:3465: result: yes
configure:3469: checking syslog.h presence
configure:3479: arm-hisiv400-linux-gcc -E  conftest.c
configure:3485: $? = 0
configure:3505: result: yes
configure:3540: checking for syslog.h
configure:3547: result: yes
configure:3415: checking for unistd.h
configure:3420: result: yes
configure:3562: checking for an ANSI C-conforming const
configure:3629: arm-hisiv400-linux-gcc -c -g -O2  conftest.c >&5
configure:3635: $? = 0
configure:3639: test -z 
			 || test ! -s conftest.err
configure:3642: $? = 0
configure:3645: test -s conftest.o
configure:3648: $? = 0
configure:3659: result: yes
configure:3669: checking for size_t
configure:3693: arm-hisiv400-linux-gcc -c -g -O2  conftest.c >&5
configure:3699: $? = 0
configure:3703: test -z 
			 || test ! -s conftest.err
configure:3706: $? = 0
configure:3709: test -s conftest.o
configure:3712: $? = 0
configure:3723: result: yes
configure:3735: checking whether time.h and sys/time.h may both be included
configure:3760: arm-hisiv400-linux-gcc -c -g -O2  conftest.c >&5
configure:3766: $? = 0
configure:3770: test -z 
			 || test ! -s conftest.err
configure:3773: $? = 0
configure:3776: test -s conftest.o
configure:3779: $? = 0
configure:3790: result: yes
configure:3800: checking whether struct tm is in sys/time.h or time.h
configure:3823: arm-hisiv400-linux-gcc -c -g -O2  conftest.c >&5
configure:3829: $? = 0
configure:3833: test -z 
			 || test ! -s conftest.err
configure:3836: $? = 0
configure:3839: test -s conftest.o
configure:3842: $? = 0
configure:3853: result: time.h
configure:3864: checking for ss_family field in struct sockaddr_storage
configure:3889: arm-hisiv400-linux-gcc -c -g -O2  conftest.c >&5
configure:3895: $? = 0
configure:3899: test -z 
			 || test ! -s conftest.err
configure:3902: $? = 0
configure:3905: test -s conftest.o
configure:3908: $? = 0
configure:3920: result: yes
configure:3930: checking for __ss_family field in struct sockaddr_storage
configure:3955: arm-hisiv400-linux-gcc -c -g -O2  conftest.c >&5
conftest.c: In function 'main':
conftest.c:42:30: error: 'struct sockaddr_storage' has no member named '__ss_family'
  struct sockaddr_storage s; s.__ss_family = 1;
                              ^
configure:3961: $? = 1
configure: failed program was:
| /* confdefs.h.  */
| 
| #define PACKAGE_NAME ""
| #define PACKAGE_TARNAME ""
| #define PACKAGE_VERSION ""
| #define PACKAGE_STRING ""
| #define PACKAGE_BUGREPORT ""
| #define PACKAGE "msntp"
| #define VERSION "1.6"
| #define STDC_HEADERS 1
| #define HAVE_SYS_TYPES_H 1
| #define HAVE_SYS_STAT_H 1
| #define HAVE_STDLIB_H 1
| #define HAVE_STRING_H 1
| #define HAVE_MEMORY_H 1
| #define HAVE_STRINGS_H 1
| #define HAVE_INTTYPES_H 1
| #define HAVE_STDINT_H 1
| #define HAVE_UNISTD_H 1
| #define HAVE_ARPA_INET_H 1
| #define HAVE_FCNTL_H 1
| #define HAVE_FLOAT_H 1
| #define HAVE_LIMITS_H 1
| #define HAVE_NETDB_H 1
| #define HAVE_NETINET_IN_H 1
| #define HAVE_STDLIB_H 1
| #define HAVE_STRING_H 1
| #define HAVE_SYS_SOCKET_H 1
| #define HAVE_SYS_TIME_H 1
| #define HAVE_SYSLOG_H 1
| #define HAVE_UNISTD_H 1
| #define TIME_WITH_SYS_TIME 1
| #define HAVE_SS_FAMILY_IN_SS 1
| /* end confdefs.h.  */
| 
| #include <sys/types.h>
| #include <sys/socket.h>
| 
| int
| main ()
| {
|  struct sockaddr_storage s; s.__ss_family = 1;
|   ;
|   return 0;
| }
configure:3987: result: no
configure:4011: checking for working memcmp
configure:4081: result: no
configure:4092: checking for function prototypes
configure:4095: result: yes
configure:4112: checking whether setvbuf arguments are reversed
configure:4137: arm-hisiv400-linux-gcc -o conftest -g -O2   conftest.c  >&5
conftest.c:39:10: error: conflicting types for 'setvbuf'
     int (setvbuf) (FILE *, int, char *, size_t);
          ^
In file included from conftest.c:37:0:
/opt/hisi-linux/x86-arm/arm-hisiv400-linux/target/usr/include/stdio.h:336:12: note: previous declaration of 'setvbuf' was here
 extern int setvbuf (FILE *__restrict __stream, char *__restrict __buf,
            ^
configure:4143: $? = 1
configure: failed program was:
| /* confdefs.h.  */
| 
| #define PACKAGE_NAME ""
| #define PACKAGE_TARNAME ""
| #define PACKAGE_VERSION ""
| #define PACKAGE_STRING ""
| #define PACKAGE_BUGREPORT ""
| #define PACKAGE "msntp"
| #define VERSION "1.6"
| #define STDC_HEADERS 1
| #define HAVE_SYS_TYPES_H 1
| #define HAVE_SYS_STAT_H 1
| #define HAVE_STDLIB_H 1
| #define HAVE_STRING_H 1
| #define HAVE_MEMORY_H 1
| #define HAVE_STRINGS_H 1
| #define HAVE_INTTYPES_H 1
| #define HAVE_STDINT_H 1
| #define HAVE_UNISTD_H 1
| #define HAVE_ARPA_INET_H 1
| #define HAVE_FCNTL_H 1
| #define HAVE_FLOAT_H 1
| #define HAVE_LIMITS_H 1
| #define HAVE_NETDB_H 1
| #define HAVE_NETINET_IN_H 1
| #define HAVE_STDLIB_H 1
| #define HAVE_STRING_H 1
| #define HAVE_SYS_SOCKET_H 1
| #define HAVE_SYS_TIME_H 1
| #define HAVE_SYSLOG_H 1
| #define HAVE_UNISTD_H 1
| #define TIME_WITH_SYS_TIME 1
| #define HAVE_SS_FAMILY_IN_SS 1
| #define PROTOTYPES 1
| #define __PROTOTYPES 1
| /* end confdefs.h.  */
| #include <stdio.h>
| #	  if PROTOTYPES
| 	   int (setvbuf) (FILE *, int, char *, size_t);
| #	  endif
| int
| main ()
| {
| char buf; return setvbuf (stdout, _IOLBF, &buf, 1);
|   ;
|   return 0;
| }
configure:4264: result: no
configure:4274: checking return type of signal handlers
configure:4305: arm-hisiv400-linux-gcc -c -g -O2  conftest.c >&5
configure:4311: $? = 0
configure:4315: test -z 
			 || test ! -s conftest.err
configure:4318: $? = 0
configure:4321: test -s conftest.o
configure:4324: $? = 0
configure:4335: result: void
configure:4347: checking for alarm
configure:4404: arm-hisiv400-linux-gcc -o conftest -g -O2   conftest.c  >&5
configure:4410: $? = 0
configure:4414: test -z 
			 || test ! -s conftest.err
configure:4417: $? = 0
configure:4420: test -s conftest
configure:4423: $? = 0
configure:4435: result: yes
configure:4445: checking for gethostent
configure:4502: arm-hisiv400-linux-gcc -o conftest -g -O2   conftest.c  >&5
configure:4508: $? = 0
configure:4512: test -z 
			 || test ! -s conftest.err
configure:4515: $? = 0
configure:4518: test -s conftest
configure:4521: $? = 0
configure:4533: result: yes
configure:4620: checking for gettimeofday
configure:4677: arm-hisiv400-linux-gcc -o conftest -g -O2   conftest.c  >&5
configure:4683: $? = 0
configure:4687: test -z 
			 || test ! -s conftest.err
configure:4690: $? = 0
configure:4693: test -s conftest
configure:4696: $? = 0
configure:4708: result: yes
configure:4620: checking for inet_ntoa
configure:4677: arm-hisiv400-linux-gcc -o conftest -g -O2   conftest.c  >&5
configure:4683: $? = 0
configure:4687: test -z 
			 || test ! -s conftest.err
configure:4690: $? = 0
configure:4693: test -s conftest
configure:4696: $? = 0
configure:4708: result: yes
configure:4620: checking for memset
configure:4677: arm-hisiv400-linux-gcc -o conftest -g -O2   conftest.c  >&5
conftest.c:65:6: warning: conflicting types for built-in function 'memset' [enabled by default]
 char memset ();
      ^
configure:4683: $? = 0
configure:4687: test -z 
			 || test ! -s conftest.err
configure:4690: $? = 0
configure:4693: test -s conftest
configure:4696: $? = 0
configure:4708: result: yes
configure:4722: checking for socket
configure:4779: arm-hisiv400-linux-gcc -o conftest -g -O2   conftest.c  >&5
configure:4785: $? = 0
configure:4789: test -z 
			 || test ! -s conftest.err
configure:4792: $? = 0
configure:4795: test -s conftest
configure:4798: $? = 0
configure:4810: result: yes
configure:4899: checking for sqrt
configure:4956: arm-hisiv400-linux-gcc -o conftest -g -O2   conftest.c  >&5
conftest.c:67:6: warning: conflicting types for built-in function 'sqrt' [enabled by default]
 char sqrt ();
      ^
/tmp/ccm5twbo.o:(.data+0x0): undefined reference to `sqrt'
/tmp/ccm5twbo.o: In function `main':
/home/gjyang/working/SDK_and_RDK/src/sys-bin/ntp-4.2.2p2/sntp/conftest.c:86: undefined reference to `sqrt'
collect2: error: ld returned 1 exit status
configure:4962: $? = 1
configure: failed program was:
| /* confdefs.h.  */
| 
| #define PACKAGE_NAME ""
| #define PACKAGE_TARNAME ""
| #define PACKAGE_VERSION ""
| #define PACKAGE_STRING ""
| #define PACKAGE_BUGREPORT ""
| #define PACKAGE "msntp"
| #define VERSION "1.6"
| #define STDC_HEADERS 1
| #define HAVE_SYS_TYPES_H 1
| #define HAVE_SYS_STAT_H 1
| #define HAVE_STDLIB_H 1
| #define HAVE_STRING_H 1
| #define HAVE_MEMORY_H 1
| #define HAVE_STRINGS_H 1
| #define HAVE_INTTYPES_H 1
| #define HAVE_STDINT_H 1
| #define HAVE_UNISTD_H 1
| #define HAVE_ARPA_INET_H 1
| #define HAVE_FCNTL_H 1
| #define HAVE_FLOAT_H 1
| #define HAVE_LIMITS_H 1
| #define HAVE_NETDB_H 1
| #define HAVE_NETINET_IN_H 1
| #define HAVE_STDLIB_H 1
| #define HAVE_STRING_H 1
| #define HAVE_SYS_SOCKET_H 1
| #define HAVE_SYS_TIME_H 1
| #define HAVE_SYSLOG_H 1
| #define HAVE_UNISTD_H 1
| #define TIME_WITH_SYS_TIME 1
| #define HAVE_SS_FAMILY_IN_SS 1
| #define PROTOTYPES 1
| #define __PROTOTYPES 1
| #define RETSIGTYPE void
| #define HAVE_ALARM 1
| #define HAVE_GETTIMEOFDAY 1
| #define HAVE_INET_NTOA 1
| #define HAVE_MEMSET 1
| #define HAVE_SOCKET 1
| /* end confdefs.h.  */
| /* Define sqrt to an innocuous variant, in case <limits.h> declares sqrt.
|    For example, HP-UX 11i <limits.h> declares gettimeofday.  */
| #define sqrt innocuous_sqrt
| 
| /* System header to define __stub macros and hopefully few prototypes,
|     which can conflict with char sqrt (); below.
|     Prefer <limits.h> to <assert.h> if __STDC__ is defined, since
|     <limits.h> exists even on freestanding compilers.  */
| 
| #ifdef __STDC__
| # include <limits.h>
| #else
| # include <assert.h>
| #endif
| 
| #undef sqrt
| 
| /* Override any gcc2 internal prototype to avoid an error.  */
| #ifdef __cplusplus
| extern "C"
| {
| #endif
| /* We use char because int might match the return type of a gcc2
|    builtin and then its argument prototype would still apply.  */
| char sqrt ();
| /* The GNU C library defines this for functions which it implements
|     to always fail with ENOSYS.  Some functions are actually named
|     something starting with __ and the normal name is an alias.  */
| #if defined (__stub_sqrt) || defined (__stub___sqrt)
| choke me
| #else
| char (*f) () = sqrt;
| #endif
| #ifdef __cplusplus
| }
| #endif
| 
| int
| main ()
| {
| return f != sqrt;
|   ;
|   return 0;
| }
configure:4987: result: no
configure:4996: checking for sqrt in -lm
configure:5026: arm-hisiv400-linux-gcc -o conftest -g -O2   conftest.c -lm   >&5
conftest.c:50:6: warning: conflicting types for built-in function 'sqrt' [enabled by default]
 char sqrt ();
      ^
configure:5032: $? = 0
configure:5036: test -z 
			 || test ! -s conftest.err
configure:5039: $? = 0
configure:5042: test -s conftest
configure:5045: $? = 0
configure:5058: result: yes
configure:5076: checking for strrchr
configure:5133: arm-hisiv400-linux-gcc -o conftest -g -O2   conftest.c -lm  >&5
conftest.c:68:6: warning: conflicting types for built-in function 'strrchr' [enabled by default]
 char strrchr ();
      ^
configure:5139: $? = 0
configure:5143: test -z 
			 || test ! -s conftest.err
configure:5146: $? = 0
configure:5149: test -s conftest
configure:5152: $? = 0
configure:5164: result: yes
configure:5184: checking for bin subdirectory
configure:5206: result: bin
configure:5353: creating ./config.status

## ---------------------- ##
## Running config.status. ##
## ---------------------- ##

This file was extended by config.status, which was
generated by GNU Autoconf 2.59.  Invocation command line was

  CONFIG_FILES    = 
  CONFIG_HEADERS  = 
  CONFIG_LINKS    = 
  CONFIG_COMMANDS = 
  $ ./config.status 

on ubuntu-32

config.status:690: creating Makefile
config.status:873: executing depfiles commands

## ---------------- ##
## Cache variables. ##
## ---------------- ##

ac_cv_build=i686-pc-linux-gnu
ac_cv_build_alias=i686-pc-linux-gnu
ac_cv_c_compiler_gnu=yes
ac_cv_c_const=yes
ac_cv_env_CC_set=
ac_cv_env_CC_value=
ac_cv_env_CFLAGS_set=
ac_cv_env_CFLAGS_value=
ac_cv_env_CPPFLAGS_set=
ac_cv_env_CPPFLAGS_value=
ac_cv_env_CPP_set=
ac_cv_env_CPP_value=
ac_cv_env_LDFLAGS_set=
ac_cv_env_LDFLAGS_value=
ac_cv_env_build_alias_set=
ac_cv_env_build_alias_value=
ac_cv_env_host_alias_set=set
ac_cv_env_host_alias_value=arm-hisiv400-linux
ac_cv_env_target_alias_set=
ac_cv_env_target_alias_value=
ac_cv_exeext=
ac_cv_func_alarm=yes
ac_cv_func_gethostent=yes
ac_cv_func_gettimeofday=yes
ac_cv_func_inet_ntoa=yes
ac_cv_func_memcmp_working=no
ac_cv_func_memset=yes
ac_cv_func_setvbuf_reversed=no
ac_cv_func_socket=yes
ac_cv_func_sqrt=no
ac_cv_func_strrchr=yes
ac_cv_have___ss_family_in_struct_ss=no
ac_cv_have_ss_family_in_struct_ss=yes
ac_cv_header_arpa_inet_h=yes
ac_cv_header_fcntl_h=yes
ac_cv_header_float_h=yes
ac_cv_header_inttypes_h=yes
ac_cv_header_limits_h=yes
ac_cv_header_memory_h=yes
ac_cv_header_netdb_h=yes
ac_cv_header_netinet_in_h=yes
ac_cv_header_stdc=yes
ac_cv_header_stdint_h=yes
ac_cv_header_stdlib_h=yes
ac_cv_header_string_h=yes
ac_cv_header_strings_h=yes
ac_cv_header_sys_socket_h=yes
ac_cv_header_sys_stat_h=yes
ac_cv_header_sys_time_h=yes
ac_cv_header_sys_types_h=yes
ac_cv_header_syslog_h=yes
ac_cv_header_time=yes
ac_cv_header_unistd_h=yes
ac_cv_host=arm-hisiv400-linux-gnu
ac_cv_host_alias=arm-hisiv400-linux
ac_cv_lib_m_sqrt=yes
ac_cv_objext=o
ac_cv_path_install='/usr/bin/install -c'
ac_cv_prog_AWK=mawk
ac_cv_prog_CC=arm-hisiv400-linux-gcc
ac_cv_prog_CPP='arm-hisiv400-linux-gcc -E'
ac_cv_prog_STRIP=arm-hisiv400-linux-strip
ac_cv_prog_cc_g=yes
ac_cv_prog_cc_stdc=
ac_cv_prog_egrep='grep -E'
ac_cv_prog_make_make_set=yes
ac_cv_struct_tm=time.h
ac_cv_type_signal=void
ac_cv_type_size_t=yes
am_cv_CC_dependencies_compiler_type=gcc3

## ----------------- ##
## Output variables. ##
## ----------------- ##

ACLOCAL='${SHELL} /home/gjyang/working/SDK_and_RDK/src/sys-bin/ntp-4.2.2p2/sntp/missing --run aclocal-1.9'
AMDEPBACKSLASH='\'
AMDEP_FALSE='#'
AMDEP_TRUE=''
AMTAR='${SHELL} /home/gjyang/working/SDK_and_RDK/src/sys-bin/ntp-4.2.2p2/sntp/missing --run tar'
AUTOCONF='${SHELL} /home/gjyang/working/SDK_and_RDK/src/sys-bin/ntp-4.2.2p2/sntp/missing --run autoconf'
AUTOHEADER='${SHELL} /home/gjyang/working/SDK_and_RDK/src/sys-bin/ntp-4.2.2p2/sntp/missing --run autoheader'
AUTOMAKE='${SHELL} /home/gjyang/working/SDK_and_RDK/src/sys-bin/ntp-4.2.2p2/sntp/missing --run automake-1.9'
AWK='mawk'
BINSUBDIR='bin'
CC='arm-hisiv400-linux-gcc'
CCDEPMODE='depmode=gcc3'
CFLAGS='-g -O2 -DADJTIME_MISSING'
CPP='arm-hisiv400-linux-gcc -E'
CPPFLAGS=''
CYGPATH_W='echo'
DEFS='-DPACKAGE_NAME=\"\" -DPACKAGE_TARNAME=\"\" -DPACKAGE_VERSION=\"\" -DPACKAGE_STRING=\"\" -DPACKAGE_BUGREPORT=\"\" -DPACKAGE=\"msntp\" -DVERSION=\"1.6\" -DSTDC_HEADERS=1 -DHAVE_SYS_TYPES_H=1 -DHAVE_SYS_STAT_H=1 -DHAVE_STDLIB_H=1 -DHAVE_STRING_H=1 -DHAVE_MEMORY_H=1 -DHAVE_STRINGS_H=1 -DHAVE_INTTYPES_H=1 -DHAVE_STDINT_H=1 -DHAVE_UNISTD_H=1 -DHAVE_ARPA_INET_H=1 -DHAVE_FCNTL_H=1 -DHAVE_FLOAT_H=1 -DHAVE_LIMITS_H=1 -DHAVE_NETDB_H=1 -DHAVE_NETINET_IN_H=1 -DHAVE_STDLIB_H=1 -DHAVE_STRING_H=1 -DHAVE_SYS_SOCKET_H=1 -DHAVE_SYS_TIME_H=1 -DHAVE_SYSLOG_H=1 -DHAVE_UNISTD_H=1 -DTIME_WITH_SYS_TIME=1 -DHAVE_SS_FAMILY_IN_SS=1 -DPROTOTYPES=1 -D__PROTOTYPES=1 -DRETSIGTYPE=void -DHAVE_ALARM=1 -DHAVE_GETTIMEOFDAY=1 -DHAVE_INET_NTOA=1 -DHAVE_MEMSET=1 -DHAVE_SOCKET=1 -DHAVE_LIBM=1 -DHAVE_STRRCHR=1 '
DEPDIR='.deps'
ECHO_C=''
ECHO_N='-n'
ECHO_T=''
EGREP='grep -E'
EXEEXT=''
INSTALL_DATA='${INSTALL} -m 644'
INSTALL_PROGRAM='${INSTALL}'
INSTALL_SCRIPT='${INSTALL}'
INSTALL_STRIP_PROGRAM='${SHELL} $(install_sh) -c -s'
LDFLAGS=''
LIBOBJS=' memcmp$U.o'
LIBS='-lm '
LTLIBOBJS=' memcmp$U.lo'
MAKEINFO='${SHELL} /home/gjyang/working/SDK_and_RDK/src/sys-bin/ntp-4.2.2p2/sntp/missing --run makeinfo'
OBJEXT='o'
PACKAGE='msntp'
PACKAGE_BUGREPORT=''
PACKAGE_NAME=''
PACKAGE_STRING=''
PACKAGE_TARNAME=''
PACKAGE_VERSION=''
PATH_SEPARATOR=':'
SET_MAKE=''
SHELL='/bin/sh'
STRIP='arm-hisiv400-linux-strip'
VERSION='1.6'
ac_ct_CC=''
ac_ct_STRIP=''
am__fastdepCC_FALSE='#'
am__fastdepCC_TRUE=''
am__include='include'
am__leading_dot='.'
am__quote=''
am__tar='${AMTAR} chof - "$$tardir"'
am__untar='${AMTAR} xf -'
bindir='${exec_prefix}/bin'
build='i686-pc-linux-gnu'
build_alias=''
build_cpu='i686'
build_os='linux-gnu'
build_vendor='pc'
datadir='${prefix}/share'
exec_prefix='${prefix}'
host='arm-hisiv400-linux-gnu'
host_alias='arm-hisiv400-linux'
host_cpu='arm'
host_os='linux-gnu'
host_vendor='hisiv400'
includedir='${prefix}/include'
infodir='${prefix}/info'
install_sh='/home/gjyang/working/SDK_and_RDK/src/sys-bin/ntp-4.2.2p2/sntp/install-sh'
libdir='${exec_prefix}/lib'
libexecdir='${exec_prefix}/libexec'
localstatedir='${prefix}/var'
mandir='${prefix}/man'
mkdir_p='mkdir -p --'
oldincludedir='/usr/include'
prefix='/usr/local'
program_transform_name='s,x,x,'
sbindir='${exec_prefix}/sbin'
sharedstatedir='${prefix}/com'
sysconfdir='${prefix}/etc'
target_alias=''

## ----------- ##
## confdefs.h. ##
## ----------- ##

#define HAVE_ALARM 1
#define HAVE_ARPA_INET_H 1
#define HAVE_FCNTL_H 1
#define HAVE_FLOAT_H 1
#define HAVE_GETTIMEOFDAY 1
#define HAVE_INET_NTOA 1
#define HAVE_INTTYPES_H 1
#define HAVE_LIBM 1
#define HAVE_LIMITS_H 1
#define HAVE_MEMORY_H 1
#define HAVE_MEMSET 1
#define HAVE_NETDB_H 1
#define HAVE_NETINET_IN_H 1
#define HAVE_SOCKET 1
#define HAVE_SS_FAMILY_IN_SS 1
#define HAVE_STDINT_H 1
#define HAVE_STDLIB_H 1
#define HAVE_STDLIB_H 1
#define HAVE_STRINGS_H 1
#define HAVE_STRING_H 1
#define HAVE_STRING_H 1
#define HAVE_STRRCHR 1
#define HAVE_SYSLOG_H 1
#define HAVE_SYS_SOCKET_H 1
#define HAVE_SYS_STAT_H 1
#define HAVE_SYS_TIME_H 1
#define HAVE_SYS_TYPES_H 1
#define HAVE_UNISTD_H 1
#define HAVE_UNISTD_H 1
#define PACKAGE "msntp"
#define PACKAGE_BUGREPORT ""
#define PACKAGE_NAME ""
#define PACKAGE_STRING ""
#define PACKAGE_TARNAME ""
#define PACKAGE_VERSION ""
#define PROTOTYPES 1
#define RETSIGTYPE void
#define STDC_HEADERS 1
#define TIME_WITH_SYS_TIME 1
#define VERSION "1.6"
#define __PROTOTYPES 1

configure: exit 0
